Epoch,Loss,Value
0,recon_loss,540695.25
0,kl_loss,2.821972608566284
0,kl_loss_0,0.039080921560525894
0,kl_loss_1,0.08985728025436401
0,kl_loss_2,0.5757132768630981
0,kl_loss_3,0.18939326703548431
0,kl_loss_4,0.15277856588363647
0,kl_loss_5,0.05831992253661156
0,kl_loss_6,0.052343834191560745
0,kl_loss_7,0.30669233202934265
0,kl_loss_8,1.3577930927276611
0,loss,540723.5
50,recon_loss,236077.625
50,kl_loss,185.69549560546875
50,kl_loss_0,9.783841133117676
50,kl_loss_1,98.7601089477539
50,kl_loss_2,4.0163798332214355
50,kl_loss_3,11.434342384338379
50,kl_loss_4,28.894418716430664
50,kl_loss_5,14.459611892700195
50,kl_loss_6,2.503399133682251
50,kl_loss_7,13.176142692565918
50,kl_loss_8,2.667248487472534
50,loss,237934.578125
100,recon_loss,96862.2890625
100,kl_loss,79.10298919677734
100,kl_loss_0,5.739380359649658
100,kl_loss_1,30.848535537719727
100,kl_loss_2,1.3859232664108276
100,kl_loss_3,10.341447830200195
100,kl_loss_4,11.761693954467773
100,kl_loss_5,10.604387283325195
100,kl_loss_6,1.88105046749115
100,kl_loss_7,4.887352466583252
100,kl_loss_8,1.6532180309295654
100,loss,97653.3203125
150,recon_loss,79925.09375
150,kl_loss,61.17856979370117
150,kl_loss_0,3.9712002277374268
150,kl_loss_1,19.81746482849121
150,kl_loss_2,1.5336881875991821
150,kl_loss_3,9.281623840332031
150,kl_loss_4,9.281982421875
150,kl_loss_5,9.666207313537598
150,kl_loss_6,2.0003933906555176
150,kl_loss_7,3.8037824630737305
150,kl_loss_8,1.8222280740737915
150,loss,80536.8828125
200,recon_loss,71792.2265625
200,kl_loss,56.56079864501953
200,kl_loss_0,3.0458860397338867
200,kl_loss_1,13.96570110321045
200,kl_loss_2,2.739316463470459
200,kl_loss_3,9.077692031860352
200,kl_loss_4,8.390471458435059
200,kl_loss_5,10.48006820678711
200,kl_loss_6,2.746842622756958
200,kl_loss_7,3.590348243713379
200,kl_loss_8,2.52447509765625
200,loss,72357.8359375
250,recon_loss,49456.05078125
250,kl_loss,73.69072723388672
250,kl_loss_0,5.2219929695129395
250,kl_loss_1,11.689701080322266
250,kl_loss_2,5.201913356781006
250,kl_loss_3,12.96412467956543
250,kl_loss_4,8.875598907470703
250,kl_loss_5,14.77682876586914
250,kl_loss_6,4.604006290435791
250,kl_loss_7,5.786677360534668
250,kl_loss_8,4.569884777069092
250,loss,50192.95703125
300,recon_loss,20042.109375
300,kl_loss,63.76808166503906
300,kl_loss_0,4.645317554473877
300,kl_loss_1,9.009647369384766
300,kl_loss_2,4.8863043785095215
300,kl_loss_3,13.046618461608887
300,kl_loss_4,6.032329082489014
300,kl_loss_5,12.4578857421875
300,kl_loss_6,4.4281110763549805
300,kl_loss_7,5.104513168334961
300,kl_loss_8,4.157350540161133
300,loss,20679.791015625
350,recon_loss,13621.94921875
350,kl_loss,58.854923248291016
350,kl_loss_0,4.6322340965271
350,kl_loss_1,7.975523471832275
350,kl_loss_2,4.901893138885498
350,kl_loss_3,10.947497367858887
350,kl_loss_4,5.796826362609863
350,kl_loss_5,10.88040542602539
350,kl_loss_6,4.429149627685547
350,kl_loss_7,5.236241340637207
350,kl_loss_8,4.0551533699035645
350,loss,14210.498046875
400,recon_loss,10904.4326171875
400,kl_loss,56.238224029541016
400,kl_loss_0,4.715229511260986
400,kl_loss_1,7.35222053527832
400,kl_loss_2,4.8989715576171875
400,kl_loss_3,9.822890281677246
400,kl_loss_4,5.543588638305664
400,kl_loss_5,10.12271499633789
400,kl_loss_6,4.326995372772217
400,kl_loss_7,5.315269947052002
400,kl_loss_8,4.140340805053711
400,loss,11466.814453125
450,recon_loss,9108.005859375
450,kl_loss,54.8494758605957
450,kl_loss_0,4.611883163452148
450,kl_loss_1,7.1421685218811035
450,kl_loss_2,4.7784647941589355
450,kl_loss_3,9.81883430480957
450,kl_loss_4,5.520085334777832
450,kl_loss_5,9.489052772521973
450,kl_loss_6,4.270908832550049
450,kl_loss_7,5.148104667663574
450,kl_loss_8,4.069973468780518
450,loss,9656.5009765625
500,recon_loss,7947.0361328125
500,kl_loss,53.60999298095703
500,kl_loss_0,4.555436611175537
500,kl_loss_1,6.923925876617432
500,kl_loss_2,4.691154956817627
500,kl_loss_3,9.484333992004395
500,kl_loss_4,5.445096969604492
500,kl_loss_5,9.223854064941406
500,kl_loss_6,4.2232489585876465
500,kl_loss_7,5.008028984069824
500,kl_loss_8,4.054910659790039
500,loss,8483.1357421875
550,recon_loss,6913.86083984375
550,kl_loss,52.12307357788086
550,kl_loss_0,4.456103324890137
550,kl_loss_1,6.649590015411377
550,kl_loss_2,4.6360368728637695
550,kl_loss_3,9.077315330505371
550,kl_loss_4,5.282586574554443
550,kl_loss_5,8.735795974731445
550,kl_loss_6,4.269842624664307
550,kl_loss_7,4.955410957336426
550,kl_loss_8,4.060389518737793
550,loss,7435.091796875
600,recon_loss,6610.28857421875
600,kl_loss,50.844810485839844
600,kl_loss_0,4.423486709594727
600,kl_loss_1,6.357774257659912
600,kl_loss_2,4.514175891876221
600,kl_loss_3,8.750349044799805
600,kl_loss_4,5.236639022827148
600,kl_loss_5,8.467277526855469
600,kl_loss_6,4.166681289672852
600,kl_loss_7,4.910675525665283
600,kl_loss_8,4.017755508422852
600,loss,7118.73681640625
650,recon_loss,5518.96875
650,kl_loss,50.53411865234375
650,kl_loss_0,4.474979877471924
650,kl_loss_1,6.389615535736084
650,kl_loss_2,4.536384105682373
650,kl_loss_3,8.608179092407227
650,kl_loss_4,5.119040012359619
650,kl_loss_5,8.390841484069824
650,kl_loss_6,4.207777500152588
650,kl_loss_7,4.787257671356201
650,kl_loss_8,4.0200395584106445
650,loss,6024.31005859375
700,recon_loss,5641.4970703125
700,kl_loss,48.924171447753906
700,kl_loss_0,4.39004373550415
700,kl_loss_1,6.189385414123535
700,kl_loss_2,4.491758346557617
700,kl_loss_3,8.299945831298828
700,kl_loss_4,5.003862380981445
700,kl_loss_5,7.745001316070557
700,kl_loss_6,4.1103925704956055
700,kl_loss_7,4.719243049621582
700,kl_loss_8,3.9745407104492188
700,loss,6130.73876953125
750,recon_loss,4545.3251953125
750,kl_loss,49.038421630859375
750,kl_loss_0,4.431438446044922
750,kl_loss_1,6.0424089431762695
750,kl_loss_2,4.528965473175049
750,kl_loss_3,8.194873809814453
750,kl_loss_4,5.058083534240723
750,kl_loss_5,7.925522327423096
750,kl_loss_6,4.192521095275879
750,kl_loss_7,4.711002826690674
750,kl_loss_8,3.953608751296997
750,loss,5035.70947265625
800,recon_loss,4339.2001953125
800,kl_loss,48.5300407409668
800,kl_loss_0,4.434650897979736
800,kl_loss_1,6.000405788421631
800,kl_loss_2,4.4782609939575195
800,kl_loss_3,7.979794502258301
800,kl_loss_4,5.020481586456299
800,kl_loss_5,7.67013692855835
800,kl_loss_6,4.186587333679199
800,kl_loss_7,4.748699188232422
800,kl_loss_8,4.011025905609131
800,loss,4824.50048828125
850,recon_loss,4053.470703125
850,kl_loss,46.80378341674805
850,kl_loss_0,4.297738075256348
850,kl_loss_1,5.739772796630859
850,kl_loss_2,4.319880485534668
850,kl_loss_3,7.674253940582275
850,kl_loss_4,4.857745170593262
850,kl_loss_5,7.293491363525391
850,kl_loss_6,4.100019454956055
850,kl_loss_7,4.620967864990234
850,kl_loss_8,3.899916410446167
850,loss,4521.5087890625
900,recon_loss,5013.68359375
900,kl_loss,47.14876174926758
900,kl_loss_0,4.2768731117248535
900,kl_loss_1,5.7694807052612305
900,kl_loss_2,4.416706562042236
900,kl_loss_3,7.749278545379639
900,kl_loss_4,4.860063552856445
900,kl_loss_5,7.48396110534668
900,kl_loss_6,4.043382167816162
900,kl_loss_7,4.588817119598389
900,kl_loss_8,3.9602010250091553
900,loss,5485.17138671875
950,recon_loss,3351.7119140625
950,kl_loss,46.53931427001953
950,kl_loss_0,4.2863359451293945
950,kl_loss_1,5.6391496658325195
950,kl_loss_2,4.355376720428467
950,kl_loss_3,7.54864501953125
950,kl_loss_4,4.855987071990967
950,kl_loss_5,7.244791030883789
950,kl_loss_6,4.079300403594971
950,kl_loss_7,4.573827743530273
950,kl_loss_8,3.9558985233306885
950,loss,3817.10498046875
1000,recon_loss,3258.8046875
1000,kl_loss,45.99953842163086
1000,kl_loss_0,4.250247001647949
1000,kl_loss_1,5.515711784362793
1000,kl_loss_2,4.360654354095459
1000,kl_loss_3,7.328915596008301
1000,kl_loss_4,4.780902862548828
1000,kl_loss_5,7.1567816734313965
1000,kl_loss_6,4.08096981048584
1000,kl_loss_7,4.550604343414307
1000,kl_loss_8,3.974750280380249
1000,loss,3718.800048828125
1050,recon_loss,3089.9267578125
1050,kl_loss,45.31618118286133
1050,kl_loss_0,4.226470470428467
1050,kl_loss_1,5.4396514892578125
1050,kl_loss_2,4.365802764892578
1050,kl_loss_3,7.223843574523926
1050,kl_loss_4,4.738902568817139
1050,kl_loss_5,6.826251983642578
1050,kl_loss_6,4.072883129119873
1050,kl_loss_7,4.506348133087158
1050,kl_loss_8,3.916027784347534
1050,loss,3543.088623046875
1100,recon_loss,3070.4267578125
1100,kl_loss,44.32063674926758
1100,kl_loss_0,4.188659191131592
1100,kl_loss_1,5.284398078918457
1100,kl_loss_2,4.221164703369141
1100,kl_loss_3,7.075624465942383
1100,kl_loss_4,4.601716995239258
1100,kl_loss_5,6.6938323974609375
1100,kl_loss_6,3.950613021850586
1100,kl_loss_7,4.413149833679199
1100,kl_loss_8,3.891479730606079
1100,loss,3513.633056640625
1150,recon_loss,2995.8037109375
1150,kl_loss,44.118343353271484
1150,kl_loss_0,4.185693740844727
1150,kl_loss_1,5.264703273773193
1150,kl_loss_2,4.250857353210449
1150,kl_loss_3,6.95461893081665
1150,kl_loss_4,4.613759994506836
1150,kl_loss_5,6.621870040893555
1150,kl_loss_6,3.9948008060455322
1150,kl_loss_7,4.356872081756592
1150,kl_loss_8,3.8751659393310547
1150,loss,3436.987060546875
1200,recon_loss,2597.555908203125
1200,kl_loss,44.19334030151367
1200,kl_loss_0,4.218263149261475
1200,kl_loss_1,5.271324634552002
1200,kl_loss_2,4.284384250640869
1200,kl_loss_3,6.780886173248291
1200,kl_loss_4,4.649487495422363
1200,kl_loss_5,6.641751766204834
1200,kl_loss_6,4.008284091949463
1200,kl_loss_7,4.409815788269043
1200,kl_loss_8,3.9291436672210693
1200,loss,3039.4892578125
1250,recon_loss,3076.364013671875
1250,kl_loss,43.14002990722656
1250,kl_loss_0,4.126035213470459
1250,kl_loss_1,5.162845611572266
1250,kl_loss_2,4.24434232711792
1250,kl_loss_3,6.574040412902832
1250,kl_loss_4,4.519062042236328
1250,kl_loss_5,6.350296497344971
1250,kl_loss_6,3.9728033542633057
1250,kl_loss_7,4.31147575378418
1250,kl_loss_8,3.8791255950927734
1250,loss,3507.764404296875
1300,recon_loss,2341.12939453125
1300,kl_loss,43.3076171875
1300,kl_loss_0,4.174317836761475
1300,kl_loss_1,5.1261138916015625
1300,kl_loss_2,4.191025257110596
1300,kl_loss_3,6.659903526306152
1300,kl_loss_4,4.575652599334717
1300,kl_loss_5,6.338700771331787
1300,kl_loss_6,4.030598163604736
1300,kl_loss_7,4.324007511138916
1300,kl_loss_8,3.887298583984375
1300,loss,2774.20556640625
1350,recon_loss,2461.862060546875
1350,kl_loss,42.6827392578125
1350,kl_loss_0,4.11009407043457
1350,kl_loss_1,4.972716808319092
1350,kl_loss_2,4.214398384094238
1350,kl_loss_3,6.488091945648193
1350,kl_loss_4,4.517933368682861
1350,kl_loss_5,6.286108493804932
1350,kl_loss_6,3.9410479068756104
1350,kl_loss_7,4.276723861694336
1350,kl_loss_8,3.8756227493286133
1350,loss,2888.689453125
1400,recon_loss,2227.5576171875
1400,kl_loss,42.62955093383789
1400,kl_loss_0,4.177675724029541
1400,kl_loss_1,4.990506172180176
1400,kl_loss_2,4.117422580718994
1400,kl_loss_3,6.544255256652832
1400,kl_loss_4,4.4743733406066895
1400,kl_loss_5,6.190312385559082
1400,kl_loss_6,3.990525722503662
1400,kl_loss_7,4.258604526519775
1400,kl_loss_8,3.8858747482299805
1400,loss,2653.85302734375
1450,recon_loss,2427.537109375
1450,kl_loss,42.087646484375
1450,kl_loss_0,4.106030464172363
1450,kl_loss_1,4.928121089935303
1450,kl_loss_2,4.165383815765381
1450,kl_loss_3,6.340600967407227
1450,kl_loss_4,4.526648998260498
1450,kl_loss_5,6.013029098510742
1450,kl_loss_6,3.936166286468506
1450,kl_loss_7,4.219205856323242
1450,kl_loss_8,3.852457284927368
1450,loss,2848.41357421875
1500,recon_loss,2067.45458984375
1500,kl_loss,42.096092224121094
1500,kl_loss_0,4.082037448883057
1500,kl_loss_1,4.907717704772949
1500,kl_loss_2,4.148158550262451
1500,kl_loss_3,6.3842854499816895
1500,kl_loss_4,4.432194709777832
1500,kl_loss_5,6.028132915496826
1500,kl_loss_6,3.961671829223633
1500,kl_loss_7,4.246461868286133
1500,kl_loss_8,3.9054343700408936
1500,loss,2488.41552734375
1550,recon_loss,1862.1248779296875
1550,kl_loss,41.99547576904297
1550,kl_loss_0,4.1038737297058105
1550,kl_loss_1,4.897052764892578
1550,kl_loss_2,4.161886215209961
1550,kl_loss_3,6.269300937652588
1550,kl_loss_4,4.466123580932617
1550,kl_loss_5,5.9904093742370605
1550,kl_loss_6,3.9663119316101074
1550,kl_loss_7,4.256067276000977
1550,kl_loss_8,3.884448528289795
1550,loss,2282.07958984375
1600,recon_loss,2156.4189453125
1600,kl_loss,42.02455520629883
1600,kl_loss_0,4.1491923332214355
1600,kl_loss_1,4.872262477874756
1600,kl_loss_2,4.167649745941162
1600,kl_loss_3,6.252748012542725
1600,kl_loss_4,4.493930339813232
1600,kl_loss_5,5.945192813873291
1600,kl_loss_6,3.9824724197387695
1600,kl_loss_7,4.26129150390625
1600,kl_loss_8,3.899815559387207
1600,loss,2576.66455078125
1650,recon_loss,1787.8048095703125
1650,kl_loss,41.46232604980469
1650,kl_loss_0,4.047082901000977
1650,kl_loss_1,4.853386402130127
1650,kl_loss_2,4.103403091430664
1650,kl_loss_3,6.167292594909668
1650,kl_loss_4,4.406806945800781
1650,kl_loss_5,5.85064697265625
1650,kl_loss_6,3.9957053661346436
1650,kl_loss_7,4.1955156326293945
1650,kl_loss_8,3.842489004135132
1650,loss,2202.427978515625
1700,recon_loss,1777.3826904296875
1700,kl_loss,40.50143814086914
1700,kl_loss_0,4.007960319519043
1700,kl_loss_1,4.74061393737793
1700,kl_loss_2,4.03519868850708
1700,kl_loss_3,5.907917499542236
1700,kl_loss_4,4.34581184387207
1700,kl_loss_5,5.62183952331543
1700,kl_loss_6,3.866939067840576
1700,kl_loss_7,4.150311470031738
1700,kl_loss_8,3.8248462677001953
1700,loss,2182.39697265625
1750,recon_loss,1815.6044921875
1750,kl_loss,40.60063934326172
1750,kl_loss_0,3.9864585399627686
1750,kl_loss_1,4.685412883758545
1750,kl_loss_2,4.088232040405273
1750,kl_loss_3,6.0027899742126465
1750,kl_loss_4,4.312808036804199
1750,kl_loss_5,5.691718101501465
1750,kl_loss_6,3.9130947589874268
1750,kl_loss_7,4.093514919281006
1750,kl_loss_8,3.826610803604126
1750,loss,2221.61083984375
1800,recon_loss,2158.581787109375
1800,kl_loss,39.56446075439453
1800,kl_loss_0,3.9431943893432617
1800,kl_loss_1,4.589187145233154
1800,kl_loss_2,3.9992682933807373
1800,kl_loss_3,5.694619178771973
1800,kl_loss_4,4.200639247894287
1800,kl_loss_5,5.557375907897949
1800,kl_loss_6,3.8291923999786377
1800,kl_loss_7,3.9890639781951904
1800,kl_loss_8,3.76192045211792
1800,loss,2554.226318359375
1850,recon_loss,1742.694580078125
1850,kl_loss,39.94003677368164
1850,kl_loss_0,3.988567590713501
1850,kl_loss_1,4.6835761070251465
1850,kl_loss_2,4.036984443664551
1850,kl_loss_3,5.750897407531738
1850,kl_loss_4,4.233346939086914
1850,kl_loss_5,5.503097057342529
1850,kl_loss_6,3.9162890911102295
1850,kl_loss_7,4.022889614105225
1850,kl_loss_8,3.804392099380493
1850,loss,2142.094970703125
1900,recon_loss,1489.811767578125
1900,kl_loss,40.28108596801758
1900,kl_loss_0,3.9912891387939453
1900,kl_loss_1,4.656353950500488
1900,kl_loss_2,4.082788944244385
1900,kl_loss_3,5.895963668823242
1900,kl_loss_4,4.307917594909668
1900,kl_loss_5,5.528270244598389
1900,kl_loss_6,3.901552200317383
1900,kl_loss_7,4.091731071472168
1900,kl_loss_8,3.8252172470092773
1900,loss,1892.62255859375
1950,recon_loss,1517.28662109375
1950,kl_loss,39.88771438598633
1950,kl_loss_0,3.9878013134002686
1950,kl_loss_1,4.599593639373779
1950,kl_loss_2,4.045228004455566
1950,kl_loss_3,5.747946739196777
1950,kl_loss_4,4.224325180053711
1950,kl_loss_5,5.49428653717041
1950,kl_loss_6,3.8985729217529297
1950,kl_loss_7,4.055607318878174
1950,kl_loss_8,3.834355115890503
1950,loss,1916.163818359375
2000,recon_loss,1416.747314453125
2000,kl_loss,39.71253967285156
2000,kl_loss_0,4.0635151863098145
2000,kl_loss_1,4.609865665435791
2000,kl_loss_2,4.048798084259033
2000,kl_loss_3,5.60434103012085
2000,kl_loss_4,4.257943153381348
2000,kl_loss_5,5.401299953460693
2000,kl_loss_6,3.8827223777770996
2000,kl_loss_7,4.0278825759887695
2000,kl_loss_8,3.816171884536743
2000,loss,1813.8726806640625
2050,recon_loss,1360.72412109375
2050,kl_loss,39.82735061645508
2050,kl_loss_0,4.019702911376953
2050,kl_loss_1,4.568219184875488
2050,kl_loss_2,4.070202827453613
2050,kl_loss_3,5.757844924926758
2050,kl_loss_4,4.28098726272583
2050,kl_loss_5,5.402203559875488
2050,kl_loss_6,3.875511407852173
2050,kl_loss_7,4.033122539520264
2050,kl_loss_8,3.81955623626709
2050,loss,1758.99755859375
2100,recon_loss,1398.030517578125
2100,kl_loss,39.54998779296875
2100,kl_loss_0,3.9907386302948
2100,kl_loss_1,4.560365676879883
2100,kl_loss_2,3.9801218509674072
2100,kl_loss_3,5.668182373046875
2100,kl_loss_4,4.270288467407227
2100,kl_loss_5,5.3775954246521
2100,kl_loss_6,3.8731701374053955
2100,kl_loss_7,4.03423547744751
2100,kl_loss_8,3.7952873706817627
2100,loss,1793.5303955078125
2150,recon_loss,1264.649169921875
2150,kl_loss,39.94042205810547
2150,kl_loss_0,4.058874130249023
2150,kl_loss_1,4.630152225494385
2150,kl_loss_2,4.061855316162109
2150,kl_loss_3,5.658255577087402
2150,kl_loss_4,4.271780490875244
2150,kl_loss_5,5.3921403884887695
2150,kl_loss_6,3.9561541080474854
2150,kl_loss_7,4.045706272125244
2150,kl_loss_8,3.8655011653900146
2150,loss,1664.053466796875
2200,recon_loss,2377.132080078125
2200,kl_loss,37.819190979003906
2200,kl_loss_0,3.8986847400665283
2200,kl_loss_1,4.372308731079102
2200,kl_loss_2,3.9153387546539307
2200,kl_loss_3,5.328433990478516
2200,kl_loss_4,4.042306423187256
2200,kl_loss_5,4.985285758972168
2200,kl_loss_6,3.747387647628784
2200,kl_loss_7,3.8685402870178223
2200,kl_loss_8,3.6609058380126953
2200,loss,2755.323974609375
2250,recon_loss,1264.713623046875
2250,kl_loss,39.6027717590332
2250,kl_loss_0,3.996399164199829
2250,kl_loss_1,4.554414749145508
2250,kl_loss_2,4.076480865478516
2250,kl_loss_3,5.6355366706848145
2250,kl_loss_4,4.272632122039795
2250,kl_loss_5,5.325435161590576
2250,kl_loss_6,3.901583671569824
2250,kl_loss_7,4.007148265838623
2250,kl_loss_8,3.8331408500671387
2250,loss,1660.7413330078125
2300,recon_loss,1238.6328125
2300,kl_loss,38.41797637939453
2300,kl_loss_0,3.9074902534484863
2300,kl_loss_1,4.4489054679870605
2300,kl_loss_2,3.986381769180298
2300,kl_loss_3,5.390967845916748
2300,kl_loss_4,4.139970302581787
2300,kl_loss_5,5.080489635467529
2300,kl_loss_6,3.801609992980957
2300,kl_loss_7,3.902738094329834
2300,kl_loss_8,3.75942325592041
2300,loss,1622.8125
2350,recon_loss,1156.8114013671875
2350,kl_loss,38.632625579833984
2350,kl_loss_0,3.921525478363037
2350,kl_loss_1,4.424306392669678
2350,kl_loss_2,4.009276390075684
2350,kl_loss_3,5.397459506988525
2350,kl_loss_4,4.159411907196045
2350,kl_loss_5,5.132470607757568
2350,kl_loss_6,3.865645170211792
2350,kl_loss_7,3.971000909805298
2350,kl_loss_8,3.7515265941619873
2350,loss,1543.1376953125
2400,recon_loss,1227.6031494140625
2400,kl_loss,38.92292404174805
2400,kl_loss_0,3.972991943359375
2400,kl_loss_1,4.5387187004089355
2400,kl_loss_2,3.992997169494629
2400,kl_loss_3,5.412290096282959
2400,kl_loss_4,4.173290252685547
2400,kl_loss_5,5.229490756988525
2400,kl_loss_6,3.8375046253204346
2400,kl_loss_7,3.950425624847412
2400,kl_loss_8,3.8152148723602295
2400,loss,1616.8323974609375
2450,recon_loss,1136.7589111328125
2450,kl_loss,38.835453033447266
2450,kl_loss_0,3.987170696258545
2450,kl_loss_1,4.412649631500244
2450,kl_loss_2,4.0203351974487305
2450,kl_loss_3,5.404233455657959
2450,kl_loss_4,4.162661552429199
2450,kl_loss_5,5.106897830963135
2450,kl_loss_6,3.9242031574249268
2450,kl_loss_7,4.000009059906006
2450,kl_loss_8,3.8172924518585205
2450,loss,1525.1134033203125
2500,recon_loss,1144.9378662109375
2500,kl_loss,38.71066665649414
2500,kl_loss_0,3.9967586994171143
2500,kl_loss_1,4.451455593109131
2500,kl_loss_2,3.99787974357605
2500,kl_loss_3,5.373323917388916
2500,kl_loss_4,4.190128326416016
2500,kl_loss_5,5.11781120300293
2500,kl_loss_6,3.843569040298462
2500,kl_loss_7,3.9185190200805664
2500,kl_loss_8,3.821223497390747
2500,loss,1532.0445556640625
2550,recon_loss,1494.074951171875
2550,kl_loss,37.81224060058594
2550,kl_loss_0,3.8969757556915283
2550,kl_loss_1,4.329379558563232
2550,kl_loss_2,3.896304130554199
2550,kl_loss_3,5.2818603515625
2550,kl_loss_4,4.128756523132324
2550,kl_loss_5,4.927127838134766
2550,kl_loss_6,3.7635200023651123
2550,kl_loss_7,3.8765172958374023
2550,kl_loss_8,3.711796760559082
2550,loss,1872.1973876953125
2600,recon_loss,1061.98876953125
2600,kl_loss,38.39994430541992
2600,kl_loss_0,3.9590399265289307
2600,kl_loss_1,4.421571731567383
2600,kl_loss_2,3.970712184906006
2600,kl_loss_3,5.3141679763793945
2600,kl_loss_4,4.145602226257324
2600,kl_loss_5,4.997433662414551
2600,kl_loss_6,3.8586127758026123
2600,kl_loss_7,3.9453344345092773
2600,kl_loss_8,3.7874701023101807
2600,loss,1445.98828125
2650,recon_loss,1267.9937744140625
2650,kl_loss,37.107730865478516
2650,kl_loss_0,3.843888521194458
2650,kl_loss_1,4.301555156707764
2650,kl_loss_2,3.8632025718688965
2650,kl_loss_3,4.974630355834961
2650,kl_loss_4,4.050312519073486
2650,kl_loss_5,4.764786720275879
2650,kl_loss_6,3.7655484676361084
2650,kl_loss_7,3.844000816345215
2650,kl_loss_8,3.6998040676116943
2650,loss,1639.071044921875
2700,recon_loss,1031.9669189453125
2700,kl_loss,37.94181442260742
2700,kl_loss_0,3.9253346920013428
2700,kl_loss_1,4.390213489532471
2700,kl_loss_2,3.984914779663086
2700,kl_loss_3,5.197769641876221
2700,kl_loss_4,4.056880950927734
2700,kl_loss_5,4.932407855987549
2700,kl_loss_6,3.8015356063842773
2700,kl_loss_7,3.8663971424102783
2700,kl_loss_8,3.7863595485687256
2700,loss,1411.385009765625
2750,recon_loss,977.1447143554688
2750,kl_loss,38.25355529785156
2750,kl_loss_0,3.933511257171631
2750,kl_loss_1,4.3359503746032715
2750,kl_loss_2,3.9827184677124023
2750,kl_loss_3,5.286861419677734
2750,kl_loss_4,4.151495933532715
2750,kl_loss_5,4.951565742492676
2750,kl_loss_6,3.878113031387329
2750,kl_loss_7,3.916013240814209
2750,kl_loss_8,3.817329168319702
2750,loss,1359.6802978515625
2800,recon_loss,997.86865234375
2800,kl_loss,38.02262878417969
2800,kl_loss_0,3.9333691596984863
2800,kl_loss_1,4.3584794998168945
2800,kl_loss_2,3.9673290252685547
2800,kl_loss_3,5.224184989929199
2800,kl_loss_4,4.0699381828308105
2800,kl_loss_5,4.924340724945068
2800,kl_loss_6,3.870706796646118
2800,kl_loss_7,3.892869234085083
2800,kl_loss_8,3.7814130783081055
2800,loss,1378.094970703125
2850,recon_loss,1046.7886962890625
2850,kl_loss,37.56171417236328
2850,kl_loss_0,3.897831916809082
2850,kl_loss_1,4.226595878601074
2850,kl_loss_2,3.9651072025299072
2850,kl_loss_3,5.115961074829102
2850,kl_loss_4,4.046358585357666
2850,kl_loss_5,4.866332530975342
2850,kl_loss_6,3.861332893371582
2850,kl_loss_7,3.8515126705169678
2850,kl_loss_8,3.730680227279663
2850,loss,1422.40576171875
2900,recon_loss,938.7048950195312
2900,kl_loss,37.80027770996094
2900,kl_loss_0,3.9301226139068604
2900,kl_loss_1,4.337930679321289
2900,kl_loss_2,3.9817373752593994
2900,kl_loss_3,5.132152080535889
2900,kl_loss_4,4.074029445648193
2900,kl_loss_5,4.899852275848389
2900,kl_loss_6,3.8383266925811768
2900,kl_loss_7,3.8451480865478516
2900,kl_loss_8,3.7609808444976807
2900,loss,1316.7076416015625
2950,recon_loss,924.8378295898438
2950,kl_loss,37.64756393432617
2950,kl_loss_0,3.9354605674743652
2950,kl_loss_1,4.328562259674072
2950,kl_loss_2,3.9635281562805176
2950,kl_loss_3,5.0614519119262695
2950,kl_loss_4,4.0776567459106445
2950,kl_loss_5,4.779068470001221
2950,kl_loss_6,3.860428810119629
2950,kl_loss_7,3.8713290691375732
2950,kl_loss_8,3.7700791358947754
2950,loss,1301.3134765625
3000,recon_loss,895.948974609375
3000,kl_loss,37.6417236328125
3000,kl_loss_0,3.935434341430664
3000,kl_loss_1,4.301599502563477
3000,kl_loss_2,3.9441423416137695
3000,kl_loss_3,5.070359706878662
3000,kl_loss_4,4.0489277839660645
3000,kl_loss_5,4.862204551696777
3000,kl_loss_6,3.8565359115600586
3000,kl_loss_7,3.8474676609039307
3000,kl_loss_8,3.7750484943389893
3000,loss,1272.3662109375
3050,recon_loss,908.324462890625
3050,kl_loss,37.79292678833008
3050,kl_loss_0,3.9192752838134766
3050,kl_loss_1,4.324838638305664
3050,kl_loss_2,3.966703414916992
3050,kl_loss_3,5.118945121765137
3050,kl_loss_4,4.112468242645264
3050,kl_loss_5,4.821282386779785
3050,kl_loss_6,3.853428840637207
3050,kl_loss_7,3.881378412246704
3050,kl_loss_8,3.7946059703826904
3050,loss,1286.253662109375
3100,recon_loss,878.8731079101562
3100,kl_loss,37.41752243041992
3100,kl_loss_0,3.917752981185913
3100,kl_loss_1,4.259111404418945
3100,kl_loss_2,3.9533321857452393
3100,kl_loss_3,5.037106037139893
3100,kl_loss_4,4.059826850891113
3100,kl_loss_5,4.801607131958008
3100,kl_loss_6,3.856451988220215
3100,kl_loss_7,3.7891838550567627
3100,kl_loss_8,3.743149518966675
3100,loss,1253.04833984375
3150,recon_loss,857.6785888671875
3150,kl_loss,37.56167221069336
3150,kl_loss_0,3.911032199859619
3150,kl_loss_1,4.309667587280273
3150,kl_loss_2,3.964357852935791
3150,kl_loss_3,4.998517990112305
3150,kl_loss_4,4.0973358154296875
3150,kl_loss_5,4.771341323852539
3150,kl_loss_6,3.865028142929077
3150,kl_loss_7,3.859351873397827
3150,kl_loss_8,3.7850403785705566
3150,loss,1233.2952880859375
3200,recon_loss,894.9078979492188
3200,kl_loss,37.32066345214844
3200,kl_loss_0,3.879673480987549
3200,kl_loss_1,4.275696277618408
3200,kl_loss_2,3.95859956741333
3200,kl_loss_3,4.953865051269531
3200,kl_loss_4,4.07399320602417
3200,kl_loss_5,4.793014049530029
3200,kl_loss_6,3.819762945175171
3200,kl_loss_7,3.8276407718658447
3200,kl_loss_8,3.7384192943573
3200,loss,1268.114501953125
3250,recon_loss,880.5300903320312
3250,kl_loss,37.479454040527344
3250,kl_loss_0,3.888867139816284
3250,kl_loss_1,4.245882987976074
3250,kl_loss_2,3.9841508865356445
3250,kl_loss_3,5.031033515930176
3250,kl_loss_4,4.042821884155273
3250,kl_loss_5,4.745954513549805
3250,kl_loss_6,3.8553738594055176
3250,kl_loss_7,3.8809473514556885
3250,kl_loss_8,3.8044211864471436
3250,loss,1255.32470703125
3300,recon_loss,975.2415771484375
3300,kl_loss,37.168434143066406
3300,kl_loss_0,3.9090964794158936
3300,kl_loss_1,4.249754905700684
3300,kl_loss_2,3.946556329727173
3300,kl_loss_3,4.936448574066162
3300,kl_loss_4,4.0383710861206055
3300,kl_loss_5,4.702226638793945
3300,kl_loss_6,3.8102104663848877
3300,kl_loss_7,3.796252489089966
3300,kl_loss_8,3.7795183658599854
3300,loss,1346.9259033203125
3350,recon_loss,828.1113891601562
3350,kl_loss,36.7734375
3350,kl_loss_0,3.8801534175872803
3350,kl_loss_1,4.208389759063721
3350,kl_loss_2,3.8686773777008057
3350,kl_loss_3,4.888030529022217
3350,kl_loss_4,4.010354995727539
3350,kl_loss_5,4.675417423248291
3350,kl_loss_6,3.74931263923645
3350,kl_loss_7,3.740727424621582
3350,kl_loss_8,3.7523770332336426
3350,loss,1195.845703125
3400,recon_loss,853.6158447265625
3400,kl_loss,37.09994125366211
3400,kl_loss_0,3.8839547634124756
3400,kl_loss_1,4.232267379760742
3400,kl_loss_2,3.896885871887207
3400,kl_loss_3,4.973299503326416
3400,kl_loss_4,4.021061420440674
3400,kl_loss_5,4.7146711349487305
3400,kl_loss_6,3.8003058433532715
3400,kl_loss_7,3.8029723167419434
3400,kl_loss_8,3.7745251655578613
3400,loss,1224.615234375
3450,recon_loss,877.3777465820312
3450,kl_loss,36.35643768310547
3450,kl_loss_0,3.863191843032837
3450,kl_loss_1,4.137777805328369
3450,kl_loss_2,3.855907917022705
3450,kl_loss_3,4.767848968505859
3450,kl_loss_4,3.9705801010131836
3450,kl_loss_5,4.623692512512207
3450,kl_loss_6,3.7417025566101074
3450,kl_loss_7,3.717897891998291
3450,kl_loss_8,3.677837610244751
3450,loss,1240.942138671875
3500,recon_loss,752.6436767578125
3500,kl_loss,36.97075653076172
3500,kl_loss_0,3.8912594318389893
3500,kl_loss_1,4.200295925140381
3500,kl_loss_2,3.9493134021759033
3500,kl_loss_3,4.868751525878906
3500,kl_loss_4,4.073800563812256
3500,kl_loss_5,4.6656107902526855
3500,kl_loss_6,3.7852649688720703
3500,kl_loss_7,3.7970387935638428
3500,kl_loss_8,3.7394213676452637
3500,loss,1122.351318359375
3550,recon_loss,764.183349609375
3550,kl_loss,36.98781967163086
3550,kl_loss_0,3.895981788635254
3550,kl_loss_1,4.210126876831055
3550,kl_loss_2,3.954420566558838
3550,kl_loss_3,4.865931510925293
3550,kl_loss_4,3.9979324340820312
3550,kl_loss_5,4.658872127532959
3550,kl_loss_6,3.8087682723999023
3550,kl_loss_7,3.831740140914917
3550,kl_loss_8,3.7640466690063477
3550,loss,1134.0615234375
3600,recon_loss,750.0635375976562
3600,kl_loss,36.862911224365234
3600,kl_loss_0,3.888751268386841
3600,kl_loss_1,4.170351028442383
3600,kl_loss_2,3.9119977951049805
3600,kl_loss_3,4.90773868560791
3600,kl_loss_4,3.9849963188171387
3600,kl_loss_5,4.633359432220459
3600,kl_loss_6,3.835989475250244
3600,kl_loss_7,3.800971031188965
3600,kl_loss_8,3.728754997253418
3600,loss,1118.692626953125
3650,recon_loss,819.4502563476562
3650,kl_loss,36.638587951660156
3650,kl_loss_0,3.872953414916992
3650,kl_loss_1,4.142717361450195
3650,kl_loss_2,3.8598315715789795
3650,kl_loss_3,4.824617862701416
3650,kl_loss_4,4.019017219543457
3650,kl_loss_5,4.5912299156188965
3650,kl_loss_6,3.758134126663208
3650,kl_loss_7,3.8025853633880615
3650,kl_loss_8,3.7674975395202637
3650,loss,1185.836181640625
3700,recon_loss,773.2589721679688
3700,kl_loss,36.67570495605469
3700,kl_loss_0,3.855858087539673
3700,kl_loss_1,4.177139759063721
3700,kl_loss_2,3.8767926692962646
3700,kl_loss_3,4.879583835601807
3700,kl_loss_4,3.973911762237549
3700,kl_loss_5,4.584661960601807
3700,kl_loss_6,3.797065496444702
3700,kl_loss_7,3.783170223236084
3700,kl_loss_8,3.747523546218872
3700,loss,1140.0159912109375
3750,recon_loss,809.990478515625
3750,kl_loss,36.54436111450195
3750,kl_loss_0,3.8551154136657715
3750,kl_loss_1,4.1493000984191895
3750,kl_loss_2,3.872861623764038
3750,kl_loss_3,4.809981822967529
3750,kl_loss_4,3.9827849864959717
3750,kl_loss_5,4.5651535987854
3750,kl_loss_6,3.7903809547424316
3750,kl_loss_7,3.7532107830047607
3750,kl_loss_8,3.765570878982544
3750,loss,1175.43408203125
3800,recon_loss,1278.5687255859375
3800,kl_loss,36.264556884765625
3800,kl_loss_0,3.878737211227417
3800,kl_loss_1,4.074554920196533
3800,kl_loss_2,3.8731329441070557
3800,kl_loss_3,4.655269622802734
3800,kl_loss_4,4.023726940155029
3800,kl_loss_5,4.466187000274658
3800,kl_loss_6,3.774385452270508
3800,kl_loss_7,3.7568655014038086
3800,kl_loss_8,3.7616944313049316
3800,loss,1641.21435546875
3850,recon_loss,694.2232055664062
3850,kl_loss,36.13229751586914
3850,kl_loss_0,3.8405773639678955
3850,kl_loss_1,4.091916084289551
3850,kl_loss_2,3.8729746341705322
3850,kl_loss_3,4.699657440185547
3850,kl_loss_4,3.924936532974243
3850,kl_loss_5,4.490598678588867
3850,kl_loss_6,3.7804698944091797
3850,kl_loss_7,3.716062068939209
3850,kl_loss_8,3.7151055335998535
3850,loss,1055.546142578125
3900,recon_loss,687.1696166992188
3900,kl_loss,36.40521240234375
3900,kl_loss_0,3.8711729049682617
3900,kl_loss_1,4.105544090270996
3900,kl_loss_2,3.907338857650757
3900,kl_loss_3,4.765293121337891
3900,kl_loss_4,3.9753472805023193
3900,kl_loss_5,4.508305072784424
3900,kl_loss_6,3.7515857219696045
3900,kl_loss_7,3.770371198654175
3900,kl_loss_8,3.7502546310424805
3900,loss,1051.2216796875
3950,recon_loss,696.8905639648438
3950,kl_loss,36.306358337402344
3950,kl_loss_0,3.831535577774048
3950,kl_loss_1,4.089221000671387
3950,kl_loss_2,3.890557289123535
3950,kl_loss_3,4.746773719787598
3950,kl_loss_4,3.9594454765319824
3950,kl_loss_5,4.499121189117432
3950,kl_loss_6,3.799328088760376
3950,kl_loss_7,3.7218616008758545
3950,kl_loss_8,3.7685134410858154
3950,loss,1059.9541015625
4000,recon_loss,888.93701171875
4000,kl_loss,35.96147918701172
4000,kl_loss_0,3.8338119983673096
4000,kl_loss_1,4.094990253448486
4000,kl_loss_2,3.8764920234680176
4000,kl_loss_3,4.625410556793213
4000,kl_loss_4,3.902327299118042
4000,kl_loss_5,4.435640811920166
4000,kl_loss_6,3.749089002609253
4000,kl_loss_7,3.7145514488220215
4000,kl_loss_8,3.7291672229766846
4000,loss,1248.5517578125
4050,recon_loss,695.099853515625
4050,kl_loss,35.76559066772461
4050,kl_loss_0,3.787689447402954
4050,kl_loss_1,4.094827651977539
4050,kl_loss_2,3.794323205947876
4050,kl_loss_3,4.6452765464782715
4050,kl_loss_4,3.9057843685150146
4050,kl_loss_5,4.422255039215088
4050,kl_loss_6,3.6990063190460205
4050,kl_loss_7,3.7182374000549316
4050,kl_loss_8,3.6981897354125977
4050,loss,1052.7557373046875
4100,recon_loss,744.2990112304688
4100,kl_loss,36.157470703125
4100,kl_loss_0,3.8374602794647217
4100,kl_loss_1,4.052874565124512
4100,kl_loss_2,3.898048162460327
4100,kl_loss_3,4.645559310913086
4100,kl_loss_4,3.9726922512054443
4100,kl_loss_5,4.491334915161133
4100,kl_loss_6,3.7651782035827637
4100,kl_loss_7,3.7526443004608154
4100,kl_loss_8,3.7416772842407227
4100,loss,1105.873779296875
4150,recon_loss,712.6378784179688
4150,kl_loss,36.133628845214844
4150,kl_loss_0,3.861555576324463
4150,kl_loss_1,4.066995620727539
4150,kl_loss_2,3.872117280960083
4150,kl_loss_3,4.672785758972168
4150,kl_loss_4,3.9696044921875
4150,kl_loss_5,4.421473026275635
4150,kl_loss_6,3.7858831882476807
4150,kl_loss_7,3.7469658851623535
4150,kl_loss_8,3.73624849319458
4150,loss,1073.97412109375
4200,recon_loss,692.8933715820312
4200,kl_loss,35.8956184387207
4200,kl_loss_0,3.806431770324707
4200,kl_loss_1,4.08536434173584
4200,kl_loss_2,3.8622820377349854
4200,kl_loss_3,4.625335216522217
4200,kl_loss_4,3.93569278717041
4200,kl_loss_5,4.42186975479126
4200,kl_loss_6,3.707627534866333
4200,kl_loss_7,3.703080654144287
4200,kl_loss_8,3.747934579849243
4200,loss,1051.849609375
4250,recon_loss,665.4734497070312
4250,kl_loss,35.891151428222656
4250,kl_loss_0,3.8331305980682373
4250,kl_loss_1,4.083782196044922
4250,kl_loss_2,3.8762526512145996
4250,kl_loss_3,4.601678848266602
4250,kl_loss_4,3.8583626747131348
4250,kl_loss_5,4.416257381439209
4250,kl_loss_6,3.759164333343506
4250,kl_loss_7,3.720391273498535
4250,kl_loss_8,3.742133855819702
4250,loss,1024.385009765625
4300,recon_loss,622.248779296875
4300,kl_loss,35.81669616699219
4300,kl_loss_0,3.8199377059936523
4300,kl_loss_1,4.031803131103516
4300,kl_loss_2,3.8359603881835938
4300,kl_loss_3,4.605734825134277
4300,kl_loss_4,3.926689863204956
4300,kl_loss_5,4.398282527923584
4300,kl_loss_6,3.7447543144226074
4300,kl_loss_7,3.7393126487731934
4300,kl_loss_8,3.714223623275757
4300,loss,980.415771484375
4350,recon_loss,605.3896484375
4350,kl_loss,35.952606201171875
4350,kl_loss_0,3.7925403118133545
4350,kl_loss_1,4.028956413269043
4350,kl_loss_2,3.8810055255889893
4350,kl_loss_3,4.620837211608887
4350,kl_loss_4,3.964761972427368
4350,kl_loss_5,4.414495944976807
4350,kl_loss_6,3.79034423828125
4350,kl_loss_7,3.742136001586914
4350,kl_loss_8,3.717526435852051
4350,loss,964.9157104492188
4400,recon_loss,591.390380859375
4400,kl_loss,35.52948760986328
4400,kl_loss_0,3.7817325592041016
4400,kl_loss_1,3.9901208877563477
4400,kl_loss_2,3.8131844997406006
4400,kl_loss_3,4.598476409912109
4400,kl_loss_4,3.9200146198272705
4400,kl_loss_5,4.331007480621338
4400,kl_loss_6,3.700105667114258
4400,kl_loss_7,3.686683416366577
4400,kl_loss_8,3.7081613540649414
4400,loss,946.6852416992188
4450,recon_loss,630.634033203125
4450,kl_loss,35.31511306762695
4450,kl_loss_0,3.760371446609497
4450,kl_loss_1,3.983548879623413
4450,kl_loss_2,3.8085319995880127
4450,kl_loss_3,4.531360149383545
4450,kl_loss_4,3.873356819152832
4450,kl_loss_5,4.3304548263549805
4450,kl_loss_6,3.7038795948028564
4450,kl_loss_7,3.6294476985931396
4450,kl_loss_8,3.6941590309143066
4450,loss,983.78515625
4500,recon_loss,757.72216796875
4500,kl_loss,35.25733184814453
4500,kl_loss_0,3.7594408988952637
4500,kl_loss_1,3.989586114883423
4500,kl_loss_2,3.7830915451049805
4500,kl_loss_3,4.512223720550537
4500,kl_loss_4,3.8783721923828125
4500,kl_loss_5,4.28504753112793
4500,kl_loss_6,3.708162307739258
4500,kl_loss_7,3.649432897567749
4500,kl_loss_8,3.6919753551483154
4500,loss,1110.29541015625
4550,recon_loss,605.61767578125
4550,kl_loss,35.70511245727539
4550,kl_loss_0,3.8478317260742188
4550,kl_loss_1,4.026046276092529
4550,kl_loss_2,3.7864065170288086
4550,kl_loss_3,4.5663299560546875
4550,kl_loss_4,3.8954648971557617
4550,kl_loss_5,4.376755237579346
4550,kl_loss_6,3.7466888427734375
4550,kl_loss_7,3.7473397254943848
4550,kl_loss_8,3.7122483253479004
4550,loss,962.6688232421875
4600,recon_loss,585.9251098632812
4600,kl_loss,35.609500885009766
4600,kl_loss_0,3.8147356510162354
4600,kl_loss_1,3.9626119136810303
4600,kl_loss_2,3.886566162109375
4600,kl_loss_3,4.537872791290283
4600,kl_loss_4,3.8747718334198
4600,kl_loss_5,4.37319278717041
4600,kl_loss_6,3.7383456230163574
4600,kl_loss_7,3.688210964202881
4600,kl_loss_8,3.733196496963501
4600,loss,942.0201416015625
4650,recon_loss,566.2427978515625
4650,kl_loss,35.550010681152344
4650,kl_loss_0,3.803020715713501
4650,kl_loss_1,4.020603179931641
4650,kl_loss_2,3.8166708946228027
4650,kl_loss_3,4.576747417449951
4650,kl_loss_4,3.8683533668518066
4650,kl_loss_5,4.289763450622559
4650,kl_loss_6,3.7790164947509766
4650,kl_loss_7,3.679844856262207
4650,kl_loss_8,3.7159905433654785
4650,loss,921.742919921875
4700,recon_loss,764.1094360351562
4700,kl_loss,35.463401794433594
4700,kl_loss_0,3.795393943786621
4700,kl_loss_1,4.027614116668701
4700,kl_loss_2,3.819969415664673
4700,kl_loss_3,4.532797813415527
4700,kl_loss_4,3.886155366897583
4700,kl_loss_5,4.244071006774902
4700,kl_loss_6,3.744534969329834
4700,kl_loss_7,3.7075424194335938
4700,kl_loss_8,3.705320358276367
4700,loss,1118.743408203125
4750,recon_loss,559.599853515625
4750,kl_loss,35.305023193359375
4750,kl_loss_0,3.804103374481201
4750,kl_loss_1,3.937483549118042
4750,kl_loss_2,3.82289457321167
4750,kl_loss_3,4.436577320098877
4750,kl_loss_4,3.879523992538452
4750,kl_loss_5,4.308681488037109
4750,kl_loss_6,3.742002010345459
4750,kl_loss_7,3.685880661010742
4750,kl_loss_8,3.6878769397735596
4750,loss,912.6500854492188
4800,recon_loss,1000.408447265625
4800,kl_loss,34.4564094543457
4800,kl_loss_0,3.7285797595977783
4800,kl_loss_1,3.861086130142212
4800,kl_loss_2,3.7259716987609863
4800,kl_loss_3,4.295187473297119
4800,kl_loss_4,3.7752485275268555
4800,kl_loss_5,4.177534103393555
4800,kl_loss_6,3.654566764831543
4800,kl_loss_7,3.621166706085205
4800,kl_loss_8,3.6170711517333984
4800,loss,1344.9725341796875
4850,recon_loss,561.0546264648438
4850,kl_loss,35.26530456542969
4850,kl_loss_0,3.790473699569702
4850,kl_loss_1,3.9753730297088623
4850,kl_loss_2,3.7996747493743896
4850,kl_loss_3,4.511221885681152
4850,kl_loss_4,3.8559014797210693
4850,kl_loss_5,4.217005729675293
4850,kl_loss_6,3.72196102142334
4850,kl_loss_7,3.657902240753174
4850,kl_loss_8,3.7357912063598633
4850,loss,913.7076416015625
4900,recon_loss,534.2000732421875
4900,kl_loss,35.110595703125
4900,kl_loss_0,3.771815538406372
4900,kl_loss_1,3.9193994998931885
4900,kl_loss_2,3.7715179920196533
4900,kl_loss_3,4.466648101806641
4900,kl_loss_4,3.8522884845733643
4900,kl_loss_5,4.268009662628174
4900,kl_loss_6,3.701615571975708
4900,kl_loss_7,3.6492109298706055
4900,kl_loss_8,3.7100887298583984
4900,loss,885.3060302734375
4950,recon_loss,651.39013671875
4950,kl_loss,35.02299118041992
4950,kl_loss_0,3.796438694000244
4950,kl_loss_1,3.900745153427124
4950,kl_loss_2,3.7894833087921143
4950,kl_loss_3,4.40542459487915
4950,kl_loss_4,3.8499693870544434
4950,kl_loss_5,4.222486972808838
4950,kl_loss_6,3.7010245323181152
4950,kl_loss_7,3.658902645111084
4950,kl_loss_8,3.698514699935913
4950,loss,1001.6200561523438
5000,recon_loss,542.128173828125
5000,kl_loss,35.4753303527832
5000,kl_loss_0,3.845200538635254
5000,kl_loss_1,4.001357078552246
5000,kl_loss_2,3.8054158687591553
5000,kl_loss_3,4.437009334564209
5000,kl_loss_4,3.8826141357421875
5000,kl_loss_5,4.235690593719482
5000,kl_loss_6,3.790085554122925
5000,kl_loss_7,3.750028371810913
5000,kl_loss_8,3.72792911529541
5000,loss,896.8814697265625
5050,recon_loss,528.0013427734375
5050,kl_loss,35.33026123046875
5050,kl_loss_0,3.8051538467407227
5050,kl_loss_1,3.9070522785186768
5050,kl_loss_2,3.8828160762786865
5050,kl_loss_3,4.429169178009033
5050,kl_loss_4,3.8594284057617188
5050,kl_loss_5,4.2521071434021
5050,kl_loss_6,3.7241222858428955
5050,kl_loss_7,3.69743275642395
5050,kl_loss_8,3.772979736328125
5050,loss,881.303955078125
5100,recon_loss,622.4697875976562
5100,kl_loss,35.065738677978516
5100,kl_loss_0,3.7881810665130615
5100,kl_loss_1,3.9518730640411377
5100,kl_loss_2,3.799467086791992
5100,kl_loss_3,4.426716327667236
5100,kl_loss_4,3.859295129776001
5100,kl_loss_5,4.193840503692627
5100,kl_loss_6,3.6994385719299316
5100,kl_loss_7,3.662851572036743
5100,kl_loss_8,3.684074640274048
5100,loss,973.127197265625
5150,recon_loss,523.7470092773438
5150,kl_loss,34.86643600463867
5150,kl_loss_0,3.7342724800109863
5150,kl_loss_1,3.9184603691101074
5150,kl_loss_2,3.7897117137908936
5150,kl_loss_3,4.379541397094727
5150,kl_loss_4,3.8192496299743652
5150,kl_loss_5,4.179883003234863
5150,kl_loss_6,3.6883230209350586
5150,kl_loss_7,3.6309804916381836
5150,kl_loss_8,3.726008892059326
5150,loss,872.411376953125
5200,recon_loss,907.7086791992188
5200,kl_loss,35.214473724365234
5200,kl_loss_0,3.797650098800659
5200,kl_loss_1,3.998145818710327
5200,kl_loss_2,3.8865537643432617
5200,kl_loss_3,4.494110107421875
5200,kl_loss_4,3.8553926944732666
5200,kl_loss_5,4.156808376312256
5200,kl_loss_6,3.6750545501708984
5200,kl_loss_7,3.6867475509643555
5200,kl_loss_8,3.6640100479125977
5200,loss,1259.8533935546875
5250,recon_loss,505.0711975097656
5250,kl_loss,34.748138427734375
5250,kl_loss_0,3.7317464351654053
5250,kl_loss_1,3.8819854259490967
5250,kl_loss_2,3.794301748275757
5250,kl_loss_3,4.366417407989502
5250,kl_loss_4,3.7517623901367188
5250,kl_loss_5,4.172117233276367
5250,kl_loss_6,3.708719253540039
5250,kl_loss_7,3.65327787399292
5250,kl_loss_8,3.6878092288970947
5250,loss,852.5526123046875
5300,recon_loss,507.0247802734375
5300,kl_loss,34.87412643432617
5300,kl_loss_0,3.765683650970459
5300,kl_loss_1,3.92863392829895
5300,kl_loss_2,3.7693052291870117
5300,kl_loss_3,4.398289203643799
5300,kl_loss_4,3.787287712097168
5300,kl_loss_5,4.1736016273498535
5300,kl_loss_6,3.699503183364868
5300,kl_loss_7,3.6674699783325195
5300,kl_loss_8,3.684352397918701
5300,loss,855.7660522460938
5350,recon_loss,530.1226806640625
5350,kl_loss,34.79346466064453
5350,kl_loss_0,3.7364087104797363
5350,kl_loss_1,3.887883186340332
5350,kl_loss_2,3.796771287918091
5350,kl_loss_3,4.3678083419799805
5350,kl_loss_4,3.8131661415100098
5350,kl_loss_5,4.1585307121276855
5350,kl_loss_6,3.6831676959991455
5350,kl_loss_7,3.653604030609131
5350,kl_loss_8,3.6961264610290527
5350,loss,878.0573120117188
5400,recon_loss,585.4733276367188
5400,kl_loss,34.87305450439453
5400,kl_loss_0,3.782356023788452
5400,kl_loss_1,3.8861589431762695
5400,kl_loss_2,3.8037524223327637
5400,kl_loss_3,4.395017147064209
5400,kl_loss_4,3.7988131046295166
5400,kl_loss_5,4.159437656402588
5400,kl_loss_6,3.6972033977508545
5400,kl_loss_7,3.6548776626586914
5400,kl_loss_8,3.695437431335449
5400,loss,934.203857421875
5450,recon_loss,542.689208984375
5450,kl_loss,34.552249908447266
5450,kl_loss_0,3.7328271865844727
5450,kl_loss_1,3.8931798934936523
5450,kl_loss_2,3.7578890323638916
5450,kl_loss_3,4.318580627441406
5450,kl_loss_4,3.7508251667022705
5450,kl_loss_5,4.162599563598633
5450,kl_loss_6,3.653282403945923
5450,kl_loss_7,3.626112699508667
5450,kl_loss_8,3.656954288482666
5450,loss,888.211669921875
5500,recon_loss,501.1708679199219
5500,kl_loss,34.70582962036133
5500,kl_loss_0,3.7601354122161865
5500,kl_loss_1,3.902031183242798
5500,kl_loss_2,3.744926691055298
5500,kl_loss_3,4.343867778778076
5500,kl_loss_4,3.8045883178710938
5500,kl_loss_5,4.111870288848877
5500,kl_loss_6,3.7228150367736816
5500,kl_loss_7,3.6232125759124756
5500,kl_loss_8,3.6923861503601074
5500,loss,848.2291259765625
5550,recon_loss,623.4385375976562
5550,kl_loss,34.62332534790039
5550,kl_loss_0,3.7166149616241455
5550,kl_loss_1,3.9109625816345215
5550,kl_loss_2,3.8034167289733887
5550,kl_loss_3,4.360879421234131
5550,kl_loss_4,3.7556772232055664
5550,kl_loss_5,4.114912033081055
5550,kl_loss_6,3.729579448699951
5550,kl_loss_7,3.592323064804077
5550,kl_loss_8,3.6389594078063965
5550,loss,969.6717529296875
5600,recon_loss,768.6799926757812
5600,kl_loss,34.49720001220703
5600,kl_loss_0,3.7454867362976074
5600,kl_loss_1,3.8545448780059814
5600,kl_loss_2,3.7655189037323
5600,kl_loss_3,4.3448405265808105
5600,kl_loss_4,3.7409822940826416
5600,kl_loss_5,4.131654262542725
5600,kl_loss_6,3.6807618141174316
5600,kl_loss_7,3.582577705383301
5600,kl_loss_8,3.650832176208496
5600,loss,1113.6519775390625
5650,recon_loss,498.5789794921875
5650,kl_loss,34.616188049316406
5650,kl_loss_0,3.742708206176758
5650,kl_loss_1,3.8484954833984375
5650,kl_loss_2,3.76286244392395
5650,kl_loss_3,4.33025598526001
5650,kl_loss_4,3.8310739994049072
5650,kl_loss_5,4.1539225578308105
5650,kl_loss_6,3.691035270690918
5650,kl_loss_7,3.607081890106201
5650,kl_loss_8,3.648751735687256
5650,loss,844.7408447265625
5700,recon_loss,792.2122802734375
5700,kl_loss,34.096561431884766
5700,kl_loss_0,3.6947994232177734
5700,kl_loss_1,3.809779405593872
5700,kl_loss_2,3.731454849243164
5700,kl_loss_3,4.2707319259643555
5700,kl_loss_4,3.7314929962158203
5700,kl_loss_5,4.0471272468566895
5700,kl_loss_6,3.6127588748931885
5700,kl_loss_7,3.5622916221618652
5700,kl_loss_8,3.6361277103424072
5700,loss,1133.1778564453125
5750,recon_loss,479.4079284667969
5750,kl_loss,34.45859909057617
5750,kl_loss_0,3.73457407951355
5750,kl_loss_1,3.8364973068237305
5750,kl_loss_2,3.713319778442383
5750,kl_loss_3,4.2939252853393555
5750,kl_loss_4,3.764892816543579
5750,kl_loss_5,4.1065354347229
5750,kl_loss_6,3.676387071609497
5750,kl_loss_7,3.608433485031128
5750,kl_loss_8,3.7240331172943115
5750,loss,823.993896484375
5800,recon_loss,448.6142578125
5800,kl_loss,34.4731559753418
5800,kl_loss_0,3.7609739303588867
5800,kl_loss_1,3.8464202880859375
5800,kl_loss_2,3.787620782852173
5800,kl_loss_3,4.2751312255859375
5800,kl_loss_4,3.7491750717163086
5800,kl_loss_5,4.127050399780273
5800,kl_loss_6,3.6745476722717285
5800,kl_loss_7,3.604182243347168
5800,kl_loss_8,3.64805269241333
5800,loss,793.3458251953125
5850,recon_loss,498.61505126953125
5850,kl_loss,34.25421142578125
5850,kl_loss_0,3.720261812210083
5850,kl_loss_1,3.8402016162872314
5850,kl_loss_2,3.7143099308013916
5850,kl_loss_3,4.233187198638916
5850,kl_loss_4,3.7551703453063965
5850,kl_loss_5,4.103153228759766
5850,kl_loss_6,3.6356923580169678
5850,kl_loss_7,3.5701205730438232
5850,kl_loss_8,3.6821136474609375
5850,loss,841.1571655273438
5900,recon_loss,482.3558654785156
5900,kl_loss,34.30061340332031
5900,kl_loss_0,3.706679105758667
5900,kl_loss_1,3.8519115447998047
5900,kl_loss_2,3.7732064723968506
5900,kl_loss_3,4.250000476837158
5900,kl_loss_4,3.7420694828033447
5900,kl_loss_5,4.0890350341796875
5900,kl_loss_6,3.6675665378570557
5900,kl_loss_7,3.5383706092834473
5900,kl_loss_8,3.681774616241455
5900,loss,825.3619995117188
5950,recon_loss,490.3510437011719
5950,kl_loss,34.42827224731445
5950,kl_loss_0,3.7706716060638428
5950,kl_loss_1,3.7960431575775146
5950,kl_loss_2,3.7647669315338135
5950,kl_loss_3,4.2392258644104
5950,kl_loss_4,3.8208506107330322
5950,kl_loss_5,4.087879657745361
5950,kl_loss_6,3.678018569946289
5950,kl_loss_7,3.5864861011505127
5950,kl_loss_8,3.6843302249908447
5950,loss,834.6337890625
6000,recon_loss,444.55255126953125
6000,kl_loss,34.37968444824219
6000,kl_loss_0,3.727652072906494
6000,kl_loss_1,3.8426172733306885
6000,kl_loss_2,3.772705078125
6000,kl_loss_3,4.291964530944824
6000,kl_loss_4,3.795710802078247
6000,kl_loss_5,4.07723331451416
6000,kl_loss_6,3.609164237976074
6000,kl_loss_7,3.5968854427337646
6000,kl_loss_8,3.665750026702881
6000,loss,788.349365234375
6050,recon_loss,468.6279602050781
6050,kl_loss,33.953678131103516
6050,kl_loss_0,3.6839170455932617
6050,kl_loss_1,3.7924742698669434
6050,kl_loss_2,3.7257606983184814
6050,kl_loss_3,4.143493175506592
6050,kl_loss_4,3.7099459171295166
6050,kl_loss_5,4.0268473625183105
6050,kl_loss_6,3.671396493911743
6050,kl_loss_7,3.545975923538208
6050,kl_loss_8,3.653867244720459
6050,loss,808.1647338867188
6100,recon_loss,433.06268310546875
6100,kl_loss,34.19612121582031
6100,kl_loss_0,3.7577598094940186
6100,kl_loss_1,3.791445255279541
6100,kl_loss_2,3.737924098968506
6100,kl_loss_3,4.226296901702881
6100,kl_loss_4,3.7598841190338135
6100,kl_loss_5,4.024850368499756
6100,kl_loss_6,3.6728625297546387
6100,kl_loss_7,3.585308313369751
6100,kl_loss_8,3.6397864818573
6100,loss,775.02392578125
6150,recon_loss,446.814697265625
6150,kl_loss,34.05108642578125
6150,kl_loss_0,3.6738452911376953
6150,kl_loss_1,3.834677219390869
6150,kl_loss_2,3.757082462310791
6150,kl_loss_3,4.224249362945557
6150,kl_loss_4,3.70804500579834
6150,kl_loss_5,4.004472255706787
6150,kl_loss_6,3.674887180328369
6150,kl_loss_7,3.5272154808044434
6150,kl_loss_8,3.6466152667999268
6150,loss,787.3255615234375
6200,recon_loss,434.5712585449219
6200,kl_loss,34.068397521972656
6200,kl_loss_0,3.689702033996582
6200,kl_loss_1,3.811673879623413
6200,kl_loss_2,3.6774489879608154
6200,kl_loss_3,4.253303527832031
6200,kl_loss_4,3.7252252101898193
6200,kl_loss_5,4.028750419616699
6200,kl_loss_6,3.6122870445251465
6200,kl_loss_7,3.6277105808258057
6200,kl_loss_8,3.6422955989837646
6200,loss,775.2552490234375
6250,recon_loss,511.4130859375
6250,kl_loss,33.928070068359375
6250,kl_loss_0,3.7182083129882812
6250,kl_loss_1,3.7493185997009277
6250,kl_loss_2,3.724008083343506
6250,kl_loss_3,4.188342571258545
6250,kl_loss_4,3.7484254837036133
6250,kl_loss_5,4.012303352355957
6250,kl_loss_6,3.647376775741577
6250,kl_loss_7,3.5197577476501465
6250,kl_loss_8,3.6203315258026123
6250,loss,850.6937866210938
6300,recon_loss,474.5888366699219
6300,kl_loss,33.8326416015625
6300,kl_loss_0,3.655470609664917
6300,kl_loss_1,3.769883394241333
6300,kl_loss_2,3.7403128147125244
6300,kl_loss_3,4.235258102416992
6300,kl_loss_4,3.71478271484375
6300,kl_loss_5,3.980893611907959
6300,kl_loss_6,3.587160587310791
6300,kl_loss_7,3.5188634395599365
6300,kl_loss_8,3.630017042160034
6300,loss,812.915283203125
6350,recon_loss,430.84735107421875
6350,kl_loss,34.270565032958984
6350,kl_loss_0,3.7278735637664795
6350,kl_loss_1,3.80911922454834
6350,kl_loss_2,3.740046977996826
6350,kl_loss_3,4.202355861663818
6350,kl_loss_4,3.7696971893310547
6350,kl_loss_5,4.046576023101807
6350,kl_loss_6,3.678065299987793
6350,kl_loss_7,3.634382963180542
6350,kl_loss_8,3.662446975708008
6350,loss,773.552978515625
6400,recon_loss,475.54730224609375
6400,kl_loss,34.09567642211914
6400,kl_loss_0,3.692155122756958
6400,kl_loss_1,3.76430606842041
6400,kl_loss_2,3.6958673000335693
6400,kl_loss_3,4.216760158538818
6400,kl_loss_4,3.7617578506469727
6400,kl_loss_5,4.064607620239258
6400,kl_loss_6,3.6636621952056885
6400,kl_loss_7,3.541215181350708
6400,kl_loss_8,3.695345878601074
6400,loss,816.5040283203125
6450,recon_loss,510.45977783203125
6450,kl_loss,33.75403594970703
6450,kl_loss_0,3.6858062744140625
6450,kl_loss_1,3.7501380443573
6450,kl_loss_2,3.7181897163391113
6450,kl_loss_3,4.1792216300964355
6450,kl_loss_4,3.7026500701904297
6450,kl_loss_5,3.968234062194824
6450,kl_loss_6,3.6227517127990723
6450,kl_loss_7,3.5015947818756104
6450,kl_loss_8,3.625448703765869
6450,loss,848.0001220703125
6500,recon_loss,430.3006591796875
6500,kl_loss,33.72830581665039
6500,kl_loss_0,3.7123987674713135
6500,kl_loss_1,3.7304718494415283
6500,kl_loss_2,3.7156896591186523
6500,kl_loss_3,4.150579452514648
6500,kl_loss_4,3.7157115936279297
6500,kl_loss_5,3.9866204261779785
6500,kl_loss_6,3.5609400272369385
6500,kl_loss_7,3.522383689880371
6500,kl_loss_8,3.633509635925293
6500,loss,767.583740234375
6550,recon_loss,414.52874755859375
6550,kl_loss,34.154571533203125
6550,kl_loss_0,3.7352077960968018
6550,kl_loss_1,3.7905876636505127
6550,kl_loss_2,3.7556543350219727
6550,kl_loss_3,4.22634220123291
6550,kl_loss_4,3.754382610321045
6550,kl_loss_5,4.012129783630371
6550,kl_loss_6,3.684884548187256
6550,kl_loss_7,3.5694196224212646
6550,kl_loss_8,3.6259632110595703
6550,loss,756.074462890625
6600,recon_loss,421.1360168457031
6600,kl_loss,33.59011459350586
6600,kl_loss_0,3.664543867111206
6600,kl_loss_1,3.769801139831543
6600,kl_loss_2,3.6649482250213623
6600,kl_loss_3,4.196186542510986
6600,kl_loss_4,3.692380905151367
6600,kl_loss_5,3.9494452476501465
6600,kl_loss_6,3.5656018257141113
6600,kl_loss_7,3.4697539806365967
6600,kl_loss_8,3.617450475692749
6600,loss,757.0371704101562
6650,recon_loss,428.2166748046875
6650,kl_loss,33.72172546386719
6650,kl_loss_0,3.6836764812469482
6650,kl_loss_1,3.749061346054077
6650,kl_loss_2,3.6960511207580566
6650,kl_loss_3,4.158817291259766
6650,kl_loss_4,3.7411224842071533
6650,kl_loss_5,4.007803440093994
6650,kl_loss_6,3.595222234725952
6650,kl_loss_7,3.525527238845825
6650,kl_loss_8,3.564444065093994
6650,loss,765.4339599609375
6700,recon_loss,401.9868469238281
6700,kl_loss,33.824798583984375
6700,kl_loss_0,3.752540349960327
6700,kl_loss_1,3.729036331176758
6700,kl_loss_2,3.698493003845215
6700,kl_loss_3,4.193567276000977
6700,kl_loss_4,3.6930036544799805
6700,kl_loss_5,4.023669242858887
6700,kl_loss_6,3.6323599815368652
6700,kl_loss_7,3.4834601879119873
6700,kl_loss_8,3.618666887283325
6700,loss,740.23486328125
6750,recon_loss,402.166015625
6750,kl_loss,33.55265426635742
6750,kl_loss_0,3.6678900718688965
6750,kl_loss_1,3.7320663928985596
6750,kl_loss_2,3.6745548248291016
6750,kl_loss_3,4.108759880065918
6750,kl_loss_4,3.713956594467163
6750,kl_loss_5,3.925323486328125
6750,kl_loss_6,3.649533748626709
6750,kl_loss_7,3.4705116748809814
6750,kl_loss_8,3.6100568771362305
6750,loss,737.6925659179688
6800,recon_loss,557.7532958984375
6800,kl_loss,33.610504150390625
6800,kl_loss_0,3.642744779586792
6800,kl_loss_1,3.749197483062744
6800,kl_loss_2,3.696012496948242
6800,kl_loss_3,4.131376266479492
6800,kl_loss_4,3.692861557006836
6800,kl_loss_5,3.967006206512451
6800,kl_loss_6,3.614595890045166
6800,kl_loss_7,3.5049314498901367
6800,kl_loss_8,3.6117773056030273
6800,loss,893.8583374023438
6850,recon_loss,418.24609375
6850,kl_loss,33.86156463623047
6850,kl_loss_0,3.703974723815918
6850,kl_loss_1,3.7978432178497314
6850,kl_loss_2,3.673790216445923
6850,kl_loss_3,4.209200382232666
6850,kl_loss_4,3.701824903488159
6850,kl_loss_5,3.966359853744507
6850,kl_loss_6,3.6118621826171875
6850,kl_loss_7,3.536724328994751
6850,kl_loss_8,3.6599843502044678
6850,loss,756.8617553710938
6900,recon_loss,394.5978088378906
6900,kl_loss,33.87953186035156
6900,kl_loss_0,3.683471918106079
6900,kl_loss_1,3.7436892986297607
6900,kl_loss_2,3.697843551635742
6900,kl_loss_3,4.198087692260742
6900,kl_loss_4,3.755688190460205
6900,kl_loss_5,3.9702560901641846
6900,kl_loss_6,3.637957811355591
6900,kl_loss_7,3.5453882217407227
6900,kl_loss_8,3.647148847579956
6900,loss,733.3931274414062
6950,recon_loss,394.5702209472656
6950,kl_loss,33.42171096801758
6950,kl_loss_0,3.6451449394226074
6950,kl_loss_1,3.7287604808807373
6950,kl_loss_2,3.617962598800659
6950,kl_loss_3,4.136333465576172
6950,kl_loss_4,3.6806840896606445
6950,kl_loss_5,3.95159912109375
6950,kl_loss_6,3.5877068042755127
6950,kl_loss_7,3.4855639934539795
6950,kl_loss_8,3.5879526138305664
6950,loss,728.787353515625
7000,recon_loss,384.9546813964844
7000,kl_loss,33.67160415649414
7000,kl_loss_0,3.6609222888946533
7000,kl_loss_1,3.7876017093658447
7000,kl_loss_2,3.714648723602295
7000,kl_loss_3,4.146859645843506
7000,kl_loss_4,3.673206090927124
7000,kl_loss_5,3.960437536239624
7000,kl_loss_6,3.567608594894409
7000,kl_loss_7,3.514488935470581
7000,kl_loss_8,3.64582896232605
7000,loss,721.6707153320312
7050,recon_loss,490.71844482421875
7050,kl_loss,33.4119987487793
7050,kl_loss_0,3.660414457321167
7050,kl_loss_1,3.7178258895874023
7050,kl_loss_2,3.6658923625946045
7050,kl_loss_3,4.0940260887146
7050,kl_loss_4,3.650188684463501
7050,kl_loss_5,3.9472198486328125
7050,kl_loss_6,3.5975072383880615
7050,kl_loss_7,3.4963791370391846
7050,kl_loss_8,3.582545280456543
7050,loss,824.8384399414062
7100,recon_loss,541.2305297851562
7100,kl_loss,33.42388916015625
7100,kl_loss_0,3.671687602996826
7100,kl_loss_1,3.707987070083618
7100,kl_loss_2,3.7198190689086914
7100,kl_loss_3,4.089761257171631
7100,kl_loss_4,3.6848578453063965
7100,kl_loss_5,3.8973400592803955
7100,kl_loss_6,3.581416606903076
7100,kl_loss_7,3.45127010345459
7100,kl_loss_8,3.619746446609497
7100,loss,875.4694213867188
7150,recon_loss,424.4412841796875
7150,kl_loss,33.50957489013672
7150,kl_loss_0,3.6300973892211914
7150,kl_loss_1,3.6734445095062256
7150,kl_loss_2,3.6883351802825928
7150,kl_loss_3,4.189651012420654
7150,kl_loss_4,3.6644976139068604
7150,kl_loss_5,3.908010244369507
7150,kl_loss_6,3.6188647747039795
7150,kl_loss_7,3.5348267555236816
7150,kl_loss_8,3.601848840713501
7150,loss,759.5370483398438
7200,recon_loss,369.55584716796875
7200,kl_loss,33.83766555786133
7200,kl_loss_0,3.719606876373291
7200,kl_loss_1,3.773298978805542
7200,kl_loss_2,3.678677558898926
7200,kl_loss_3,4.1509294509887695
7200,kl_loss_4,3.755610466003418
7200,kl_loss_5,3.926128625869751
7200,kl_loss_6,3.685914993286133
7200,kl_loss_7,3.498948335647583
7200,kl_loss_8,3.6485486030578613
7200,loss,707.9324951171875
7250,recon_loss,388.8507080078125
7250,kl_loss,33.44269561767578
7250,kl_loss_0,3.703580379486084
7250,kl_loss_1,3.734546422958374
7250,kl_loss_2,3.644407272338867
7250,kl_loss_3,4.1305012702941895
7250,kl_loss_4,3.658280372619629
7250,kl_loss_5,3.8792595863342285
7250,kl_loss_6,3.570089340209961
7250,kl_loss_7,3.5058560371398926
7250,kl_loss_8,3.6161751747131348
7250,loss,723.2776489257812
7300,recon_loss,375.7889404296875
7300,kl_loss,33.175445556640625
7300,kl_loss_0,3.6360015869140625
7300,kl_loss_1,3.6919355392456055
7300,kl_loss_2,3.6429741382598877
7300,kl_loss_3,4.070077896118164
7300,kl_loss_4,3.6517608165740967
7300,kl_loss_5,3.863166570663452
7300,kl_loss_6,3.555917263031006
7300,kl_loss_7,3.462221622467041
7300,kl_loss_8,3.601391077041626
7300,loss,707.5433959960938
7350,recon_loss,373.3843078613281
7350,kl_loss,33.58613967895508
7350,kl_loss_0,3.681445837020874
7350,kl_loss_1,3.753375291824341
7350,kl_loss_2,3.663586139678955
7350,kl_loss_3,4.125107765197754
7350,kl_loss_4,3.7137680053710938
7350,kl_loss_5,3.936136245727539
7350,kl_loss_6,3.604423761367798
7350,kl_loss_7,3.4947190284729004
7350,kl_loss_8,3.613579511642456
7350,loss,709.2457275390625
7400,recon_loss,378.9743347167969
7400,kl_loss,33.929500579833984
7400,kl_loss_0,3.7285146713256836
7400,kl_loss_1,3.761467218399048
7400,kl_loss_2,3.7698748111724854
7400,kl_loss_3,4.036411285400391
7400,kl_loss_4,3.728339910507202
7400,kl_loss_5,3.999180793762207
7400,kl_loss_6,3.721865177154541
7400,kl_loss_7,3.56831693649292
7400,kl_loss_8,3.6155340671539307
7400,loss,718.2693481445312
7450,recon_loss,396.8848571777344
7450,kl_loss,33.17257308959961
7450,kl_loss_0,3.6053106784820557
7450,kl_loss_1,3.6697165966033936
7450,kl_loss_2,3.6601531505584717
7450,kl_loss_3,4.081398010253906
7450,kl_loss_4,3.660292148590088
7450,kl_loss_5,3.886413335800171
7450,kl_loss_6,3.569946050643921
7450,kl_loss_7,3.4714488983154297
7450,kl_loss_8,3.56789493560791
7450,loss,728.610595703125
7500,recon_loss,354.1395263671875
7500,kl_loss,33.05043029785156
7500,kl_loss_0,3.643916130065918
7500,kl_loss_1,3.673649311065674
7500,kl_loss_2,3.624358892440796
7500,kl_loss_3,4.0600433349609375
7500,kl_loss_4,3.621537446975708
7500,kl_loss_5,3.879502058029175
7500,kl_loss_6,3.5430166721343994
7500,kl_loss_7,3.4362752437591553
7500,kl_loss_8,3.568131446838379
7500,loss,684.643798828125
7550,recon_loss,440.6551513671875
7550,kl_loss,33.33778381347656
7550,kl_loss_0,3.6889679431915283
7550,kl_loss_1,3.685182571411133
7550,kl_loss_2,3.663184881210327
7550,kl_loss_3,4.091723918914795
7550,kl_loss_4,3.6736366748809814
7550,kl_loss_5,3.865305185317993
7550,kl_loss_6,3.6088016033172607
7550,kl_loss_7,3.429403305053711
7550,kl_loss_8,3.631575345993042
7550,loss,774.032958984375
7600,recon_loss,362.0898742675781
7600,kl_loss,32.978797912597656
7600,kl_loss_0,3.634437322616577
7600,kl_loss_1,3.70646333694458
7600,kl_loss_2,3.637972354888916
7600,kl_loss_3,4.030194282531738
7600,kl_loss_4,3.571969509124756
7600,kl_loss_5,3.8071134090423584
7600,kl_loss_6,3.582869529724121
7600,kl_loss_7,3.4270215034484863
7600,kl_loss_8,3.580759048461914
7600,loss,691.8778076171875
7650,recon_loss,414.3946838378906
7650,kl_loss,33.23310089111328
7650,kl_loss_0,3.628941059112549
7650,kl_loss_1,3.670123815536499
7650,kl_loss_2,3.669325351715088
7650,kl_loss_3,4.074735164642334
7650,kl_loss_4,3.647322654724121
7650,kl_loss_5,3.881664752960205
7650,kl_loss_6,3.564385414123535
7650,kl_loss_7,3.4938199520111084
7650,kl_loss_8,3.6027820110321045
7650,loss,746.7257080078125
7700,recon_loss,351.9996337890625
7700,kl_loss,33.205997467041016
7700,kl_loss_0,3.6334052085876465
7700,kl_loss_1,3.71016001701355
7700,kl_loss_2,3.6445701122283936
7700,kl_loss_3,4.061314582824707
7700,kl_loss_4,3.679544448852539
7700,kl_loss_5,3.874769926071167
7700,kl_loss_6,3.5927062034606934
7700,kl_loss_7,3.4258229732513428
7700,kl_loss_8,3.5837056636810303
7700,loss,684.0595703125
7750,recon_loss,368.39630126953125
7750,kl_loss,33.3658447265625
7750,kl_loss_0,3.6860523223876953
7750,kl_loss_1,3.7565698623657227
7750,kl_loss_2,3.6971020698547363
7750,kl_loss_3,4.067117214202881
7750,kl_loss_4,3.6509482860565186
7750,kl_loss_5,3.865669012069702
7750,kl_loss_6,3.5807676315307617
7750,kl_loss_7,3.462627649307251
7750,kl_loss_8,3.598989963531494
7750,loss,702.0547485351562
7800,recon_loss,365.8037414550781
7800,kl_loss,33.38209915161133
7800,kl_loss_0,3.695521354675293
7800,kl_loss_1,3.68300199508667
7800,kl_loss_2,3.6521952152252197
7800,kl_loss_3,4.037436008453369
7800,kl_loss_4,3.6851229667663574
7800,kl_loss_5,3.8835198879241943
7800,kl_loss_6,3.605045795440674
7800,kl_loss_7,3.4971976280212402
7800,kl_loss_8,3.643059492111206
7800,loss,699.624755859375
7850,recon_loss,389.8096618652344
7850,kl_loss,33.04726028442383
7850,kl_loss_0,3.6330010890960693
7850,kl_loss_1,3.6651487350463867
7850,kl_loss_2,3.6067094802856445
7850,kl_loss_3,3.999218702316284
7850,kl_loss_4,3.6242499351501465
7850,kl_loss_5,3.864137649536133
7850,kl_loss_6,3.601996421813965
7850,kl_loss_7,3.45100474357605
7850,kl_loss_8,3.601794958114624
7850,loss,720.2822265625
7900,recon_loss,362.59539794921875
7900,kl_loss,33.13054275512695
7900,kl_loss_0,3.633563756942749
7900,kl_loss_1,3.7084338665008545
7900,kl_loss_2,3.6409010887145996
7900,kl_loss_3,4.01324987411499
7900,kl_loss_4,3.6906158924102783
7900,kl_loss_5,3.8678171634674072
7900,kl_loss_6,3.603471279144287
7900,kl_loss_7,3.4056153297424316
7900,kl_loss_8,3.566871404647827
7900,loss,693.9008178710938
7950,recon_loss,378.5951843261719
7950,kl_loss,32.8879280090332
7950,kl_loss_0,3.633500576019287
7950,kl_loss_1,3.6396214962005615
7950,kl_loss_2,3.6009938716888428
7950,kl_loss_3,4.041745662689209
7950,kl_loss_4,3.626512050628662
7950,kl_loss_5,3.7684271335601807
7950,kl_loss_6,3.561739921569824
7950,kl_loss_7,3.4300246238708496
7950,kl_loss_8,3.585361957550049
7950,loss,707.4744873046875
8000,recon_loss,384.4870300292969
8000,kl_loss,32.926177978515625
8000,kl_loss_0,3.639568567276001
8000,kl_loss_1,3.641444683074951
8000,kl_loss_2,3.6191604137420654
8000,kl_loss_3,4.038121700286865
8000,kl_loss_4,3.643270492553711
8000,kl_loss_5,3.8714611530303955
8000,kl_loss_6,3.5199456214904785
8000,kl_loss_7,3.416991949081421
8000,kl_loss_8,3.536212205886841
8000,loss,713.748779296875
8050,recon_loss,357.68121337890625
8050,kl_loss,33.15034484863281
8050,kl_loss_0,3.651150703430176
8050,kl_loss_1,3.668394088745117
8050,kl_loss_2,3.6325316429138184
8050,kl_loss_3,4.024327278137207
8050,kl_loss_4,3.644862651824951
8050,kl_loss_5,3.8704497814178467
8050,kl_loss_6,3.5787668228149414
8050,kl_loss_7,3.475656509399414
8050,kl_loss_8,3.6042096614837646
8050,loss,689.1846923828125
8100,recon_loss,518.047607421875
8100,kl_loss,33.3170280456543
8100,kl_loss_0,3.684544086456299
8100,kl_loss_1,3.680373430252075
8100,kl_loss_2,3.661975622177124
8100,kl_loss_3,4.0575714111328125
8100,kl_loss_4,3.6402065753936768
8100,kl_loss_5,3.8623318672180176
8100,kl_loss_6,3.6063690185546875
8100,kl_loss_7,3.5088324546813965
8100,kl_loss_8,3.614821672439575
8100,loss,851.2178955078125
8150,recon_loss,330.884765625
8150,kl_loss,33.09174346923828
8150,kl_loss_0,3.615537643432617
8150,kl_loss_1,3.690688133239746
8150,kl_loss_2,3.6453309059143066
8150,kl_loss_3,4.015915393829346
8150,kl_loss_4,3.6417694091796875
8150,kl_loss_5,3.8520476818084717
8150,kl_loss_6,3.580482244491577
8150,kl_loss_7,3.463550329208374
8150,kl_loss_8,3.586422920227051
8150,loss,661.8021850585938
8200,recon_loss,338.9574279785156
8200,kl_loss,32.80303192138672
8200,kl_loss_0,3.5678467750549316
8200,kl_loss_1,3.629506826400757
8200,kl_loss_2,3.594377040863037
8200,kl_loss_3,3.992619037628174
8200,kl_loss_4,3.6462883949279785
8200,kl_loss_5,3.8236682415008545
8200,kl_loss_6,3.5740857124328613
8200,kl_loss_7,3.4377427101135254
8200,kl_loss_8,3.5368998050689697
8200,loss,666.98779296875
8250,recon_loss,367.3352355957031
8250,kl_loss,32.94971466064453
8250,kl_loss_0,3.643493890762329
8250,kl_loss_1,3.6508302688598633
8250,kl_loss_2,3.627523183822632
8250,kl_loss_3,3.996670722961426
8250,kl_loss_4,3.6379075050354004
8250,kl_loss_5,3.8132128715515137
8250,kl_loss_6,3.5458290576934814
8250,kl_loss_7,3.4595401287078857
8250,kl_loss_8,3.57470703125
8250,loss,696.8323974609375
8300,recon_loss,403.2449645996094
8300,kl_loss,32.888099670410156
8300,kl_loss_0,3.623323440551758
8300,kl_loss_1,3.655850887298584
8300,kl_loss_2,3.6336214542388916
8300,kl_loss_3,3.979336738586426
8300,kl_loss_4,3.680349826812744
8300,kl_loss_5,3.822307825088501
8300,kl_loss_6,3.5431106090545654
8300,kl_loss_7,3.4018161296844482
8300,kl_loss_8,3.5483856201171875
8300,loss,732.1259765625
8350,recon_loss,490.8557434082031
8350,kl_loss,32.63935089111328
8350,kl_loss_0,3.6161153316497803
8350,kl_loss_1,3.6113288402557373
8350,kl_loss_2,3.5908825397491455
8350,kl_loss_3,3.9327611923217773
8350,kl_loss_4,3.595174551010132
8350,kl_loss_5,3.830470561981201
8350,kl_loss_6,3.5197501182556152
8350,kl_loss_7,3.411477565765381
8350,kl_loss_8,3.531388282775879
8350,loss,817.249267578125
8400,recon_loss,414.3114318847656
8400,kl_loss,32.699520111083984
8400,kl_loss_0,3.6346280574798584
8400,kl_loss_1,3.629462480545044
8400,kl_loss_2,3.603149175643921
8400,kl_loss_3,3.9883246421813965
8400,kl_loss_4,3.605195999145508
8400,kl_loss_5,3.7686078548431396
8400,kl_loss_6,3.489138126373291
8400,kl_loss_7,3.4395689964294434
8400,kl_loss_8,3.541445016860962
8400,loss,741.306640625
8450,recon_loss,328.83856201171875
8450,kl_loss,32.62007522583008
8450,kl_loss_0,3.580183744430542
8450,kl_loss_1,3.6584742069244385
8450,kl_loss_2,3.576324462890625
8450,kl_loss_3,3.958563804626465
8450,kl_loss_4,3.572620153427124
8450,kl_loss_5,3.8000738620758057
8450,kl_loss_6,3.5148072242736816
8450,kl_loss_7,3.406038761138916
8450,kl_loss_8,3.552988290786743
8450,loss,655.039306640625
8500,recon_loss,457.50933837890625
8500,kl_loss,32.65373992919922
8500,kl_loss_0,3.6144399642944336
8500,kl_loss_1,3.581303119659424
8500,kl_loss_2,3.6203064918518066
8500,kl_loss_3,3.9636871814727783
8500,kl_loss_4,3.612058162689209
8500,kl_loss_5,3.7820708751678467
8500,kl_loss_6,3.5271739959716797
8500,kl_loss_7,3.4198148250579834
8500,kl_loss_8,3.532885789871216
8500,loss,784.0467529296875
8550,recon_loss,464.29852294921875
8550,kl_loss,32.68928146362305
8550,kl_loss_0,3.607105016708374
8550,kl_loss_1,3.597672700881958
8550,kl_loss_2,3.6189215183258057
8550,kl_loss_3,3.969583511352539
8550,kl_loss_4,3.5934767723083496
8550,kl_loss_5,3.7933826446533203
8550,kl_loss_6,3.5104258060455322
8550,kl_loss_7,3.4463884830474854
8550,kl_loss_8,3.552323341369629
8550,loss,791.1913452148438
8600,recon_loss,329.90399169921875
8600,kl_loss,32.84932327270508
8600,kl_loss_0,3.618455171585083
8600,kl_loss_1,3.6143441200256348
8600,kl_loss_2,3.6286261081695557
8600,kl_loss_3,4.0073561668396
8600,kl_loss_4,3.6121182441711426
8600,kl_loss_5,3.829247236251831
8600,kl_loss_6,3.5559747219085693
8600,kl_loss_7,3.4278135299682617
8600,kl_loss_8,3.5553901195526123
8600,loss,658.397216796875
8650,recon_loss,344.9678955078125
8650,kl_loss,32.63136672973633
8650,kl_loss_0,3.5828380584716797
8650,kl_loss_1,3.633134126663208
8650,kl_loss_2,3.577191114425659
8650,kl_loss_3,4.009294509887695
8650,kl_loss_4,3.511115074157715
8650,kl_loss_5,3.7944552898406982
8650,kl_loss_6,3.5221352577209473
8650,kl_loss_7,3.4250612258911133
8650,kl_loss_8,3.5761423110961914
8650,loss,671.2815551757812
8700,recon_loss,381.2842102050781
8700,kl_loss,32.78091812133789
8700,kl_loss_0,3.6054210662841797
8700,kl_loss_1,3.586883544921875
8700,kl_loss_2,3.6564295291900635
8700,kl_loss_3,4.003231048583984
8700,kl_loss_4,3.618849992752075
8700,kl_loss_5,3.759235143661499
8700,kl_loss_6,3.5897488594055176
8700,kl_loss_7,3.3936188220977783
8700,kl_loss_8,3.5675013065338135
8700,loss,709.0933837890625
8750,recon_loss,349.8609313964844
8750,kl_loss,32.68514633178711
8750,kl_loss_0,3.5576534271240234
8750,kl_loss_1,3.617022752761841
8750,kl_loss_2,3.56201171875
8750,kl_loss_3,3.969791889190674
8750,kl_loss_4,3.638854742050171
8750,kl_loss_5,3.833073377609253
8750,kl_loss_6,3.562467336654663
8750,kl_loss_7,3.400183916091919
8750,kl_loss_8,3.544088125228882
8750,loss,676.71240234375
8800,recon_loss,335.6210021972656
8800,kl_loss,32.44953536987305
8800,kl_loss_0,3.5678293704986572
8800,kl_loss_1,3.6054859161376953
8800,kl_loss_2,3.566422939300537
8800,kl_loss_3,3.9583215713500977
8800,kl_loss_4,3.5451509952545166
8800,kl_loss_5,3.7170746326446533
8800,kl_loss_6,3.522113084793091
8800,kl_loss_7,3.4399807453155518
8800,kl_loss_8,3.527156114578247
8800,loss,660.1163330078125
8850,recon_loss,516.255859375
8850,kl_loss,33.02161407470703
8850,kl_loss_0,3.5891659259796143
8850,kl_loss_1,3.694040536880493
8850,kl_loss_2,3.6498782634735107
8850,kl_loss_3,4.000370502471924
8850,kl_loss_4,3.6506097316741943
8850,kl_loss_5,3.797473669052124
8850,kl_loss_6,3.5762321949005127
8850,kl_loss_7,3.4621589183807373
8850,kl_loss_8,3.6016838550567627
8850,loss,846.4719848632812
8900,recon_loss,326.4178466796875
8900,kl_loss,32.41434097290039
8900,kl_loss_0,3.583217144012451
8900,kl_loss_1,3.561861515045166
8900,kl_loss_2,3.567906379699707
8900,kl_loss_3,3.9722607135772705
8900,kl_loss_4,3.534860849380493
8900,kl_loss_5,3.7459158897399902
8900,kl_loss_6,3.5465548038482666
8900,kl_loss_7,3.3774499893188477
8900,kl_loss_8,3.5243146419525146
8900,loss,650.561279296875
8950,recon_loss,307.6900939941406
8950,kl_loss,32.66371536254883
8950,kl_loss_0,3.5901293754577637
8950,kl_loss_1,3.6490888595581055
8950,kl_loss_2,3.560494899749756
8950,kl_loss_3,3.970961093902588
8950,kl_loss_4,3.6129860877990723
8950,kl_loss_5,3.8030266761779785
8950,kl_loss_6,3.540621757507324
8950,kl_loss_7,3.396627187728882
8950,kl_loss_8,3.5397815704345703
8950,loss,634.3272705078125
9000,recon_loss,352.0329284667969
9000,kl_loss,32.74800491333008
9000,kl_loss_0,3.629105567932129
9000,kl_loss_1,3.6040453910827637
9000,kl_loss_2,3.590909957885742
9000,kl_loss_3,3.9512579441070557
9000,kl_loss_4,3.6353702545166016
9000,kl_loss_5,3.7877564430236816
9000,kl_loss_6,3.553521156311035
9000,kl_loss_7,3.421137809753418
9000,kl_loss_8,3.574901819229126
9000,loss,679.512939453125
9050,recon_loss,313.5099792480469
9050,kl_loss,32.22518539428711
9050,kl_loss_0,3.5735692977905273
9050,kl_loss_1,3.5388379096984863
9050,kl_loss_2,3.5735204219818115
9050,kl_loss_3,3.9531891345977783
9050,kl_loss_4,3.4977526664733887
9050,kl_loss_5,3.7267792224884033
9050,kl_loss_6,3.49661922454834
9050,kl_loss_7,3.353313684463501
9050,kl_loss_8,3.511600971221924
9050,loss,635.7618408203125
9100,recon_loss,303.7088928222656
9100,kl_loss,32.7932014465332
9100,kl_loss_0,3.642460346221924
9100,kl_loss_1,3.6259405612945557
9100,kl_loss_2,3.6155288219451904
9100,kl_loss_3,3.9656436443328857
9100,kl_loss_4,3.632291316986084
9100,kl_loss_5,3.8135297298431396
9100,kl_loss_6,3.55863618850708
9100,kl_loss_7,3.3789985179901123
9100,kl_loss_8,3.560170888900757
9100,loss,631.640869140625
9150,recon_loss,310.0845947265625
9150,kl_loss,32.317344665527344
9150,kl_loss_0,3.573733329772949
9150,kl_loss_1,3.557462215423584
9150,kl_loss_2,3.561404228210449
9150,kl_loss_3,3.9100332260131836
9150,kl_loss_4,3.601764440536499
9150,kl_loss_5,3.749338388442993
9150,kl_loss_6,3.495807409286499
9150,kl_loss_7,3.367640972137451
9150,kl_loss_8,3.5001590251922607
9150,loss,633.258056640625
9200,recon_loss,405.8362121582031
9200,kl_loss,31.89897918701172
9200,kl_loss_0,3.51131534576416
9200,kl_loss_1,3.5046231746673584
9200,kl_loss_2,3.5289130210876465
9200,kl_loss_3,3.8698813915252686
9200,kl_loss_4,3.5223309993743896
9200,kl_loss_5,3.657435894012451
9200,kl_loss_6,3.4724361896514893
9200,kl_loss_7,3.372129440307617
9200,kl_loss_8,3.4599132537841797
9200,loss,724.8260498046875
9250,recon_loss,310.2159423828125
9250,kl_loss,32.50990295410156
9250,kl_loss_0,3.6058342456817627
9250,kl_loss_1,3.608459234237671
9250,kl_loss_2,3.5546789169311523
9250,kl_loss_3,3.9192981719970703
9250,kl_loss_4,3.570206642150879
9250,kl_loss_5,3.801811456680298
9250,kl_loss_6,3.506483793258667
9250,kl_loss_7,3.3883986473083496
9250,kl_loss_8,3.554734468460083
9250,loss,635.31494140625
9300,recon_loss,349.6685485839844
9300,kl_loss,31.910961151123047
9300,kl_loss_0,3.511129379272461
9300,kl_loss_1,3.5354108810424805
9300,kl_loss_2,3.5008668899536133
9300,kl_loss_3,3.874762535095215
9300,kl_loss_4,3.496366500854492
9300,kl_loss_5,3.7209255695343018
9300,kl_loss_6,3.4392404556274414
9300,kl_loss_7,3.3540947437286377
9300,kl_loss_8,3.4781625270843506
9300,loss,668.7781982421875
9350,recon_loss,316.9676818847656
9350,kl_loss,32.2890510559082
9350,kl_loss_0,3.5750861167907715
9350,kl_loss_1,3.589327335357666
9350,kl_loss_2,3.5401952266693115
9350,kl_loss_3,3.9140381813049316
9350,kl_loss_4,3.5693390369415283
9350,kl_loss_5,3.7513513565063477
9350,kl_loss_6,3.453319787979126
9350,kl_loss_7,3.363062858581543
9350,kl_loss_8,3.5333313941955566
9350,loss,639.858154296875
9400,recon_loss,354.0567932128906
9400,kl_loss,32.36595916748047
9400,kl_loss_0,3.5212860107421875
9400,kl_loss_1,3.6085665225982666
9400,kl_loss_2,3.565488338470459
9400,kl_loss_3,3.8874082565307617
9400,kl_loss_4,3.563911199569702
9400,kl_loss_5,3.788421869277954
9400,kl_loss_6,3.527696132659912
9400,kl_loss_7,3.3856189250946045
9400,kl_loss_8,3.517563819885254
9400,loss,677.7164306640625
9450,recon_loss,311.1576843261719
9450,kl_loss,31.983726501464844
9450,kl_loss_0,3.5430076122283936
9450,kl_loss_1,3.540191411972046
9450,kl_loss_2,3.5307626724243164
9450,kl_loss_3,3.881600856781006
9450,kl_loss_4,3.544620990753174
9450,kl_loss_5,3.6593310832977295
9450,kl_loss_6,3.4900293350219727
9450,kl_loss_7,3.298773765563965
9450,kl_loss_8,3.495408058166504
9450,loss,630.9949951171875
9500,recon_loss,630.3552856445312
9500,kl_loss,31.90277099609375
9500,kl_loss_0,3.5390496253967285
9500,kl_loss_1,3.530003070831299
9500,kl_loss_2,3.5529537200927734
9500,kl_loss_3,3.8579556941986084
9500,kl_loss_4,3.483499050140381
9500,kl_loss_5,3.6891040802001953
9500,kl_loss_6,3.4672412872314453
9500,kl_loss_7,3.299269437789917
9500,kl_loss_8,3.4836957454681396
9500,loss,949.3829956054688
9550,recon_loss,315.95379638671875
9550,kl_loss,31.97533416748047
9550,kl_loss_0,3.549838066101074
9550,kl_loss_1,3.535146713256836
9550,kl_loss_2,3.5091469287872314
9550,kl_loss_3,3.883042573928833
9550,kl_loss_4,3.4967803955078125
9550,kl_loss_5,3.7172844409942627
9550,kl_loss_6,3.4729251861572266
9550,kl_loss_7,3.3345835208892822
9550,kl_loss_8,3.4765868186950684
9550,loss,635.7071533203125
9600,recon_loss,295.0679016113281
9600,kl_loss,32.2628288269043
9600,kl_loss_0,3.5981497764587402
9600,kl_loss_1,3.585651159286499
9600,kl_loss_2,3.5537538528442383
9600,kl_loss_3,3.895577907562256
9600,kl_loss_4,3.5865848064422607
9600,kl_loss_5,3.7257091999053955
9600,kl_loss_6,3.4685142040252686
9600,kl_loss_7,3.3203084468841553
9600,kl_loss_8,3.528578996658325
9600,loss,617.6961669921875
9650,recon_loss,333.814453125
9650,kl_loss,32.392940521240234
9650,kl_loss_0,3.5733001232147217
9650,kl_loss_1,3.5628418922424316
9650,kl_loss_2,3.568943500518799
9650,kl_loss_3,3.9344663619995117
9650,kl_loss_4,3.5832552909851074
9650,kl_loss_5,3.73488187789917
9650,kl_loss_6,3.483933925628662
9650,kl_loss_7,3.3831048011779785
9650,kl_loss_8,3.568213701248169
9650,loss,657.743896484375
9700,recon_loss,417.89300537109375
9700,kl_loss,32.13988494873047
9700,kl_loss_0,3.534681797027588
9700,kl_loss_1,3.5538201332092285
9700,kl_loss_2,3.565819025039673
9700,kl_loss_3,3.8497772216796875
9700,kl_loss_4,3.5659406185150146
9700,kl_loss_5,3.6799721717834473
9700,kl_loss_6,3.5335657596588135
9700,kl_loss_7,3.3575780391693115
9700,kl_loss_8,3.498732805252075
9700,loss,739.2918701171875
9750,recon_loss,311.3250427246094
9750,kl_loss,32.10069274902344
9750,kl_loss_0,3.568061590194702
9750,kl_loss_1,3.5453708171844482
9750,kl_loss_2,3.5375030040740967
9750,kl_loss_3,3.9016711711883545
9750,kl_loss_4,3.5501585006713867
9750,kl_loss_5,3.739398241043091
9750,kl_loss_6,3.4257256984710693
9750,kl_loss_7,3.334637403488159
9750,kl_loss_8,3.498164653778076
9750,loss,632.3319702148438
9800,recon_loss,412.04730224609375
9800,kl_loss,31.789451599121094
9800,kl_loss_0,3.5484654903411865
9800,kl_loss_1,3.522690534591675
9800,kl_loss_2,3.4790594577789307
9800,kl_loss_3,3.8274118900299072
9800,kl_loss_4,3.5026166439056396
9800,kl_loss_5,3.670607805252075
9800,kl_loss_6,3.4499804973602295
9800,kl_loss_7,3.2988295555114746
9800,kl_loss_8,3.489788770675659
9800,loss,729.9418334960938
9850,recon_loss,359.2283935546875
9850,kl_loss,32.33648681640625
9850,kl_loss_0,3.582540273666382
9850,kl_loss_1,3.5757949352264404
9850,kl_loss_2,3.5675549507141113
9850,kl_loss_3,3.908449649810791
9850,kl_loss_4,3.5826523303985596
9850,kl_loss_5,3.764791250228882
9850,kl_loss_6,3.5109500885009766
9850,kl_loss_7,3.34260892868042
9850,kl_loss_8,3.5011425018310547
9850,loss,682.59326171875
9900,recon_loss,305.0319519042969
9900,kl_loss,32.408504486083984
9900,kl_loss_0,3.568758964538574
9900,kl_loss_1,3.568831205368042
9900,kl_loss_2,3.5593366622924805
9900,kl_loss_3,3.955317497253418
9900,kl_loss_4,3.5667724609375
9900,kl_loss_5,3.739922285079956
9900,kl_loss_6,3.501190185546875
9900,kl_loss_7,3.403369426727295
9900,kl_loss_8,3.5450077056884766
9900,loss,629.1170043945312
9950,recon_loss,346.47149658203125
9950,kl_loss,31.880523681640625
9950,kl_loss_0,3.527129888534546
9950,kl_loss_1,3.5197036266326904
9950,kl_loss_2,3.5195889472961426
9950,kl_loss_3,3.8135428428649902
9950,kl_loss_4,3.516829013824463
9950,kl_loss_5,3.715045213699341
9950,kl_loss_6,3.4798223972320557
9950,kl_loss_7,3.3285744190216064
9950,kl_loss_8,3.4602854251861572
9950,loss,665.2767333984375
