Epoch,Loss,Value
0,recon_loss,558613.875
0,kl_loss,3.266719102859497
0,kl_loss_0,0.38549378514289856
0,kl_loss_1,0.3186492621898651
0,kl_loss_2,0.34133395552635193
0,kl_loss_3,0.6499374508857727
0,kl_loss_4,0.2810654044151306
0,kl_loss_5,0.10815276950597763
0,kl_loss_6,0.16653190553188324
0,kl_loss_7,0.16551679372787476
0,kl_loss_8,0.850037693977356
0,loss,1484207.625
50,recon_loss,223960.921875
50,kl_loss,107.73896789550781
50,kl_loss_0,3.9185564517974854
50,kl_loss_1,3.408158779144287
50,kl_loss_2,3.210045099258423
50,kl_loss_3,3.002885103225708
50,kl_loss_4,25.011709213256836
50,kl_loss_5,43.13844680786133
50,kl_loss_6,6.054294586181641
50,kl_loss_7,3.2927680015563965
50,kl_loss_8,16.702102661132812
50,loss,224676.859375
100,recon_loss,94487.4375
100,kl_loss,113.39137268066406
100,kl_loss_0,4.227327346801758
100,kl_loss_1,3.7068161964416504
100,kl_loss_2,3.3559789657592773
100,kl_loss_3,3.1474359035491943
100,kl_loss_4,25.658546447753906
100,kl_loss_5,45.79637145996094
100,kl_loss_6,6.293911933898926
100,kl_loss_7,3.5072500705718994
100,kl_loss_8,17.69773292541504
100,loss,95141.4609375
150,recon_loss,80478.3359375
150,kl_loss,106.66374206542969
150,kl_loss_0,4.003479957580566
150,kl_loss_1,3.7354300022125244
150,kl_loss_2,3.269724130630493
150,kl_loss_3,3.1248443126678467
150,kl_loss_4,23.816747665405273
150,kl_loss_5,42.871402740478516
150,kl_loss_6,6.028741359710693
150,kl_loss_7,3.435872793197632
150,kl_loss_8,16.377504348754883
150,loss,81586.8984375
200,recon_loss,76197.6484375
200,kl_loss,98.94937133789062
200,kl_loss_0,3.7352020740509033
200,kl_loss_1,3.659104585647583
200,kl_loss_2,3.1514382362365723
200,kl_loss_3,3.0871331691741943
200,kl_loss_4,21.822725296020508
200,kl_loss_5,39.234676361083984
200,kl_loss_6,5.789109706878662
200,kl_loss_7,3.3814051151275635
200,kl_loss_8,15.088569641113281
200,loss,77011.40625
250,recon_loss,73778.890625
250,kl_loss,91.90298461914062
250,kl_loss_0,3.491971492767334
250,kl_loss_1,3.5505635738372803
250,kl_loss_2,3.093733549118042
250,kl_loss_3,3.060263156890869
250,kl_loss_4,20.069637298583984
250,kl_loss_5,35.80241775512695
250,kl_loss_6,5.5053887367248535
250,kl_loss_7,3.3863892555236816
250,kl_loss_8,13.942622184753418
250,loss,75004.359375
300,recon_loss,72544.546875
300,kl_loss,84.16839599609375
300,kl_loss_0,3.2913787364959717
300,kl_loss_1,3.432288885116577
300,kl_loss_2,2.980903387069702
300,kl_loss_3,2.9985969066619873
300,kl_loss_4,17.897302627563477
300,kl_loss_5,32.37925338745117
300,kl_loss_6,5.169398307800293
300,kl_loss_7,3.286644220352173
300,kl_loss_8,12.732626914978027
300,loss,72953.1171875
350,recon_loss,71647.7578125
350,kl_loss,81.56963348388672
350,kl_loss_0,3.3064069747924805
350,kl_loss_1,3.450378656387329
350,kl_loss_2,2.991098642349243
350,kl_loss_3,3.057788610458374
350,kl_loss_4,17.16156578063965
350,kl_loss_5,31.01922035217285
350,kl_loss_6,5.137551307678223
350,kl_loss_7,3.3021090030670166
350,kl_loss_8,12.143515586853027
350,loss,72107.3828125
400,recon_loss,70435.53125
400,kl_loss,79.51942443847656
400,kl_loss_0,3.3380424976348877
400,kl_loss_1,3.519176721572876
400,kl_loss_2,2.992372989654541
400,kl_loss_3,3.1234631538391113
400,kl_loss_4,16.561016082763672
400,kl_loss_5,29.850605010986328
400,kl_loss_6,5.069244861602783
400,kl_loss_7,3.386800527572632
400,kl_loss_8,11.678702354431152
400,loss,70823.1953125
450,recon_loss,66423.7421875
450,kl_loss,83.6859130859375
450,kl_loss_0,3.532409429550171
450,kl_loss_1,3.694291114807129
450,kl_loss_2,3.1726884841918945
450,kl_loss_3,3.3923728466033936
450,kl_loss_4,18.041183471679688
450,kl_loss_5,31.245948791503906
450,kl_loss_6,5.004205226898193
450,kl_loss_7,3.648110866546631
450,kl_loss_8,11.954704284667969
450,loss,68881.671875
500,recon_loss,52922.24609375
500,kl_loss,86.47053527832031
500,kl_loss_0,4.068576812744141
500,kl_loss_1,3.864792823791504
500,kl_loss_2,3.294642925262451
500,kl_loss_3,3.5721993446350098
500,kl_loss_4,17.33489418029785
500,kl_loss_5,33.74568176269531
500,kl_loss_6,5.050297260284424
500,kl_loss_7,3.690560817718506
500,kl_loss_8,11.848891258239746
500,loss,53562.9140625
550,recon_loss,39898.56640625
550,kl_loss,88.36933898925781
550,kl_loss_0,4.587275505065918
550,kl_loss_1,3.7201273441314697
550,kl_loss_2,3.388277530670166
550,kl_loss_3,3.7622148990631104
550,kl_loss_4,18.15679931640625
550,kl_loss_5,33.8494987487793
550,kl_loss_6,4.828135967254639
550,kl_loss_7,3.687443256378174
550,kl_loss_8,12.389568328857422
550,loss,40852.08203125
600,recon_loss,26109.53515625
600,kl_loss,97.05915069580078
600,kl_loss_0,5.476302623748779
600,kl_loss_1,3.7204349040985107
600,kl_loss_2,3.5079946517944336
600,kl_loss_3,3.8356826305389404
600,kl_loss_4,19.814891815185547
600,kl_loss_5,38.49323272705078
600,kl_loss_6,4.803589344024658
600,kl_loss_7,3.722707509994507
600,kl_loss_8,13.684313774108887
600,loss,26845.416015625
650,recon_loss,21766.849609375
650,kl_loss,80.50899505615234
650,kl_loss_0,4.929027557373047
650,kl_loss_1,3.2642626762390137
650,kl_loss_2,3.08512020111084
650,kl_loss_3,3.3926281929016113
650,kl_loss_4,16.156835556030273
650,kl_loss_5,30.52674102783203
650,kl_loss_6,4.230435371398926
650,kl_loss_7,3.4465057849884033
650,kl_loss_8,11.477438926696777
650,loss,24110.6796875
700,recon_loss,13887.34765625
700,kl_loss,97.02806091308594
700,kl_loss_0,5.807531356811523
700,kl_loss_1,3.6305770874023438
700,kl_loss_2,3.5105481147766113
700,kl_loss_3,3.8550021648406982
700,kl_loss_4,19.777803421020508
700,kl_loss_5,37.651580810546875
700,kl_loss_6,4.678271293640137
700,kl_loss_7,3.9560461044311523
700,kl_loss_8,14.16070556640625
700,loss,14399.154296875
750,recon_loss,11698.3935546875
750,kl_loss,101.24759674072266
750,kl_loss_0,5.998658657073975
750,kl_loss_1,3.798707962036133
750,kl_loss_2,3.69327974319458
750,kl_loss_3,4.0248236656188965
750,kl_loss_4,20.587749481201172
750,kl_loss_5,39.40641403198242
750,kl_loss_6,4.890758514404297
750,kl_loss_7,4.18549108505249
750,kl_loss_8,14.66171646118164
750,loss,12183.1240234375
800,recon_loss,10465.47265625
800,kl_loss,97.8687515258789
800,kl_loss_0,5.810202598571777
800,kl_loss_1,3.771237373352051
800,kl_loss_2,3.6291940212249756
800,kl_loss_3,3.92911958694458
800,kl_loss_4,19.75828742980957
800,kl_loss_5,38.020999908447266
800,kl_loss_6,4.826025485992432
800,kl_loss_7,4.08021354675293
800,kl_loss_8,14.043465614318848
800,loss,10970.68359375
850,recon_loss,8942.3134765625
850,kl_loss,102.3622055053711
850,kl_loss_0,6.1938347816467285
850,kl_loss_1,3.9390933513641357
850,kl_loss_2,3.813739061355591
850,kl_loss_3,4.087316513061523
850,kl_loss_4,20.622119903564453
850,kl_loss_5,39.52390670776367
850,kl_loss_6,5.014643669128418
850,kl_loss_7,4.332505702972412
850,kl_loss_8,14.835051536560059
850,loss,9427.4990234375
900,recon_loss,12435.048828125
900,kl_loss,98.59703826904297
900,kl_loss_0,6.4955153465271
900,kl_loss_1,3.8506336212158203
900,kl_loss_2,3.807180166244507
900,kl_loss_3,4.023324966430664
900,kl_loss_4,19.43672752380371
900,kl_loss_5,37.8087272644043
900,kl_loss_6,4.832280158996582
900,kl_loss_7,4.275071620941162
900,kl_loss_8,14.067578315734863
900,loss,13371.6376953125
950,recon_loss,7343.630859375
950,kl_loss,98.92894744873047
950,kl_loss_0,6.121466636657715
950,kl_loss_1,3.891885995864868
950,kl_loss_2,3.7523064613342285
950,kl_loss_3,3.975383996963501
950,kl_loss_4,19.548324584960938
950,kl_loss_5,38.09268569946289
950,kl_loss_6,4.878182888031006
950,kl_loss_7,4.2270708084106445
950,kl_loss_8,14.441640853881836
950,loss,7865.07763671875
1000,recon_loss,6616.47021484375
1000,kl_loss,100.93696594238281
1000,kl_loss_0,6.331640720367432
1000,kl_loss_1,4.057846546173096
1000,kl_loss_2,3.8929784297943115
1000,kl_loss_3,4.106432914733887
1000,kl_loss_4,19.7562313079834
1000,kl_loss_5,38.567832946777344
1000,kl_loss_6,5.018338203430176
1000,kl_loss_7,4.375732421875
1000,kl_loss_8,14.829931259155273
1000,loss,7089.677734375
1050,recon_loss,6310.06640625
1050,kl_loss,95.50996398925781
1050,kl_loss_0,5.959901809692383
1050,kl_loss_1,3.9065499305725098
1050,kl_loss_2,3.7803540229797363
1050,kl_loss_3,3.9806079864501953
1050,kl_loss_4,18.601900100708008
1050,kl_loss_5,36.427913665771484
1050,kl_loss_6,4.784662246704102
1050,kl_loss_7,4.187067985534668
1050,kl_loss_8,13.881017684936523
1050,loss,6789.5869140625
1100,recon_loss,5437.92578125
1100,kl_loss,99.50900268554688
1100,kl_loss_0,6.29387092590332
1100,kl_loss_1,4.107236862182617
1100,kl_loss_2,3.954655647277832
1100,kl_loss_3,4.169590950012207
1100,kl_loss_4,19.31328582763672
1100,kl_loss_5,37.669795989990234
1100,kl_loss_6,4.988452911376953
1100,kl_loss_7,4.399416923522949
1100,kl_loss_8,14.612707138061523
1100,loss,5890.58154296875
1150,recon_loss,5341.76171875
1150,kl_loss,98.90923309326172
1150,kl_loss_0,6.247931957244873
1150,kl_loss_1,4.162445545196533
1150,kl_loss_2,3.9927306175231934
1150,kl_loss_3,4.209478378295898
1150,kl_loss_4,18.828746795654297
1150,kl_loss_5,37.40611267089844
1150,kl_loss_6,4.916749000549316
1150,kl_loss_7,4.365699768066406
1150,kl_loss_8,14.779341697692871
1150,loss,5922.07568359375
1200,recon_loss,4287.79833984375
1200,kl_loss,98.12734985351562
1200,kl_loss_0,6.187161445617676
1200,kl_loss_1,4.196108341217041
1200,kl_loss_2,4.045179843902588
1200,kl_loss_3,4.2394490242004395
1200,kl_loss_4,18.70243263244629
1200,kl_loss_5,36.97071075439453
1200,kl_loss_6,4.957651615142822
1200,kl_loss_7,4.393284797668457
1200,kl_loss_8,14.435371398925781
1200,loss,4718.45849609375
1250,recon_loss,3987.39306640625
1250,kl_loss,95.46339416503906
1250,kl_loss_0,6.093073844909668
1250,kl_loss_1,4.141651630401611
1250,kl_loss_2,4.027556896209717
1250,kl_loss_3,4.221808910369873
1250,kl_loss_4,18.0369815826416
1250,kl_loss_5,35.710567474365234
1250,kl_loss_6,4.955358028411865
1250,kl_loss_7,4.386893272399902
1250,kl_loss_8,13.889496803283691
1250,loss,4413.54052734375
1300,recon_loss,4057.497802734375
1300,kl_loss,92.69086456298828
1300,kl_loss_0,6.029630661010742
1300,kl_loss_1,4.151119709014893
1300,kl_loss_2,4.038352966308594
1300,kl_loss_3,4.202298164367676
1300,kl_loss_4,17.352102279663086
1300,kl_loss_5,34.10562515258789
1300,kl_loss_6,4.9105658531188965
1300,kl_loss_7,4.374766826629639
1300,kl_loss_8,13.52640151977539
1300,loss,4675.7998046875
1350,recon_loss,3262.6982421875
1350,kl_loss,94.55799102783203
1350,kl_loss_0,6.074939727783203
1350,kl_loss_1,4.248053550720215
1350,kl_loss_2,4.131795883178711
1350,kl_loss_3,4.3007917404174805
1350,kl_loss_4,17.677722930908203
1350,kl_loss_5,34.82875442504883
1350,kl_loss_6,5.007394790649414
1350,kl_loss_7,4.450383186340332
1350,kl_loss_8,13.838155746459961
1350,loss,3681.44384765625
1400,recon_loss,3239.920654296875
1400,kl_loss,91.45402526855469
1400,kl_loss_0,6.0180158615112305
1400,kl_loss_1,4.173202037811279
1400,kl_loss_2,4.0995988845825195
1400,kl_loss_3,4.240609645843506
1400,kl_loss_4,16.875947952270508
1400,kl_loss_5,33.42379379272461
1400,kl_loss_6,4.918487548828125
1400,kl_loss_7,4.375135898590088
1400,kl_loss_8,13.329228401184082
1400,loss,3644.770751953125
1450,recon_loss,2956.177734375
1450,kl_loss,90.29332733154297
1450,kl_loss_0,5.897392749786377
1450,kl_loss_1,4.231878280639648
1450,kl_loss_2,4.12135124206543
1450,kl_loss_3,4.258322715759277
1450,kl_loss_4,16.729707717895508
1450,kl_loss_5,32.56747055053711
1450,kl_loss_6,4.896427631378174
1450,kl_loss_7,4.388045310974121
1450,kl_loss_8,13.20273208618164
1450,loss,3365.09521484375
1500,recon_loss,2865.024658203125
1500,kl_loss,90.03267669677734
1500,kl_loss_0,5.939036846160889
1500,kl_loss_1,4.262075424194336
1500,kl_loss_2,4.180873870849609
1500,kl_loss_3,4.311488628387451
1500,kl_loss_4,16.487730026245117
1500,kl_loss_5,32.412757873535156
1500,kl_loss_6,4.967255592346191
1500,kl_loss_7,4.431074619293213
1500,kl_loss_8,13.040384292602539
1500,loss,3252.388671875
1550,recon_loss,2870.8115234375
1550,kl_loss,88.56732940673828
1550,kl_loss_0,5.8524980545043945
1550,kl_loss_1,4.246656894683838
1550,kl_loss_2,4.173117160797119
1550,kl_loss_3,4.322239398956299
1550,kl_loss_4,16.17194366455078
1550,kl_loss_5,31.661596298217773
1550,kl_loss_6,4.9322357177734375
1550,kl_loss_7,4.4219465255737305
1550,kl_loss_8,12.785099983215332
1550,loss,3344.1103515625
1600,recon_loss,2400.904296875
1600,kl_loss,88.11088562011719
1600,kl_loss_0,5.906085968017578
1600,kl_loss_1,4.312776565551758
1600,kl_loss_2,4.2138352394104
1600,kl_loss_3,4.364354610443115
1600,kl_loss_4,16.032026290893555
1600,kl_loss_5,31.200946807861328
1600,kl_loss_6,4.948329448699951
1600,kl_loss_7,4.471141338348389
1600,kl_loss_8,12.661399841308594
1600,loss,2770.51806640625
1650,recon_loss,5682.48291015625
1650,kl_loss,59.99409103393555
1650,kl_loss_0,4.175088882446289
1650,kl_loss_1,3.174700975418091
1650,kl_loss_2,3.029087781906128
1650,kl_loss_3,3.2553205490112305
1650,kl_loss_4,10.452219009399414
1650,kl_loss_5,21.09530258178711
1650,kl_loss_6,3.3699915409088135
1650,kl_loss_7,3.1453142166137695
1650,kl_loss_8,8.297063827514648
1650,loss,6175.837890625
1700,recon_loss,2482.0283203125
1700,kl_loss,84.29194641113281
1700,kl_loss_0,5.7507243156433105
1700,kl_loss_1,4.173905372619629
1700,kl_loss_2,4.106382846832275
1700,kl_loss_3,4.30588436126709
1700,kl_loss_4,14.937053680419922
1700,kl_loss_5,29.994007110595703
1700,kl_loss_6,4.658321380615234
1700,kl_loss_7,4.287585258483887
1700,kl_loss_8,12.07809066772461
1700,loss,2853.80078125
1750,recon_loss,2235.281005859375
1750,kl_loss,85.21805572509766
1750,kl_loss_0,5.806930065155029
1750,kl_loss_1,4.270157814025879
1750,kl_loss_2,4.217030048370361
1750,kl_loss_3,4.391505718231201
1750,kl_loss_4,15.045185089111328
1750,kl_loss_5,30.035566329956055
1750,kl_loss_6,4.7832560539245605
1750,kl_loss_7,4.396811008453369
1750,kl_loss_8,12.271615028381348
1750,loss,2596.644775390625
1800,recon_loss,2119.409423828125
1800,kl_loss,84.88697814941406
1800,kl_loss_0,5.81578254699707
1800,kl_loss_1,4.318249702453613
1800,kl_loss_2,4.254707336425781
1800,kl_loss_3,4.4301958084106445
1800,kl_loss_4,14.961170196533203
1800,kl_loss_5,29.625303268432617
1800,kl_loss_6,4.828708648681641
1800,kl_loss_7,4.431978225708008
1800,kl_loss_8,12.220890998840332
1800,loss,2473.762939453125
1850,recon_loss,2006.1748046875
1850,kl_loss,84.44666290283203
1850,kl_loss_0,5.816064357757568
1850,kl_loss_1,4.344961166381836
1850,kl_loss_2,4.287052154541016
1850,kl_loss_3,4.460348129272461
1850,kl_loss_4,14.783760070800781
1850,kl_loss_5,29.305837631225586
1850,kl_loss_6,4.86941385269165
1850,kl_loss_7,4.455160617828369
1850,kl_loss_8,12.12405776977539
1850,loss,2356.791015625
1900,recon_loss,1939.76123046875
1900,kl_loss,83.30488586425781
1900,kl_loss_0,5.769337177276611
1900,kl_loss_1,4.3554229736328125
1900,kl_loss_2,4.294467926025391
1900,kl_loss_3,4.459906101226807
1900,kl_loss_4,14.510581016540527
1900,kl_loss_5,28.602685928344727
1900,kl_loss_6,4.875418663024902
1900,kl_loss_7,4.457788944244385
1900,kl_loss_8,11.979279518127441
1900,loss,2285.66748046875
1950,recon_loss,2572.695556640625
1950,kl_loss,82.23776245117188
1950,kl_loss_0,5.718122959136963
1950,kl_loss_1,4.37033224105835
1950,kl_loss_2,4.303369998931885
1950,kl_loss_3,4.457946300506592
1950,kl_loss_4,14.303461074829102
1950,kl_loss_5,28.035768508911133
1950,kl_loss_6,4.86080265045166
1950,kl_loss_7,4.447749137878418
1950,kl_loss_8,11.740213394165039
1950,loss,2918.01025390625
2000,recon_loss,1810.7412109375
2000,kl_loss,81.6143798828125
2000,kl_loss_0,5.724869251251221
2000,kl_loss_1,4.390021800994873
2000,kl_loss_2,4.325689792633057
2000,kl_loss_3,4.472407817840576
2000,kl_loss_4,14.113578796386719
2000,kl_loss_5,27.542932510375977
2000,kl_loss_6,4.888713836669922
2000,kl_loss_7,4.467407703399658
2000,kl_loss_8,11.688756942749023
2000,loss,2152.001953125
2050,recon_loss,1720.1256103515625
2050,kl_loss,79.14042663574219
2050,kl_loss_0,5.5963358879089355
2050,kl_loss_1,4.349002838134766
2050,kl_loss_2,4.286299705505371
2050,kl_loss_3,4.426512718200684
2050,kl_loss_4,13.592033386230469
2050,kl_loss_5,26.316791534423828
2050,kl_loss_6,4.822632789611816
2050,kl_loss_7,4.424450874328613
2050,kl_loss_8,11.326358795166016
2050,loss,2047.28466796875
2100,recon_loss,1686.5567626953125
2100,kl_loss,78.0955810546875
2100,kl_loss_0,5.575722694396973
2100,kl_loss_1,4.353417873382568
2100,kl_loss_2,4.287287712097168
2100,kl_loss_3,4.419644355773926
2100,kl_loss_4,13.340681076049805
2100,kl_loss_5,25.74267578125
2100,kl_loss_6,4.829822063446045
2100,kl_loss_7,4.421456336975098
2100,kl_loss_8,11.124881744384766
2100,loss,2021.17041015625
2150,recon_loss,1653.44677734375
2150,kl_loss,78.03099060058594
2150,kl_loss_0,5.579296112060547
2150,kl_loss_1,4.387539386749268
2150,kl_loss_2,4.322816371917725
2150,kl_loss_3,4.456740856170654
2150,kl_loss_4,13.299844741821289
2150,kl_loss_5,25.577003479003906
2150,kl_loss_6,4.873286724090576
2150,kl_loss_7,4.447125434875488
2150,kl_loss_8,11.087335586547852
2150,loss,1991.27880859375
2200,recon_loss,1768.2841796875
2200,kl_loss,76.29895782470703
2200,kl_loss_0,5.50946044921875
2200,kl_loss_1,4.364121437072754
2200,kl_loss_2,4.294224739074707
2200,kl_loss_3,4.424586772918701
2200,kl_loss_4,12.919946670532227
2200,kl_loss_5,24.753740310668945
2200,kl_loss_6,4.822686672210693
2200,kl_loss_7,4.414076328277588
2200,kl_loss_8,10.796114921569824
2200,loss,2087.37109375
2250,recon_loss,1507.1622314453125
2250,kl_loss,77.06770324707031
2250,kl_loss_0,5.578919887542725
2250,kl_loss_1,4.433788299560547
2250,kl_loss_2,4.360238552093506
2250,kl_loss_3,4.495378494262695
2250,kl_loss_4,13.025176048278809
2250,kl_loss_5,24.84174156188965
2250,kl_loss_6,4.8994293212890625
2250,kl_loss_7,4.479965686798096
2250,kl_loss_8,10.953064918518066
2250,loss,1828.302490234375
2300,recon_loss,1614.2340087890625
2300,kl_loss,75.49561309814453
2300,kl_loss_0,5.509531021118164
2300,kl_loss_1,4.4074015617370605
2300,kl_loss_2,4.3375701904296875
2300,kl_loss_3,4.469846725463867
2300,kl_loss_4,12.690752029418945
2300,kl_loss_5,24.066722869873047
2300,kl_loss_6,4.85704231262207
2300,kl_loss_7,4.4554667472839355
2300,kl_loss_8,10.701284408569336
2300,loss,1929.119140625
2350,recon_loss,1739.7933349609375
2350,kl_loss,70.05239868164062
2350,kl_loss_0,5.177888870239258
2350,kl_loss_1,4.2268218994140625
2350,kl_loss_2,4.167410373687744
2350,kl_loss_3,4.274920463562012
2350,kl_loss_4,11.808327674865723
2350,kl_loss_5,21.656265258789062
2350,kl_loss_6,4.635809421539307
2350,kl_loss_7,4.268133163452148
2350,kl_loss_8,9.836823463439941
2350,loss,2051.35888671875
2400,recon_loss,1389.825927734375
2400,kl_loss,74.91156768798828
2400,kl_loss_0,5.499105930328369
2400,kl_loss_1,4.437258243560791
2400,kl_loss_2,4.385995864868164
2400,kl_loss_3,4.481476306915283
2400,kl_loss_4,12.566320419311523
2400,kl_loss_5,23.565536499023438
2400,kl_loss_6,4.8859333992004395
2400,kl_loss_7,4.486720561981201
2400,kl_loss_8,10.603227615356445
2400,loss,1695.543212890625
2450,recon_loss,1377.5701904296875
2450,kl_loss,74.0833740234375
2450,kl_loss_0,5.476869106292725
2450,kl_loss_1,4.4339165687561035
2450,kl_loss_2,4.389594554901123
2450,kl_loss_3,4.481323719024658
2450,kl_loss_4,12.376399040222168
2450,kl_loss_5,23.089609146118164
2450,kl_loss_6,4.881321430206299
2450,kl_loss_7,4.470637321472168
2450,kl_loss_8,10.4837064743042
2450,loss,1688.0059814453125
2500,recon_loss,1331.56298828125
2500,kl_loss,73.05963134765625
2500,kl_loss_0,5.447875499725342
2500,kl_loss_1,4.4233622550964355
2500,kl_loss_2,4.382510662078857
2500,kl_loss_3,4.4852800369262695
2500,kl_loss_4,12.106496810913086
2500,kl_loss_5,22.61231231689453
2500,kl_loss_6,4.859705924987793
2500,kl_loss_7,4.4566240310668945
2500,kl_loss_8,10.285465240478516
2500,loss,1650.943603515625
2550,recon_loss,1586.108642578125
2550,kl_loss,73.02218627929688
2550,kl_loss_0,5.442851543426514
2550,kl_loss_1,4.461219310760498
2550,kl_loss_2,4.416354656219482
2550,kl_loss_3,4.509073734283447
2550,kl_loss_4,12.124858856201172
2550,kl_loss_5,22.417078018188477
2550,kl_loss_6,4.877058506011963
2550,kl_loss_7,4.483159065246582
2550,kl_loss_8,10.290532112121582
2550,loss,1897.272705078125
2600,recon_loss,1689.3037109375
2600,kl_loss,69.43714141845703
2600,kl_loss_0,5.2270894050598145
2600,kl_loss_1,4.33709716796875
2600,kl_loss_2,4.311432838439941
2600,kl_loss_3,4.390771865844727
2600,kl_loss_4,11.415945053100586
2600,kl_loss_5,20.97478485107422
2600,kl_loss_6,4.7103776931762695
2600,kl_loss_7,4.379590034484863
2600,kl_loss_8,9.690045356750488
2600,loss,1999.6131591796875
2650,recon_loss,1233.774169921875
2650,kl_loss,71.35665893554688
2650,kl_loss_0,5.406452178955078
2650,kl_loss_1,4.443948268890381
2650,kl_loss_2,4.416885852813721
2650,kl_loss_3,4.501588344573975
2650,kl_loss_4,11.704297065734863
2650,kl_loss_5,21.583229064941406
2650,kl_loss_6,4.851140022277832
2650,kl_loss_7,4.46855354309082
2650,kl_loss_8,9.980568885803223
2650,loss,1625.067626953125
2700,recon_loss,1238.9393310546875
2700,kl_loss,70.9795150756836
2700,kl_loss_0,5.404291152954102
2700,kl_loss_1,4.4597673416137695
2700,kl_loss_2,4.442173957824707
2700,kl_loss_3,4.5079498291015625
2700,kl_loss_4,11.599323272705078
2700,kl_loss_5,21.352031707763672
2700,kl_loss_6,4.865962982177734
2700,kl_loss_7,4.483470439910889
2700,kl_loss_8,9.864542961120605
2700,loss,1529.4417724609375
2750,recon_loss,1597.9373779296875
2750,kl_loss,64.94107818603516
2750,kl_loss_0,5.059423446655273
2750,kl_loss_1,4.134223937988281
2750,kl_loss_2,4.11235237121582
2750,kl_loss_3,4.165785312652588
2750,kl_loss_4,10.652673721313477
2750,kl_loss_5,19.30295753479004
2750,kl_loss_6,4.4688591957092285
2750,kl_loss_7,4.153069496154785
2750,kl_loss_8,8.891731262207031
2750,loss,1992.09619140625
2800,recon_loss,1176.3258056640625
2800,kl_loss,69.65367126464844
2800,kl_loss_0,5.3372483253479
2800,kl_loss_1,4.407210826873779
2800,kl_loss_2,4.388185501098633
2800,kl_loss_3,4.455856800079346
2800,kl_loss_4,11.408485412597656
2800,kl_loss_5,20.746362686157227
2800,kl_loss_6,4.794513702392578
2800,kl_loss_7,4.429029941558838
2800,kl_loss_8,9.686771392822266
2800,loss,1462.029541015625
2850,recon_loss,1146.6717529296875
2850,kl_loss,70.02552032470703
2850,kl_loss_0,5.392385959625244
2850,kl_loss_1,4.464560031890869
2850,kl_loss_2,4.450686454772949
2850,kl_loss_3,4.518789291381836
2850,kl_loss_4,11.43427848815918
2850,kl_loss_5,20.718461990356445
2850,kl_loss_6,4.867380142211914
2850,kl_loss_7,4.493801593780518
2850,kl_loss_8,9.685173988342285
2850,loss,1450.6273193359375
2900,recon_loss,1103.62353515625
2900,kl_loss,69.9837417602539
2900,kl_loss_0,5.399355888366699
2900,kl_loss_1,4.498787879943848
2900,kl_loss_2,4.485073089599609
2900,kl_loss_3,4.550315856933594
2900,kl_loss_4,11.379652976989746
2900,kl_loss_5,20.578689575195312
2900,kl_loss_6,4.881899356842041
2900,kl_loss_7,4.520594596862793
2900,kl_loss_8,9.689377784729004
2900,loss,1390.48095703125
2950,recon_loss,1088.9327392578125
2950,kl_loss,69.17263793945312
2950,kl_loss_0,5.3769049644470215
2950,kl_loss_1,4.496915340423584
2950,kl_loss_2,4.479132175445557
2950,kl_loss_3,4.540740489959717
2950,kl_loss_4,11.199223518371582
2950,kl_loss_5,20.11658477783203
2950,kl_loss_6,4.866302967071533
2950,kl_loss_7,4.513914108276367
2950,kl_loss_8,9.582917213439941
2950,loss,1382.020751953125
3000,recon_loss,1120.67041015625
3000,kl_loss,67.41670989990234
3000,kl_loss_0,5.318721294403076
3000,kl_loss_1,4.4391560554504395
3000,kl_loss_2,4.433425426483154
3000,kl_loss_3,4.482547760009766
3000,kl_loss_4,10.779130935668945
3000,kl_loss_5,19.37782096862793
3000,kl_loss_6,4.812586784362793
3000,kl_loss_7,4.472631931304932
3000,kl_loss_8,9.30068588256836
3000,loss,1402.5423583984375
3050,recon_loss,1120.7109375
3050,kl_loss,67.66983032226562
3050,kl_loss_0,5.348949432373047
3050,kl_loss_1,4.490412712097168
3050,kl_loss_2,4.477427005767822
3050,kl_loss_3,4.534118175506592
3050,kl_loss_4,10.865913391113281
3050,kl_loss_5,19.343103408813477
3050,kl_loss_6,4.845132827758789
3050,kl_loss_7,4.511256694793701
3050,kl_loss_8,9.253522872924805
3050,loss,1397.660888671875
3100,recon_loss,1183.928466796875
3100,kl_loss,66.55715942382812
3100,kl_loss_0,5.2705397605896
3100,kl_loss_1,4.462118148803711
3100,kl_loss_2,4.446494102478027
3100,kl_loss_3,4.500982761383057
3100,kl_loss_4,10.65519905090332
3100,kl_loss_5,18.788150787353516
3100,kl_loss_6,4.7902655601501465
3100,kl_loss_7,4.486663341522217
3100,kl_loss_8,9.156752586364746
3100,loss,1489.1722412109375
3150,recon_loss,1164.2337646484375
3150,kl_loss,64.1089859008789
3150,kl_loss_0,5.1348748207092285
3150,kl_loss_1,4.348622798919678
3150,kl_loss_2,4.349970817565918
3150,kl_loss_3,4.407792568206787
3150,kl_loss_4,10.174169540405273
3150,kl_loss_5,17.887269973754883
3150,kl_loss_6,4.677215099334717
3150,kl_loss_7,4.377702236175537
3150,kl_loss_8,8.751367568969727
3150,loss,1437.05615234375
3200,recon_loss,1061.6329345703125
3200,kl_loss,67.02767944335938
3200,kl_loss_0,5.354093074798584
3200,kl_loss_1,4.512389659881592
3200,kl_loss_2,4.510209083557129
3200,kl_loss_3,4.5848212242126465
3200,kl_loss_4,10.651772499084473
3200,kl_loss_5,18.834775924682617
3200,kl_loss_6,4.856055736541748
3200,kl_loss_7,4.5369343757629395
3200,kl_loss_8,9.186626434326172
3200,loss,1427.5709228515625
3250,recon_loss,1313.24755859375
3250,kl_loss,66.58321380615234
3250,kl_loss_0,5.3525166511535645
3250,kl_loss_1,4.521282196044922
3250,kl_loss_2,4.5194902420043945
3250,kl_loss_3,4.572351455688477
3250,kl_loss_4,10.556901931762695
3250,kl_loss_5,18.559412002563477
3250,kl_loss_6,4.857892990112305
3250,kl_loss_7,4.550448417663574
3250,kl_loss_8,9.092918395996094
3250,loss,1584.3837890625
3300,recon_loss,1238.1527099609375
3300,kl_loss,65.34581756591797
3300,kl_loss_0,5.286111831665039
3300,kl_loss_1,4.492132663726807
3300,kl_loss_2,4.491285800933838
3300,kl_loss_3,4.540725231170654
3300,kl_loss_4,10.295214653015137
3300,kl_loss_5,17.929851531982422
3300,kl_loss_6,4.836529731750488
3300,kl_loss_7,4.52792501449585
3300,kl_loss_8,8.94604206085205
3300,loss,1510.948486328125
3350,recon_loss,1040.6856689453125
3350,kl_loss,64.28042602539062
3350,kl_loss_0,5.222309589385986
3350,kl_loss_1,4.4712419509887695
3350,kl_loss_2,4.460213661193848
3350,kl_loss_3,4.506606578826904
3350,kl_loss_4,10.123553276062012
3350,kl_loss_5,17.445863723754883
3350,kl_loss_6,4.795794486999512
3350,kl_loss_7,4.492120265960693
3350,kl_loss_8,8.762720108032227
3350,loss,1333.0228271484375
3400,recon_loss,973.21484375
3400,kl_loss,64.48335266113281
3400,kl_loss_0,5.262976169586182
3400,kl_loss_1,4.493379592895508
3400,kl_loss_2,4.492008209228516
3400,kl_loss_3,4.536672592163086
3400,kl_loss_4,10.112058639526367
3400,kl_loss_5,17.50235366821289
3400,kl_loss_6,4.814918041229248
3400,kl_loss_7,4.515644073486328
3400,kl_loss_8,8.753336906433105
3400,loss,1315.810546875
3450,recon_loss,1348.291748046875
3450,kl_loss,64.43037414550781
3450,kl_loss_0,5.259337902069092
3450,kl_loss_1,4.518907070159912
3450,kl_loss_2,4.514674186706543
3450,kl_loss_3,4.557150363922119
3450,kl_loss_4,10.080303192138672
3450,kl_loss_5,17.37059783935547
3450,kl_loss_6,4.83112907409668
3450,kl_loss_7,4.541597366333008
3450,kl_loss_8,8.75667953491211
3450,loss,1616.56787109375
3500,recon_loss,950.7000122070312
3500,kl_loss,63.094154357910156
3500,kl_loss_0,5.201479911804199
3500,kl_loss_1,4.466816425323486
3500,kl_loss_2,4.452932357788086
3500,kl_loss_3,4.504272937774658
3500,kl_loss_4,9.796060562133789
3500,kl_loss_5,16.932424545288086
3500,kl_loss_6,4.76032829284668
3500,kl_loss_7,4.4715046882629395
3500,kl_loss_8,8.508336067199707
3500,loss,1210.0777587890625
3550,recon_loss,1450.9989013671875
3550,kl_loss,58.811317443847656
3550,kl_loss_0,4.923765659332275
3550,kl_loss_1,4.095783710479736
3550,kl_loss_2,4.119317531585693
3550,kl_loss_3,4.220954418182373
3550,kl_loss_4,9.064338684082031
3550,kl_loss_5,15.857721328735352
3550,kl_loss_6,4.398087024688721
3550,kl_loss_7,4.289758682250977
3550,kl_loss_8,7.841595649719238
3550,loss,1752.826904296875
3600,recon_loss,956.350830078125
3600,kl_loss,62.37856674194336
3600,kl_loss_0,5.1426191329956055
3600,kl_loss_1,4.361387252807617
3600,kl_loss_2,4.3744049072265625
3600,kl_loss_3,4.4845476150512695
3600,kl_loss_4,9.621316909790039
3600,kl_loss_5,16.753808975219727
3600,kl_loss_6,4.70301628112793
3600,kl_loss_7,4.551631927490234
3600,kl_loss_8,8.38583755493164
3600,loss,1503.513916015625
3650,recon_loss,890.8580322265625
3650,kl_loss,63.28629684448242
3650,kl_loss_0,5.203314781188965
3650,kl_loss_1,4.443333625793457
3650,kl_loss_2,4.455483436584473
3650,kl_loss_3,4.5557637214660645
3650,kl_loss_4,9.754190444946289
3650,kl_loss_5,16.954538345336914
3650,kl_loss_6,4.793529033660889
3650,kl_loss_7,4.617425441741943
3650,kl_loss_8,8.508719444274902
3650,loss,1154.2237548828125
3700,recon_loss,854.1693725585938
3700,kl_loss,63.10190200805664
3700,kl_loss_0,5.210035800933838
3700,kl_loss_1,4.470205783843994
3700,kl_loss_2,4.479104995727539
3700,kl_loss_3,4.560595989227295
3700,kl_loss_4,9.697159767150879
3700,kl_loss_5,16.776988983154297
3700,kl_loss_6,4.8076653480529785
3700,kl_loss_7,4.623510837554932
3700,kl_loss_8,8.476633071899414
3700,loss,1118.258056640625
3750,recon_loss,830.7181396484375
3750,kl_loss,62.99114227294922
3750,kl_loss_0,5.228243350982666
3750,kl_loss_1,4.486756324768066
3750,kl_loss_2,4.496389389038086
3750,kl_loss_3,4.575121879577637
3750,kl_loss_4,9.653255462646484
3750,kl_loss_5,16.643630981445312
3750,kl_loss_6,4.8205132484436035
3750,kl_loss_7,4.621992588043213
3750,kl_loss_8,8.46523666381836
3750,loss,1136.326904296875
3800,recon_loss,808.1520385742188
3800,kl_loss,62.406494140625
3800,kl_loss_0,5.199066638946533
3800,kl_loss_1,4.4810285568237305
3800,kl_loss_2,4.490794658660889
3800,kl_loss_3,4.557872772216797
3800,kl_loss_4,9.545249938964844
3800,kl_loss_5,16.363985061645508
3800,kl_loss_6,4.798956871032715
3800,kl_loss_7,4.592758655548096
3800,kl_loss_8,8.37678050994873
3800,loss,1089.1058349609375
3850,recon_loss,791.0459594726562
3850,kl_loss,62.64960479736328
3850,kl_loss_0,5.2414774894714355
3850,kl_loss_1,4.515115261077881
3850,kl_loss_2,4.535360336303711
3850,kl_loss_3,4.590096950531006
3850,kl_loss_4,9.567475318908691
3850,kl_loss_5,16.359657287597656
3850,kl_loss_6,4.830904006958008
3850,kl_loss_7,4.617639064788818
3850,kl_loss_8,8.39188003540039
3850,loss,1051.928955078125
3900,recon_loss,1903.67822265625
3900,kl_loss,61.1673698425293
3900,kl_loss_0,5.169817924499512
3900,kl_loss_1,4.461687088012695
3900,kl_loss_2,4.48384428024292
3900,kl_loss_3,4.5338454246521
3900,kl_loss_4,9.261487007141113
3900,kl_loss_5,15.759121894836426
3900,kl_loss_6,4.7726664543151855
3900,kl_loss_7,4.556979179382324
3900,kl_loss_8,8.167919158935547
3900,loss,2324.324462890625
3950,recon_loss,788.0381469726562
3950,kl_loss,61.75754928588867
3950,kl_loss_0,5.212481498718262
3950,kl_loss_1,4.535487174987793
3950,kl_loss_2,4.554218292236328
3950,kl_loss_3,4.5916900634765625
3950,kl_loss_4,9.355191230773926
3950,kl_loss_5,15.820241928100586
3950,kl_loss_6,4.829164028167725
3950,kl_loss_7,4.611247539520264
3950,kl_loss_8,8.247828483581543
3950,loss,1048.016845703125
4000,recon_loss,817.5804443359375
4000,kl_loss,61.95676803588867
4000,kl_loss_0,5.232703685760498
4000,kl_loss_1,4.560976505279541
4000,kl_loss_2,4.587235927581787
4000,kl_loss_3,4.62069845199585
4000,kl_loss_4,9.369664192199707
4000,kl_loss_5,15.831843376159668
4000,kl_loss_6,4.844606399536133
4000,kl_loss_7,4.6315202713012695
4000,kl_loss_8,8.277518272399902
4000,loss,1116.9898681640625
4050,recon_loss,754.019775390625
4050,kl_loss,60.14695739746094
4050,kl_loss_0,5.122760772705078
4050,kl_loss_1,4.483627796173096
4050,kl_loss_2,4.511382579803467
4050,kl_loss_3,4.548287868499756
4050,kl_loss_4,9.036108016967773
4050,kl_loss_5,15.148244857788086
4050,kl_loss_6,4.759008407592773
4050,kl_loss_7,4.535364151000977
4050,kl_loss_8,8.002174377441406
4050,loss,1026.5550537109375
4100,recon_loss,777.1055297851562
4100,kl_loss,59.488433837890625
4100,kl_loss_0,5.110044479370117
4100,kl_loss_1,4.477166652679443
4100,kl_loss_2,4.498929500579834
4100,kl_loss_3,4.538605213165283
4100,kl_loss_4,8.870401382446289
4100,kl_loss_5,14.819912910461426
4100,kl_loss_6,4.743581771850586
4100,kl_loss_7,4.520310878753662
4100,kl_loss_8,7.90948486328125
4100,loss,1061.2904052734375
4150,recon_loss,875.0575561523438
4150,kl_loss,60.33116149902344
4150,kl_loss_0,5.177865505218506
4150,kl_loss_1,4.5504560470581055
4150,kl_loss_2,4.574992656707764
4150,kl_loss_3,4.605511665344238
4150,kl_loss_4,8.991497993469238
4150,kl_loss_5,15.012285232543945
4150,kl_loss_6,4.825453281402588
4150,kl_loss_7,4.587905406951904
4150,kl_loss_8,8.005191802978516
4150,loss,1127.808349609375
4200,recon_loss,792.8396606445312
4200,kl_loss,57.83448791503906
4200,kl_loss_0,5.0095295906066895
4200,kl_loss_1,4.429520130157471
4200,kl_loss_2,4.455437183380127
4200,kl_loss_3,4.489301681518555
4200,kl_loss_4,8.567292213439941
4200,kl_loss_5,14.129682540893555
4200,kl_loss_6,4.669318675994873
4200,kl_loss_7,4.464776039123535
4200,kl_loss_8,7.619630336761475
4200,loss,1037.086669921875
4250,recon_loss,682.982421875
4250,kl_loss,60.25666427612305
4250,kl_loss_0,5.194554328918457
4250,kl_loss_1,4.591577053070068
4250,kl_loss_2,4.6247944831848145
4250,kl_loss_3,4.646913051605225
4250,kl_loss_4,8.958727836608887
4250,kl_loss_5,14.82021713256836
4250,kl_loss_6,4.841187477111816
4250,kl_loss_7,4.621703624725342
4250,kl_loss_8,7.956988334655762
4250,loss,927.6021728515625
4300,recon_loss,764.4735717773438
4300,kl_loss,59.78351593017578
4300,kl_loss_0,5.170428276062012
4300,kl_loss_1,4.56856632232666
4300,kl_loss_2,4.606543064117432
4300,kl_loss_3,4.617161750793457
4300,kl_loss_4,8.843114852905273
4300,kl_loss_5,14.642436981201172
4300,kl_loss_6,4.824519634246826
4300,kl_loss_7,4.60075569152832
4300,kl_loss_8,7.909991264343262
4300,loss,1007.519287109375
4350,recon_loss,837.021484375
4350,kl_loss,58.09286880493164
4350,kl_loss_0,5.034224033355713
4350,kl_loss_1,4.485535621643066
4350,kl_loss_2,4.520647048950195
4350,kl_loss_3,4.518087387084961
4350,kl_loss_4,8.583939552307129
4350,kl_loss_5,14.075400352478027
4350,kl_loss_6,4.720495223999023
4350,kl_loss_7,4.50795316696167
4350,kl_loss_8,7.64658260345459
4350,loss,1086.0162353515625
4400,recon_loss,694.907958984375
4400,kl_loss,59.65070724487305
4400,kl_loss_0,5.192511558532715
4400,kl_loss_1,4.597352027893066
4400,kl_loss_2,4.635340213775635
4400,kl_loss_3,4.620040416717529
4400,kl_loss_4,8.787858009338379
4400,kl_loss_5,14.490113258361816
4400,kl_loss_6,4.850683689117432
4400,kl_loss_7,4.616015434265137
4400,kl_loss_8,7.860789775848389
4400,loss,961.3006591796875
4450,recon_loss,662.588134765625
4450,kl_loss,59.001163482666016
4450,kl_loss_0,5.1550493240356445
4450,kl_loss_1,4.5697808265686035
4450,kl_loss_2,4.609433174133301
4450,kl_loss_3,4.592864990234375
4450,kl_loss_4,8.661364555358887
4450,kl_loss_5,14.230154037475586
4450,kl_loss_6,4.811403751373291
4450,kl_loss_7,4.593652248382568
4450,kl_loss_8,7.777461051940918
4450,loss,904.641357421875
4500,recon_loss,677.752197265625
4500,kl_loss,58.374603271484375
4500,kl_loss_0,5.1346659660339355
4500,kl_loss_1,4.547152042388916
4500,kl_loss_2,4.586287975311279
4500,kl_loss_3,4.567454814910889
4500,kl_loss_4,8.561960220336914
4500,kl_loss_5,13.948088645935059
4500,kl_loss_6,4.784809112548828
4500,kl_loss_7,4.5704498291015625
4500,kl_loss_8,7.673732757568359
4500,loss,918.1504516601562
4550,recon_loss,634.6055297851562
4550,kl_loss,58.498138427734375
4550,kl_loss_0,5.1475114822387695
4550,kl_loss_1,4.565189838409424
4550,kl_loss_2,4.609144687652588
4550,kl_loss_3,4.585598945617676
4550,kl_loss_4,8.561575889587402
4550,kl_loss_5,13.949030876159668
4550,kl_loss_6,4.814101696014404
4550,kl_loss_7,4.589700698852539
4550,kl_loss_8,7.676285266876221
4550,loss,889.44384765625
4600,recon_loss,974.6001586914062
4600,kl_loss,57.86891555786133
4600,kl_loss_0,5.1050615310668945
4600,kl_loss_1,4.544255256652832
4600,kl_loss_2,4.588067054748535
4600,kl_loss_3,4.564218521118164
4600,kl_loss_4,8.474004745483398
4600,kl_loss_5,13.683462142944336
4600,kl_loss_6,4.790925979614258
4600,kl_loss_7,4.558696746826172
4600,kl_loss_8,7.5602240562438965
4600,loss,1254.608642578125
4650,recon_loss,1266.2264404296875
4650,kl_loss,57.429107666015625
4650,kl_loss_0,5.1046013832092285
4650,kl_loss_1,4.536337375640869
4650,kl_loss_2,4.575871467590332
4650,kl_loss_3,4.55545711517334
4650,kl_loss_4,8.347956657409668
4650,kl_loss_5,13.446308135986328
4650,kl_loss_6,4.797317028045654
4650,kl_loss_7,4.5527873039245605
4650,kl_loss_8,7.512468338012695
4650,loss,1622.052734375
4700,recon_loss,710.6035766601562
4700,kl_loss,57.835975646972656
4700,kl_loss_0,5.140565395355225
4700,kl_loss_1,4.569199562072754
4700,kl_loss_2,4.603483200073242
4700,kl_loss_3,4.609259128570557
4700,kl_loss_4,8.407779693603516
4700,kl_loss_5,13.516324043273926
4700,kl_loss_6,4.8269853591918945
4700,kl_loss_7,4.603705883026123
4700,kl_loss_8,7.5586771965026855
4700,loss,944.95458984375
4750,recon_loss,594.1114501953125
4750,kl_loss,57.655906677246094
4750,kl_loss_0,5.133863925933838
4750,kl_loss_1,4.575225830078125
4750,kl_loss_2,4.611499786376953
4750,kl_loss_3,4.604075908660889
4750,kl_loss_4,8.377586364746094
4750,kl_loss_5,13.423026084899902
4750,kl_loss_6,4.817093372344971
4750,kl_loss_7,4.5974273681640625
4750,kl_loss_8,7.516106605529785
4750,loss,835.153076171875
4800,recon_loss,631.616455078125
4800,kl_loss,57.64126205444336
4800,kl_loss_0,5.135510444641113
4800,kl_loss_1,4.582932949066162
4800,kl_loss_2,4.627644062042236
4800,kl_loss_3,4.615547180175781
4800,kl_loss_4,8.367237091064453
4800,kl_loss_5,13.372563362121582
4800,kl_loss_6,4.818930149078369
4800,kl_loss_7,4.616142272949219
4800,kl_loss_8,7.504752159118652
4800,loss,895.4344482421875
4850,recon_loss,663.806884765625
4850,kl_loss,56.928306579589844
4850,kl_loss_0,5.086921691894531
4850,kl_loss_1,4.566703796386719
4850,kl_loss_2,4.601029872894287
4850,kl_loss_3,4.585504531860352
4850,kl_loss_4,8.185075759887695
4850,kl_loss_5,13.134051322937012
4850,kl_loss_6,4.7895073890686035
4850,kl_loss_7,4.58785343170166
4850,kl_loss_8,7.3916544914245605
4850,loss,942.4022216796875
4900,recon_loss,617.8648681640625
4900,kl_loss,56.218448638916016
4900,kl_loss_0,5.041450023651123
4900,kl_loss_1,4.527057647705078
4900,kl_loss_2,4.572941303253174
4900,kl_loss_3,4.553481578826904
4900,kl_loss_4,8.061639785766602
4900,kl_loss_5,12.857856750488281
4900,kl_loss_6,4.743158340454102
4900,kl_loss_7,4.567065238952637
4900,kl_loss_8,7.293799877166748
4900,loss,887.8910522460938
4950,recon_loss,786.6720581054688
4950,kl_loss,55.54469680786133
4950,kl_loss_0,4.980869770050049
4950,kl_loss_1,4.498500823974609
4950,kl_loss_2,4.541699409484863
4950,kl_loss_3,4.5379958152771
4950,kl_loss_4,7.950622081756592
4950,kl_loss_5,12.624088287353516
4950,kl_loss_6,4.704261302947998
4950,kl_loss_7,4.536498546600342
4950,kl_loss_8,7.170160293579102
4950,loss,1082.1640625
5000,recon_loss,576.908203125
5000,kl_loss,56.972862243652344
5000,kl_loss_0,5.091067314147949
5000,kl_loss_1,4.596683502197266
5000,kl_loss_2,4.650735855102539
5000,kl_loss_3,4.648509979248047
5000,kl_loss_4,8.199552536010742
5000,kl_loss_5,12.952692031860352
5000,kl_loss_6,4.820986747741699
5000,kl_loss_7,4.634943962097168
5000,kl_loss_8,7.377685546875
5000,loss,820.97021484375
5050,recon_loss,636.1806030273438
5050,kl_loss,55.845726013183594
5050,kl_loss_0,5.023336887359619
5050,kl_loss_1,4.537138938903809
5050,kl_loss_2,4.5854716300964355
5050,kl_loss_3,4.5995774269104
5050,kl_loss_4,7.968360424041748
5050,kl_loss_5,12.556957244873047
5050,kl_loss_6,4.767327785491943
5050,kl_loss_7,4.57337760925293
5050,kl_loss_8,7.234183311462402
5050,loss,870.71533203125
5100,recon_loss,559.05224609375
5100,kl_loss,56.120094299316406
5100,kl_loss_0,5.050765514373779
5100,kl_loss_1,4.56263542175293
5100,kl_loss_2,4.612335681915283
5100,kl_loss_3,4.614092826843262
5100,kl_loss_4,8.02197551727295
5100,kl_loss_5,12.628313064575195
5100,kl_loss_6,4.779123306274414
5100,kl_loss_7,4.594046115875244
5100,kl_loss_8,7.256809234619141
5100,loss,785.7813720703125
5150,recon_loss,572.420166015625
5150,kl_loss,55.94632339477539
5150,kl_loss_0,5.041747570037842
5150,kl_loss_1,4.569732189178467
5150,kl_loss_2,4.617125034332275
5150,kl_loss_3,4.6195068359375
5150,kl_loss_4,8.023345947265625
5150,kl_loss_5,12.513747215270996
5150,kl_loss_6,4.763574600219727
5150,kl_loss_7,4.591036319732666
5150,kl_loss_8,7.206507682800293
5150,loss,804.685302734375
5200,recon_loss,582.7472534179688
5200,kl_loss,55.73910903930664
5200,kl_loss_0,5.027288913726807
5200,kl_loss_1,4.567049026489258
5200,kl_loss_2,4.609433174133301
5200,kl_loss_3,4.609579563140869
5200,kl_loss_4,7.976076602935791
5200,kl_loss_5,12.3975248336792
5200,kl_loss_6,4.767553329467773
5200,kl_loss_7,4.5861310958862305
5200,kl_loss_8,7.198469161987305
5200,loss,867.6962280273438
5250,recon_loss,638.3703002929688
5250,kl_loss,55.89776611328125
5250,kl_loss_0,5.061453342437744
5250,kl_loss_1,4.592495918273926
5250,kl_loss_2,4.629556655883789
5250,kl_loss_3,4.641485214233398
5250,kl_loss_4,7.952337741851807
5250,kl_loss_5,12.411267280578613
5250,kl_loss_6,4.79642391204834
5250,kl_loss_7,4.599142074584961
5250,kl_loss_8,7.2136030197143555
5250,loss,887.0877685546875
5300,recon_loss,558.03076171875
5300,kl_loss,55.04663848876953
5300,kl_loss_0,5.011841297149658
5300,kl_loss_1,4.548553943634033
5300,kl_loss_2,4.591037750244141
5300,kl_loss_3,4.591439247131348
5300,kl_loss_4,7.816838264465332
5300,kl_loss_5,12.09222412109375
5300,kl_loss_6,4.749032020568848
5300,kl_loss_7,4.566443920135498
5300,kl_loss_8,7.079230308532715
5300,loss,811.406494140625
5350,recon_loss,597.2122192382812
5350,kl_loss,55.2075080871582
5350,kl_loss_0,5.014927864074707
5350,kl_loss_1,4.564222812652588
5350,kl_loss_2,4.621931076049805
5350,kl_loss_3,4.6201558113098145
5350,kl_loss_4,7.838657379150391
5350,kl_loss_5,12.108789443969727
5350,kl_loss_6,4.763149738311768
5350,kl_loss_7,4.596076488494873
5350,kl_loss_8,7.079596996307373
5350,loss,840.9393310546875
5400,recon_loss,602.1895141601562
5400,kl_loss,53.49949645996094
5400,kl_loss_0,4.90625524520874
5400,kl_loss_1,4.4738664627075195
5400,kl_loss_2,4.528668403625488
5400,kl_loss_3,4.530788421630859
5400,kl_loss_4,7.526242733001709
5400,kl_loss_5,11.550633430480957
5400,kl_loss_6,4.6647748947143555
5400,kl_loss_7,4.50924015045166
5400,kl_loss_8,6.8090314865112305
5400,loss,860.8472900390625
5450,recon_loss,572.7141723632812
5450,kl_loss,55.08633041381836
5450,kl_loss_0,5.030819892883301
5450,kl_loss_1,4.599428176879883
5450,kl_loss_2,4.6532135009765625
5450,kl_loss_3,4.640267848968506
5450,kl_loss_4,7.751821994781494
5450,kl_loss_5,11.960065841674805
5450,kl_loss_6,4.7823405265808105
5450,kl_loss_7,4.625980854034424
5450,kl_loss_8,7.042388916015625
5450,loss,795.826904296875
5500,recon_loss,563.4806518554688
5500,kl_loss,53.98976516723633
5500,kl_loss_0,4.945779800415039
5500,kl_loss_1,4.522128105163574
5500,kl_loss_2,4.593066215515137
5500,kl_loss_3,4.5877556800842285
5500,kl_loss_4,7.587896823883057
5500,kl_loss_5,11.645624160766602
5500,kl_loss_6,4.6953959465026855
5500,kl_loss_7,4.550792217254639
5500,kl_loss_8,6.861322402954102
5500,loss,785.3264770507812
5550,recon_loss,511.38616943359375
5550,kl_loss,54.89093780517578
5550,kl_loss_0,5.024540901184082
5550,kl_loss_1,4.610388278961182
5550,kl_loss_2,4.673130512237549
5550,kl_loss_3,4.645750522613525
5550,kl_loss_4,7.715467929840088
5550,kl_loss_5,11.839319229125977
5550,kl_loss_6,4.770754337310791
5550,kl_loss_7,4.618595600128174
5550,kl_loss_8,6.9929914474487305
5550,loss,738.2928466796875
5600,recon_loss,507.0420837402344
5600,kl_loss,54.3707389831543
5600,kl_loss_0,4.983359336853027
5600,kl_loss_1,4.590535640716553
5600,kl_loss_2,4.649071216583252
5600,kl_loss_3,4.6238603591918945
5600,kl_loss_4,7.600820541381836
5600,kl_loss_5,11.644791603088379
5600,kl_loss_6,4.750179290771484
5600,kl_loss_7,4.595984935760498
5600,kl_loss_8,6.932136058807373
5600,loss,730.3027954101562
5650,recon_loss,508.1899108886719
5650,kl_loss,54.013126373291016
5650,kl_loss_0,4.963231086730957
5650,kl_loss_1,4.57194709777832
5650,kl_loss_2,4.638011455535889
5650,kl_loss_3,4.6078782081604
5650,kl_loss_4,7.545658111572266
5650,kl_loss_5,11.49693489074707
5650,kl_loss_6,4.7422637939453125
5650,kl_loss_7,4.585911273956299
5650,kl_loss_8,6.861292839050293
5650,loss,734.344482421875
5700,recon_loss,640.3360595703125
5700,kl_loss,53.16457748413086
5700,kl_loss_0,4.891686916351318
5700,kl_loss_1,4.5141682624816895
5700,kl_loss_2,4.586225509643555
5700,kl_loss_3,4.561144828796387
5700,kl_loss_4,7.371381759643555
5700,kl_loss_5,11.223023414611816
5700,kl_loss_6,4.6964850425720215
5700,kl_loss_7,4.547842502593994
5700,kl_loss_8,6.772620677947998
5700,loss,880.0538330078125
5750,recon_loss,521.7564697265625
5750,kl_loss,54.14611053466797
5750,kl_loss_0,4.990341663360596
5750,kl_loss_1,4.594823360443115
5750,kl_loss_2,4.658296585083008
5750,kl_loss_3,4.63523006439209
5750,kl_loss_4,7.545427322387695
5750,kl_loss_5,11.432867050170898
5750,kl_loss_6,4.770057201385498
5750,kl_loss_7,4.629523754119873
5750,kl_loss_8,6.889537334442139
5750,loss,744.3621826171875
5800,recon_loss,585.3690185546875
5800,kl_loss,52.871585845947266
5800,kl_loss_0,4.9034810066223145
5800,kl_loss_1,4.523284435272217
5800,kl_loss_2,4.571631908416748
5800,kl_loss_3,4.566685199737549
5800,kl_loss_4,7.3084397315979
5800,kl_loss_5,11.048062324523926
5800,kl_loss_6,4.687051296234131
5800,kl_loss_7,4.566956996917725
5800,kl_loss_8,6.69599723815918
5800,loss,829.3071899414062
5850,recon_loss,651.5255126953125
5850,kl_loss,53.170135498046875
5850,kl_loss_0,4.93177604675293
5850,kl_loss_1,4.555644989013672
5850,kl_loss_2,4.601305961608887
5850,kl_loss_3,4.594096660614014
5850,kl_loss_4,7.359379291534424
5850,kl_loss_5,11.063329696655273
5850,kl_loss_6,4.726012229919434
5850,kl_loss_7,4.600417613983154
5850,kl_loss_8,6.738174915313721
5850,loss,867.4183349609375
5900,recon_loss,483.0143737792969
5900,kl_loss,52.71168518066406
5900,kl_loss_0,4.922170162200928
5900,kl_loss_1,4.537236213684082
5900,kl_loss_2,4.5758256912231445
5900,kl_loss_3,4.580853462219238
5900,kl_loss_4,7.252643585205078
5900,kl_loss_5,10.881155014038086
5900,kl_loss_6,4.722437858581543
5900,kl_loss_7,4.581874847412109
5900,kl_loss_8,6.657487869262695
5900,loss,705.8392944335938
5950,recon_loss,485.58367919921875
5950,kl_loss,53.69952392578125
5950,kl_loss_0,5.00258731842041
5950,kl_loss_1,4.61220121383667
5950,kl_loss_2,4.6470866203308105
5950,kl_loss_3,4.65673828125
5950,kl_loss_4,7.424603462219238
5950,kl_loss_5,11.111608505249023
5950,kl_loss_6,4.798074245452881
5950,kl_loss_7,4.651839733123779
5950,kl_loss_8,6.794784069061279
5950,loss,714.9730834960938
6000,recon_loss,486.39630126953125
6000,kl_loss,53.03096008300781
6000,kl_loss_0,4.958900451660156
6000,kl_loss_1,4.567929744720459
6000,kl_loss_2,4.6120686531066895
6000,kl_loss_3,4.625803470611572
6000,kl_loss_4,7.313388824462891
6000,kl_loss_5,10.843820571899414
6000,kl_loss_6,4.778625965118408
6000,kl_loss_7,4.617295265197754
6000,kl_loss_8,6.713129043579102
6000,loss,731.1983032226562
6050,recon_loss,456.4387512207031
6050,kl_loss,53.184383392333984
6050,kl_loss_0,4.964748382568359
6050,kl_loss_1,4.579868793487549
6050,kl_loss_2,4.635116100311279
6050,kl_loss_3,4.632551193237305
6050,kl_loss_4,7.326138973236084
6050,kl_loss_5,10.925820350646973
6050,kl_loss_6,4.786491870880127
6050,kl_loss_7,4.628261089324951
6050,kl_loss_8,6.705387115478516
6050,loss,702.36767578125
6100,recon_loss,544.7345581054688
6100,kl_loss,52.428619384765625
6100,kl_loss_0,4.927064418792725
6100,kl_loss_1,4.538398265838623
6100,kl_loss_2,4.596897125244141
6100,kl_loss_3,4.58913516998291
6100,kl_loss_4,7.149189472198486
6100,kl_loss_5,10.66769027709961
6100,kl_loss_6,4.73923397064209
6100,kl_loss_7,4.598415374755859
6100,kl_loss_8,6.622595310211182
6100,loss,761.0004272460938
6150,recon_loss,460.9547119140625
6150,kl_loss,52.81159591674805
6150,kl_loss_0,4.958293914794922
6150,kl_loss_1,4.5735392570495605
6150,kl_loss_2,4.6280517578125
6150,kl_loss_3,4.6059675216674805
6150,kl_loss_4,7.231843948364258
6150,kl_loss_5,10.736103057861328
6150,kl_loss_6,4.773449897766113
6150,kl_loss_7,4.627835273742676
6150,kl_loss_8,6.676513671875
6150,loss,684.0188598632812
6200,recon_loss,580.91064453125
6200,kl_loss,51.76397705078125
6200,kl_loss_0,4.886940956115723
6200,kl_loss_1,4.50485897064209
6200,kl_loss_2,4.5631513595581055
6200,kl_loss_3,4.546092987060547
6200,kl_loss_4,7.049900054931641
6200,kl_loss_5,10.425249099731445
6200,kl_loss_6,4.703779220581055
6200,kl_loss_7,4.559370517730713
6200,kl_loss_8,6.524631977081299
6200,loss,835.7554931640625
6250,recon_loss,913.80029296875
6250,kl_loss,51.291011810302734
6250,kl_loss_0,4.850371837615967
6250,kl_loss_1,4.492618083953857
6250,kl_loss_2,4.547487735748291
6250,kl_loss_3,4.5113301277160645
6250,kl_loss_4,6.993889331817627
6250,kl_loss_5,10.236957550048828
6250,kl_loss_6,4.669946670532227
6250,kl_loss_7,4.549290657043457
6250,kl_loss_8,6.439126014709473
6250,loss,1224.8282470703125
6300,recon_loss,514.658935546875
6300,kl_loss,52.391845703125
6300,kl_loss_0,4.940622329711914
6300,kl_loss_1,4.57238245010376
6300,kl_loss_2,4.644052028656006
6300,kl_loss_3,4.618719577789307
6300,kl_loss_4,7.150156021118164
6300,kl_loss_5,10.45981216430664
6300,kl_loss_6,4.782810211181641
6300,kl_loss_7,4.637417793273926
6300,kl_loss_8,6.585874557495117
6300,loss,759.76708984375
6350,recon_loss,440.32012939453125
6350,kl_loss,51.871551513671875
6350,kl_loss_0,4.9006428718566895
6350,kl_loss_1,4.546263217926025
6350,kl_loss_2,4.602256774902344
6350,kl_loss_3,4.589503288269043
6350,kl_loss_4,7.054157257080078
6350,kl_loss_5,10.337100982666016
6350,kl_loss_6,4.727019786834717
6350,kl_loss_7,4.60165548324585
6350,kl_loss_8,6.512954235076904
6350,loss,736.859375
6400,recon_loss,1009.2047119140625
6400,kl_loss,49.04088592529297
6400,kl_loss_0,4.700797080993652
6400,kl_loss_1,4.337212562561035
6400,kl_loss_2,4.424482822418213
6400,kl_loss_3,4.385007858276367
6400,kl_loss_4,6.5958967208862305
6400,kl_loss_5,9.610917091369629
6400,kl_loss_6,4.522601127624512
6400,kl_loss_7,4.410211086273193
6400,kl_loss_8,6.053762435913086
6400,loss,1258.6724853515625
6450,recon_loss,429.235595703125
6450,kl_loss,51.97487258911133
6450,kl_loss_0,4.903787136077881
6450,kl_loss_1,4.577762603759766
6450,kl_loss_2,4.6379218101501465
6450,kl_loss_3,4.599016189575195
6450,kl_loss_4,7.059483051300049
6450,kl_loss_5,10.311659812927246
6450,kl_loss_6,4.768728256225586
6450,kl_loss_7,4.6196088790893555
6450,kl_loss_8,6.496901988983154
6450,loss,640.625
6500,recon_loss,446.1336364746094
6500,kl_loss,51.70851516723633
6500,kl_loss_0,4.885485649108887
6500,kl_loss_1,4.5598530769348145
6500,kl_loss_2,4.616975784301758
6500,kl_loss_3,4.584161281585693
6500,kl_loss_4,7.0308074951171875
6500,kl_loss_5,10.229884147644043
6500,kl_loss_6,4.74087381362915
6500,kl_loss_7,4.597860813140869
6500,kl_loss_8,6.462607383728027
6500,loss,657.981201171875
6550,recon_loss,422.9214782714844
6550,kl_loss,52.096500396728516
6550,kl_loss_0,4.927315711975098
6550,kl_loss_1,4.598827362060547
6550,kl_loss_2,4.643595218658447
6550,kl_loss_3,4.616104602813721
6550,kl_loss_4,7.078096866607666
6550,kl_loss_5,10.306679725646973
6550,kl_loss_6,4.777845859527588
6550,kl_loss_7,4.636458396911621
6550,kl_loss_8,6.511574745178223
6550,loss,640.02001953125
6600,recon_loss,1042.4222412109375
6600,kl_loss,51.55836486816406
6600,kl_loss_0,4.986138820648193
6600,kl_loss_1,4.700033664703369
6600,kl_loss_2,4.5986528396606445
6600,kl_loss_3,4.7569379806518555
6600,kl_loss_4,6.793927192687988
6600,kl_loss_5,9.86301040649414
6600,kl_loss_6,4.770755767822266
6600,kl_loss_7,4.73017692565918
6600,kl_loss_8,6.358727931976318
6600,loss,1301.976318359375
6650,recon_loss,480.6996154785156
6650,kl_loss,53.668365478515625
6650,kl_loss_0,5.122276782989502
6650,kl_loss_1,4.841226577758789
6650,kl_loss_2,4.736881732940674
6650,kl_loss_3,4.886835098266602
6650,kl_loss_4,7.203512191772461
6650,kl_loss_5,10.488825798034668
6650,kl_loss_6,4.913994312286377
6650,kl_loss_7,4.824558734893799
6650,kl_loss_8,6.650253772735596
6650,loss,706.909423828125
6700,recon_loss,441.69415283203125
6700,kl_loss,53.11351776123047
6700,kl_loss_0,5.052985191345215
6700,kl_loss_1,4.7660603523254395
6700,kl_loss_2,4.685211658477783
6700,kl_loss_3,4.813129425048828
6700,kl_loss_4,7.167776107788086
6700,kl_loss_5,10.425324440002441
6700,kl_loss_6,4.8392653465271
6700,kl_loss_7,4.742027759552002
6700,kl_loss_8,6.621738433837891
6700,loss,723.1692504882812
6750,recon_loss,427.45367431640625
6750,kl_loss,52.2821044921875
6750,kl_loss_0,4.990180492401123
6750,kl_loss_1,4.706430435180664
6750,kl_loss_2,4.647639751434326
6750,kl_loss_3,4.739086151123047
6750,kl_loss_4,7.039437294006348
6750,kl_loss_5,10.19814682006836
6750,kl_loss_6,4.768813610076904
6750,kl_loss_7,4.6829423904418945
6750,kl_loss_8,6.509426116943359
6750,loss,642.6004638671875
6800,recon_loss,420.57281494140625
6800,kl_loss,52.145442962646484
6800,kl_loss_0,4.970475196838379
6800,kl_loss_1,4.685255527496338
6800,kl_loss_2,4.649531841278076
6800,kl_loss_3,4.71971321105957
6800,kl_loss_4,7.0509724617004395
6800,kl_loss_5,10.145513534545898
6800,kl_loss_6,4.7610182762146
6800,kl_loss_7,4.659960746765137
6800,kl_loss_8,6.502999305725098
6800,loss,638.1282348632812
6850,recon_loss,396.9214782714844
6850,kl_loss,52.140621185302734
6850,kl_loss_0,4.972465991973877
6850,kl_loss_1,4.675856590270996
6850,kl_loss_2,4.651050567626953
6850,kl_loss_3,4.710570812225342
6850,kl_loss_4,7.034824848175049
6850,kl_loss_5,10.173684120178223
6850,kl_loss_6,4.764219284057617
6850,kl_loss_7,4.6529974937438965
6850,kl_loss_8,6.504953384399414
6850,loss,611.6126708984375
6900,recon_loss,403.79998779296875
6900,kl_loss,51.64097595214844
6900,kl_loss_0,4.938343048095703
6900,kl_loss_1,4.631731986999512
6900,kl_loss_2,4.625473499298096
6900,kl_loss_3,4.66750955581665
6900,kl_loss_4,6.9562087059021
6900,kl_loss_5,10.042402267456055
6900,kl_loss_6,4.7358293533325195
6900,kl_loss_7,4.613185882568359
6900,kl_loss_8,6.430291652679443
6900,loss,632.8731689453125
6950,recon_loss,389.5677795410156
6950,kl_loss,51.20972442626953
6950,kl_loss_0,4.9115214347839355
6950,kl_loss_1,4.6052985191345215
6950,kl_loss_2,4.598830223083496
6950,kl_loss_3,4.632836818695068
6950,kl_loss_4,6.886879920959473
6950,kl_loss_5,9.901683807373047
6950,kl_loss_6,4.711219787597656
6950,kl_loss_7,4.579101085662842
6950,kl_loss_8,6.382352352142334
6950,loss,621.0983276367188
7000,recon_loss,405.4613952636719
7000,kl_loss,51.16261291503906
7000,kl_loss_0,4.922352313995361
7000,kl_loss_1,4.620107650756836
7000,kl_loss_2,4.615761756896973
7000,kl_loss_3,4.6439290046691895
7000,kl_loss_4,6.861515998840332
7000,kl_loss_5,9.811266899108887
7000,kl_loss_6,4.727510452270508
7000,kl_loss_7,4.588723182678223
7000,kl_loss_8,6.371444225311279
7000,loss,614.0345458984375
7050,recon_loss,428.6603088378906
7050,kl_loss,50.420040130615234
7050,kl_loss_0,4.861871719360352
7050,kl_loss_1,4.5623345375061035
7050,kl_loss_2,4.560490608215332
7050,kl_loss_3,4.585038661956787
7050,kl_loss_4,6.742801666259766
7050,kl_loss_5,9.604918479919434
7050,kl_loss_6,4.6755828857421875
7050,kl_loss_7,4.545886039733887
7050,kl_loss_8,6.281115531921387
7050,loss,640.900390625
7100,recon_loss,416.1247253417969
7100,kl_loss,51.23480224609375
7100,kl_loss_0,4.93161678314209
7100,kl_loss_1,4.627180099487305
7100,kl_loss_2,4.623883247375488
7100,kl_loss_3,4.654515266418457
7100,kl_loss_4,6.876223564147949
7100,kl_loss_5,9.807904243469238
7100,kl_loss_6,4.736909866333008
7100,kl_loss_7,4.617048740386963
7100,kl_loss_8,6.35952091217041
7100,loss,622.043212890625
7150,recon_loss,497.1231994628906
7150,kl_loss,50.914093017578125
7150,kl_loss_0,4.9161376953125
7150,kl_loss_1,4.596253871917725
7150,kl_loss_2,4.610396862030029
7150,kl_loss_3,4.6349005699157715
7150,kl_loss_4,6.818806171417236
7150,kl_loss_5,9.688636779785156
7150,kl_loss_6,4.721186637878418
7150,kl_loss_7,4.610246658325195
7150,kl_loss_8,6.317528247833252
7150,loss,714.16943359375
7200,recon_loss,380.243896484375
7200,kl_loss,50.57026672363281
7200,kl_loss_0,4.896623134613037
7200,kl_loss_1,4.582974433898926
7200,kl_loss_2,4.601405143737793
7200,kl_loss_3,4.6179423332214355
7200,kl_loss_4,6.75264835357666
7200,kl_loss_5,9.55514144897461
7200,kl_loss_6,4.712085723876953
7200,kl_loss_7,4.606993198394775
7200,kl_loss_8,6.244452953338623
7200,loss,627.5098266601562
7250,recon_loss,370.5352478027344
7250,kl_loss,50.758888244628906
7250,kl_loss_0,4.906808376312256
7250,kl_loss_1,4.613079071044922
7250,kl_loss_2,4.629361629486084
7250,kl_loss_3,4.642658233642578
7250,kl_loss_4,6.757267475128174
7250,kl_loss_5,9.565924644470215
7250,kl_loss_6,4.7355637550354
7250,kl_loss_7,4.6343302726745605
7250,kl_loss_8,6.273891448974609
7250,loss,606.1331176757812
7300,recon_loss,381.949951171875
7300,kl_loss,50.44667053222656
7300,kl_loss_0,4.88894510269165
7300,kl_loss_1,4.593300819396973
7300,kl_loss_2,4.621967315673828
7300,kl_loss_3,4.628049850463867
7300,kl_loss_4,6.705091953277588
7300,kl_loss_5,9.445347785949707
7300,kl_loss_6,4.720470428466797
7300,kl_loss_7,4.616034030914307
7300,kl_loss_8,6.227462291717529
7300,loss,588.717041015625
7350,recon_loss,435.2325134277344
7350,kl_loss,48.56523132324219
7350,kl_loss_0,4.748723983764648
7350,kl_loss_1,4.464828968048096
7350,kl_loss_2,4.473495960235596
7350,kl_loss_3,4.482016086578369
7350,kl_loss_4,6.400091648101807
7350,kl_loss_5,8.9542236328125
7350,kl_loss_6,4.578339099884033
7350,kl_loss_7,4.475579738616943
7350,kl_loss_8,5.987933158874512
7350,loss,680.1480102539062
7400,recon_loss,361.2785949707031
7400,kl_loss,50.3769416809082
7400,kl_loss_0,4.905102729797363
7400,kl_loss_1,4.609239101409912
7400,kl_loss_2,4.6200947761535645
7400,kl_loss_3,4.644878387451172
7400,kl_loss_4,6.671499252319336
7400,kl_loss_5,9.368891716003418
7400,kl_loss_6,4.736876010894775
7400,kl_loss_7,4.624725818634033
7400,kl_loss_8,6.195632457733154
7400,loss,650.322998046875
7450,recon_loss,845.8258056640625
7450,kl_loss,48.975669860839844
7450,kl_loss_0,4.785578727722168
7450,kl_loss_1,4.50694465637207
7450,kl_loss_2,4.5239152908325195
7450,kl_loss_3,4.538097381591797
7450,kl_loss_4,6.448329448699951
7450,kl_loss_5,8.999183654785156
7450,kl_loss_6,4.6325507164001465
7450,kl_loss_7,4.524898052215576
7450,kl_loss_8,6.016171932220459
7450,loss,1047.452880859375
7500,recon_loss,363.54754638671875
7500,kl_loss,50.55491638183594
7500,kl_loss_0,4.919492721557617
7500,kl_loss_1,4.636738300323486
7500,kl_loss_2,4.653728485107422
7500,kl_loss_3,4.668699741363525
7500,kl_loss_4,6.702242374420166
7500,kl_loss_5,9.339700698852539
7500,kl_loss_6,4.751445770263672
7500,kl_loss_7,4.65406608581543
7500,kl_loss_8,6.22880744934082
7500,loss,567.3577880859375
7550,recon_loss,542.9006958007812
7550,kl_loss,49.916236877441406
7550,kl_loss_0,4.8719563484191895
7550,kl_loss_1,4.588119029998779
7550,kl_loss_2,4.611318588256836
7550,kl_loss_3,4.631060600280762
7550,kl_loss_4,6.5720744132995605
7550,kl_loss_5,9.1915922164917
7550,kl_loss_6,4.7085394859313965
7550,kl_loss_7,4.611887454986572
7550,kl_loss_8,6.12968635559082
7550,loss,793.5269775390625
7600,recon_loss,346.3965759277344
7600,kl_loss,50.337440490722656
7600,kl_loss_0,4.923647403717041
7600,kl_loss_1,4.631215572357178
7600,kl_loss_2,4.649630546569824
7600,kl_loss_3,4.670507431030273
7600,kl_loss_4,6.634494781494141
7600,kl_loss_5,9.219968795776367
7600,kl_loss_6,4.757065296173096
7600,kl_loss_7,4.6486968994140625
7600,kl_loss_8,6.202215671539307
7600,loss,551.2713012695312
7650,recon_loss,704.1913452148438
7650,kl_loss,46.39399719238281
7650,kl_loss_0,4.582951545715332
7650,kl_loss_1,4.325920581817627
7650,kl_loss_2,4.382892608642578
7650,kl_loss_3,4.406187534332275
7650,kl_loss_4,6.055742263793945
7650,kl_loss_5,8.188523292541504
7650,kl_loss_6,4.440708637237549
7650,kl_loss_7,4.383075714111328
7650,kl_loss_8,5.627996444702148
7650,loss,904.7477416992188
7700,recon_loss,343.7879333496094
7700,kl_loss,50.250709533691406
7700,kl_loss_0,4.908586025238037
7700,kl_loss_1,4.646871566772461
7700,kl_loss_2,4.702120780944824
7700,kl_loss_3,4.710526943206787
7700,kl_loss_4,6.587247371673584
7700,kl_loss_5,9.09811782836914
7700,kl_loss_6,4.767216205596924
7700,kl_loss_7,4.68907356262207
7700,kl_loss_8,6.140947341918945
7700,loss,553.251708984375
7750,recon_loss,338.9044189453125
7750,kl_loss,49.87126159667969
7750,kl_loss_0,4.8806257247924805
7750,kl_loss_1,4.620328903198242
7750,kl_loss_2,4.664334297180176
7750,kl_loss_3,4.664331436157227
7750,kl_loss_4,6.537047863006592
7750,kl_loss_5,9.00599193572998
7750,kl_loss_6,4.743528842926025
7750,kl_loss_7,4.642575740814209
7750,kl_loss_8,6.112496852874756
7750,loss,564.5953979492188
7800,recon_loss,337.7422180175781
7800,kl_loss,49.93996047973633
7800,kl_loss_0,4.884532928466797
7800,kl_loss_1,4.624548435211182
7800,kl_loss_2,4.670405387878418
7800,kl_loss_3,4.663524150848389
7800,kl_loss_4,6.546284198760986
7800,kl_loss_5,9.0130033493042
7800,kl_loss_6,4.755058765411377
7800,kl_loss_7,4.649636268615723
7800,kl_loss_8,6.132967948913574
7800,loss,545.6170654296875
7850,recon_loss,341.9027099609375
7850,kl_loss,49.32048416137695
7850,kl_loss_0,4.83147668838501
7850,kl_loss_1,4.576725482940674
7850,kl_loss_2,4.626263618469238
7850,kl_loss_3,4.607766628265381
7850,kl_loss_4,6.454206466674805
7850,kl_loss_5,8.867323875427246
7850,kl_loss_6,4.709333896636963
7850,kl_loss_7,4.598679065704346
7850,kl_loss_8,6.0487060546875
7850,loss,573.5393676757812
7900,recon_loss,451.4134521484375
7900,kl_loss,48.45073699951172
7900,kl_loss_0,4.76400089263916
7900,kl_loss_1,4.521356582641602
7900,kl_loss_2,4.5601701736450195
7900,kl_loss_3,4.544805526733398
7900,kl_loss_4,6.314840316772461
7900,kl_loss_5,8.635092735290527
7900,kl_loss_6,4.644484519958496
7900,kl_loss_7,4.541558265686035
7900,kl_loss_8,5.924426078796387
7900,loss,665.5348510742188
7950,recon_loss,371.1827392578125
7950,kl_loss,49.37570571899414
7950,kl_loss_0,4.852627754211426
7950,kl_loss_1,4.601127624511719
7950,kl_loss_2,4.639561176300049
7950,kl_loss_3,4.615077018737793
7950,kl_loss_4,6.460007190704346
7950,kl_loss_5,8.828397750854492
7950,kl_loss_6,4.722844123840332
7950,kl_loss_7,4.615785121917725
7950,kl_loss_8,6.040283203125
7950,loss,573.7529907226562
8000,recon_loss,380.6755065917969
8000,kl_loss,49.28784942626953
8000,kl_loss_0,4.846731185913086
8000,kl_loss_1,4.607599258422852
8000,kl_loss_2,4.639849662780762
8000,kl_loss_3,4.623404026031494
8000,kl_loss_4,6.427450180053711
8000,kl_loss_5,8.7904634475708
8000,kl_loss_6,4.7267746925354
8000,kl_loss_7,4.604352951049805
8000,kl_loss_8,6.02122688293457
8000,loss,594.84033203125
8050,recon_loss,440.91143798828125
8050,kl_loss,49.069942474365234
8050,kl_loss_0,4.830351829528809
8050,kl_loss_1,4.581862926483154
8050,kl_loss_2,4.616816997528076
8050,kl_loss_3,4.618986129760742
8050,kl_loss_4,6.38677978515625
8050,kl_loss_5,8.732911109924316
8050,kl_loss_6,4.719669818878174
8050,kl_loss_7,4.609070301055908
8050,kl_loss_8,5.973493576049805
8050,loss,651.6907958984375
8100,recon_loss,353.48760986328125
8100,kl_loss,48.999549865722656
8100,kl_loss_0,4.824532985687256
8100,kl_loss_1,4.580684185028076
8100,kl_loss_2,4.622152805328369
8100,kl_loss_3,4.615703582763672
8100,kl_loss_4,6.381190776824951
8100,kl_loss_5,8.694380760192871
8100,kl_loss_6,4.711772918701172
8100,kl_loss_7,4.606176853179932
8100,kl_loss_8,5.962952136993408
8100,loss,565.7996826171875
8150,recon_loss,324.338623046875
8150,kl_loss,49.16666793823242
8150,kl_loss_0,4.853281497955322
8150,kl_loss_1,4.597193717956543
8150,kl_loss_2,4.6455183029174805
8150,kl_loss_3,4.6268415451049805
8150,kl_loss_4,6.405544281005859
8150,kl_loss_5,8.702836036682129
8150,kl_loss_6,4.72642183303833
8150,kl_loss_7,4.627142906188965
8150,kl_loss_8,5.981888294219971
8150,loss,530.9895629882812
8200,recon_loss,350.7068786621094
8200,kl_loss,48.94607925415039
8200,kl_loss_0,4.840737342834473
8200,kl_loss_1,4.6054158210754395
8200,kl_loss_2,4.6505208015441895
8200,kl_loss_3,4.619964122772217
8200,kl_loss_4,6.332681655883789
8200,kl_loss_5,8.610027313232422
8200,kl_loss_6,4.715113162994385
8200,kl_loss_7,4.631524562835693
8200,kl_loss_8,5.940095901489258
8200,loss,552.4923706054688
8250,recon_loss,329.6786804199219
8250,kl_loss,48.946815490722656
8250,kl_loss_0,4.829890727996826
8250,kl_loss_1,4.602602005004883
8250,kl_loss_2,4.642215728759766
8250,kl_loss_3,4.626368999481201
8250,kl_loss_4,6.355583667755127
8250,kl_loss_5,8.599340438842773
8250,kl_loss_6,4.714179039001465
8250,kl_loss_7,4.631990432739258
8250,kl_loss_8,5.944647789001465
8250,loss,531.043212890625
8300,recon_loss,359.872314453125
8300,kl_loss,48.41532897949219
8300,kl_loss_0,4.782268047332764
8300,kl_loss_1,4.556093215942383
8300,kl_loss_2,4.599458694458008
8300,kl_loss_3,4.583413600921631
8300,kl_loss_4,6.257046699523926
8300,kl_loss_5,8.469840049743652
8300,kl_loss_6,4.6807966232299805
8300,kl_loss_7,4.590319633483887
8300,kl_loss_8,5.896090030670166
8300,loss,628.9334716796875
8350,recon_loss,332.3685302734375
8350,kl_loss,48.70074462890625
8350,kl_loss_0,4.834155559539795
8350,kl_loss_1,4.59056282043457
8350,kl_loss_2,4.6405510902404785
8350,kl_loss_3,4.624256134033203
8350,kl_loss_4,6.30142879486084
8350,kl_loss_5,8.479903221130371
8350,kl_loss_6,4.708491325378418
8350,kl_loss_7,4.618253707885742
8350,kl_loss_8,5.903138637542725
8350,loss,548.631591796875
8400,recon_loss,424.2667541503906
8400,kl_loss,48.32159423828125
8400,kl_loss_0,4.80865478515625
8400,kl_loss_1,4.5601887702941895
8400,kl_loss_2,4.612686634063721
8400,kl_loss_3,4.58148717880249
8400,kl_loss_4,6.237525463104248
8400,kl_loss_5,8.380426406860352
8400,kl_loss_6,4.681720733642578
8400,kl_loss_7,4.585817813873291
8400,kl_loss_8,5.873083114624023
8400,loss,626.3916015625
8450,recon_loss,347.6982727050781
8450,kl_loss,48.50644302368164
8450,kl_loss_0,4.831133842468262
8450,kl_loss_1,4.583621978759766
8450,kl_loss_2,4.631468296051025
8450,kl_loss_3,4.592258453369141
8450,kl_loss_4,6.243532657623291
8450,kl_loss_5,8.401740074157715
8450,kl_loss_6,4.715921878814697
8450,kl_loss_7,4.61453104019165
8450,kl_loss_8,5.892233848571777
8450,loss,554.3280639648438
8500,recon_loss,450.1858215332031
8500,kl_loss,47.66930389404297
8500,kl_loss_0,4.74445915222168
8500,kl_loss_1,4.51671028137207
8500,kl_loss_2,4.575811386108398
8500,kl_loss_3,4.536832332611084
8500,kl_loss_4,6.137820243835449
8500,kl_loss_5,8.185446739196777
8500,kl_loss_6,4.6419806480407715
8500,kl_loss_7,4.555925369262695
8500,kl_loss_8,5.774316787719727
8500,loss,669.7947998046875
8550,recon_loss,396.84552001953125
8550,kl_loss,48.519676208496094
8550,kl_loss_0,4.826568603515625
8550,kl_loss_1,4.601543426513672
8550,kl_loss_2,4.654031753540039
8550,kl_loss_3,4.607142925262451
8550,kl_loss_4,6.239288330078125
8550,kl_loss_5,8.370406150817871
8550,kl_loss_6,4.7130231857299805
8550,kl_loss_7,4.6267218589782715
8550,kl_loss_8,5.880948066711426
8550,loss,599.3951416015625
8600,recon_loss,411.2790222167969
8600,kl_loss,47.87761306762695
8600,kl_loss_0,4.793938159942627
8600,kl_loss_1,4.569666862487793
8600,kl_loss_2,4.604050159454346
8600,kl_loss_3,4.579321384429932
8600,kl_loss_4,6.122665882110596
8600,kl_loss_5,8.152470588684082
8600,kl_loss_6,4.670897006988525
8600,kl_loss_7,4.607212543487549
8600,kl_loss_8,5.7773919105529785
8600,loss,608.23046875
8650,recon_loss,533.16162109375
8650,kl_loss,48.234580993652344
8650,kl_loss_0,4.814709186553955
8650,kl_loss_1,4.583803176879883
8650,kl_loss_2,4.6211042404174805
8650,kl_loss_3,4.6093244552612305
8650,kl_loss_4,6.200836181640625
8650,kl_loss_5,8.243313789367676
8650,kl_loss_6,4.70116662979126
8650,kl_loss_7,4.628870010375977
8650,kl_loss_8,5.83144998550415
8650,loss,730.4456787109375
8700,recon_loss,323.7190246582031
8700,kl_loss,47.86981201171875
8700,kl_loss_0,4.78922176361084
8700,kl_loss_1,4.562020778656006
8700,kl_loss_2,4.591995716094971
8700,kl_loss_3,4.577887535095215
8700,kl_loss_4,6.161456108093262
8700,kl_loss_5,8.140434265136719
8700,kl_loss_6,4.676530838012695
8700,kl_loss_7,4.609441757202148
8700,kl_loss_8,5.760822772979736
8700,loss,517.6385498046875
8750,recon_loss,399.21661376953125
8750,kl_loss,47.79462814331055
8750,kl_loss_0,4.784388065338135
8750,kl_loss_1,4.559507369995117
8750,kl_loss_2,4.592067241668701
8750,kl_loss_3,4.561635971069336
8750,kl_loss_4,6.1372222900390625
8750,kl_loss_5,8.12962818145752
8750,kl_loss_6,4.678196907043457
8750,kl_loss_7,4.592770099639893
8750,kl_loss_8,5.759213447570801
8750,loss,596.616455078125
8800,recon_loss,1086.0093994140625
8800,kl_loss,47.577693939208984
8800,kl_loss_0,4.765939712524414
8800,kl_loss_1,4.538987636566162
8800,kl_loss_2,4.5692338943481445
8800,kl_loss_3,4.5476250648498535
8800,kl_loss_4,6.101411819458008
8800,kl_loss_5,8.088571548461914
8800,kl_loss_6,4.660099029541016
8800,kl_loss_7,4.568075656890869
8800,kl_loss_8,5.737749099731445
8800,loss,1280.076416015625
8850,recon_loss,308.0850524902344
8850,kl_loss,47.98872756958008
8850,kl_loss_0,4.814294815063477
8850,kl_loss_1,4.592318058013916
8850,kl_loss_2,4.61323356628418
8850,kl_loss_3,4.608093738555908
8850,kl_loss_4,6.1184163093566895
8850,kl_loss_5,8.114583969116211
8850,kl_loss_6,4.701078414916992
8850,kl_loss_7,4.610898017883301
8850,kl_loss_8,5.815815448760986
8850,loss,535.058349609375
8900,recon_loss,339.6905517578125
8900,kl_loss,47.70676040649414
8900,kl_loss_0,4.774340629577637
8900,kl_loss_1,4.570181369781494
8900,kl_loss_2,4.593389511108398
8900,kl_loss_3,4.57505989074707
8900,kl_loss_4,6.077315807342529
8900,kl_loss_5,8.083606719970703
8900,kl_loss_6,4.682640552520752
8900,kl_loss_7,4.582517147064209
8900,kl_loss_8,5.767712593078613
8900,loss,535.0791625976562
8950,recon_loss,677.4221801757812
8950,kl_loss,46.62289810180664
8950,kl_loss_0,4.692561149597168
8950,kl_loss_1,4.499639987945557
8950,kl_loss_2,4.5118560791015625
8950,kl_loss_3,4.498963832855225
8950,kl_loss_4,5.932693004608154
8950,kl_loss_5,7.764564037322998
8950,kl_loss_6,4.605751991271973
8950,kl_loss_7,4.5172905921936035
8950,kl_loss_8,5.599576473236084
8950,loss,871.1803588867188
9000,recon_loss,288.0604248046875
9000,kl_loss,47.83143615722656
9000,kl_loss_0,4.813750743865967
9000,kl_loss_1,4.609773635864258
9000,kl_loss_2,4.606077194213867
9000,kl_loss_3,4.594282150268555
9000,kl_loss_4,6.122194290161133
9000,kl_loss_5,8.008055686950684
9000,kl_loss_6,4.712096214294434
9000,kl_loss_7,4.6129889488220215
9000,kl_loss_8,5.752218246459961
9000,loss,508.6454772949219
9050,recon_loss,498.0535888671875
9050,kl_loss,47.310203552246094
9050,kl_loss_0,4.772711753845215
9050,kl_loss_1,4.564145565032959
9050,kl_loss_2,4.57416296005249
9050,kl_loss_3,4.544702053070068
9050,kl_loss_4,6.034260272979736
9050,kl_loss_5,7.888788223266602
9050,kl_loss_6,4.667522430419922
9050,kl_loss_7,4.569629669189453
9050,kl_loss_8,5.694278717041016
9050,loss,732.0814208984375
9100,recon_loss,294.8384094238281
9100,kl_loss,48.02241897583008
9100,kl_loss_0,4.836623668670654
9100,kl_loss_1,4.639832973480225
9100,kl_loss_2,4.648889064788818
9100,kl_loss_3,4.604785442352295
9100,kl_loss_4,6.119433403015137
9100,kl_loss_5,8.017058372497559
9100,kl_loss_6,4.740077495574951
9100,kl_loss_7,4.633854389190674
9100,kl_loss_8,5.7818603515625
9100,loss,488.77197265625
9150,recon_loss,304.3521728515625
9150,kl_loss,47.31500244140625
9150,kl_loss_0,4.787081718444824
9150,kl_loss_1,4.589194297790527
9150,kl_loss_2,4.595921039581299
9150,kl_loss_3,4.573028564453125
9150,kl_loss_4,6.022388935089111
9150,kl_loss_5,7.823085784912109
9150,kl_loss_6,4.665424346923828
9150,kl_loss_7,4.597959518432617
9150,kl_loss_8,5.660919666290283
9150,loss,497.2873840332031
9200,recon_loss,278.5585021972656
9200,kl_loss,47.66632843017578
9200,kl_loss_0,4.802170276641846
9200,kl_loss_1,4.608400344848633
9200,kl_loss_2,4.614665985107422
9200,kl_loss_3,4.594491958618164
9200,kl_loss_4,6.083716869354248
9200,kl_loss_5,7.925623893737793
9200,kl_loss_6,4.698088645935059
9200,kl_loss_7,4.618962287902832
9200,kl_loss_8,5.720206260681152
9200,loss,483.27801513671875
9250,recon_loss,288.5874938964844
9250,kl_loss,47.10062789916992
9250,kl_loss_0,4.759249687194824
9250,kl_loss_1,4.558897018432617
9250,kl_loss_2,4.572529315948486
9250,kl_loss_3,4.5636982917785645
9250,kl_loss_4,5.982743740081787
9250,kl_loss_5,7.775996208190918
9250,kl_loss_6,4.654909133911133
9250,kl_loss_7,4.575328826904297
9250,kl_loss_8,5.657276630401611
9250,loss,556.6942749023438
9300,recon_loss,301.2576904296875
9300,kl_loss,47.62864303588867
9300,kl_loss_0,4.805715560913086
9300,kl_loss_1,4.602914810180664
9300,kl_loss_2,4.628329277038574
9300,kl_loss_3,4.607820510864258
9300,kl_loss_4,6.041882514953613
9300,kl_loss_5,7.879226207733154
9300,kl_loss_6,4.710320949554443
9300,kl_loss_7,4.629151821136475
9300,kl_loss_8,5.723281383514404
9300,loss,541.9598388671875
9350,recon_loss,289.1700134277344
9350,kl_loss,47.43247985839844
9350,kl_loss_0,4.775686264038086
9350,kl_loss_1,4.590225696563721
9350,kl_loss_2,4.6358442306518555
9350,kl_loss_3,4.603293418884277
9350,kl_loss_4,6.011223316192627
9350,kl_loss_5,7.809165000915527
9350,kl_loss_6,4.702478408813477
9350,kl_loss_7,4.62641716003418
9350,kl_loss_8,5.678144454956055
9350,loss,486.3831481933594
9400,recon_loss,280.9798278808594
9400,kl_loss,47.744384765625
9400,kl_loss_0,4.7919230461120605
9400,kl_loss_1,4.614002704620361
9400,kl_loss_2,4.662013530731201
9400,kl_loss_3,4.628596305847168
9400,kl_loss_4,6.083175182342529
9400,kl_loss_5,7.850327014923096
9400,kl_loss_6,4.730551242828369
9400,kl_loss_7,4.642931938171387
9400,kl_loss_8,5.740860462188721
9400,loss,499.7967224121094
9450,recon_loss,333.2309265136719
9450,kl_loss,47.33952331542969
9450,kl_loss_0,4.767317295074463
9450,kl_loss_1,4.583050727844238
9450,kl_loss_2,4.635948657989502
9450,kl_loss_3,4.584774971008301
9450,kl_loss_4,6.009626388549805
9450,kl_loss_5,7.7472147941589355
9450,kl_loss_6,4.705358982086182
9450,kl_loss_7,4.608869552612305
9450,kl_loss_8,5.697364330291748
9450,loss,537.608642578125
9500,recon_loss,271.07470703125
9500,kl_loss,47.53512954711914
9500,kl_loss_0,4.794223785400391
9500,kl_loss_1,4.6133012771606445
9500,kl_loss_2,4.661889553070068
9500,kl_loss_3,4.613035678863525
9500,kl_loss_4,6.014683246612549
9500,kl_loss_5,7.765393257141113
9500,kl_loss_6,4.726755619049072
9500,kl_loss_7,4.644293308258057
9500,kl_loss_8,5.701552867889404
9500,loss,469.307861328125
9550,recon_loss,261.5639343261719
9550,kl_loss,47.62667465209961
9550,kl_loss_0,4.813687801361084
9550,kl_loss_1,4.620125770568848
9550,kl_loss_2,4.668976306915283
9550,kl_loss_3,4.6130852699279785
9550,kl_loss_4,6.0395355224609375
9550,kl_loss_5,7.763814926147461
9550,kl_loss_6,4.731605529785156
9550,kl_loss_7,4.656383514404297
9550,kl_loss_8,5.719461441040039
9550,loss,454.271240234375
9600,recon_loss,286.6495666503906
9600,kl_loss,47.009521484375
9600,kl_loss_0,4.771306037902832
9600,kl_loss_1,4.5736799240112305
9600,kl_loss_2,4.623093605041504
9600,kl_loss_3,4.555620193481445
9600,kl_loss_4,5.961637496948242
9600,kl_loss_5,7.575057506561279
9600,kl_loss_6,4.695986747741699
9600,kl_loss_7,4.620563507080078
9600,kl_loss_8,5.6325764656066895
9600,loss,492.5671691894531
9650,recon_loss,295.2904968261719
9650,kl_loss,46.38709259033203
9650,kl_loss_0,4.710163593292236
9650,kl_loss_1,4.529119968414307
9650,kl_loss_2,4.573399066925049
9650,kl_loss_3,4.501220703125
9650,kl_loss_4,5.858321666717529
9650,kl_loss_5,7.485167026519775
9650,kl_loss_6,4.643556594848633
9650,kl_loss_7,4.54475212097168
9650,kl_loss_8,5.541388988494873
9650,loss,505.0331115722656
9700,recon_loss,343.7103271484375
9700,kl_loss,46.926239013671875
9700,kl_loss_0,4.762004852294922
9700,kl_loss_1,4.589130401611328
9700,kl_loss_2,4.617849349975586
9700,kl_loss_3,4.5468430519104
9700,kl_loss_4,5.9171142578125
9700,kl_loss_5,7.572385311126709
9700,kl_loss_6,4.69883918762207
9700,kl_loss_7,4.596823692321777
9700,kl_loss_8,5.625246524810791
9700,loss,538.525390625
9750,recon_loss,429.3126220703125
9750,kl_loss,46.849815368652344
9750,kl_loss_0,4.754526138305664
9750,kl_loss_1,4.5904741287231445
9750,kl_loss_2,4.614623546600342
9750,kl_loss_3,4.557082653045654
9750,kl_loss_4,5.893918991088867
9750,kl_loss_5,7.53494119644165
9750,kl_loss_6,4.6967034339904785
9750,kl_loss_7,4.6017913818359375
9750,kl_loss_8,5.605750560760498
9750,loss,690.3114013671875
9800,recon_loss,285.5066833496094
9800,kl_loss,47.01382064819336
9800,kl_loss_0,4.780977249145508
9800,kl_loss_1,4.603372097015381
9800,kl_loss_2,4.631241798400879
9800,kl_loss_3,4.604673385620117
9800,kl_loss_4,5.916622161865234
9800,kl_loss_5,7.5226149559021
9800,kl_loss_6,4.712599277496338
9800,kl_loss_7,4.606922149658203
9800,kl_loss_8,5.634796142578125
9800,loss,476.76904296875
9850,recon_loss,271.1854248046875
9850,kl_loss,47.08916091918945
9850,kl_loss_0,4.79157829284668
9850,kl_loss_1,4.610604763031006
9850,kl_loss_2,4.632734298706055
9850,kl_loss_3,4.597773551940918
9850,kl_loss_4,5.916140079498291
9850,kl_loss_5,7.558905124664307
9850,kl_loss_6,4.727798938751221
9850,kl_loss_7,4.631285667419434
9850,kl_loss_8,5.622341156005859
9850,loss,462.815185546875
9900,recon_loss,261.0668029785156
9900,kl_loss,46.86231994628906
9900,kl_loss_0,4.762815952301025
9900,kl_loss_1,4.602470397949219
9900,kl_loss_2,4.616359710693359
9900,kl_loss_3,4.5811567306518555
9900,kl_loss_4,5.890892505645752
9900,kl_loss_5,7.499504566192627
9900,kl_loss_6,4.705452919006348
9900,kl_loss_7,4.590336799621582
9900,kl_loss_8,5.613332748413086
9900,loss,457.9796447753906
9950,recon_loss,352.5595397949219
9950,kl_loss,46.62909698486328
9950,kl_loss_0,4.749117851257324
9950,kl_loss_1,4.597503662109375
9950,kl_loss_2,4.59853982925415
9950,kl_loss_3,4.555151462554932
9950,kl_loss_4,5.839359283447266
9950,kl_loss_5,7.464396953582764
9950,kl_loss_6,4.685878753662109
9950,kl_loss_7,4.579659938812256
9950,kl_loss_8,5.559493541717529
9950,loss,582.89013671875
