Epoch,Loss,Value
0,recon_loss,549494.0
0,kl_loss,2.540182590484619
0,kl_loss_0,0.580802857875824
0,kl_loss_1,0.035455573350191116
0,kl_loss_2,0.1683872640132904
0,kl_loss_3,0.7677953839302063
0,kl_loss_4,0.05900200828909874
0,kl_loss_5,0.6196349859237671
0,kl_loss_6,0.16858425736427307
0,kl_loss_7,0.014442534185945988
0,kl_loss_8,0.1260775625705719
0,loss,549504.1875
50,recon_loss,212900.625
50,kl_loss,224.84320068359375
50,kl_loss_0,3.8445568084716797
50,kl_loss_1,61.795169830322266
50,kl_loss_2,69.1406021118164
50,kl_loss_3,9.757116317749023
50,kl_loss_4,33.47991180419922
50,kl_loss_5,9.258851051330566
50,kl_loss_6,18.8021183013916
50,kl_loss_7,4.053312301635742
50,kl_loss_8,14.711568832397461
50,loss,213800.0
100,recon_loss,72337.1640625
100,kl_loss,157.20648193359375
100,kl_loss_0,2.3620359897613525
100,kl_loss_1,38.844722747802734
100,kl_loss_2,37.425750732421875
100,kl_loss_3,10.809898376464844
100,kl_loss_4,19.970012664794922
100,kl_loss_5,13.3361234664917
100,kl_loss_6,13.993592262268066
100,kl_loss_7,3.408392906188965
100,kl_loss_8,17.05596923828125
100,loss,72965.9921875
150,recon_loss,56592.8515625
150,kl_loss,108.97557830810547
150,kl_loss_0,2.064591646194458
150,kl_loss_1,24.106660842895508
150,kl_loss_2,22.81832504272461
150,kl_loss_3,7.712404727935791
150,kl_loss_4,11.103080749511719
150,kl_loss_5,13.431842803955078
150,kl_loss_6,9.073322296142578
150,kl_loss_7,3.2245070934295654
150,kl_loss_8,15.440844535827637
150,loss,57028.75390625
200,recon_loss,51867.67578125
200,kl_loss,87.39879608154297
200,kl_loss_0,2.139594316482544
200,kl_loss_1,17.105152130126953
200,kl_loss_2,15.594141006469727
200,kl_loss_3,6.135456562042236
200,kl_loss_4,7.218518257141113
200,kl_loss_5,12.962733268737793
200,kl_loss_6,7.82354736328125
200,kl_loss_7,3.304729700088501
200,kl_loss_8,15.1149263381958
200,loss,52217.26953125
250,recon_loss,49578.85546875
250,kl_loss,75.76138305664062
250,kl_loss_0,2.3327770233154297
250,kl_loss_1,14.34600830078125
250,kl_loss_2,11.454201698303223
250,kl_loss_3,5.33441162109375
250,kl_loss_4,5.5523505210876465
250,kl_loss_5,12.4112548828125
250,kl_loss_6,7.162737846374512
250,kl_loss_7,3.8488452434539795
250,kl_loss_8,13.318796157836914
250,loss,49881.90234375
300,recon_loss,47932.48828125
300,kl_loss,67.0315170288086
300,kl_loss_0,2.6587700843811035
300,kl_loss_1,12.211129188537598
300,kl_loss_2,9.027539253234863
300,kl_loss_3,4.69944429397583
300,kl_loss_4,4.869370460510254
300,kl_loss_5,11.239814758300781
300,kl_loss_6,6.629922389984131
300,kl_loss_7,4.1816205978393555
300,kl_loss_8,11.513910293579102
300,loss,48200.61328125
350,recon_loss,45886.859375
350,kl_loss,68.10050964355469
350,kl_loss_0,3.216111421585083
350,kl_loss_1,11.310407638549805
350,kl_loss_2,8.357876777648926
350,kl_loss_3,4.92567253112793
350,kl_loss_4,4.707566738128662
350,kl_loss_5,11.317834854125977
350,kl_loss_6,7.0812458992004395
350,kl_loss_7,4.910257339477539
350,kl_loss_8,12.273545265197754
350,loss,46159.26171875
400,recon_loss,41528.8671875
400,kl_loss,73.45755767822266
400,kl_loss_0,4.342471122741699
400,kl_loss_1,11.376357078552246
400,kl_loss_2,8.857370376586914
400,kl_loss_3,5.588345527648926
400,kl_loss_4,4.861786365509033
400,kl_loss_5,11.555668830871582
400,kl_loss_6,7.137716770172119
400,kl_loss_7,5.866154670715332
400,kl_loss_8,13.871686935424805
400,loss,41822.69921875
450,recon_loss,28757.392578125
450,kl_loss,79.70491790771484
450,kl_loss_0,6.137567043304443
450,kl_loss_1,10.023630142211914
450,kl_loss_2,7.365626811981201
450,kl_loss_3,6.922309398651123
450,kl_loss_4,4.733022689819336
450,kl_loss_5,13.256669998168945
450,kl_loss_6,7.760919094085693
450,kl_loss_7,7.166691780090332
450,kl_loss_8,16.338481903076172
450,loss,29076.212890625
500,recon_loss,19964.57421875
500,kl_loss,69.41793823242188
500,kl_loss_0,5.901742935180664
500,kl_loss_1,7.923004150390625
500,kl_loss_2,7.105581760406494
500,kl_loss_3,6.295331954956055
500,kl_loss_4,4.5810322761535645
500,kl_loss_5,11.401013374328613
500,kl_loss_6,6.794414043426514
500,kl_loss_7,6.5290913581848145
500,kl_loss_8,12.886726379394531
500,loss,20242.24609375
550,recon_loss,14245.13671875
550,kl_loss,67.67227935791016
550,kl_loss_0,5.814107894897461
550,kl_loss_1,8.112576484680176
550,kl_loss_2,6.847024917602539
550,kl_loss_3,6.276723861694336
550,kl_loss_4,4.449226379394531
550,kl_loss_5,10.163857460021973
550,kl_loss_6,7.290114879608154
550,kl_loss_7,6.59377908706665
550,kl_loss_8,12.124865531921387
550,loss,14515.826171875
600,recon_loss,12774.755859375
600,kl_loss,67.91283416748047
600,kl_loss_0,5.950074672698975
600,kl_loss_1,8.010018348693848
600,kl_loss_2,6.8658976554870605
600,kl_loss_3,6.28877067565918
600,kl_loss_4,4.581119537353516
600,kl_loss_5,9.96822738647461
600,kl_loss_6,7.180546760559082
600,kl_loss_7,6.701486110687256
600,kl_loss_8,12.366689682006836
600,loss,13046.4072265625
650,recon_loss,9394.24609375
650,kl_loss,68.54682922363281
650,kl_loss_0,6.212502956390381
650,kl_loss_1,7.45144510269165
650,kl_loss_2,7.101203441619873
650,kl_loss_3,6.198930263519287
650,kl_loss_4,4.6978960037231445
650,kl_loss_5,9.82397174835205
650,kl_loss_6,7.588305473327637
650,kl_loss_7,7.099977970123291
650,kl_loss_8,12.372598648071289
650,loss,9668.43359375
700,recon_loss,7419.6201171875
700,kl_loss,67.95761108398438
700,kl_loss_0,5.9846930503845215
700,kl_loss_1,7.492161273956299
700,kl_loss_2,6.981502532958984
700,kl_loss_3,6.343757152557373
700,kl_loss_4,4.740567684173584
700,kl_loss_5,9.638026237487793
700,kl_loss_6,7.5177812576293945
700,kl_loss_7,7.112279891967773
700,kl_loss_8,12.146845817565918
700,loss,7691.45068359375
750,recon_loss,6051.6650390625
750,kl_loss,66.59124755859375
750,kl_loss_0,5.99862003326416
750,kl_loss_1,7.077056884765625
750,kl_loss_2,6.834493637084961
750,kl_loss_3,6.2753448486328125
750,kl_loss_4,4.727398872375488
750,kl_loss_5,9.273821830749512
750,kl_loss_6,7.470843315124512
750,kl_loss_7,7.018700122833252
750,kl_loss_8,11.914966583251953
750,loss,6318.0302734375
800,recon_loss,5071.169921875
800,kl_loss,64.92167663574219
800,kl_loss_0,5.822585582733154
800,kl_loss_1,6.941915512084961
800,kl_loss_2,6.6199822425842285
800,kl_loss_3,6.144350051879883
800,kl_loss_4,4.670558929443359
800,kl_loss_5,8.977785110473633
800,kl_loss_6,7.247591495513916
800,kl_loss_7,6.873897552490234
800,kl_loss_8,11.623008728027344
800,loss,5330.8564453125
850,recon_loss,4580.95556640625
850,kl_loss,63.363197326660156
850,kl_loss_0,5.780920505523682
850,kl_loss_1,6.826545238494873
850,kl_loss_2,6.426517486572266
850,kl_loss_3,5.975175380706787
850,kl_loss_4,4.6540141105651855
850,kl_loss_5,8.807881355285645
850,kl_loss_6,6.979382514953613
850,kl_loss_7,6.688608169555664
850,kl_loss_8,11.224150657653809
850,loss,4834.408203125
900,recon_loss,4361.85791015625
900,kl_loss,61.24177932739258
900,kl_loss_0,5.701208591461182
900,kl_loss_1,6.488748073577881
900,kl_loss_2,6.168886184692383
900,kl_loss_3,5.79080057144165
900,kl_loss_4,4.589078426361084
900,kl_loss_5,8.427331924438477
900,kl_loss_6,6.824868679046631
900,kl_loss_7,6.507237434387207
900,kl_loss_8,10.743620872497559
900,loss,4606.8251953125
950,recon_loss,3543.81884765625
950,kl_loss,61.21211242675781
950,kl_loss_0,5.657985687255859
950,kl_loss_1,6.517551422119141
950,kl_loss_2,6.194965362548828
950,kl_loss_3,5.871159553527832
950,kl_loss_4,4.590641498565674
950,kl_loss_5,8.519774436950684
950,kl_loss_6,6.82443380355835
950,kl_loss_7,6.441678524017334
950,kl_loss_8,10.593923568725586
950,loss,3788.667236328125
Epoch,Loss,Value
0,recon_loss,547672.5625
0,kl_loss,4.228372097015381
0,kl_loss_0,0.45851820707321167
0,kl_loss_1,0.4332568645477295
0,kl_loss_2,0.20163720846176147
0,kl_loss_3,0.5946241021156311
0,kl_loss_4,0.5170965790748596
0,kl_loss_5,1.1723216772079468
0,kl_loss_6,0.2091550976037979
0,kl_loss_7,0.5655757784843445
0,kl_loss_8,0.07618682831525803
0,loss,547689.5
50,recon_loss,208319.09375
50,kl_loss,202.7170867919922
50,kl_loss_0,24.597440719604492
50,kl_loss_1,52.89617156982422
50,kl_loss_2,15.725820541381836
50,kl_loss_3,3.543959140777588
50,kl_loss_4,15.146895408630371
50,kl_loss_5,8.524950981140137
50,kl_loss_6,11.505385398864746
50,kl_loss_7,24.943998336791992
50,kl_loss_8,45.832462310791016
50,loss,209129.96875
100,recon_loss,73102.4140625
100,kl_loss,150.4255828857422
100,kl_loss_0,20.316503524780273
100,kl_loss_1,31.5214900970459
100,kl_loss_2,10.887664794921875
100,kl_loss_3,3.023958206176758
100,kl_loss_4,13.896379470825195
100,kl_loss_5,7.062543869018555
100,kl_loss_6,5.777988433837891
100,kl_loss_7,15.958470344543457
100,kl_loss_8,41.980594635009766
100,loss,73704.1171875
150,recon_loss,59138.05859375
150,kl_loss,112.39173889160156
150,kl_loss_0,16.25530433654785
150,kl_loss_1,22.115720748901367
150,kl_loss_2,9.302886009216309
150,kl_loss_3,2.47519588470459
150,kl_loss_4,8.728231430053711
150,kl_loss_5,5.245518684387207
150,kl_loss_6,3.929234504699707
150,kl_loss_7,12.116641998291016
150,kl_loss_8,32.22298812866211
150,loss,59587.625
200,recon_loss,54696.55078125
200,kl_loss,96.39700317382812
200,kl_loss_0,14.32604694366455
200,kl_loss_1,16.728885650634766
200,kl_loss_2,9.106208801269531
200,kl_loss_3,2.5234994888305664
200,kl_loss_4,6.5772504806518555
200,kl_loss_5,4.916601181030273
200,kl_loss_6,3.7743499279022217
200,kl_loss_7,10.543168067932129
200,kl_loss_8,27.900989532470703
200,loss,55082.140625
250,recon_loss,52110.82421875
250,kl_loss,83.96540069580078
250,kl_loss_0,12.443835258483887
250,kl_loss_1,12.166259765625
250,kl_loss_2,8.680291175842285
250,kl_loss_3,2.7032651901245117
250,kl_loss_4,6.297906398773193
250,kl_loss_5,4.651723384857178
250,kl_loss_6,3.3429088592529297
250,kl_loss_7,9.304434776306152
250,kl_loss_8,24.374767303466797
250,loss,52446.6875
300,recon_loss,48559.60546875
300,kl_loss,84.05908966064453
300,kl_loss_0,11.736689567565918
300,kl_loss_1,10.233454704284668
300,kl_loss_2,9.980146408081055
300,kl_loss_3,3.762343406677246
300,kl_loss_4,6.396826267242432
300,kl_loss_5,5.550235748291016
300,kl_loss_6,4.502426624298096
300,kl_loss_7,9.128318786621094
300,kl_loss_8,22.768644332885742
300,loss,48895.84375
350,recon_loss,38108.609375
350,kl_loss,85.70611572265625
350,kl_loss_0,12.567087173461914
350,kl_loss_1,10.302414894104004
350,kl_loss_2,10.58192253112793
350,kl_loss_3,5.364487171173096
350,kl_loss_4,7.798557281494141
350,kl_loss_5,6.382028579711914
350,kl_loss_6,6.155843734741211
350,kl_loss_7,7.7719855308532715
350,kl_loss_8,18.781787872314453
350,loss,38451.43359375
400,recon_loss,20967.3828125
400,kl_loss,91.2562255859375
400,kl_loss_0,12.314306259155273
400,kl_loss_1,10.856205940246582
400,kl_loss_2,12.142485618591309
400,kl_loss_3,5.912196159362793
400,kl_loss_4,8.816728591918945
400,kl_loss_5,6.230747699737549
400,kl_loss_6,7.427699565887451
400,kl_loss_7,7.279557704925537
400,kl_loss_8,20.27630043029785
400,loss,21332.408203125
450,recon_loss,14981.72265625
450,kl_loss,84.83490753173828
450,kl_loss_0,11.242366790771484
450,kl_loss_1,10.300551414489746
450,kl_loss_2,10.84869384765625
450,kl_loss_3,5.3934502601623535
450,kl_loss_4,8.637248039245605
450,kl_loss_5,6.0631422996521
450,kl_loss_6,7.180150032043457
450,kl_loss_7,7.164231777191162
450,kl_loss_8,18.00507354736328
450,loss,15321.0625
500,recon_loss,12332.6748046875
500,kl_loss,80.60957336425781
500,kl_loss_0,10.550334930419922
500,kl_loss_1,9.65402889251709
500,kl_loss_2,10.34333610534668
500,kl_loss_3,5.291348934173584
500,kl_loss_4,8.065467834472656
500,kl_loss_5,5.716838359832764
500,kl_loss_6,7.0231828689575195
500,kl_loss_7,7.10687255859375
500,kl_loss_8,16.85816192626953
500,loss,12655.11328125
550,recon_loss,10768.4375
550,kl_loss,78.6534194946289
550,kl_loss_0,10.293830871582031
550,kl_loss_1,9.397759437561035
550,kl_loss_2,10.111126899719238
550,kl_loss_3,5.163557052612305
550,kl_loss_4,7.871246814727783
550,kl_loss_5,5.866556167602539
550,kl_loss_6,6.9234089851379395
550,kl_loss_7,6.804466724395752
550,kl_loss_8,16.221473693847656
550,loss,11083.05078125
600,recon_loss,9389.2080078125
600,kl_loss,76.59876251220703
600,kl_loss_0,10.1975736618042
600,kl_loss_1,9.074836730957031
600,kl_loss_2,9.653497695922852
600,kl_loss_3,5.157632827758789
600,kl_loss_4,7.641478061676025
600,kl_loss_5,5.813715934753418
600,kl_loss_6,6.9565911293029785
600,kl_loss_7,6.798524856567383
600,kl_loss_8,15.304909706115723
600,loss,9695.603515625
650,recon_loss,8426.607421875
650,kl_loss,76.27458953857422
650,kl_loss_0,10.199743270874023
650,kl_loss_1,8.791089057922363
650,kl_loss_2,9.583277702331543
650,kl_loss_3,5.175960540771484
650,kl_loss_4,7.623842239379883
650,kl_loss_5,5.786448955535889
650,kl_loss_6,7.086912155151367
650,kl_loss_7,6.874566078186035
650,kl_loss_8,15.152750015258789
650,loss,8731.7060546875
700,recon_loss,7385.92431640625
700,kl_loss,75.42842864990234
700,kl_loss_0,9.975488662719727
700,kl_loss_1,8.594030380249023
700,kl_loss_2,9.643718719482422
700,kl_loss_3,5.174028396606445
700,kl_loss_4,7.6189470291137695
700,kl_loss_5,5.654472827911377
700,kl_loss_6,7.039626598358154
700,kl_loss_7,6.858884334564209
700,kl_loss_8,14.869235038757324
700,loss,7687.63818359375
750,recon_loss,6566.5439453125
750,kl_loss,72.77601623535156
750,kl_loss_0,9.653919219970703
750,kl_loss_1,8.336231231689453
750,kl_loss_2,9.260357856750488
750,kl_loss_3,5.084607124328613
750,kl_loss_4,7.2881999015808105
750,kl_loss_5,5.617760181427002
750,kl_loss_6,6.800696849822998
750,kl_loss_7,6.661762714385986
750,kl_loss_8,14.072480201721191
750,loss,6857.64794921875
800,recon_loss,5770.9169921875
800,kl_loss,72.666259765625
800,kl_loss_0,9.580639839172363
800,kl_loss_1,8.463233947753906
800,kl_loss_2,9.131360054016113
800,kl_loss_3,5.089849472045898
800,kl_loss_4,7.254185676574707
800,kl_loss_5,5.690435409545898
800,kl_loss_6,6.962131977081299
800,kl_loss_7,6.536304950714111
800,kl_loss_8,13.958113670349121
800,loss,6061.58203125
850,recon_loss,5181.8408203125
850,kl_loss,71.50961303710938
850,kl_loss_0,9.414828300476074
850,kl_loss_1,8.347699165344238
850,kl_loss_2,8.967899322509766
850,kl_loss_3,5.058076858520508
850,kl_loss_4,7.220880508422852
850,kl_loss_5,5.63508415222168
850,kl_loss_6,6.851171970367432
850,kl_loss_7,6.501247406005859
850,kl_loss_8,13.512724876403809
850,loss,5467.87939453125
900,recon_loss,4785.60986328125
900,kl_loss,70.57796478271484
900,kl_loss_0,9.209654808044434
900,kl_loss_1,8.082942962646484
900,kl_loss_2,8.940396308898926
900,kl_loss_3,5.095646858215332
900,kl_loss_4,7.073713302612305
900,kl_loss_5,5.608941555023193
900,kl_loss_6,6.8473286628723145
900,kl_loss_7,6.546525955200195
900,kl_loss_8,13.17281723022461
900,loss,5067.921875
950,recon_loss,4205.7158203125
950,kl_loss,67.90565490722656
950,kl_loss_0,8.960254669189453
950,kl_loss_1,7.802340507507324
950,kl_loss_2,8.477108001708984
950,kl_loss_3,4.984452724456787
950,kl_loss_4,6.829251766204834
950,kl_loss_5,5.496578216552734
950,kl_loss_6,6.584316253662109
950,kl_loss_7,6.2875237464904785
950,kl_loss_8,12.483834266662598
950,loss,4477.33837890625
Epoch,Loss,Value
0,recon_loss,567234.8125
0,kl_loss,1.8626158237457275
0,kl_loss_0,0.2223508507013321
0,kl_loss_1,0.5208974480628967
0,kl_loss_2,0.014455735683441162
0,kl_loss_3,0.1323019415140152
0,kl_loss_4,0.2603624165058136
0,kl_loss_5,0.25226888060569763
0,kl_loss_6,0.10167160630226135
0,kl_loss_7,0.17214640974998474
0,kl_loss_8,0.18616047501564026
0,loss,567242.25
50,recon_loss,203431.90625
50,kl_loss,254.70579528808594
50,kl_loss_0,19.54399871826172
50,kl_loss_1,127.58866882324219
50,kl_loss_2,10.924455642700195
50,kl_loss_3,12.408669471740723
50,kl_loss_4,3.9760336875915527
50,kl_loss_5,59.68791580200195
50,kl_loss_6,3.126920461654663
50,kl_loss_7,3.5293843746185303
50,kl_loss_8,13.919744491577148
50,loss,204450.734375
100,recon_loss,95795.671875
100,kl_loss,159.57150268554688
100,kl_loss_0,4.598904132843018
100,kl_loss_1,92.22453308105469
100,kl_loss_2,12.78567886352539
100,kl_loss_3,6.325540065765381
100,kl_loss_4,2.0755724906921387
100,kl_loss_5,23.198583602905273
100,kl_loss_6,2.2839019298553467
100,kl_loss_7,2.085808753967285
100,kl_loss_8,13.992964744567871
100,loss,96433.9609375
150,recon_loss,82011.71875
150,kl_loss,113.6136474609375
150,kl_loss_0,3.0342307090759277
150,kl_loss_1,62.5981559753418
150,kl_loss_2,12.34244155883789
150,kl_loss_3,3.3877081871032715
150,kl_loss_4,2.4127562046051025
150,kl_loss_5,9.572854042053223
150,kl_loss_6,3.8227126598358154
150,kl_loss_7,1.7626076936721802
150,kl_loss_8,14.680176734924316
150,loss,82466.171875
200,recon_loss,74055.75
200,kl_loss,111.93536376953125
200,kl_loss_0,3.2076969146728516
200,kl_loss_1,54.34513854980469
200,kl_loss_2,15.113969802856445
200,kl_loss_3,3.1328110694885254
200,kl_loss_4,4.220881938934326
200,kl_loss_5,6.590783596038818
200,kl_loss_6,6.738112926483154
200,kl_loss_7,3.1607041358947754
200,kl_loss_8,15.425267219543457
200,loss,74503.4921875
250,recon_loss,44990.8984375
250,kl_loss,140.42416381835938
250,kl_loss_0,5.626471996307373
250,kl_loss_1,57.559532165527344
250,kl_loss_2,20.334091186523438
250,kl_loss_3,5.284614086151123
250,kl_loss_4,6.648372650146484
250,kl_loss_5,6.676698207855225
250,kl_loss_6,10.713678359985352
250,kl_loss_7,8.05887222290039
250,kl_loss_8,19.521827697753906
250,loss,45552.59375
300,recon_loss,22035.869140625
300,kl_loss,118.21753692626953
300,kl_loss_0,5.0230393409729
300,kl_loss_1,46.12421798706055
300,kl_loss_2,18.05217933654785
300,kl_loss_3,4.537204742431641
300,kl_loss_4,6.304479598999023
300,kl_loss_5,5.712478160858154
300,kl_loss_6,9.825236320495605
300,kl_loss_7,6.780252456665039
300,kl_loss_8,15.858445167541504
300,loss,22508.740234375
350,recon_loss,15231.943359375
350,kl_loss,106.8782730102539
350,kl_loss_0,4.684696197509766
350,kl_loss_1,40.682342529296875
350,kl_loss_2,16.609516143798828
350,kl_loss_3,4.468747138977051
350,kl_loss_4,5.665585994720459
350,kl_loss_5,5.258479118347168
350,kl_loss_6,9.258593559265137
350,kl_loss_7,6.39818000793457
350,kl_loss_8,13.852130889892578
350,loss,15659.4560546875
400,recon_loss,11532.306640625
400,kl_loss,104.52490997314453
400,kl_loss_0,4.744036674499512
400,kl_loss_1,38.796329498291016
400,kl_loss_2,16.583126068115234
400,kl_loss_3,4.4536051750183105
400,kl_loss_4,5.634284019470215
400,kl_loss_5,5.400659084320068
400,kl_loss_6,9.051608085632324
400,kl_loss_7,6.205352783203125
400,kl_loss_8,13.655908584594727
400,loss,11950.40625
450,recon_loss,9941.91796875
450,kl_loss,99.56175231933594
450,kl_loss_0,4.644245147705078
450,kl_loss_1,36.751808166503906
450,kl_loss_2,15.589801788330078
450,kl_loss_3,4.354674816131592
450,kl_loss_4,5.476853847503662
450,kl_loss_5,5.220623016357422
450,kl_loss_6,8.535872459411621
450,kl_loss_7,5.924513339996338
450,kl_loss_8,13.063353538513184
450,loss,10340.1650390625
500,recon_loss,8638.90234375
500,kl_loss,95.53325653076172
500,kl_loss_0,4.6114821434021
500,kl_loss_1,34.08940887451172
500,kl_loss_2,14.741352081298828
500,kl_loss_3,4.409601211547852
500,kl_loss_4,5.519586086273193
500,kl_loss_5,5.047302722930908
500,kl_loss_6,8.648300170898438
500,kl_loss_7,5.964134693145752
500,kl_loss_8,12.502089500427246
500,loss,9021.03515625
550,recon_loss,7815.5224609375
550,kl_loss,92.98267364501953
550,kl_loss_0,4.594789505004883
550,kl_loss_1,32.887359619140625
550,kl_loss_2,14.577746391296387
550,kl_loss_3,4.360844612121582
550,kl_loss_4,5.421443939208984
550,kl_loss_5,5.1511549949646
550,kl_loss_6,8.21009349822998
550,kl_loss_7,5.7779860496521
550,kl_loss_8,12.001262664794922
550,loss,8187.453125
600,recon_loss,6903.82666015625
600,kl_loss,89.70062255859375
600,kl_loss_0,4.583287239074707
600,kl_loss_1,30.956554412841797
600,kl_loss_2,14.037895202636719
600,kl_loss_3,4.360343933105469
600,kl_loss_4,5.386853218078613
600,kl_loss_5,5.076668739318848
600,kl_loss_6,8.069324493408203
600,kl_loss_7,5.7011871337890625
600,kl_loss_8,11.52850341796875
600,loss,7262.62890625
650,recon_loss,6809.53759765625
650,kl_loss,87.56448364257812
650,kl_loss_0,4.6133341789245605
650,kl_loss_1,29.379297256469727
650,kl_loss_2,13.902814865112305
650,kl_loss_3,4.365688323974609
650,kl_loss_4,5.346065044403076
650,kl_loss_5,5.0907673835754395
650,kl_loss_6,7.826898097991943
650,kl_loss_7,5.738382339477539
650,kl_loss_8,11.301239967346191
650,loss,7159.79541015625
700,recon_loss,5726.4345703125
700,kl_loss,84.84461212158203
700,kl_loss_0,4.566831111907959
700,kl_loss_1,28.340391159057617
700,kl_loss_2,13.058314323425293
700,kl_loss_3,4.367354393005371
700,kl_loss_4,5.224151134490967
700,kl_loss_5,4.953503608703613
700,kl_loss_6,7.720674991607666
700,kl_loss_7,5.606225490570068
700,kl_loss_8,11.007165908813477
700,loss,6065.81298828125
750,recon_loss,5371.22265625
750,kl_loss,80.5706787109375
750,kl_loss_0,4.508853912353516
750,kl_loss_1,26.063339233398438
750,kl_loss_2,12.390798568725586
750,kl_loss_3,4.317742824554443
750,kl_loss_4,5.145771503448486
750,kl_loss_5,4.865294456481934
750,kl_loss_6,7.402243614196777
750,kl_loss_7,5.53292989730835
750,kl_loss_8,10.343707084655762
750,loss,5693.50537109375
800,recon_loss,6239.16796875
800,kl_loss,77.73695373535156
800,kl_loss_0,4.459353923797607
800,kl_loss_1,24.962631225585938
800,kl_loss_2,11.70823860168457
800,kl_loss_3,4.271152496337891
800,kl_loss_4,4.987926483154297
800,kl_loss_5,4.750600337982178
800,kl_loss_6,7.258331298828125
800,kl_loss_7,5.43897819519043
800,kl_loss_8,9.899737358093262
800,loss,6550.11572265625
850,recon_loss,4317.3466796875
850,kl_loss,80.6496353149414
850,kl_loss_0,4.554077625274658
850,kl_loss_1,26.093584060668945
850,kl_loss_2,12.348222732543945
850,kl_loss_3,4.320039749145508
850,kl_loss_4,5.133782386779785
850,kl_loss_5,4.90779972076416
850,kl_loss_6,7.42933464050293
850,kl_loss_7,5.566092491149902
850,kl_loss_8,10.296701431274414
850,loss,4639.9453125
900,recon_loss,3877.149169921875
900,kl_loss,78.9466323852539
900,kl_loss_0,4.576537132263184
900,kl_loss_1,24.674476623535156
900,kl_loss_2,12.199798583984375
900,kl_loss_3,4.375165939331055
900,kl_loss_4,5.153659820556641
900,kl_loss_5,4.9189772605896
900,kl_loss_6,7.318577766418457
900,kl_loss_7,5.538900852203369
900,kl_loss_8,10.19052791595459
900,loss,4192.935546875
950,recon_loss,3574.949951171875
950,kl_loss,76.69597625732422
950,kl_loss_0,4.485427379608154
950,kl_loss_1,23.850601196289062
950,kl_loss_2,11.773510932922363
950,kl_loss_3,4.31387996673584
950,kl_loss_4,5.067821979522705
950,kl_loss_5,4.773060321807861
950,kl_loss_6,7.173152446746826
950,kl_loss_7,5.464005947113037
950,kl_loss_8,9.794519424438477
950,loss,3881.73388671875
Epoch,Loss,Value
0,recon_loss,560258.6875
0,kl_loss,9.79331111907959
0,kl_loss_0,0.20763279497623444
0,kl_loss_1,5.394947528839111
0,kl_loss_2,0.08892278373241425
0,kl_loss_3,1.890306830406189
0,kl_loss_4,0.6906071305274963
0,kl_loss_5,0.050724249333143234
0,kl_loss_6,1.1657280921936035
0,kl_loss_7,0.14344877004623413
0,kl_loss_8,0.1609925478696823
0,loss,560297.875
50,recon_loss,196183.953125
50,kl_loss,234.26583862304688
50,kl_loss_0,6.3105058670043945
50,kl_loss_1,5.256399154663086
50,kl_loss_2,111.75080108642578
50,kl_loss_3,6.0743727684021
50,kl_loss_4,17.715524673461914
50,kl_loss_5,3.3545310497283936
50,kl_loss_6,52.91163635253906
50,kl_loss_7,6.532978534698486
50,kl_loss_8,24.359079360961914
50,loss,197121.015625
100,recon_loss,85826.4609375
100,kl_loss,145.92709350585938
100,kl_loss_0,3.030942440032959
100,kl_loss_1,2.843707323074341
100,kl_loss_2,81.1170425415039
100,kl_loss_3,3.8630785942077637
100,kl_loss_4,5.797334671020508
100,kl_loss_5,2.072540521621704
100,kl_loss_6,26.659461975097656
100,kl_loss_7,2.2543888092041016
100,kl_loss_8,18.288589477539062
100,loss,86410.171875
150,recon_loss,71625.90625
150,kl_loss,112.65695190429688
150,kl_loss_0,2.611126661300659
150,kl_loss_1,2.529940366744995
150,kl_loss_2,61.018310546875
150,kl_loss_3,3.989055871963501
150,kl_loss_4,3.744339942932129
150,kl_loss_5,2.4528446197509766
150,kl_loss_6,17.81818199157715
150,kl_loss_7,1.8908883333206177
150,kl_loss_8,16.602256774902344
150,loss,72076.53125
200,recon_loss,66549.28125
200,kl_loss,96.05376434326172
200,kl_loss_0,2.371772050857544
200,kl_loss_1,2.685335159301758
200,kl_loss_2,51.501983642578125
200,kl_loss_3,3.475069522857666
200,kl_loss_4,2.7317018508911133
200,kl_loss_5,2.435628890991211
200,kl_loss_6,13.463652610778809
200,kl_loss_7,2.050598382949829
200,kl_loss_8,15.338020324707031
200,loss,66933.5
250,recon_loss,63650.53515625
250,kl_loss,88.33910369873047
250,kl_loss_0,2.6718780994415283
250,kl_loss_1,2.6868231296539307
250,kl_loss_2,46.988094329833984
250,kl_loss_3,3.486931562423706
250,kl_loss_4,2.1310434341430664
250,kl_loss_5,2.8313093185424805
250,kl_loss_6,9.998970985412598
250,kl_loss_7,2.551466941833496
250,kl_loss_8,14.992591857910156
250,loss,64003.890625
300,recon_loss,59928.359375
300,kl_loss,86.91583251953125
300,kl_loss_0,4.027021408081055
300,kl_loss_1,2.7491466999053955
300,kl_loss_2,43.563838958740234
300,kl_loss_3,3.6721129417419434
300,kl_loss_4,2.4034972190856934
300,kl_loss_5,3.892308235168457
300,kl_loss_6,7.7632622718811035
300,kl_loss_7,3.8701484203338623
300,kl_loss_8,14.974501609802246
300,loss,60276.0234375
350,recon_loss,46660.01953125
350,kl_loss,107.77644348144531
350,kl_loss_0,5.850461959838867
350,kl_loss_1,4.064220905303955
350,kl_loss_2,49.36563491821289
350,kl_loss_3,4.37126350402832
350,kl_loss_4,5.481190204620361
350,kl_loss_5,7.477663040161133
350,kl_loss_6,6.382277965545654
350,kl_loss_7,6.305302619934082
350,kl_loss_8,18.478429794311523
350,loss,47091.125
400,recon_loss,22423.115234375
400,kl_loss,95.23866271972656
400,kl_loss_0,5.975370407104492
400,kl_loss_1,3.830427885055542
400,kl_loss_2,40.674034118652344
400,kl_loss_3,4.773769855499268
400,kl_loss_4,5.509578704833984
400,kl_loss_5,5.803680419921875
400,kl_loss_6,6.222119331359863
400,kl_loss_7,6.23760986328125
400,kl_loss_8,16.21207046508789
400,loss,22804.0703125
450,recon_loss,15361.349609375
450,kl_loss,86.74787902832031
450,kl_loss_0,5.861016750335693
450,kl_loss_1,3.9525299072265625
450,kl_loss_2,35.596527099609375
450,kl_loss_3,4.572484016418457
450,kl_loss_4,5.0506978034973145
450,kl_loss_5,5.665178298950195
450,kl_loss_6,5.936379432678223
450,kl_loss_7,5.679274082183838
450,kl_loss_8,14.43379020690918
450,loss,15708.3408203125
500,recon_loss,12569.1025390625
500,kl_loss,81.86956024169922
500,kl_loss_0,5.622519016265869
500,kl_loss_1,3.9508790969848633
500,kl_loss_2,32.707740783691406
500,kl_loss_3,4.648181438446045
500,kl_loss_4,4.889959812164307
500,kl_loss_5,5.478653430938721
500,kl_loss_6,5.713479995727539
500,kl_loss_7,5.562761306762695
500,kl_loss_8,13.295392990112305
500,loss,12896.5810546875
550,recon_loss,11163.7373046875
550,kl_loss,79.87107849121094
550,kl_loss_0,5.572389125823975
550,kl_loss_1,3.9055821895599365
550,kl_loss_2,31.551673889160156
550,kl_loss_3,4.652997016906738
550,kl_loss_4,4.957014083862305
550,kl_loss_5,5.384538650512695
550,kl_loss_6,5.492145538330078
550,kl_loss_7,5.425887584686279
550,kl_loss_8,12.928854942321777
550,loss,11483.2216796875
600,recon_loss,9699.19921875
600,kl_loss,77.7718505859375
600,kl_loss_0,5.517359733581543
600,kl_loss_1,3.9828569889068604
600,kl_loss_2,30.0705623626709
600,kl_loss_3,4.7006001472473145
600,kl_loss_4,4.8944196701049805
600,kl_loss_5,5.256281852722168
600,kl_loss_6,5.589130878448486
600,kl_loss_7,5.426840782165527
600,kl_loss_8,12.333792686462402
600,loss,10010.287109375
650,recon_loss,8921.9384765625
650,kl_loss,77.3451919555664
650,kl_loss_0,5.57614278793335
650,kl_loss_1,4.0389909744262695
650,kl_loss_2,29.646047592163086
650,kl_loss_3,4.688143730163574
650,kl_loss_4,4.991118907928467
650,kl_loss_5,5.264936447143555
650,kl_loss_6,5.578702926635742
650,kl_loss_7,5.450118541717529
650,kl_loss_8,12.110989570617676
650,loss,9231.3193359375
700,recon_loss,8050.3466796875
700,kl_loss,76.71968078613281
700,kl_loss_0,5.657437324523926
700,kl_loss_1,4.066332817077637
700,kl_loss_2,28.977397918701172
700,kl_loss_3,4.6839985847473145
700,kl_loss_4,5.0291547775268555
700,kl_loss_5,5.304153919219971
700,kl_loss_6,5.601583480834961
700,kl_loss_7,5.454171657562256
700,kl_loss_8,11.945448875427246
700,loss,8357.2255859375
750,recon_loss,7201.81689453125
750,kl_loss,75.87837982177734
750,kl_loss_0,5.645455360412598
750,kl_loss_1,4.119649887084961
750,kl_loss_2,27.972227096557617
750,kl_loss_3,4.746640205383301
750,kl_loss_4,5.125210762023926
750,kl_loss_5,5.402865409851074
750,kl_loss_6,5.737886428833008
750,kl_loss_7,5.50459098815918
750,kl_loss_8,11.623857498168945
750,loss,7505.33056640625
800,recon_loss,6538.75
800,kl_loss,74.05516052246094
800,kl_loss_0,5.584544658660889
800,kl_loss_1,4.198254108428955
800,kl_loss_2,27.001699447631836
800,kl_loss_3,4.766103744506836
800,kl_loss_4,4.957830905914307
800,kl_loss_5,5.257606029510498
800,kl_loss_6,5.604213714599609
800,kl_loss_7,5.469163417816162
800,kl_loss_8,11.215742111206055
800,loss,6834.970703125
850,recon_loss,5719.86669921875
850,kl_loss,72.75118255615234
850,kl_loss_0,5.4986252784729
850,kl_loss_1,4.168592929840088
850,kl_loss_2,26.145790100097656
850,kl_loss_3,4.670141220092773
850,kl_loss_4,5.024217128753662
850,kl_loss_5,5.280491352081299
850,kl_loss_6,5.614948749542236
850,kl_loss_7,5.452347278594971
850,kl_loss_8,10.896031379699707
850,loss,6010.87158203125
900,recon_loss,5036.0224609375
900,kl_loss,72.06915283203125
900,kl_loss_0,5.505142688751221
900,kl_loss_1,4.230586528778076
900,kl_loss_2,25.494718551635742
900,kl_loss_3,4.699580192565918
900,kl_loss_4,5.033548355102539
900,kl_loss_5,5.298601150512695
900,kl_loss_6,5.680557727813721
900,kl_loss_7,5.430622577667236
900,kl_loss_8,10.695791244506836
900,loss,5324.298828125
950,recon_loss,4732.4794921875
950,kl_loss,70.54947662353516
950,kl_loss_0,5.4869866371154785
950,kl_loss_1,4.226691722869873
950,kl_loss_2,24.26628875732422
950,kl_loss_3,4.715166091918945
950,kl_loss_4,5.012163162231445
950,kl_loss_5,5.271957874298096
950,kl_loss_6,5.756707668304443
950,kl_loss_7,5.381022930145264
950,kl_loss_8,10.432498931884766
950,loss,5014.67724609375
Epoch,Loss,Value
0,recon_loss,537778.875
0,kl_loss,1.3603031635284424
0,kl_loss_0,0.05743926018476486
0,kl_loss_1,0.07906011492013931
0,kl_loss_2,0.0543941967189312
0,kl_loss_3,0.11073598265647888
0,kl_loss_4,0.2104523777961731
0,kl_loss_5,0.1173766553401947
0,kl_loss_6,0.2691592574119568
0,kl_loss_7,0.23680539429187775
0,kl_loss_8,0.2248799204826355
0,loss,537784.3125
50,recon_loss,188220.84375
50,kl_loss,265.3871154785156
50,kl_loss_0,3.267730712890625
50,kl_loss_1,10.071727752685547
50,kl_loss_2,88.1314468383789
50,kl_loss_3,37.87003707885742
50,kl_loss_4,63.09267044067383
50,kl_loss_5,5.312671661376953
50,kl_loss_6,3.821521043777466
50,kl_loss_7,28.70893096923828
50,kl_loss_8,25.110401153564453
50,loss,189282.390625
100,recon_loss,91068.6015625
100,kl_loss,145.80247497558594
100,kl_loss_0,2.852226972579956
100,kl_loss_1,4.684900283813477
100,kl_loss_2,50.10029220581055
100,kl_loss_3,21.378400802612305
100,kl_loss_4,38.55400466918945
100,kl_loss_5,3.1267547607421875
100,kl_loss_6,2.0403881072998047
100,kl_loss_7,14.271332740783691
100,kl_loss_8,8.794170379638672
100,loss,91651.8125
150,recon_loss,79520.25
150,kl_loss,117.8569564819336
150,kl_loss_0,3.6950135231018066
150,kl_loss_1,3.976039409637451
150,kl_loss_2,39.68632888793945
150,kl_loss_3,15.573019981384277
150,kl_loss_4,34.69712829589844
150,kl_loss_5,2.6737725734710693
150,kl_loss_6,2.0515482425689697
150,kl_loss_7,9.715252876281738
150,kl_loss_8,5.788844108581543
150,loss,79991.6796875
200,recon_loss,72058.640625
200,kl_loss,107.86949920654297
200,kl_loss_0,5.558290481567383
200,kl_loss_1,4.934333324432373
200,kl_loss_2,34.095123291015625
200,kl_loss_3,12.672062873840332
200,kl_loss_4,32.29779052734375
200,kl_loss_5,3.1903679370880127
200,kl_loss_6,2.6987242698669434
200,kl_loss_7,7.50070333480835
200,kl_loss_8,4.922112464904785
200,loss,72490.1171875
250,recon_loss,47597.7890625
250,kl_loss,130.7693634033203
250,kl_loss_0,10.10262680053711
250,kl_loss_1,6.496555328369141
250,kl_loss_2,36.51728439331055
250,kl_loss_3,14.768916130065918
250,kl_loss_4,39.79008483886719
250,kl_loss_5,4.866100311279297
250,kl_loss_6,3.977677583694458
250,kl_loss_7,8.285953521728516
250,kl_loss_8,5.964175224304199
250,loss,48120.8671875
300,recon_loss,19692.400390625
300,kl_loss,119.20223999023438
300,kl_loss_0,10.258261680603027
300,kl_loss_1,5.7549028396606445
300,kl_loss_2,31.042085647583008
300,kl_loss_3,12.189278602600098
300,kl_loss_4,36.4499397277832
300,kl_loss_5,4.9404802322387695
300,kl_loss_6,4.704167366027832
300,kl_loss_7,7.905062198638916
300,kl_loss_8,5.958062648773193
300,loss,20169.208984375
350,recon_loss,12938.01171875
350,kl_loss,104.87315368652344
350,kl_loss_0,9.31235122680664
350,kl_loss_1,5.369124889373779
350,kl_loss_2,25.796159744262695
350,kl_loss_3,10.872310638427734
350,kl_loss_4,31.082534790039062
350,kl_loss_5,4.708313465118408
350,kl_loss_6,4.647900581359863
350,kl_loss_7,7.411236763000488
350,kl_loss_8,5.673217296600342
350,loss,13357.50390625
400,recon_loss,10253.0107421875
400,kl_loss,101.03172302246094
400,kl_loss_0,8.58523941040039
400,kl_loss_1,5.184735298156738
400,kl_loss_2,25.295425415039062
400,kl_loss_3,10.562865257263184
400,kl_loss_4,29.07950210571289
400,kl_loss_5,4.789734363555908
400,kl_loss_6,4.588627815246582
400,kl_loss_7,7.323062896728516
400,kl_loss_8,5.6225175857543945
400,loss,10657.1376953125
450,recon_loss,8453.498046875
450,kl_loss,94.46926879882812
450,kl_loss_0,8.31497573852539
450,kl_loss_1,5.088690280914307
450,kl_loss_2,22.986923217773438
450,kl_loss_3,9.799579620361328
450,kl_loss_4,26.357349395751953
450,kl_loss_5,4.694797515869141
450,kl_loss_6,4.6545610427856445
450,kl_loss_7,7.133322715759277
450,kl_loss_8,5.4390692710876465
450,loss,8831.375
500,recon_loss,7496.55810546875
500,kl_loss,92.04810333251953
500,kl_loss_0,8.118773460388184
500,kl_loss_1,4.994932651519775
500,kl_loss_2,21.891855239868164
500,kl_loss_3,9.620062828063965
500,kl_loss_4,25.585596084594727
500,kl_loss_5,4.699743270874023
500,kl_loss_6,4.619452953338623
500,kl_loss_7,7.064993858337402
500,kl_loss_8,5.4526896476745605
500,loss,7864.75048828125
550,recon_loss,7188.400390625
550,kl_loss,85.4493179321289
550,kl_loss_0,7.7127909660339355
550,kl_loss_1,4.833845615386963
550,kl_loss_2,19.879417419433594
550,kl_loss_3,8.869656562805176
550,kl_loss_4,23.048227310180664
550,kl_loss_5,4.642025947570801
550,kl_loss_6,4.461812973022461
550,kl_loss_7,6.75564432144165
550,kl_loss_8,5.245889186859131
550,loss,7530.19775390625
600,recon_loss,6134.65478515625
600,kl_loss,87.27041625976562
600,kl_loss_0,7.842638969421387
600,kl_loss_1,5.013101100921631
600,kl_loss_2,20.364521026611328
600,kl_loss_3,9.057151794433594
600,kl_loss_4,23.474777221679688
600,kl_loss_5,4.684626579284668
600,kl_loss_6,4.598848819732666
600,kl_loss_7,6.850061416625977
600,kl_loss_8,5.384697437286377
600,loss,6483.736328125
650,recon_loss,5663.58056640625
650,kl_loss,84.38851928710938
650,kl_loss_0,7.747309684753418
650,kl_loss_1,4.915783882141113
650,kl_loss_2,19.059646606445312
650,kl_loss_3,8.750466346740723
650,kl_loss_4,22.444011688232422
650,kl_loss_5,4.69368839263916
650,kl_loss_6,4.6403632164001465
650,kl_loss_7,6.698415756225586
650,kl_loss_8,5.438828945159912
650,loss,6001.134765625
700,recon_loss,5568.60107421875
700,kl_loss,79.78488159179688
700,kl_loss_0,7.374564170837402
700,kl_loss_1,4.889529228210449
700,kl_loss_2,17.89592742919922
700,kl_loss_3,8.2924165725708
700,kl_loss_4,20.504558563232422
700,kl_loss_5,4.625126838684082
700,kl_loss_6,4.5571064949035645
700,kl_loss_7,6.41771125793457
700,kl_loss_8,5.227945327758789
700,loss,5887.74072265625
750,recon_loss,4696.2216796875
750,kl_loss,81.21403503417969
750,kl_loss_0,7.542462348937988
750,kl_loss_1,4.930208683013916
750,kl_loss_2,17.887710571289062
750,kl_loss_3,8.44697093963623
750,kl_loss_4,21.074861526489258
750,kl_loss_5,4.701967716217041
750,kl_loss_6,4.693778038024902
750,kl_loss_7,6.600560188293457
750,kl_loss_8,5.335512638092041
750,loss,5021.07763671875
800,recon_loss,4424.88427734375
800,kl_loss,78.82936096191406
800,kl_loss_0,7.505921840667725
800,kl_loss_1,4.900557994842529
800,kl_loss_2,16.98468017578125
800,kl_loss_3,8.312586784362793
800,kl_loss_4,20.011869430541992
800,kl_loss_5,4.694189548492432
800,kl_loss_6,4.710850715637207
800,kl_loss_7,6.442599296569824
800,kl_loss_8,5.266106128692627
800,loss,4740.20166015625
850,recon_loss,4298.30712890625
850,kl_loss,76.2230224609375
850,kl_loss_0,7.233562469482422
850,kl_loss_1,4.8618645668029785
850,kl_loss_2,16.06781768798828
850,kl_loss_3,7.918893814086914
850,kl_loss_4,19.369558334350586
850,kl_loss_5,4.636430740356445
850,kl_loss_6,4.708524703979492
850,kl_loss_7,6.253220081329346
850,kl_loss_8,5.173150539398193
850,loss,4603.19921875
900,recon_loss,3598.533203125
900,kl_loss,76.5722427368164
900,kl_loss_0,7.226983070373535
900,kl_loss_1,4.8987555503845215
900,kl_loss_2,16.234764099121094
900,kl_loss_3,8.055397033691406
900,kl_loss_4,19.334138870239258
900,kl_loss_5,4.648736476898193
900,kl_loss_6,4.67527961730957
900,kl_loss_7,6.294793605804443
900,kl_loss_8,5.203397750854492
900,loss,3904.822265625
950,recon_loss,3538.77978515625
950,kl_loss,74.94515228271484
950,kl_loss_0,7.085592746734619
950,kl_loss_1,4.862532138824463
950,kl_loss_2,15.836160659790039
950,kl_loss_3,7.973563194274902
950,kl_loss_4,18.553926467895508
950,kl_loss_5,4.624815464019775
950,kl_loss_6,4.62278938293457
950,kl_loss_7,6.210461616516113
950,kl_loss_8,5.17530632019043
950,loss,3838.560302734375
