Epoch,Loss,Value
0,recon_loss,542180.1875
0,kl_loss,3.8976728916168213
0,kl_loss_0,1.2699040174484253
0,kl_loss_1,1.2928026914596558
0,kl_loss_2,0.04964280501008034
0,kl_loss_3,0.45469871163368225
0,kl_loss_4,0.20937536656856537
0,kl_loss_5,0.2116139978170395
0,kl_loss_6,0.1269393116235733
0,kl_loss_7,0.2431778907775879
0,kl_loss_8,0.039518289268016815
0,loss,3502767.0
50,recon_loss,199159.453125
50,kl_loss,50.630653381347656
50,kl_loss_0,4.738615036010742
50,kl_loss_1,4.099541187286377
50,kl_loss_2,2.8786420822143555
50,kl_loss_3,16.067047119140625
50,kl_loss_4,4.512652397155762
50,kl_loss_5,2.6343274116516113
50,kl_loss_6,1.9865219593048096
50,kl_loss_7,7.936934947967529
50,kl_loss_8,5.776369571685791
50,loss,200669.625
100,recon_loss,89245.640625
100,kl_loss,56.37501907348633
100,kl_loss_0,4.71940279006958
100,kl_loss_1,4.904499053955078
100,kl_loss_2,3.611703872680664
100,kl_loss_3,18.322603225708008
100,kl_loss_4,4.650725841522217
100,kl_loss_5,3.0009307861328125
100,kl_loss_6,2.3684442043304443
100,kl_loss_7,8.390311241149902
100,kl_loss_8,6.406400203704834
100,loss,90136.2890625
150,recon_loss,78434.1640625
150,kl_loss,57.05402755737305
150,kl_loss_0,4.825605869293213
150,kl_loss_1,4.919203281402588
150,kl_loss_2,3.6432831287384033
150,kl_loss_3,18.490612030029297
150,kl_loss_4,4.64203405380249
150,kl_loss_5,3.1305367946624756
150,kl_loss_6,2.467034101486206
150,kl_loss_7,8.369945526123047
150,kl_loss_8,6.5657758712768555
150,loss,79251.8984375
200,recon_loss,74981.78125
200,kl_loss,55.661163330078125
200,kl_loss_0,4.757177352905273
200,kl_loss_1,4.6741814613342285
200,kl_loss_2,3.6629092693328857
200,kl_loss_3,17.661733627319336
200,kl_loss_4,4.582644462585449
200,kl_loss_5,3.1950337886810303
200,kl_loss_6,2.4343111515045166
200,kl_loss_7,8.284004211425781
200,kl_loss_8,6.4091668128967285
200,loss,75696.0234375
250,recon_loss,73258.3984375
250,kl_loss,53.39679718017578
250,kl_loss_0,4.695212364196777
250,kl_loss_1,4.277811050415039
250,kl_loss_2,3.6850244998931885
250,kl_loss_3,16.549585342407227
250,kl_loss_4,4.525132656097412
250,kl_loss_5,3.278864860534668
250,kl_loss_6,2.292470932006836
250,kl_loss_7,7.686644077301025
250,kl_loss_8,6.406054496765137
250,loss,73909.6484375
300,recon_loss,72166.3125
300,kl_loss,51.06097412109375
300,kl_loss_0,4.681295871734619
300,kl_loss_1,3.704925537109375
300,kl_loss_2,3.650960683822632
300,kl_loss_3,15.263379096984863
300,kl_loss_4,4.444512844085693
300,kl_loss_5,3.3188836574554443
300,kl_loss_6,2.197505474090576
300,kl_loss_7,7.449437141418457
300,kl_loss_8,6.3500776290893555
300,loss,72783.8203125
350,recon_loss,70914.421875
350,kl_loss,49.41587448120117
350,kl_loss_0,4.57383394241333
350,kl_loss_1,3.474033832550049
350,kl_loss_2,3.7215805053710938
350,kl_loss_3,14.28823471069336
350,kl_loss_4,4.325199127197266
350,kl_loss_5,3.3643784523010254
350,kl_loss_6,2.201874017715454
350,kl_loss_7,7.3162078857421875
350,kl_loss_8,6.150533676147461
350,loss,71528.484375
400,recon_loss,68207.96875
400,kl_loss,49.653072357177734
400,kl_loss_0,4.608635902404785
400,kl_loss_1,3.6188924312591553
400,kl_loss_2,3.7998547554016113
400,kl_loss_3,13.933795928955078
400,kl_loss_4,4.411777496337891
400,kl_loss_5,3.4124231338500977
400,kl_loss_6,2.3277363777160645
400,kl_loss_7,7.3439860343933105
400,kl_loss_8,6.195969104766846
400,loss,68860.2421875
450,recon_loss,56379.67578125
450,kl_loss,57.03947448730469
450,kl_loss_0,5.160125255584717
450,kl_loss_1,4.0798139572143555
450,kl_loss_2,5.248479843139648
450,kl_loss_3,15.539997100830078
450,kl_loss_4,5.143967151641846
450,kl_loss_5,3.618312358856201
450,kl_loss_6,2.8006958961486816
450,kl_loss_7,8.263532638549805
450,kl_loss_8,7.184548854827881
450,loss,57319.0703125
500,recon_loss,36768.23828125
500,kl_loss,64.58242797851562
500,kl_loss_0,5.2642693519592285
500,kl_loss_1,4.161606311798096
500,kl_loss_2,5.997962474822998
500,kl_loss_3,19.861143112182617
500,kl_loss_4,5.552629470825195
500,kl_loss_5,3.7650864124298096
500,kl_loss_6,3.4750640392303467
500,kl_loss_7,8.313610076904297
500,kl_loss_8,8.191061019897461
500,loss,37879.9140625
550,recon_loss,21304.345703125
550,kl_loss,68.62617492675781
550,kl_loss_0,5.058277130126953
550,kl_loss_1,4.368591785430908
550,kl_loss_2,6.9586992263793945
550,kl_loss_3,21.329526901245117
550,kl_loss_4,5.950132369995117
550,kl_loss_5,3.7334375381469727
550,kl_loss_6,3.895000696182251
550,kl_loss_7,8.497428894042969
550,kl_loss_8,8.835083961486816
550,loss,22464.90625
600,recon_loss,15295.0
600,kl_loss,68.2868423461914
600,kl_loss_0,5.084744930267334
600,kl_loss_1,4.442367076873779
600,kl_loss_2,7.031842231750488
600,kl_loss_3,20.771501541137695
600,kl_loss_4,6.043323516845703
600,kl_loss_5,3.802920341491699
600,kl_loss_6,3.998286485671997
600,kl_loss_7,8.544695854187012
600,kl_loss_8,8.567159652709961
600,loss,16289.96875
650,recon_loss,12737.3828125
650,kl_loss,67.20463562011719
650,kl_loss_0,5.033269882202148
650,kl_loss_1,4.478165626525879
650,kl_loss_2,7.090234279632568
650,kl_loss_3,19.831153869628906
650,kl_loss_4,6.157968521118164
650,kl_loss_5,3.814321517944336
650,kl_loss_6,4.096644401550293
650,kl_loss_7,8.312056541442871
650,kl_loss_8,8.390824317932129
650,loss,13750.412109375
700,recon_loss,10109.349609375
700,kl_loss,65.99433135986328
700,kl_loss_0,5.041578769683838
700,kl_loss_1,4.5138092041015625
700,kl_loss_2,6.801025867462158
700,kl_loss_3,19.031539916992188
700,kl_loss_4,6.292318344116211
700,kl_loss_5,3.7785022258758545
700,kl_loss_6,4.155269145965576
700,kl_loss_7,8.219382286071777
700,kl_loss_8,8.160902976989746
700,loss,11162.15625
750,recon_loss,8794.5029296875
750,kl_loss,65.96990203857422
750,kl_loss_0,4.9495768547058105
750,kl_loss_1,4.521936416625977
750,kl_loss_2,7.009927272796631
750,kl_loss_3,18.936864852905273
750,kl_loss_4,6.183258056640625
750,kl_loss_5,3.8447606563568115
750,kl_loss_6,4.232624053955078
750,kl_loss_7,8.182415962219238
750,kl_loss_8,8.108532905578613
750,loss,9608.5869140625
800,recon_loss,7572.044921875
800,kl_loss,66.5067367553711
800,kl_loss_0,5.100886344909668
800,kl_loss_1,4.603234767913818
800,kl_loss_2,7.061883926391602
800,kl_loss_3,19.084766387939453
800,kl_loss_4,6.202351093292236
800,kl_loss_5,3.9322669506073
800,kl_loss_6,4.336905002593994
800,kl_loss_7,8.1281156539917
800,kl_loss_8,8.056326866149902
800,loss,8340.8447265625
850,recon_loss,7423.171875
850,kl_loss,64.89773559570312
850,kl_loss_0,4.962072372436523
850,kl_loss_1,4.589759349822998
850,kl_loss_2,6.953263759613037
850,kl_loss_3,18.211483001708984
850,kl_loss_4,6.147604465484619
850,kl_loss_5,3.9283385276794434
850,kl_loss_6,4.316717147827148
850,kl_loss_7,7.919801235198975
850,kl_loss_8,7.868696212768555
850,loss,8184.10791015625
900,recon_loss,6374.9560546875
900,kl_loss,64.70558166503906
900,kl_loss_0,5.057096481323242
900,kl_loss_1,4.606739044189453
900,kl_loss_2,6.958687782287598
900,kl_loss_3,18.0291805267334
900,kl_loss_4,6.055970668792725
900,kl_loss_5,3.9849133491516113
900,kl_loss_6,4.3600311279296875
900,kl_loss_7,7.917843818664551
900,kl_loss_8,7.735122203826904
900,loss,7137.31005859375
950,recon_loss,5711.953125
950,kl_loss,64.44680786132812
950,kl_loss_0,5.030971050262451
950,kl_loss_1,4.676916599273682
950,kl_loss_2,6.890450477600098
950,kl_loss_3,17.633092880249023
950,kl_loss_4,6.231621742248535
950,kl_loss_5,3.993684768676758
950,kl_loss_6,4.402988433837891
950,kl_loss_7,7.882773399353027
950,kl_loss_8,7.704312801361084
950,loss,6437.68359375
1000,recon_loss,6212.2783203125
1000,kl_loss,61.87133026123047
1000,kl_loss_0,4.921738147735596
1000,kl_loss_1,4.513543605804443
1000,kl_loss_2,6.727399826049805
1000,kl_loss_3,16.743715286254883
1000,kl_loss_4,5.897592067718506
1000,kl_loss_5,3.9661715030670166
1000,kl_loss_6,4.315526485443115
1000,kl_loss_7,7.5367913246154785
1000,kl_loss_8,7.24885368347168
1000,loss,6953.60595703125
1050,recon_loss,5146.02197265625
1050,kl_loss,63.495819091796875
1050,kl_loss_0,4.976176738739014
1050,kl_loss_1,4.641559600830078
1050,kl_loss_2,6.927042007446289
1050,kl_loss_3,17.096166610717773
1050,kl_loss_4,6.177371978759766
1050,kl_loss_5,4.043217182159424
1050,kl_loss_6,4.414288520812988
1050,kl_loss_7,7.759369373321533
1050,kl_loss_8,7.460628509521484
1050,loss,5914.81640625
1100,recon_loss,5860.84326171875
1100,kl_loss,61.0410041809082
1100,kl_loss_0,4.8393754959106445
1100,kl_loss_1,4.510373115539551
1100,kl_loss_2,6.707000732421875
1100,kl_loss_3,15.94225788116455
1100,kl_loss_4,5.91786003112793
1100,kl_loss_5,4.030445098876953
1100,kl_loss_6,4.373475551605225
1100,kl_loss_7,7.492767810821533
1100,kl_loss_8,7.227454662322998
1100,loss,6689.056640625
1150,recon_loss,4083.75537109375
1150,kl_loss,63.172637939453125
1150,kl_loss_0,5.052915573120117
1150,kl_loss_1,4.69191837310791
1150,kl_loss_2,6.79555606842041
1150,kl_loss_3,16.69304656982422
1150,kl_loss_4,6.142571926116943
1150,kl_loss_5,4.128023147583008
1150,kl_loss_6,4.5109171867370605
1150,kl_loss_7,7.74799919128418
1150,kl_loss_8,7.409688949584961
1150,loss,4782.6845703125
1200,recon_loss,5569.8701171875
1200,kl_loss,57.91666030883789
1200,kl_loss_0,4.783844947814941
1200,kl_loss_1,4.382968902587891
1200,kl_loss_2,6.432133674621582
1200,kl_loss_3,14.757216453552246
1200,kl_loss_4,5.792338848114014
1200,kl_loss_5,3.8978118896484375
1200,kl_loss_6,4.191518306732178
1200,kl_loss_7,7.1671576499938965
1200,kl_loss_8,6.511671543121338
1200,loss,6551.9423828125
1250,recon_loss,3475.982421875
1250,kl_loss,61.0535774230957
1250,kl_loss_0,4.888731479644775
1250,kl_loss_1,4.581154823303223
1250,kl_loss_2,6.613284111022949
1250,kl_loss_3,15.905982971191406
1250,kl_loss_4,5.986128330230713
1250,kl_loss_5,4.020720958709717
1250,kl_loss_6,4.394839286804199
1250,kl_loss_7,7.494830131530762
1250,kl_loss_8,7.167899131774902
1250,loss,4156.9150390625
1300,recon_loss,3240.599609375
1300,kl_loss,61.106292724609375
1300,kl_loss_0,4.9206132888793945
1300,kl_loss_1,4.629273414611816
1300,kl_loss_2,6.665050506591797
1300,kl_loss_3,15.67505168914795
1300,kl_loss_4,6.021641731262207
1300,kl_loss_5,4.108210563659668
1300,kl_loss_6,4.446043491363525
1300,kl_loss_7,7.5257744789123535
1300,kl_loss_8,7.114631175994873
1300,loss,3931.5625
1350,recon_loss,3200.761962890625
1350,kl_loss,60.70795440673828
1350,kl_loss_0,4.949636936187744
1350,kl_loss_1,4.660122871398926
1350,kl_loss_2,6.722320556640625
1350,kl_loss_3,15.279701232910156
1350,kl_loss_4,6.035398960113525
1350,kl_loss_5,4.146284580230713
1350,kl_loss_6,4.4578142166137695
1350,kl_loss_7,7.380385875701904
1350,kl_loss_8,7.076285362243652
1350,loss,3871.735595703125
1400,recon_loss,2857.48583984375
1400,kl_loss,60.520816802978516
1400,kl_loss_0,4.932736873626709
1400,kl_loss_1,4.688774108886719
1400,kl_loss_2,6.643380165100098
1400,kl_loss_3,15.310141563415527
1400,kl_loss_4,5.97589111328125
1400,kl_loss_5,4.1647419929504395
1400,kl_loss_6,4.476632118225098
1400,kl_loss_7,7.308042049407959
1400,kl_loss_8,7.020477294921875
1400,loss,3502.90869140625
1450,recon_loss,2767.062744140625
1450,kl_loss,60.053855895996094
1450,kl_loss_0,4.912073135375977
1450,kl_loss_1,4.691393852233887
1450,kl_loss_2,6.625452995300293
1450,kl_loss_3,14.861808776855469
1450,kl_loss_4,6.01370906829834
1450,kl_loss_5,4.1836957931518555
1450,kl_loss_6,4.497170448303223
1450,kl_loss_7,7.322996616363525
1450,kl_loss_8,6.945550441741943
1450,loss,3419.990478515625
1500,recon_loss,2720.485107421875
1500,kl_loss,58.46854019165039
1500,kl_loss_0,4.805774688720703
1500,kl_loss_1,4.524429798126221
1500,kl_loss_2,6.376258373260498
1500,kl_loss_3,14.620715141296387
1500,kl_loss_4,5.8586955070495605
1500,kl_loss_5,4.0589189529418945
1500,kl_loss_6,4.3695454597473145
1500,kl_loss_7,7.111661434173584
1500,kl_loss_8,6.742544651031494
1500,loss,3363.17333984375
1550,recon_loss,2573.628662109375
1550,kl_loss,59.286293029785156
1550,kl_loss_0,4.872637748718262
1550,kl_loss_1,4.678839683532715
1550,kl_loss_2,6.503124237060547
1550,kl_loss_3,14.57132339477539
1550,kl_loss_4,5.953333854675293
1550,kl_loss_5,4.212972164154053
1550,kl_loss_6,4.482781410217285
1550,kl_loss_7,7.172513961791992
1550,kl_loss_8,6.838768482208252
1550,loss,3221.96435546875
1600,recon_loss,2444.415283203125
1600,kl_loss,58.73552703857422
1600,kl_loss_0,4.876070022583008
1600,kl_loss_1,4.6937079429626465
1600,kl_loss_2,6.459588050842285
1600,kl_loss_3,14.237030982971191
1600,kl_loss_4,5.9224677085876465
1600,kl_loss_5,4.2234110832214355
1600,kl_loss_6,4.4769744873046875
1600,kl_loss_7,7.079622745513916
1600,kl_loss_8,6.766653060913086
1600,loss,3099.612548828125
1650,recon_loss,2674.99853515625
1650,kl_loss,57.97936248779297
1650,kl_loss_0,4.832708835601807
1650,kl_loss_1,4.658154010772705
1650,kl_loss_2,6.354770660400391
1650,kl_loss_3,13.931528091430664
1650,kl_loss_4,5.867433547973633
1650,kl_loss_5,4.2293243408203125
1650,kl_loss_6,4.452409744262695
1650,kl_loss_7,7.014533042907715
1650,kl_loss_8,6.638504505157471
1650,loss,3327.454833984375
1700,recon_loss,2833.323974609375
1700,kl_loss,57.61747741699219
1700,kl_loss_0,4.887325286865234
1700,kl_loss_1,4.651226997375488
1700,kl_loss_2,6.338171482086182
1700,kl_loss_3,13.871740341186523
1700,kl_loss_4,5.696409225463867
1700,kl_loss_5,4.248073577880859
1700,kl_loss_6,4.454974174499512
1700,kl_loss_7,6.946907997131348
1700,kl_loss_8,6.522648811340332
1700,loss,3471.434326171875
1750,recon_loss,2157.580322265625
1750,kl_loss,57.45454025268555
1750,kl_loss_0,4.833406448364258
1750,kl_loss_1,4.657740592956543
1750,kl_loss_2,6.27353048324585
1750,kl_loss_3,13.63601303100586
1750,kl_loss_4,5.793067455291748
1750,kl_loss_5,4.238125801086426
1750,kl_loss_6,4.46814489364624
1750,kl_loss_7,6.944811820983887
1750,kl_loss_8,6.6097025871276855
1750,loss,2775.304931640625
1800,recon_loss,2053.732666015625
1800,kl_loss,56.108036041259766
1800,kl_loss_0,4.724216938018799
1800,kl_loss_1,4.552255153656006
1800,kl_loss_2,6.157655715942383
1800,kl_loss_3,13.293278694152832
1800,kl_loss_4,5.685797214508057
1800,kl_loss_5,4.170228958129883
1800,kl_loss_6,4.3620829582214355
1800,kl_loss_7,6.7353715896606445
1800,kl_loss_8,6.427147388458252
1800,loss,2686.981689453125
1850,recon_loss,1995.142822265625
1850,kl_loss,56.772403717041016
1850,kl_loss_0,4.813413619995117
1850,kl_loss_1,4.639782905578613
1850,kl_loss_2,6.2518815994262695
1850,kl_loss_3,13.368797302246094
1850,kl_loss_4,5.722664833068848
1850,kl_loss_5,4.259282112121582
1850,kl_loss_6,4.444033622741699
1850,kl_loss_7,6.7985453605651855
1850,kl_loss_8,6.474003791809082
1850,loss,2597.39404296875
1900,recon_loss,2279.67041015625
1900,kl_loss,55.96099090576172
1900,kl_loss_0,4.748936653137207
1900,kl_loss_1,4.616342544555664
1900,kl_loss_2,6.1676344871521
1900,kl_loss_3,13.081665992736816
1900,kl_loss_4,5.557706832885742
1900,kl_loss_5,4.245825290679932
1900,kl_loss_6,4.445057392120361
1900,kl_loss_7,6.723193168640137
1900,kl_loss_8,6.374626636505127
1900,loss,2897.30517578125
1950,recon_loss,1909.3753662109375
1950,kl_loss,55.26753616333008
1950,kl_loss_0,4.705564498901367
1950,kl_loss_1,4.611025810241699
1950,kl_loss_2,6.0994086265563965
1950,kl_loss_3,12.725481033325195
1950,kl_loss_4,5.592858791351318
1950,kl_loss_5,4.227765083312988
1950,kl_loss_6,4.4473185539245605
1950,kl_loss_7,6.6166911125183105
1950,kl_loss_8,6.241422176361084
1950,loss,2505.1943359375
2000,recon_loss,1868.5284423828125
2000,kl_loss,55.84483337402344
2000,kl_loss_0,4.734294414520264
2000,kl_loss_1,4.652022838592529
2000,kl_loss_2,6.221163272857666
2000,kl_loss_3,12.734905242919922
2000,kl_loss_4,5.6631760597229
2000,kl_loss_5,4.287890911102295
2000,kl_loss_6,4.502874851226807
2000,kl_loss_7,6.668788909912109
2000,kl_loss_8,6.37971305847168
2000,loss,2487.07177734375
2050,recon_loss,2285.119873046875
2050,kl_loss,51.610328674316406
2050,kl_loss_0,4.469805717468262
2050,kl_loss_1,4.239593505859375
2050,kl_loss_2,5.726385593414307
2050,kl_loss_3,11.567866325378418
2050,kl_loss_4,5.294558048248291
2050,kl_loss_5,4.013028144836426
2050,kl_loss_6,4.175806522369385
2050,kl_loss_7,6.308098793029785
2050,kl_loss_8,5.815185546875
2050,loss,2882.212646484375
2100,recon_loss,1667.667236328125
2100,kl_loss,54.920677185058594
2100,kl_loss_0,4.703052997589111
2100,kl_loss_1,4.559940814971924
2100,kl_loss_2,6.099151611328125
2100,kl_loss_3,12.467485427856445
2100,kl_loss_4,5.620375156402588
2100,kl_loss_5,4.2721381187438965
2100,kl_loss_6,4.454670429229736
2100,kl_loss_7,6.541557788848877
2100,kl_loss_8,6.202305316925049
2100,loss,2248.172607421875
2150,recon_loss,1705.224365234375
2150,kl_loss,55.00983810424805
2150,kl_loss_0,4.713566780090332
2150,kl_loss_1,4.611827850341797
2150,kl_loss_2,6.086212158203125
2150,kl_loss_3,12.275992393493652
2150,kl_loss_4,5.645726203918457
2150,kl_loss_5,4.319562911987305
2150,kl_loss_6,4.4978156089782715
2150,kl_loss_7,6.573196887969971
2150,kl_loss_8,6.28593635559082
2150,loss,2288.67626953125
2200,recon_loss,1602.87744140625
2200,kl_loss,54.7098388671875
2200,kl_loss_0,4.721581935882568
2200,kl_loss_1,4.626791000366211
2200,kl_loss_2,6.127962589263916
2200,kl_loss_3,12.163490295410156
2200,kl_loss_4,5.6016845703125
2200,kl_loss_5,4.332663059234619
2200,kl_loss_6,4.476712226867676
2200,kl_loss_7,6.440061569213867
2200,kl_loss_8,6.218891143798828
2200,loss,2196.1552734375
2250,recon_loss,1683.8778076171875
2250,kl_loss,54.32845687866211
2250,kl_loss_0,4.674624443054199
2250,kl_loss_1,4.604422092437744
2250,kl_loss_2,6.060405254364014
2250,kl_loss_3,11.980463981628418
2250,kl_loss_4,5.598833084106445
2250,kl_loss_5,4.320166110992432
2250,kl_loss_6,4.4806671142578125
2250,kl_loss_7,6.441585540771484
2250,kl_loss_8,6.167288780212402
2250,loss,2267.912109375
2300,recon_loss,1617.7972412109375
2300,kl_loss,54.064369201660156
2300,kl_loss_0,4.6850056648254395
2300,kl_loss_1,4.612849235534668
2300,kl_loss_2,6.042904853820801
2300,kl_loss_3,11.761423110961914
2300,kl_loss_4,5.595435619354248
2300,kl_loss_5,4.332281112670898
2300,kl_loss_6,4.477916240692139
2300,kl_loss_7,6.397130012512207
2300,kl_loss_8,6.159420013427734
2300,loss,2191.494384765625
2350,recon_loss,1585.0054931640625
2350,kl_loss,53.73712921142578
2350,kl_loss_0,4.671020030975342
2350,kl_loss_1,4.597076892852783
2350,kl_loss_2,6.010205268859863
2350,kl_loss_3,11.657543182373047
2350,kl_loss_4,5.561882972717285
2350,kl_loss_5,4.3308634757995605
2350,kl_loss_6,4.4715704917907715
2350,kl_loss_7,6.3561224937438965
2350,kl_loss_8,6.0808491706848145
2350,loss,2143.859619140625
2400,recon_loss,1511.102294921875
2400,kl_loss,53.40873336791992
2400,kl_loss_0,4.673887252807617
2400,kl_loss_1,4.588729381561279
2400,kl_loss_2,5.924545764923096
2400,kl_loss_3,11.501927375793457
2400,kl_loss_4,5.521623611450195
2400,kl_loss_5,4.316971778869629
2400,kl_loss_6,4.479177474975586
2400,kl_loss_7,6.3488898277282715
2400,kl_loss_8,6.052978992462158
2400,loss,2073.164306640625
2450,recon_loss,1415.258544921875
2450,kl_loss,53.27189636230469
2450,kl_loss_0,4.6689348220825195
2450,kl_loss_1,4.585159778594971
2450,kl_loss_2,5.9655022621154785
2450,kl_loss_3,11.406352996826172
2450,kl_loss_4,5.541510581970215
2450,kl_loss_5,4.310855388641357
2450,kl_loss_6,4.475862503051758
2450,kl_loss_7,6.324013710021973
2450,kl_loss_8,5.9937028884887695
2450,loss,1999.2979736328125
2500,recon_loss,1419.1268310546875
2500,kl_loss,52.623779296875
2500,kl_loss_0,4.619091033935547
2500,kl_loss_1,4.554953575134277
2500,kl_loss_2,5.894002914428711
2500,kl_loss_3,11.227829933166504
2500,kl_loss_4,5.4372172355651855
2500,kl_loss_5,4.294064044952393
2500,kl_loss_6,4.454342842102051
2500,kl_loss_7,6.176151752471924
2500,kl_loss_8,5.966127872467041
2500,loss,2012.5389404296875
2550,recon_loss,1319.20458984375
2550,kl_loss,52.90725326538086
2550,kl_loss_0,4.652850151062012
2550,kl_loss_1,4.577572822570801
2550,kl_loss_2,5.959698677062988
2550,kl_loss_3,11.183813095092773
2550,kl_loss_4,5.502132415771484
2550,kl_loss_5,4.319625377655029
2550,kl_loss_6,4.462677478790283
2550,kl_loss_7,6.271301746368408
2550,kl_loss_8,5.977581024169922
2550,loss,1868.291748046875
2600,recon_loss,1347.44775390625
2600,kl_loss,52.12247848510742
2600,kl_loss_0,4.6079840660095215
2600,kl_loss_1,4.525503635406494
2600,kl_loss_2,5.8121514320373535
2600,kl_loss_3,11.003554344177246
2600,kl_loss_4,5.426124095916748
2600,kl_loss_5,4.2921295166015625
2600,kl_loss_6,4.423989772796631
2600,kl_loss_7,6.171061992645264
2600,kl_loss_8,5.859981060028076
2600,loss,1906.712158203125
2650,recon_loss,5447.21875
2650,kl_loss,40.627586364746094
2650,kl_loss_0,3.749469518661499
2650,kl_loss_1,3.6559996604919434
2650,kl_loss_2,4.5082807540893555
2650,kl_loss_3,7.730140209197998
2650,kl_loss_4,4.396957874298096
2650,kl_loss_5,3.4503791332244873
2650,kl_loss_6,3.685307502746582
2650,kl_loss_7,4.842840194702148
2650,kl_loss_8,4.60821533203125
2650,loss,6386.50244140625
2700,recon_loss,1501.3074951171875
2700,kl_loss,51.13051223754883
2700,kl_loss_0,4.481868743896484
2700,kl_loss_1,4.418529510498047
2700,kl_loss_2,5.7199602127075195
2700,kl_loss_3,10.776293754577637
2700,kl_loss_4,5.411736965179443
2700,kl_loss_5,4.144289970397949
2700,kl_loss_6,4.373325347900391
2700,kl_loss_7,6.120296478271484
2700,kl_loss_8,5.684211254119873
2700,loss,2059.52490234375
2750,recon_loss,1216.6783447265625
2750,kl_loss,52.39128494262695
2750,kl_loss_0,4.58909797668457
2750,kl_loss_1,4.553433418273926
2750,kl_loss_2,5.870398044586182
2750,kl_loss_3,11.041029930114746
2750,kl_loss_4,5.512104034423828
2750,kl_loss_5,4.271461486816406
2750,kl_loss_6,4.4558820724487305
2750,kl_loss_7,6.263116359710693
2750,kl_loss_8,5.834763050079346
2750,loss,1759.92529296875
2800,recon_loss,1186.37841796875
2800,kl_loss,52.4405403137207
2800,kl_loss_0,4.591610908508301
2800,kl_loss_1,4.59589958190918
2800,kl_loss_2,5.9062395095825195
2800,kl_loss_3,10.991854667663574
2800,kl_loss_4,5.493188381195068
2800,kl_loss_5,4.308568000793457
2800,kl_loss_6,4.4546427726745605
2800,kl_loss_7,6.232097148895264
2800,kl_loss_8,5.86644172668457
2800,loss,1744.3822021484375
2850,recon_loss,1163.067626953125
2850,kl_loss,52.146854400634766
2850,kl_loss_0,4.586988925933838
2850,kl_loss_1,4.574085235595703
2850,kl_loss_2,5.868857383728027
2850,kl_loss_3,10.86762809753418
2850,kl_loss_4,5.456567764282227
2850,kl_loss_5,4.323387622833252
2850,kl_loss_6,4.44778299331665
2850,kl_loss_7,6.183293342590332
2850,kl_loss_8,5.838262557983398
2850,loss,1717.988037109375
2900,recon_loss,1150.3812255859375
2900,kl_loss,52.11873245239258
2900,kl_loss_0,4.603229999542236
2900,kl_loss_1,4.579985618591309
2900,kl_loss_2,5.91309928894043
2900,kl_loss_3,10.773695945739746
2900,kl_loss_4,5.462643623352051
2900,kl_loss_5,4.340170383453369
2900,kl_loss_6,4.4505510330200195
2900,kl_loss_7,6.14761209487915
2900,kl_loss_8,5.847741603851318
2900,loss,1690.444580078125
2950,recon_loss,1117.8431396484375
2950,kl_loss,51.49073028564453
2950,kl_loss_0,4.562017440795898
2950,kl_loss_1,4.567425727844238
2950,kl_loss_2,5.825175762176514
2950,kl_loss_3,10.523982048034668
2950,kl_loss_4,5.422393321990967
2950,kl_loss_5,4.325758934020996
2950,kl_loss_6,4.413750648498535
2950,kl_loss_7,6.0742106437683105
2950,kl_loss_8,5.776015758514404
2950,loss,1656.2216796875
3000,recon_loss,1372.971435546875
3000,kl_loss,50.83957290649414
3000,kl_loss_0,4.50504207611084
3000,kl_loss_1,4.524214267730713
3000,kl_loss_2,5.787918567657471
3000,kl_loss_3,10.259448051452637
3000,kl_loss_4,5.348400115966797
3000,kl_loss_5,4.301831245422363
3000,kl_loss_6,4.401369094848633
3000,kl_loss_7,5.989834785461426
3000,kl_loss_8,5.721518516540527
3000,loss,1918.6875
3050,recon_loss,1067.7127685546875
3050,kl_loss,51.280052185058594
3050,kl_loss_0,4.55948543548584
3050,kl_loss_1,4.5576090812683105
3050,kl_loss_2,5.838680267333984
3050,kl_loss_3,10.367950439453125
3050,kl_loss_4,5.396770000457764
3050,kl_loss_5,4.34432315826416
3050,kl_loss_6,4.451225757598877
3050,kl_loss_7,6.030210971832275
3050,kl_loss_8,5.7337965965271
3050,loss,1595.7833251953125
3100,recon_loss,1473.7181396484375
3100,kl_loss,50.990020751953125
3100,kl_loss_0,4.55709981918335
3100,kl_loss_1,4.549066066741943
3100,kl_loss_2,5.808010101318359
3100,kl_loss_3,10.256269454956055
3100,kl_loss_4,5.3487019538879395
3100,kl_loss_5,4.347362041473389
3100,kl_loss_6,4.431272983551025
3100,kl_loss_7,5.969301700592041
3100,kl_loss_8,5.722930908203125
3100,loss,2000.136474609375
3150,recon_loss,1046.3143310546875
3150,kl_loss,50.36532211303711
3150,kl_loss_0,4.48973274230957
3150,kl_loss_1,4.5339131355285645
3150,kl_loss_2,5.7507734298706055
3150,kl_loss_3,10.03234577178955
3150,kl_loss_4,5.310557842254639
3150,kl_loss_5,4.3276238441467285
3150,kl_loss_6,4.403295516967773
3150,kl_loss_7,5.873044013977051
3150,kl_loss_8,5.644038677215576
3150,loss,1561.96484375
3200,recon_loss,998.1121826171875
3200,kl_loss,50.601871490478516
3200,kl_loss_0,4.500207901000977
3200,kl_loss_1,4.558523654937744
3200,kl_loss_2,5.7924885749816895
3200,kl_loss_3,10.001374244689941
3200,kl_loss_4,5.34603214263916
3200,kl_loss_5,4.345178127288818
3200,kl_loss_6,4.436219692230225
3200,kl_loss_7,5.936483860015869
3200,kl_loss_8,5.685366630554199
3200,loss,1514.712158203125
3250,recon_loss,1487.0006103515625
3250,kl_loss,48.182071685791016
3250,kl_loss_0,4.33568811416626
3250,kl_loss_1,4.39284086227417
3250,kl_loss_2,5.430315017700195
3250,kl_loss_3,9.348515510559082
3250,kl_loss_4,5.139086723327637
3250,kl_loss_5,4.198625087738037
3250,kl_loss_6,4.295762538909912
3250,kl_loss_7,5.641108989715576
3250,kl_loss_8,5.4001312255859375
3250,loss,1993.5203857421875
3300,recon_loss,963.9598388671875
3300,kl_loss,50.066585540771484
3300,kl_loss_0,4.470017910003662
3300,kl_loss_1,4.51163911819458
3300,kl_loss_2,5.712705135345459
3300,kl_loss_3,9.773795127868652
3300,kl_loss_4,5.335934638977051
3300,kl_loss_5,4.354162693023682
3300,kl_loss_6,4.427896976470947
3300,kl_loss_7,5.869840145111084
3300,kl_loss_8,5.610593795776367
3300,loss,1495.37109375
3350,recon_loss,1040.5128173828125
3350,kl_loss,49.72233200073242
3350,kl_loss_0,4.474347114562988
3350,kl_loss_1,4.5048675537109375
3350,kl_loss_2,5.661401271820068
3350,kl_loss_3,9.642051696777344
3350,kl_loss_4,5.29975700378418
3350,kl_loss_5,4.341196060180664
3350,kl_loss_6,4.406771183013916
3350,kl_loss_7,5.80588436126709
3350,kl_loss_8,5.586055755615234
3350,loss,1613.554931640625
3400,recon_loss,1010.2907104492188
3400,kl_loss,49.0994758605957
3400,kl_loss_0,4.435494422912598
3400,kl_loss_1,4.4668989181518555
3400,kl_loss_2,5.571142673492432
3400,kl_loss_3,9.460223197937012
3400,kl_loss_4,5.237480640411377
3400,kl_loss_5,4.298679351806641
3400,kl_loss_6,4.372345447540283
3400,kl_loss_7,5.743807315826416
3400,kl_loss_8,5.513404369354248
3400,loss,1583.2017822265625
3450,recon_loss,1113.224853515625
3450,kl_loss,49.632869720458984
3450,kl_loss_0,4.504261493682861
3450,kl_loss_1,4.519693374633789
3450,kl_loss_2,5.647274971008301
3450,kl_loss_3,9.567787170410156
3450,kl_loss_4,5.259836196899414
3450,kl_loss_5,4.345624923706055
3450,kl_loss_6,4.411541938781738
3450,kl_loss_7,5.798620700836182
3450,kl_loss_8,5.578229904174805
3450,loss,1640.758056640625
3500,recon_loss,1091.1812744140625
3500,kl_loss,48.79569625854492
3500,kl_loss_0,4.4282307624816895
3500,kl_loss_1,4.450214862823486
3500,kl_loss_2,5.556797027587891
3500,kl_loss_3,9.279976844787598
3500,kl_loss_4,5.206427097320557
3500,kl_loss_5,4.300661563873291
3500,kl_loss_6,4.361390113830566
3500,kl_loss_7,5.699814319610596
3500,kl_loss_8,5.512182712554932
3500,loss,1662.086181640625
3550,recon_loss,972.3348388671875
3550,kl_loss,49.27787780761719
3550,kl_loss_0,4.466909408569336
3550,kl_loss_1,4.491449356079102
3550,kl_loss_2,5.620754241943359
3550,kl_loss_3,9.386977195739746
3550,kl_loss_4,5.2510905265808105
3550,kl_loss_5,4.33969259262085
3550,kl_loss_6,4.413393020629883
3550,kl_loss_7,5.764578819274902
3550,kl_loss_8,5.543032646179199
3550,loss,1492.138671875
3600,recon_loss,1253.76318359375
3600,kl_loss,46.6307373046875
3600,kl_loss_0,4.294879913330078
3600,kl_loss_1,4.250139236450195
3600,kl_loss_2,5.339326858520508
3600,kl_loss_3,8.75088119506836
3600,kl_loss_4,5.015038967132568
3600,kl_loss_5,4.162302017211914
3600,kl_loss_6,4.221952438354492
3600,kl_loss_7,5.399237155914307
3600,kl_loss_8,5.196976184844971
3600,loss,1770.77197265625
3650,recon_loss,907.384521484375
3650,kl_loss,48.722557067871094
3650,kl_loss_0,4.449347019195557
3650,kl_loss_1,4.4560346603393555
3650,kl_loss_2,5.547532558441162
3650,kl_loss_3,9.226284980773926
3650,kl_loss_4,5.174674034118652
3650,kl_loss_5,4.340942859649658
3650,kl_loss_6,4.377286911010742
3650,kl_loss_7,5.659043788909912
3650,kl_loss_8,5.491409778594971
3650,loss,1406.705810546875
3700,recon_loss,870.044677734375
3700,kl_loss,48.90043640136719
3700,kl_loss_0,4.4829487800598145
3700,kl_loss_1,4.485091686248779
3700,kl_loss_2,5.599936485290527
3700,kl_loss_3,9.184017181396484
3700,kl_loss_4,5.2084736824035645
3700,kl_loss_5,4.362724304199219
3700,kl_loss_6,4.400104999542236
3700,kl_loss_7,5.674697399139404
3700,kl_loss_8,5.502442836761475
3700,loss,1369.572265625
3750,recon_loss,902.1470947265625
3750,kl_loss,48.706878662109375
3750,kl_loss_0,4.4896087646484375
3750,kl_loss_1,4.471741199493408
3750,kl_loss_2,5.589296817779541
3750,kl_loss_3,9.091229438781738
3750,kl_loss_4,5.188060760498047
3750,kl_loss_5,4.347073554992676
3750,kl_loss_6,4.392565727233887
3750,kl_loss_7,5.664020538330078
3750,kl_loss_8,5.473281383514404
3750,loss,1401.290283203125
3800,recon_loss,1040.9442138671875
3800,kl_loss,48.42062759399414
3800,kl_loss_0,4.48284912109375
3800,kl_loss_1,4.468023300170898
3800,kl_loss_2,5.501321315765381
3800,kl_loss_3,8.982080459594727
3800,kl_loss_4,5.164201736450195
3800,kl_loss_5,4.337261199951172
3800,kl_loss_6,4.382045269012451
3800,kl_loss_7,5.644999980926514
3800,kl_loss_8,5.457845687866211
3800,loss,1543.193115234375
3850,recon_loss,841.5538330078125
3850,kl_loss,48.141902923583984
3850,kl_loss_0,4.463854789733887
3850,kl_loss_1,4.463514804840088
3850,kl_loss_2,5.508023738861084
3850,kl_loss_3,8.884334564208984
3850,kl_loss_4,5.143887519836426
3850,kl_loss_5,4.345408916473389
3850,kl_loss_6,4.370476245880127
3850,kl_loss_7,5.578358173370361
3850,kl_loss_8,5.384044170379639
3850,loss,1340.597412109375
3900,recon_loss,805.3046875
3900,kl_loss,48.1197509765625
3900,kl_loss_0,4.464169502258301
3900,kl_loss_1,4.471790313720703
3900,kl_loss_2,5.514467716217041
3900,kl_loss_3,8.81293773651123
3900,kl_loss_4,5.144512176513672
3900,kl_loss_5,4.336231231689453
3900,kl_loss_6,4.388108730316162
3900,kl_loss_7,5.5934271812438965
3900,kl_loss_8,5.394108772277832
3900,loss,1298.4149169921875
3950,recon_loss,830.6104125976562
3950,kl_loss,48.195796966552734
3950,kl_loss_0,4.491265296936035
3950,kl_loss_1,4.477632999420166
3950,kl_loss_2,5.497927188873291
3950,kl_loss_3,8.832742691040039
3950,kl_loss_4,5.164320468902588
3950,kl_loss_5,4.354596138000488
3950,kl_loss_6,4.409815788269043
3950,kl_loss_7,5.57741641998291
3950,kl_loss_8,5.390079498291016
3950,loss,1329.8255615234375
4000,recon_loss,834.9773559570312
4000,kl_loss,47.65748977661133
4000,kl_loss_0,4.4331793785095215
4000,kl_loss_1,4.451058387756348
4000,kl_loss_2,5.455639839172363
4000,kl_loss_3,8.616241455078125
4000,kl_loss_4,5.110176086425781
4000,kl_loss_5,4.329831123352051
4000,kl_loss_6,4.3646559715271
4000,kl_loss_7,5.522119045257568
4000,kl_loss_8,5.374589920043945
4000,loss,1334.9541015625
4050,recon_loss,814.8292236328125
4050,kl_loss,47.75318908691406
4050,kl_loss_0,4.456255912780762
4050,kl_loss_1,4.465321063995361
4050,kl_loss_2,5.4401350021362305
4050,kl_loss_3,8.70230484008789
4050,kl_loss_4,5.106621265411377
4050,kl_loss_5,4.340237617492676
4050,kl_loss_6,4.3706560134887695
4050,kl_loss_7,5.510030746459961
4050,kl_loss_8,5.361630916595459
4050,loss,1301.619384765625
4100,recon_loss,897.8029174804688
4100,kl_loss,47.81616973876953
4100,kl_loss_0,4.461881637573242
4100,kl_loss_1,4.4829816818237305
4100,kl_loss_2,5.478787899017334
4100,kl_loss_3,8.670305252075195
4100,kl_loss_4,5.12941837310791
4100,kl_loss_5,4.347136974334717
4100,kl_loss_6,4.403217792510986
4100,kl_loss_7,5.49958610534668
4100,kl_loss_8,5.342857837677002
4100,loss,1393.5009765625
4150,recon_loss,766.0597534179688
4150,kl_loss,47.499874114990234
4150,kl_loss_0,4.426459312438965
4150,kl_loss_1,4.459088325500488
4150,kl_loss_2,5.427662372589111
4150,kl_loss_3,8.534555435180664
4150,kl_loss_4,5.13278865814209
4150,kl_loss_5,4.333429336547852
4150,kl_loss_6,4.397133827209473
4150,kl_loss_7,5.4932451248168945
4150,kl_loss_8,5.295510292053223
4150,loss,1254.8631591796875
4200,recon_loss,912.226806640625
4200,kl_loss,47.53538131713867
4200,kl_loss_0,4.440925121307373
4200,kl_loss_1,4.459508419036865
4200,kl_loss_2,5.437376499176025
4200,kl_loss_3,8.495966911315918
4200,kl_loss_4,5.1245832443237305
4200,kl_loss_5,4.339138031005859
4200,kl_loss_6,4.404326915740967
4200,kl_loss_7,5.524224281311035
4200,kl_loss_8,5.309330463409424
4200,loss,1397.844970703125
4250,recon_loss,865.6591186523438
4250,kl_loss,46.59916687011719
4250,kl_loss_0,4.384405136108398
4250,kl_loss_1,4.382915496826172
4250,kl_loss_2,5.348814487457275
4250,kl_loss_3,8.224579811096191
4250,kl_loss_4,5.0362982749938965
4250,kl_loss_5,4.2865800857543945
4250,kl_loss_6,4.320974826812744
4250,kl_loss_7,5.363091468811035
4250,kl_loss_8,5.251510143280029
4250,loss,1363.57421875
4300,recon_loss,852.6333618164062
4300,kl_loss,47.36243438720703
4300,kl_loss_0,4.449492931365967
4300,kl_loss_1,4.437319755554199
4300,kl_loss_2,5.424789905548096
4300,kl_loss_3,8.375094413757324
4300,kl_loss_4,5.129821300506592
4300,kl_loss_5,4.336528778076172
4300,kl_loss_6,4.405808925628662
4300,kl_loss_7,5.489206314086914
4300,kl_loss_8,5.3143720626831055
4300,loss,1341.0478515625
4350,recon_loss,763.913818359375
4350,kl_loss,46.98978042602539
4350,kl_loss_0,4.448198318481445
4350,kl_loss_1,4.420881271362305
4350,kl_loss_2,5.3690080642700195
4350,kl_loss_3,8.304876327514648
4350,kl_loss_4,5.042181968688965
4350,kl_loss_5,4.33834981918335
4350,kl_loss_6,4.3873701095581055
4350,kl_loss_7,5.412176609039307
4350,kl_loss_8,5.266736030578613
4350,loss,1252.0447998046875
4400,recon_loss,714.33642578125
4400,kl_loss,47.04606246948242
4400,kl_loss_0,4.436372756958008
4400,kl_loss_1,4.418980121612549
4400,kl_loss_2,5.388890266418457
4400,kl_loss_3,8.302324295043945
4400,kl_loss_4,5.065687656402588
4400,kl_loss_5,4.339826583862305
4400,kl_loss_6,4.40322208404541
4400,kl_loss_7,5.408749580383301
4400,kl_loss_8,5.282009124755859
4400,loss,1194.5667724609375
4450,recon_loss,1794.4307861328125
4450,kl_loss,46.952945709228516
4450,kl_loss_0,4.4682536125183105
4450,kl_loss_1,4.42374849319458
4450,kl_loss_2,5.333757400512695
4450,kl_loss_3,8.304183959960938
4450,kl_loss_4,5.035397529602051
4450,kl_loss_5,4.3329081535339355
4450,kl_loss_6,4.399417877197266
4450,kl_loss_7,5.424952983856201
4450,kl_loss_8,5.230323314666748
4450,loss,2318.6513671875
4500,recon_loss,716.3096313476562
4500,kl_loss,46.35917282104492
4500,kl_loss_0,4.3766188621521
4500,kl_loss_1,4.398387432098389
4500,kl_loss_2,5.262293815612793
4500,kl_loss_3,8.118782043457031
4500,kl_loss_4,5.030369281768799
4500,kl_loss_5,4.317504405975342
4500,kl_loss_6,4.315601348876953
4500,kl_loss_7,5.355897426605225
4500,kl_loss_8,5.183717727661133
4500,loss,1187.7279052734375
4550,recon_loss,694.4910888671875
4550,kl_loss,46.902835845947266
4550,kl_loss_0,4.419638156890869
4550,kl_loss_1,4.44298791885376
4550,kl_loss_2,5.3191728591918945
4550,kl_loss_3,8.231341361999512
4550,kl_loss_4,5.074754238128662
4550,kl_loss_5,4.366181373596191
4550,kl_loss_6,4.390823841094971
4550,kl_loss_7,5.418701171875
4550,kl_loss_8,5.239235877990723
4550,loss,1172.4569091796875
4600,recon_loss,729.1504516601562
4600,kl_loss,46.560890197753906
4600,kl_loss_0,4.391552448272705
4600,kl_loss_1,4.420828342437744
4600,kl_loss_2,5.301187515258789
4600,kl_loss_3,8.112221717834473
4600,kl_loss_4,5.054768085479736
4600,kl_loss_5,4.326425552368164
4600,kl_loss_6,4.360308647155762
4600,kl_loss_7,5.382608413696289
4600,kl_loss_8,5.210986137390137
4600,loss,1212.16796875
4650,recon_loss,714.3677368164062
4650,kl_loss,46.52861022949219
4650,kl_loss_0,4.404311656951904
4650,kl_loss_1,4.418272018432617
4650,kl_loss_2,5.311458587646484
4650,kl_loss_3,8.070394515991211
4650,kl_loss_4,5.048106670379639
4650,kl_loss_5,4.347781181335449
4650,kl_loss_6,4.390439987182617
4650,kl_loss_7,5.345566272735596
4650,kl_loss_8,5.192280292510986
4650,loss,1196.055419921875
4700,recon_loss,729.2444458007812
4700,kl_loss,46.26664352416992
4700,kl_loss_0,4.375658988952637
4700,kl_loss_1,4.396946907043457
4700,kl_loss_2,5.278085231781006
4700,kl_loss_3,8.007391929626465
4700,kl_loss_4,5.0165815353393555
4700,kl_loss_5,4.323919296264648
4700,kl_loss_6,4.352164268493652
4700,kl_loss_7,5.323184967041016
4700,kl_loss_8,5.192709922790527
4700,loss,1202.135498046875
4750,recon_loss,712.4708862304688
4750,kl_loss,46.33257293701172
4750,kl_loss_0,4.4053754806518555
4750,kl_loss_1,4.401042461395264
4750,kl_loss_2,5.296665668487549
4750,kl_loss_3,7.949887752532959
4750,kl_loss_4,5.041602611541748
4750,kl_loss_5,4.362567901611328
4750,kl_loss_6,4.384127140045166
4750,kl_loss_7,5.299663543701172
4750,kl_loss_8,5.1916399002075195
4750,loss,1184.21337890625
4800,recon_loss,728.5166625976562
4800,kl_loss,46.1749267578125
4800,kl_loss_0,4.388586044311523
4800,kl_loss_1,4.392027378082275
4800,kl_loss_2,5.28756856918335
4800,kl_loss_3,7.946639537811279
4800,kl_loss_4,5.001279830932617
4800,kl_loss_5,4.3303117752075195
4800,kl_loss_6,4.386364936828613
4800,kl_loss_7,5.260811805725098
4800,kl_loss_8,5.181337833404541
4800,loss,1216.57568359375
4850,recon_loss,1615.0234375
4850,kl_loss,46.098052978515625
4850,kl_loss_0,4.384294033050537
4850,kl_loss_1,4.395662784576416
4850,kl_loss_2,5.2727370262146
4850,kl_loss_3,7.936155796051025
4850,kl_loss_4,5.006828784942627
4850,kl_loss_5,4.323833465576172
4850,kl_loss_6,4.369932651519775
4850,kl_loss_7,5.264688491821289
4850,kl_loss_8,5.143916606903076
4850,loss,2099.55322265625
4900,recon_loss,641.82421875
4900,kl_loss,46.0557975769043
4900,kl_loss_0,4.371791362762451
4900,kl_loss_1,4.409316062927246
4900,kl_loss_2,5.260886192321777
4900,kl_loss_3,7.82382869720459
4900,kl_loss_4,4.981962203979492
4900,kl_loss_5,4.360429286956787
4900,kl_loss_6,4.3940815925598145
4900,kl_loss_7,5.284305572509766
4900,kl_loss_8,5.169200897216797
4900,loss,1112.39208984375
4950,recon_loss,683.8658447265625
4950,kl_loss,46.226600646972656
4950,kl_loss_0,4.415004730224609
4950,kl_loss_1,4.414026260375977
4950,kl_loss_2,5.292560577392578
4950,kl_loss_3,7.869966983795166
4950,kl_loss_4,5.026513576507568
4950,kl_loss_5,4.352945327758789
4950,kl_loss_6,4.400328159332275
4950,kl_loss_7,5.279092788696289
4950,kl_loss_8,5.1761627197265625
4950,loss,1173.0179443359375
5000,recon_loss,649.483154296875
5000,kl_loss,45.53103256225586
5000,kl_loss_0,4.356904983520508
5000,kl_loss_1,4.376806735992432
5000,kl_loss_2,5.193978309631348
5000,kl_loss_3,7.6346635818481445
5000,kl_loss_4,4.9787468910217285
5000,kl_loss_5,4.32063102722168
5000,kl_loss_6,4.3456501960754395
5000,kl_loss_7,5.217230796813965
5000,kl_loss_8,5.106420516967773
5000,loss,1179.1578369140625
5050,recon_loss,788.6810913085938
5050,kl_loss,45.640533447265625
5050,kl_loss_0,4.359793663024902
5050,kl_loss_1,4.367058753967285
5050,kl_loss_2,5.216557025909424
5050,kl_loss_3,7.672842025756836
5050,kl_loss_4,5.003538608551025
5050,kl_loss_5,4.317670822143555
5050,kl_loss_6,4.3692545890808105
5050,kl_loss_7,5.2126851081848145
5050,kl_loss_8,5.121135234832764
5050,loss,1273.3341064453125
5100,recon_loss,770.5665893554688
5100,kl_loss,45.558895111083984
5100,kl_loss_0,4.369017124176025
5100,kl_loss_1,4.355781078338623
5100,kl_loss_2,5.221292018890381
5100,kl_loss_3,7.680131912231445
5100,kl_loss_4,4.955945014953613
5100,kl_loss_5,4.333403587341309
5100,kl_loss_6,4.360996723175049
5100,kl_loss_7,5.1922807693481445
5100,kl_loss_8,5.090046405792236
5100,loss,1283.20068359375
5150,recon_loss,1123.1204833984375
5150,kl_loss,44.99473571777344
5150,kl_loss_0,4.335676193237305
5150,kl_loss_1,4.328005790710449
5150,kl_loss_2,5.134240627288818
5150,kl_loss_3,7.454054355621338
5150,kl_loss_4,4.901085376739502
5150,kl_loss_5,4.297299385070801
5150,kl_loss_6,4.304071426391602
5150,kl_loss_7,5.157989501953125
5150,kl_loss_8,5.082311630249023
5150,loss,1589.721435546875
5200,recon_loss,808.0631103515625
5200,kl_loss,45.544918060302734
5200,kl_loss_0,4.3962931632995605
5200,kl_loss_1,4.386762619018555
5200,kl_loss_2,5.197664737701416
5200,kl_loss_3,7.5931715965271
5200,kl_loss_4,4.971342086791992
5200,kl_loss_5,4.338268280029297
5200,kl_loss_6,4.364068508148193
5200,kl_loss_7,5.191257476806641
5200,kl_loss_8,5.106090545654297
5200,loss,1273.427490234375
5250,recon_loss,842.0701293945312
5250,kl_loss,45.61080551147461
5250,kl_loss_0,4.377352714538574
5250,kl_loss_1,4.402904033660889
5250,kl_loss_2,5.217654228210449
5250,kl_loss_3,7.616451263427734
5250,kl_loss_4,4.983588695526123
5250,kl_loss_5,4.3535237312316895
5250,kl_loss_6,4.3810014724731445
5250,kl_loss_7,5.164864540100098
5250,kl_loss_8,5.113466739654541
5250,loss,1325.477294921875
5300,recon_loss,689.2870483398438
5300,kl_loss,45.33860778808594
5300,kl_loss_0,4.360357761383057
5300,kl_loss_1,4.375935077667236
5300,kl_loss_2,5.163761138916016
5300,kl_loss_3,7.533459663391113
5300,kl_loss_4,4.949451446533203
5300,kl_loss_5,4.339123725891113
5300,kl_loss_6,4.375307559967041
5300,kl_loss_7,5.162621021270752
5300,kl_loss_8,5.078590393066406
5300,loss,1176.2147216796875
5350,recon_loss,720.06591796875
5350,kl_loss,45.17804718017578
5350,kl_loss_0,4.353138446807861
5350,kl_loss_1,4.3702392578125
5350,kl_loss_2,5.173472881317139
5350,kl_loss_3,7.433851718902588
5350,kl_loss_4,4.961716175079346
5350,kl_loss_5,4.321330547332764
5350,kl_loss_6,4.373935699462891
5350,kl_loss_7,5.140377044677734
5350,kl_loss_8,5.049987316131592
5350,loss,1188.06103515625
5400,recon_loss,692.7954711914062
5400,kl_loss,44.19267272949219
5400,kl_loss_0,4.275861740112305
5400,kl_loss_1,4.295109748840332
5400,kl_loss_2,5.0330071449279785
5400,kl_loss_3,7.175396919250488
5400,kl_loss_4,4.870698928833008
5400,kl_loss_5,4.278497695922852
5400,kl_loss_6,4.265244960784912
5400,kl_loss_7,5.04495096206665
5400,kl_loss_8,4.953903675079346
5400,loss,1169.5399169921875
5450,recon_loss,541.3895874023438
5450,kl_loss,44.9571647644043
5450,kl_loss_0,4.3520965576171875
5450,kl_loss_1,4.374118804931641
5450,kl_loss_2,5.139861583709717
5450,kl_loss_3,7.334371566772461
5450,kl_loss_4,4.933593273162842
5450,kl_loss_5,4.330551624298096
5450,kl_loss_6,4.334632873535156
5450,kl_loss_7,5.1056013107299805
5450,kl_loss_8,5.0523362159729
5450,loss,1020.2483520507812
5500,recon_loss,558.2486572265625
5500,kl_loss,45.08293151855469
5500,kl_loss_0,4.352476596832275
5500,kl_loss_1,4.373449325561523
5500,kl_loss_2,5.140426158905029
5500,kl_loss_3,7.400410175323486
5500,kl_loss_4,4.9482808113098145
5500,kl_loss_5,4.3201165199279785
5500,kl_loss_6,4.353937149047852
5500,kl_loss_7,5.113455772399902
5500,kl_loss_8,5.080381870269775
5500,loss,1025.9127197265625
5550,recon_loss,557.300537109375
5550,kl_loss,45.091453552246094
5550,kl_loss_0,4.364862442016602
5550,kl_loss_1,4.366451263427734
5550,kl_loss_2,5.18154239654541
5550,kl_loss_3,7.333379745483398
5550,kl_loss_4,4.935276031494141
5550,kl_loss_5,4.343054294586182
5550,kl_loss_6,4.359033107757568
5550,kl_loss_7,5.119670391082764
5550,kl_loss_8,5.0881853103637695
5550,loss,1016.2506103515625
5600,recon_loss,614.687744140625
5600,kl_loss,44.60803985595703
5600,kl_loss_0,4.3666181564331055
5600,kl_loss_1,4.320950508117676
5600,kl_loss_2,5.1062092781066895
5600,kl_loss_3,7.2040276527404785
5600,kl_loss_4,4.858893394470215
5600,kl_loss_5,4.3044753074646
5600,kl_loss_6,4.333504676818848
5600,kl_loss_7,5.114407539367676
5600,kl_loss_8,4.998958110809326
5600,loss,1074.327880859375
5650,recon_loss,791.0328979492188
5650,kl_loss,44.6333122253418
5650,kl_loss_0,4.351884841918945
5650,kl_loss_1,4.337224006652832
5650,kl_loss_2,5.111332893371582
5650,kl_loss_3,7.220119476318359
5650,kl_loss_4,4.874696731567383
5650,kl_loss_5,4.325368881225586
5650,kl_loss_6,4.3501667976379395
5650,kl_loss_7,5.051426410675049
5650,kl_loss_8,5.0110931396484375
5650,loss,1245.8868408203125
5700,recon_loss,697.28125
5700,kl_loss,44.509132385253906
5700,kl_loss_0,4.354997158050537
5700,kl_loss_1,4.3318705558776855
5700,kl_loss_2,5.104861259460449
5700,kl_loss_3,7.124467849731445
5700,kl_loss_4,4.90509033203125
5700,kl_loss_5,4.311765193939209
5700,kl_loss_6,4.344538688659668
5700,kl_loss_7,5.0646257400512695
5700,kl_loss_8,4.966916561126709
5700,loss,1157.149658203125
5750,recon_loss,538.3394775390625
5750,kl_loss,44.59477615356445
5750,kl_loss_0,4.360254764556885
5750,kl_loss_1,4.368099212646484
5750,kl_loss_2,5.077413558959961
5750,kl_loss_3,7.14996337890625
5750,kl_loss_4,4.889540195465088
5750,kl_loss_5,4.335618495941162
5750,kl_loss_6,4.347997665405273
5750,kl_loss_7,5.078739643096924
5750,kl_loss_8,4.987148761749268
5750,loss,987.9412231445312
5800,recon_loss,544.7256469726562
5800,kl_loss,44.09235382080078
5800,kl_loss_0,4.313164710998535
5800,kl_loss_1,4.323080539703369
5800,kl_loss_2,5.033170700073242
5800,kl_loss_3,7.066170692443848
5800,kl_loss_4,4.827211380004883
5800,kl_loss_5,4.2973456382751465
5800,kl_loss_6,4.301587104797363
5800,kl_loss_7,5.009378910064697
5800,kl_loss_8,4.9212422370910645
5800,loss,995.5909423828125
5850,recon_loss,550.6864624023438
5850,kl_loss,44.3988037109375
5850,kl_loss_0,4.320405960083008
5850,kl_loss_1,4.360660076141357
5850,kl_loss_2,5.084527492523193
5850,kl_loss_3,7.103724479675293
5850,kl_loss_4,4.878427505493164
5850,kl_loss_5,4.327047348022461
5850,kl_loss_6,4.316443920135498
5850,kl_loss_7,5.036357879638672
5850,kl_loss_8,4.9712090492248535
5850,loss,1018.5354614257812
5900,recon_loss,686.6392211914062
5900,kl_loss,44.4124870300293
5900,kl_loss_0,4.326486587524414
5900,kl_loss_1,4.363295078277588
5900,kl_loss_2,5.082769393920898
5900,kl_loss_3,7.0760955810546875
5900,kl_loss_4,4.899906635284424
5900,kl_loss_5,4.319589138031006
5900,kl_loss_6,4.306410312652588
5900,kl_loss_7,5.0459818840026855
5900,kl_loss_8,4.991950511932373
5900,loss,1168.955078125
5950,recon_loss,745.2352294921875
5950,kl_loss,44.20732116699219
5950,kl_loss_0,4.306430816650391
5950,kl_loss_1,4.365367412567139
5950,kl_loss_2,5.05380392074585
5950,kl_loss_3,6.991389274597168
5950,kl_loss_4,4.892587184906006
5950,kl_loss_5,4.288303852081299
5950,kl_loss_6,4.295777320861816
5950,kl_loss_7,5.029358386993408
5950,kl_loss_8,4.9843034744262695
5950,loss,1249.2552490234375
6000,recon_loss,485.9688415527344
6000,kl_loss,44.28419876098633
6000,kl_loss_0,4.3139543533325195
6000,kl_loss_1,4.3428144454956055
6000,kl_loss_2,5.0630059242248535
6000,kl_loss_3,7.0124735832214355
6000,kl_loss_4,4.900545120239258
6000,kl_loss_5,4.316729545593262
6000,kl_loss_6,4.327411651611328
6000,kl_loss_7,5.027768135070801
6000,kl_loss_8,4.979496955871582
6000,loss,933.6099243164062
6050,recon_loss,530.30908203125
6050,kl_loss,44.07855987548828
6050,kl_loss_0,4.309463024139404
6050,kl_loss_1,4.3364176750183105
6050,kl_loss_2,5.023240089416504
6050,kl_loss_3,6.9108428955078125
6050,kl_loss_4,4.863070487976074
6050,kl_loss_5,4.319392681121826
6050,kl_loss_6,4.318572521209717
6050,kl_loss_7,5.024072647094727
6050,kl_loss_8,4.973485469818115
6050,loss,978.4561157226562
6100,recon_loss,551.500732421875
6100,kl_loss,44.126041412353516
6100,kl_loss_0,4.307216644287109
6100,kl_loss_1,4.344725131988525
6100,kl_loss_2,5.054798126220703
6100,kl_loss_3,6.932089805603027
6100,kl_loss_4,4.882516860961914
6100,kl_loss_5,4.323003768920898
6100,kl_loss_6,4.318426132202148
6100,kl_loss_7,5.013364315032959
6100,kl_loss_8,4.949901580810547
6100,loss,998.915283203125
6150,recon_loss,495.4812927246094
6150,kl_loss,44.084564208984375
6150,kl_loss_0,4.313406944274902
6150,kl_loss_1,4.340853214263916
6150,kl_loss_2,5.054172515869141
6150,kl_loss_3,6.899445056915283
6150,kl_loss_4,4.855404853820801
6150,kl_loss_5,4.3178324699401855
6150,kl_loss_6,4.317584991455078
6150,kl_loss_7,5.0314106941223145
6150,kl_loss_8,4.954453945159912
6150,loss,941.93701171875
6200,recon_loss,893.4122924804688
6200,kl_loss,43.81874465942383
6200,kl_loss_0,4.313049793243408
6200,kl_loss_1,4.31753396987915
6200,kl_loss_2,5.0334062576293945
6200,kl_loss_3,6.84953498840332
6200,kl_loss_4,4.844179630279541
6200,kl_loss_5,4.297274589538574
6200,kl_loss_6,4.297582626342773
6200,kl_loss_7,4.9588823318481445
6200,kl_loss_8,4.907302379608154
6200,loss,1445.824951171875
6250,recon_loss,529.918212890625
6250,kl_loss,43.876121520996094
6250,kl_loss_0,4.320557117462158
6250,kl_loss_1,4.318034648895264
6250,kl_loss_2,5.054417610168457
6250,kl_loss_3,6.8269734382629395
6250,kl_loss_4,4.849250316619873
6250,kl_loss_5,4.317469596862793
6250,kl_loss_6,4.312057971954346
6250,kl_loss_7,4.951254844665527
6250,kl_loss_8,4.926105499267578
6250,loss,995.3650512695312
6300,recon_loss,1125.2314453125
6300,kl_loss,41.91084289550781
6300,kl_loss_0,4.148334980010986
6300,kl_loss_1,4.1465864181518555
6300,kl_loss_2,4.805400371551514
6300,kl_loss_3,6.371508598327637
6300,kl_loss_4,4.668199062347412
6300,kl_loss_5,4.168478488922119
6300,kl_loss_6,4.144710540771484
6300,kl_loss_7,4.7746262550354
6300,kl_loss_8,4.682997226715088
6300,loss,1567.263671875
6350,recon_loss,472.09722900390625
6350,kl_loss,43.65476989746094
6350,kl_loss_0,4.291163444519043
6350,kl_loss_1,4.305135726928711
6350,kl_loss_2,5.010695934295654
6350,kl_loss_3,6.755598068237305
6350,kl_loss_4,4.851323127746582
6350,kl_loss_5,4.299877166748047
6350,kl_loss_6,4.299106597900391
6350,kl_loss_7,4.929606914520264
6350,kl_loss_8,4.912262439727783
6350,loss,927.311279296875
6400,recon_loss,487.55694580078125
6400,kl_loss,43.68559646606445
6400,kl_loss_0,4.279289722442627
6400,kl_loss_1,4.305156230926514
6400,kl_loss_2,5.012744903564453
6400,kl_loss_3,6.780692100524902
6400,kl_loss_4,4.827503204345703
6400,kl_loss_5,4.297114372253418
6400,kl_loss_6,4.33198356628418
6400,kl_loss_7,4.9387078285217285
6400,kl_loss_8,4.912405014038086
6400,loss,930.51611328125
6450,recon_loss,501.65863037109375
6450,kl_loss,43.40068435668945
6450,kl_loss_0,4.250499248504639
6450,kl_loss_1,4.291642665863037
6450,kl_loss_2,4.986215114593506
6450,kl_loss_3,6.687437534332275
6450,kl_loss_4,4.8191914558410645
6450,kl_loss_5,4.277044296264648
6450,kl_loss_6,4.3096089363098145
6450,kl_loss_7,4.903391361236572
6450,kl_loss_8,4.8756513595581055
6450,loss,949.5963134765625
6500,recon_loss,465.3462829589844
6500,kl_loss,43.543094635009766
6500,kl_loss_0,4.2785234451293945
6500,kl_loss_1,4.309253692626953
6500,kl_loss_2,4.988264560699463
6500,kl_loss_3,6.705526351928711
6500,kl_loss_4,4.8398966789245605
6500,kl_loss_5,4.278594970703125
6500,kl_loss_6,4.324220657348633
6500,kl_loss_7,4.925684928894043
6500,kl_loss_8,4.893132209777832
6500,loss,918.0596923828125
6550,recon_loss,552.9149780273438
6550,kl_loss,43.39406967163086
6550,kl_loss_0,4.286691665649414
6550,kl_loss_1,4.3171916007995605
6550,kl_loss_2,4.9996256828308105
6550,kl_loss_3,6.6291985511779785
6550,kl_loss_4,4.810951232910156
6550,kl_loss_5,4.289693832397461
6550,kl_loss_6,4.314901351928711
6550,kl_loss_7,4.8971428871154785
6550,kl_loss_8,4.848671913146973
6550,loss,1014.0782470703125
6600,recon_loss,445.26324462890625
6600,kl_loss,43.096954345703125
6600,kl_loss_0,4.259549140930176
6600,kl_loss_1,4.2862138748168945
6600,kl_loss_2,4.933478355407715
6600,kl_loss_3,6.580042839050293
6600,kl_loss_4,4.796473503112793
6600,kl_loss_5,4.265202045440674
6600,kl_loss_6,4.283576488494873
6600,kl_loss_7,4.864696502685547
6600,kl_loss_8,4.827719211578369
6600,loss,896.83544921875
6650,recon_loss,601.5183715820312
6650,kl_loss,42.9522705078125
6650,kl_loss_0,4.233898639678955
6650,kl_loss_1,4.269961357116699
6650,kl_loss_2,4.929152488708496
6650,kl_loss_3,6.510763645172119
6650,kl_loss_4,4.783444881439209
6650,kl_loss_5,4.267850399017334
6650,kl_loss_6,4.28532600402832
6650,kl_loss_7,4.860358715057373
6650,kl_loss_8,4.811511039733887
6650,loss,1039.139404296875
6700,recon_loss,491.2113952636719
6700,kl_loss,43.127105712890625
6700,kl_loss_0,4.243135452270508
6700,kl_loss_1,4.287766933441162
6700,kl_loss_2,4.948692321777344
6700,kl_loss_3,6.550734996795654
6700,kl_loss_4,4.814455986022949
6700,kl_loss_5,4.289270401000977
6700,kl_loss_6,4.281274795532227
6700,kl_loss_7,4.869149684906006
6700,kl_loss_8,4.842626571655273
6700,loss,930.2127685546875
6750,recon_loss,588.2925415039062
6750,kl_loss,43.30166244506836
6750,kl_loss_0,4.257204055786133
6750,kl_loss_1,4.320043563842773
6750,kl_loss_2,4.9836039543151855
6750,kl_loss_3,6.559849262237549
6750,kl_loss_4,4.831396579742432
6750,kl_loss_5,4.30461311340332
6750,kl_loss_6,4.2970991134643555
6750,kl_loss_7,4.886224269866943
6750,kl_loss_8,4.861627101898193
6750,loss,1034.0377197265625
6800,recon_loss,471.0775146484375
6800,kl_loss,42.8460807800293
6800,kl_loss_0,4.230565071105957
6800,kl_loss_1,4.260814189910889
6800,kl_loss_2,4.938085556030273
6800,kl_loss_3,6.466454982757568
6800,kl_loss_4,4.7681450843811035
6800,kl_loss_5,4.26071310043335
6800,kl_loss_6,4.2648396492004395
6800,kl_loss_7,4.829953193664551
6800,kl_loss_8,4.826511859893799
6800,loss,905.8814697265625
6850,recon_loss,457.7054443359375
6850,kl_loss,42.910404205322266
6850,kl_loss_0,4.239381790161133
6850,kl_loss_1,4.2780351638793945
6850,kl_loss_2,4.925040245056152
6850,kl_loss_3,6.498068332672119
6850,kl_loss_4,4.776965141296387
6850,kl_loss_5,4.262360095977783
6850,kl_loss_6,4.285127639770508
6850,kl_loss_7,4.822483539581299
6850,kl_loss_8,4.822946548461914
6850,loss,897.1473388671875
6900,recon_loss,532.4398803710938
6900,kl_loss,42.355350494384766
6900,kl_loss_0,4.179437160491943
6900,kl_loss_1,4.239966869354248
6900,kl_loss_2,4.830266952514648
6900,kl_loss_3,6.347649097442627
6900,kl_loss_4,4.736861705780029
6900,kl_loss_5,4.228329181671143
6900,kl_loss_6,4.2109527587890625
6900,kl_loss_7,4.801573753356934
6900,kl_loss_8,4.780311107635498
6900,loss,972.640625
6950,recon_loss,498.69366455078125
6950,kl_loss,42.58133316040039
6950,kl_loss_0,4.206584930419922
6950,kl_loss_1,4.240442276000977
6950,kl_loss_2,4.8695526123046875
6950,kl_loss_3,6.4602227210998535
6950,kl_loss_4,4.735067844390869
6950,kl_loss_5,4.256805896759033
6950,kl_loss_6,4.249021053314209
6950,kl_loss_7,4.787852764129639
6950,kl_loss_8,4.775785446166992
6950,loss,932.594482421875
7000,recon_loss,420.3570251464844
7000,kl_loss,42.795623779296875
7000,kl_loss_0,4.225225925445557
7000,kl_loss_1,4.264312267303467
7000,kl_loss_2,4.913629055023193
7000,kl_loss_3,6.4582905769348145
7000,kl_loss_4,4.765557765960693
7000,kl_loss_5,4.277120590209961
7000,kl_loss_6,4.276129245758057
7000,kl_loss_7,4.80920934677124
7000,kl_loss_8,4.806147575378418
7000,loss,857.6766357421875
7050,recon_loss,545.7233276367188
7050,kl_loss,42.916690826416016
7050,kl_loss_0,4.247851371765137
7050,kl_loss_1,4.279686450958252
7050,kl_loss_2,4.946676731109619
7050,kl_loss_3,6.465362071990967
7050,kl_loss_4,4.767646312713623
7050,kl_loss_5,4.285580635070801
7050,kl_loss_6,4.292424201965332
7050,kl_loss_7,4.824669361114502
7050,kl_loss_8,4.8067946434021
7050,loss,987.80615234375
7100,recon_loss,425.6164855957031
7100,kl_loss,42.975589752197266
7100,kl_loss_0,4.246829509735107
7100,kl_loss_1,4.289404392242432
7100,kl_loss_2,4.952857494354248
7100,kl_loss_3,6.452120780944824
7100,kl_loss_4,4.781886100769043
7100,kl_loss_5,4.3101677894592285
7100,kl_loss_6,4.290457725524902
7100,kl_loss_7,4.819052219390869
7100,kl_loss_8,4.8328094482421875
7100,loss,869.2706298828125
7150,recon_loss,430.56121826171875
7150,kl_loss,42.81050491333008
7150,kl_loss_0,4.22971248626709
7150,kl_loss_1,4.285770893096924
7150,kl_loss_2,4.936221122741699
7150,kl_loss_3,6.378734588623047
7150,kl_loss_4,4.783357620239258
7150,kl_loss_5,4.289161205291748
7150,kl_loss_6,4.30400276184082
7150,kl_loss_7,4.799847602844238
7150,kl_loss_8,4.803699493408203
7150,loss,863.175537109375
7200,recon_loss,414.7674865722656
7200,kl_loss,42.648414611816406
7200,kl_loss_0,4.244635105133057
7200,kl_loss_1,4.276605129241943
7200,kl_loss_2,4.9245476722717285
7200,kl_loss_3,6.336429595947266
7200,kl_loss_4,4.7599592208862305
7200,kl_loss_5,4.2827935218811035
7200,kl_loss_6,4.2836222648620605
7200,kl_loss_7,4.770138740539551
7200,kl_loss_8,4.769683361053467
7200,loss,847.1173095703125
7250,recon_loss,496.5418395996094
7250,kl_loss,42.317779541015625
7250,kl_loss_0,4.2140045166015625
7250,kl_loss_1,4.246804714202881
7250,kl_loss_2,4.9006500244140625
7250,kl_loss_3,6.263454437255859
7250,kl_loss_4,4.707305908203125
7250,kl_loss_5,4.253676414489746
7250,kl_loss_6,4.26266622543335
7250,kl_loss_7,4.729674816131592
7250,kl_loss_8,4.739543437957764
7250,loss,931.0934448242188
7300,recon_loss,464.0854187011719
7300,kl_loss,42.1339225769043
7300,kl_loss_0,4.1930999755859375
7300,kl_loss_1,4.227216720581055
7300,kl_loss_2,4.84693717956543
7300,kl_loss_3,6.218669414520264
7300,kl_loss_4,4.674018383026123
7300,kl_loss_5,4.245927810668945
7300,kl_loss_6,4.244832515716553
7300,kl_loss_7,4.7324676513671875
7300,kl_loss_8,4.750750541687012
7300,loss,892.42626953125
7350,recon_loss,411.3587951660156
7350,kl_loss,42.43004608154297
7350,kl_loss_0,4.228968620300293
7350,kl_loss_1,4.256216526031494
7350,kl_loss_2,4.892192363739014
7350,kl_loss_3,6.259728908538818
7350,kl_loss_4,4.709583282470703
7350,kl_loss_5,4.26209020614624
7350,kl_loss_6,4.274703502655029
7350,kl_loss_7,4.792742729187012
7350,kl_loss_8,4.753819465637207
7350,loss,846.6852416992188
7400,recon_loss,508.8572692871094
7400,kl_loss,41.750701904296875
7400,kl_loss_0,4.163234233856201
7400,kl_loss_1,4.2124247550964355
7400,kl_loss_2,4.8158745765686035
7400,kl_loss_3,6.144836902618408
7400,kl_loss_4,4.640196323394775
7400,kl_loss_5,4.191656589508057
7400,kl_loss_6,4.213574409484863
7400,kl_loss_7,4.686594009399414
7400,kl_loss_8,4.682309150695801
7400,loss,996.546630859375
7450,recon_loss,578.9691772460938
7450,kl_loss,42.098907470703125
7450,kl_loss_0,4.178498268127441
7450,kl_loss_1,4.24258279800415
7450,kl_loss_2,4.852818489074707
7450,kl_loss_3,6.160528182983398
7450,kl_loss_4,4.720061302185059
7450,kl_loss_5,4.242190361022949
7450,kl_loss_6,4.219527721405029
7450,kl_loss_7,4.732297420501709
7450,kl_loss_8,4.750402927398682
7450,loss,1011.39697265625
7500,recon_loss,570.9801635742188
7500,kl_loss,41.774864196777344
7500,kl_loss_0,4.15034294128418
7500,kl_loss_1,4.2249932289123535
7500,kl_loss_2,4.819746017456055
7500,kl_loss_3,6.077349662780762
7500,kl_loss_4,4.672166347503662
7500,kl_loss_5,4.232818126678467
7500,kl_loss_6,4.206221103668213
7500,kl_loss_7,4.678338050842285
7500,kl_loss_8,4.712891101837158
7500,loss,1033.15380859375
7550,recon_loss,473.131591796875
7550,kl_loss,41.812374114990234
7550,kl_loss_0,4.154300689697266
7550,kl_loss_1,4.206494331359863
7550,kl_loss_2,4.8249125480651855
7550,kl_loss_3,6.116663932800293
7550,kl_loss_4,4.687936305999756
7550,kl_loss_5,4.2280497550964355
7550,kl_loss_6,4.214334011077881
7550,kl_loss_7,4.6813435554504395
7550,kl_loss_8,4.698342323303223
7550,loss,910.6251220703125
7600,recon_loss,389.23309326171875
7600,kl_loss,42.0733642578125
7600,kl_loss_0,4.191469192504883
7600,kl_loss_1,4.2364397048950195
7600,kl_loss_2,4.849011421203613
7600,kl_loss_3,6.1299872398376465
7600,kl_loss_4,4.701058864593506
7600,kl_loss_5,4.260914325714111
7600,kl_loss_6,4.233829975128174
7600,kl_loss_7,4.738427639007568
7600,kl_loss_8,4.732226371765137
7600,loss,817.435302734375
7650,recon_loss,391.0229797363281
7650,kl_loss,42.206600189208984
7650,kl_loss_0,4.213738441467285
7650,kl_loss_1,4.250483512878418
7650,kl_loss_2,4.86466646194458
7650,kl_loss_3,6.169753551483154
7650,kl_loss_4,4.72893762588501
7650,kl_loss_5,4.269015312194824
7650,kl_loss_6,4.237389087677002
7650,kl_loss_7,4.745915412902832
7650,kl_loss_8,4.726701259613037
7650,loss,819.7215576171875
7700,recon_loss,381.5616455078125
7700,kl_loss,42.05085754394531
7700,kl_loss_0,4.210940361022949
7700,kl_loss_1,4.2245659828186035
7700,kl_loss_2,4.823186874389648
7700,kl_loss_3,6.146933555603027
7700,kl_loss_4,4.716013431549072
7700,kl_loss_5,4.247109889984131
7700,kl_loss_6,4.261758804321289
7700,kl_loss_7,4.708597183227539
7700,kl_loss_8,4.71175479888916
7700,loss,808.550048828125
7750,recon_loss,495.27496337890625
7750,kl_loss,41.66510009765625
7750,kl_loss_0,4.191806793212891
7750,kl_loss_1,4.201123237609863
7750,kl_loss_2,4.783586502075195
7750,kl_loss_3,6.091220855712891
7750,kl_loss_4,4.6367573738098145
7750,kl_loss_5,4.229861259460449
7750,kl_loss_6,4.202252388000488
7750,kl_loss_7,4.644166469573975
7750,kl_loss_8,4.684328556060791
7750,loss,922.806640625
7800,recon_loss,462.22039794921875
7800,kl_loss,41.7818717956543
7800,kl_loss_0,4.1835737228393555
7800,kl_loss_1,4.235815525054932
7800,kl_loss_2,4.781473159790039
7800,kl_loss_3,6.078380107879639
7800,kl_loss_4,4.669230937957764
7800,kl_loss_5,4.255826950073242
7800,kl_loss_6,4.236955642700195
7800,kl_loss_7,4.666889190673828
7800,kl_loss_8,4.673726558685303
7800,loss,906.4085693359375
7850,recon_loss,526.003662109375
7850,kl_loss,41.38109588623047
7850,kl_loss_0,4.135047435760498
7850,kl_loss_1,4.214699745178223
7850,kl_loss_2,4.742223262786865
7850,kl_loss_3,5.961282253265381
7850,kl_loss_4,4.641775131225586
7850,kl_loss_5,4.210222244262695
7850,kl_loss_6,4.201777458190918
7850,kl_loss_7,4.613888740539551
7850,kl_loss_8,4.66018009185791
7850,loss,966.06689453125
7900,recon_loss,417.5169982910156
7900,kl_loss,41.569557189941406
7900,kl_loss_0,4.161348819732666
7900,kl_loss_1,4.210770130157471
7900,kl_loss_2,4.785236358642578
7900,kl_loss_3,5.980237007141113
7900,kl_loss_4,4.680591583251953
7900,kl_loss_5,4.214482307434082
7900,kl_loss_6,4.218392372131348
7900,kl_loss_7,4.650369167327881
7900,kl_loss_8,4.668134689331055
7900,loss,862.428955078125
7950,recon_loss,392.4131774902344
7950,kl_loss,41.756797790527344
7950,kl_loss_0,4.170897006988525
7950,kl_loss_1,4.2304487228393555
7950,kl_loss_2,4.812539100646973
7950,kl_loss_3,5.99679708480835
7950,kl_loss_4,4.683537483215332
7950,kl_loss_5,4.272006034851074
7950,kl_loss_6,4.232754707336426
7950,kl_loss_7,4.672624588012695
7950,kl_loss_8,4.685194492340088
7950,loss,817.7715454101562
8000,recon_loss,387.01409912109375
8000,kl_loss,41.53840255737305
8000,kl_loss_0,4.157337665557861
8000,kl_loss_1,4.212750434875488
8000,kl_loss_2,4.787853240966797
8000,kl_loss_3,5.961772441864014
8000,kl_loss_4,4.65460205078125
8000,kl_loss_5,4.242788791656494
8000,kl_loss_6,4.208781719207764
8000,kl_loss_7,4.655066967010498
8000,kl_loss_8,4.657446384429932
8000,loss,813.2960205078125
8050,recon_loss,395.7080078125
8050,kl_loss,41.60830307006836
8050,kl_loss_0,4.1609206199646
8050,kl_loss_1,4.225322723388672
8050,kl_loss_2,4.793208599090576
8050,kl_loss_3,5.950556755065918
8050,kl_loss_4,4.677305698394775
8050,kl_loss_5,4.249040603637695
8050,kl_loss_6,4.228613376617432
8050,kl_loss_7,4.650874137878418
8050,kl_loss_8,4.672458648681641
8050,loss,818.3887939453125
8100,recon_loss,387.889892578125
8100,kl_loss,41.548030853271484
8100,kl_loss_0,4.155979633331299
8100,kl_loss_1,4.20831298828125
8100,kl_loss_2,4.78704309463501
8100,kl_loss_3,5.958570957183838
8100,kl_loss_4,4.658560276031494
8100,kl_loss_5,4.2415666580200195
8100,kl_loss_6,4.219203472137451
8100,kl_loss_7,4.642536163330078
8100,kl_loss_8,4.676258087158203
8100,loss,812.402587890625
8150,recon_loss,351.0020751953125
8150,kl_loss,41.38318634033203
8150,kl_loss_0,4.179351329803467
8150,kl_loss_1,4.185181140899658
8150,kl_loss_2,4.777322292327881
8150,kl_loss_3,5.885537147521973
8150,kl_loss_4,4.652450084686279
8150,kl_loss_5,4.233222484588623
8150,kl_loss_6,4.2028021812438965
8150,kl_loss_7,4.630251884460449
8150,kl_loss_8,4.6370673179626465
8150,loss,771.1973876953125
8200,recon_loss,726.7491455078125
8200,kl_loss,41.64884567260742
8200,kl_loss_0,4.18885612487793
8200,kl_loss_1,4.216256141662598
8200,kl_loss_2,4.795843124389648
8200,kl_loss_3,5.9621710777282715
8200,kl_loss_4,4.679706573486328
8200,kl_loss_5,4.234769344329834
8200,kl_loss_6,4.238593101501465
8200,kl_loss_7,4.666358470916748
8200,kl_loss_8,4.66628885269165
8200,loss,1172.3134765625
8250,recon_loss,347.93731689453125
8250,kl_loss,41.16783142089844
8250,kl_loss_0,4.136925220489502
8250,kl_loss_1,4.176058769226074
8250,kl_loss_2,4.760704517364502
8250,kl_loss_3,5.848034858703613
8250,kl_loss_4,4.62553596496582
8250,kl_loss_5,4.206462860107422
8250,kl_loss_6,4.18773078918457
8250,kl_loss_7,4.602479934692383
8250,kl_loss_8,4.623899459838867
8250,loss,772.5707397460938
8300,recon_loss,350.8204345703125
8300,kl_loss,41.108154296875
8300,kl_loss_0,4.138850688934326
8300,kl_loss_1,4.164193630218506
8300,kl_loss_2,4.749273300170898
8300,kl_loss_3,5.817082405090332
8300,kl_loss_4,4.6030683517456055
8300,kl_loss_5,4.215958118438721
8300,kl_loss_6,4.1832051277160645
8300,kl_loss_7,4.601037502288818
8300,kl_loss_8,4.6354875564575195
8300,loss,768.5272216796875
8350,recon_loss,392.7146911621094
8350,kl_loss,41.485618591308594
8350,kl_loss_0,4.175619125366211
8350,kl_loss_1,4.213519096374512
8350,kl_loss_2,4.783047676086426
8350,kl_loss_3,5.861085414886475
8350,kl_loss_4,4.6795220375061035
8350,kl_loss_5,4.278949737548828
8350,kl_loss_6,4.211923122406006
8350,kl_loss_7,4.6168365478515625
8350,kl_loss_8,4.665118217468262
8350,loss,813.241455078125
8400,recon_loss,347.6968078613281
8400,kl_loss,41.14812469482422
8400,kl_loss_0,4.149411201477051
8400,kl_loss_1,4.183594226837158
8400,kl_loss_2,4.755034923553467
8400,kl_loss_3,5.835237979888916
8400,kl_loss_4,4.623098373413086
8400,kl_loss_5,4.243005752563477
8400,kl_loss_6,4.1772284507751465
8400,kl_loss_7,4.557695388793945
8400,kl_loss_8,4.623819351196289
8400,loss,764.3489990234375
8450,recon_loss,399.1737060546875
8450,kl_loss,41.3050422668457
8450,kl_loss_0,4.165664196014404
8450,kl_loss_1,4.197279453277588
8450,kl_loss_2,4.770392894744873
8450,kl_loss_3,5.818483829498291
8450,kl_loss_4,4.660372734069824
8450,kl_loss_5,4.2551960945129395
8450,kl_loss_6,4.205915451049805
8450,kl_loss_7,4.593257904052734
8450,kl_loss_8,4.638477802276611
8450,loss,818.349609375
8500,recon_loss,415.5784912109375
8500,kl_loss,40.84103775024414
8500,kl_loss_0,4.1122283935546875
8500,kl_loss_1,4.1655354499816895
8500,kl_loss_2,4.728255271911621
8500,kl_loss_3,5.756731033325195
8500,kl_loss_4,4.601457118988037
8500,kl_loss_5,4.181802749633789
8500,kl_loss_6,4.1794514656066895
8500,kl_loss_7,4.532193660736084
8500,kl_loss_8,4.583381175994873
8500,loss,829.00830078125
8550,recon_loss,444.2409362792969
8550,kl_loss,40.85676956176758
8550,kl_loss_0,4.114442825317383
8550,kl_loss_1,4.163250923156738
8550,kl_loss_2,4.718931674957275
8550,kl_loss_3,5.752834320068359
8550,kl_loss_4,4.592548370361328
8550,kl_loss_5,4.190820693969727
8550,kl_loss_6,4.171945571899414
8550,kl_loss_7,4.5434980392456055
8550,kl_loss_8,4.6084980964660645
8550,loss,871.2269897460938
8600,recon_loss,354.1451416015625
8600,kl_loss,40.78992462158203
8600,kl_loss_0,4.141576766967773
8600,kl_loss_1,4.162143707275391
8600,kl_loss_2,4.687384128570557
8600,kl_loss_3,5.726589202880859
8600,kl_loss_4,4.582231044769287
8600,kl_loss_5,4.182750225067139
8600,kl_loss_6,4.171579360961914
8600,kl_loss_7,4.546600818634033
8600,kl_loss_8,4.589071750640869
8600,loss,770.2279052734375
8650,recon_loss,345.3811340332031
8650,kl_loss,41.31211471557617
8650,kl_loss_0,4.176018238067627
8650,kl_loss_1,4.213860034942627
8650,kl_loss_2,4.741611957550049
8650,kl_loss_3,5.810293674468994
8650,kl_loss_4,4.636169910430908
8650,kl_loss_5,4.247823715209961
8650,kl_loss_6,4.229023456573486
8650,kl_loss_7,4.5941572189331055
8650,kl_loss_8,4.663156986236572
8650,loss,770.86474609375
8700,recon_loss,395.3931579589844
8700,kl_loss,41.110145568847656
8700,kl_loss_0,4.163442611694336
8700,kl_loss_1,4.181467056274414
8700,kl_loss_2,4.755571365356445
8700,kl_loss_3,5.759603500366211
8700,kl_loss_4,4.639819145202637
8700,kl_loss_5,4.213955879211426
8700,kl_loss_6,4.215443134307861
8700,kl_loss_7,4.557580947875977
8700,kl_loss_8,4.623266220092773
8700,loss,811.2208862304688
8750,recon_loss,470.4120788574219
8750,kl_loss,40.77385711669922
8750,kl_loss_0,4.11543083190918
8750,kl_loss_1,4.150465488433838
8750,kl_loss_2,4.676945209503174
8750,kl_loss_3,5.708466053009033
8750,kl_loss_4,4.599187850952148
8750,kl_loss_5,4.218821048736572
8750,kl_loss_6,4.176422119140625
8750,kl_loss_7,4.542724132537842
8750,kl_loss_8,4.585392951965332
8750,loss,885.585205078125
8800,recon_loss,354.1978759765625
8800,kl_loss,40.72896194458008
8800,kl_loss_0,4.099706649780273
8800,kl_loss_1,4.138066291809082
8800,kl_loss_2,4.700031280517578
8800,kl_loss_3,5.701786994934082
8800,kl_loss_4,4.580991268157959
8800,kl_loss_5,4.212260723114014
8800,kl_loss_6,4.207164764404297
8800,kl_loss_7,4.532702445983887
8800,kl_loss_8,4.556253433227539
8800,loss,768.2846069335938
8850,recon_loss,335.7319641113281
8850,kl_loss,40.798404693603516
8850,kl_loss_0,4.127969741821289
8850,kl_loss_1,4.142388343811035
8850,kl_loss_2,4.710540294647217
8850,kl_loss_3,5.676535606384277
8850,kl_loss_4,4.598685264587402
8850,kl_loss_5,4.2317914962768555
8850,kl_loss_6,4.196976184844971
8850,kl_loss_7,4.538245677947998
8850,kl_loss_8,4.575272083282471
8850,loss,772.5872192382812
8900,recon_loss,537.8451538085938
8900,kl_loss,40.824249267578125
8900,kl_loss_0,4.122145652770996
8900,kl_loss_1,4.174692630767822
8900,kl_loss_2,4.693735122680664
8900,kl_loss_3,5.696068286895752
8900,kl_loss_4,4.599335670471191
8900,kl_loss_5,4.210275173187256
8900,kl_loss_6,4.193917274475098
8900,kl_loss_7,4.560400485992432
8900,kl_loss_8,4.5736799240112305
8900,loss,957.4873657226562
8950,recon_loss,370.09014892578125
8950,kl_loss,40.847442626953125
8950,kl_loss_0,4.149297714233398
8950,kl_loss_1,4.15777587890625
8950,kl_loss_2,4.721660614013672
8950,kl_loss_3,5.67756462097168
8950,kl_loss_4,4.603654861450195
8950,kl_loss_5,4.213792324066162
8950,kl_loss_6,4.188696384429932
8950,kl_loss_7,4.54664421081543
8950,kl_loss_8,4.588355541229248
8950,loss,791.9693603515625
9000,recon_loss,336.95733642578125
9000,kl_loss,40.768211364746094
9000,kl_loss_0,4.140103816986084
9000,kl_loss_1,4.151730537414551
9000,kl_loss_2,4.705707550048828
9000,kl_loss_3,5.686638355255127
9000,kl_loss_4,4.585879802703857
9000,kl_loss_5,4.195348739624023
9000,kl_loss_6,4.189411163330078
9000,kl_loss_7,4.5199713706970215
9000,kl_loss_8,4.593421459197998
9000,loss,748.9097900390625
9050,recon_loss,332.085693359375
9050,kl_loss,40.69626235961914
9050,kl_loss_0,4.139490127563477
9050,kl_loss_1,4.143457412719727
9050,kl_loss_2,4.698705673217773
9050,kl_loss_3,5.6589674949646
9050,kl_loss_4,4.598234176635742
9050,kl_loss_5,4.193151950836182
9050,kl_loss_6,4.184412002563477
9050,kl_loss_7,4.499614238739014
9050,kl_loss_8,4.580231189727783
9050,loss,755.686767578125
9100,recon_loss,309.63092041015625
9100,kl_loss,40.425960540771484
9100,kl_loss_0,4.105329513549805
9100,kl_loss_1,4.129817962646484
9100,kl_loss_2,4.661839485168457
9100,kl_loss_3,5.606689929962158
9100,kl_loss_4,4.574321269989014
9100,kl_loss_5,4.173503875732422
9100,kl_loss_6,4.155057430267334
9100,kl_loss_7,4.468958854675293
9100,kl_loss_8,4.550440788269043
9100,loss,720.0850830078125
9150,recon_loss,374.61602783203125
9150,kl_loss,39.980220794677734
9150,kl_loss_0,4.075451850891113
9150,kl_loss_1,4.0880913734436035
9150,kl_loss_2,4.625542163848877
9150,kl_loss_3,5.464197158813477
9150,kl_loss_4,4.518457889556885
9150,kl_loss_5,4.147557258605957
9150,kl_loss_6,4.125190258026123
9150,kl_loss_7,4.4360527992248535
9150,kl_loss_8,4.4996795654296875
9150,loss,828.9637451171875
9200,recon_loss,349.516357421875
9200,kl_loss,40.83302307128906
9200,kl_loss_0,4.135088920593262
9200,kl_loss_1,4.173007011413574
9200,kl_loss_2,4.73372220993042
9200,kl_loss_3,5.647153377532959
9200,kl_loss_4,4.592199802398682
9200,kl_loss_5,4.215811252593994
9200,kl_loss_6,4.194476127624512
9200,kl_loss_7,4.540682792663574
9200,kl_loss_8,4.6008806228637695
9200,loss,772.8240356445312
9250,recon_loss,395.263671875
9250,kl_loss,40.03313446044922
9250,kl_loss_0,4.052940845489502
9250,kl_loss_1,4.088001728057861
9250,kl_loss_2,4.652993679046631
9250,kl_loss_3,5.510438919067383
9250,kl_loss_4,4.497074127197266
9250,kl_loss_5,4.152655124664307
9250,kl_loss_6,4.136080265045166
9250,kl_loss_7,4.446489334106445
9250,kl_loss_8,4.496461391448975
9250,loss,824.577392578125
9300,recon_loss,352.076904296875
9300,kl_loss,40.43135070800781
9300,kl_loss_0,4.091753005981445
9300,kl_loss_1,4.143550395965576
9300,kl_loss_2,4.687880039215088
9300,kl_loss_3,5.554813385009766
9300,kl_loss_4,4.562200546264648
9300,kl_loss_5,4.187124252319336
9300,kl_loss_6,4.158635139465332
9300,kl_loss_7,4.502073287963867
9300,kl_loss_8,4.543322563171387
9300,loss,761.5712890625
9350,recon_loss,299.6545104980469
9350,kl_loss,40.394290924072266
9350,kl_loss_0,4.112435817718506
9350,kl_loss_1,4.135434150695801
9350,kl_loss_2,4.673474311828613
9350,kl_loss_3,5.56587028503418
9350,kl_loss_4,4.566244602203369
9350,kl_loss_5,4.186230659484863
9350,kl_loss_6,4.151919841766357
9350,kl_loss_7,4.491499423980713
9350,kl_loss_8,4.5111799240112305
9350,loss,708.7998046875
9400,recon_loss,353.9382019042969
9400,kl_loss,40.07378387451172
9400,kl_loss_0,4.084605693817139
9400,kl_loss_1,4.118567943572998
9400,kl_loss_2,4.620062828063965
9400,kl_loss_3,5.503399848937988
9400,kl_loss_4,4.525338649749756
9400,kl_loss_5,4.163848400115967
9400,kl_loss_6,4.106973171234131
9400,kl_loss_7,4.452702045440674
9400,kl_loss_8,4.498286247253418
9400,loss,783.7254638671875
9450,recon_loss,303.1324462890625
9450,kl_loss,40.2839241027832
9450,kl_loss_0,4.10086727142334
9450,kl_loss_1,4.128913402557373
9450,kl_loss_2,4.666817665100098
9450,kl_loss_3,5.5287017822265625
9450,kl_loss_4,4.553676128387451
9450,kl_loss_5,4.191049098968506
9450,kl_loss_6,4.154617786407471
9450,kl_loss_7,4.447839260101318
9450,kl_loss_8,4.511440753936768
9450,loss,714.7002563476562
9500,recon_loss,529.1210327148438
9500,kl_loss,40.053585052490234
9500,kl_loss_0,4.077819347381592
9500,kl_loss_1,4.104183197021484
9500,kl_loss_2,4.630263805389404
9500,kl_loss_3,5.469186782836914
9500,kl_loss_4,4.547069072723389
9500,kl_loss_5,4.154461860656738
9500,kl_loss_6,4.131319046020508
9500,kl_loss_7,4.440122127532959
9500,kl_loss_8,4.499157428741455
9500,loss,939.47998046875
9550,recon_loss,335.2880859375
9550,kl_loss,40.22502899169922
9550,kl_loss_0,4.103793621063232
9550,kl_loss_1,4.116121292114258
9550,kl_loss_2,4.641525745391846
9550,kl_loss_3,5.51143741607666
9550,kl_loss_4,4.544282913208008
9550,kl_loss_5,4.175927639007568
9550,kl_loss_6,4.151562213897705
9550,kl_loss_7,4.452533721923828
9550,kl_loss_8,4.52784538269043
9550,loss,767.4385986328125
9600,recon_loss,514.0214233398438
9600,kl_loss,39.96195983886719
9600,kl_loss_0,4.074899673461914
9600,kl_loss_1,4.087072372436523
9600,kl_loss_2,4.617946147918701
9600,kl_loss_3,5.455598831176758
9600,kl_loss_4,4.533336162567139
9600,kl_loss_5,4.144034385681152
9600,kl_loss_6,4.145012855529785
9600,kl_loss_7,4.4275221824646
9600,kl_loss_8,4.4765400886535645
9600,loss,926.5772705078125
9650,recon_loss,347.7204284667969
9650,kl_loss,40.162899017333984
9650,kl_loss_0,4.09579610824585
9650,kl_loss_1,4.112852096557617
9650,kl_loss_2,4.652865409851074
9650,kl_loss_3,5.4502339363098145
9650,kl_loss_4,4.570348739624023
9650,kl_loss_5,4.164697647094727
9650,kl_loss_6,4.177540302276611
9650,kl_loss_7,4.434791088104248
9650,kl_loss_8,4.503775119781494
9650,loss,761.73583984375
9700,recon_loss,322.81768798828125
9700,kl_loss,40.18651580810547
9700,kl_loss_0,4.086138725280762
9700,kl_loss_1,4.1182966232299805
9700,kl_loss_2,4.6643781661987305
9700,kl_loss_3,5.490910530090332
9700,kl_loss_4,4.563053131103516
9700,kl_loss_5,4.162227153778076
9700,kl_loss_6,4.1744303703308105
9700,kl_loss_7,4.41752815246582
9700,kl_loss_8,4.509549617767334
9700,loss,738.6653442382812
9750,recon_loss,323.80950927734375
9750,kl_loss,39.98936080932617
9750,kl_loss_0,4.062938690185547
9750,kl_loss_1,4.115400314331055
9750,kl_loss_2,4.635325908660889
9750,kl_loss_3,5.430001258850098
9750,kl_loss_4,4.531757831573486
9750,kl_loss_5,4.163347244262695
9750,kl_loss_6,4.150379180908203
9750,kl_loss_7,4.4248247146606445
9750,kl_loss_8,4.4753875732421875
9750,loss,745.0948486328125
9800,recon_loss,347.34039306640625
9800,kl_loss,40.0262336730957
9800,kl_loss_0,4.085446357727051
9800,kl_loss_1,4.108895301818848
9800,kl_loss_2,4.648226737976074
9800,kl_loss_3,5.463882923126221
9800,kl_loss_4,4.515764236450195
9800,kl_loss_5,4.171893119812012
9800,kl_loss_6,4.130003452301025
9800,kl_loss_7,4.416430473327637
9800,kl_loss_8,4.485689640045166
9800,loss,753.7266845703125
9850,recon_loss,347.2646484375
9850,kl_loss,39.7586669921875
9850,kl_loss_0,4.047547340393066
9850,kl_loss_1,4.075689315795898
9850,kl_loss_2,4.614922046661377
9850,kl_loss_3,5.387355804443359
9850,kl_loss_4,4.491919040679932
9850,kl_loss_5,4.158297538757324
9850,kl_loss_6,4.140364170074463
9850,kl_loss_7,4.40082311630249
9850,kl_loss_8,4.4417500495910645
9850,loss,762.440673828125
9900,recon_loss,367.09027099609375
9900,kl_loss,39.835693359375
9900,kl_loss_0,4.049148082733154
9900,kl_loss_1,4.0695013999938965
9900,kl_loss_2,4.604696273803711
9900,kl_loss_3,5.4333014488220215
9900,kl_loss_4,4.51274299621582
9900,kl_loss_5,4.132572174072266
9900,kl_loss_6,4.132052421569824
9900,kl_loss_7,4.4148335456848145
9900,kl_loss_8,4.486844062805176
9900,loss,770.822509765625
9950,recon_loss,288.9833679199219
9950,kl_loss,39.88174819946289
9950,kl_loss_0,4.075146198272705
9950,kl_loss_1,4.095675945281982
9950,kl_loss_2,4.605154991149902
9950,kl_loss_3,5.404543399810791
9950,kl_loss_4,4.516277313232422
9950,kl_loss_5,4.160516738891602
9950,kl_loss_6,4.126613616943359
9950,kl_loss_7,4.4241766929626465
9950,kl_loss_8,4.473643779754639
9950,loss,695.9674072265625
