Epoch,Loss,Value
0,recon_loss,547966.875
0,kl_loss,2.4215495586395264
0,kl_loss_0,0.13722315430641174
0,kl_loss_1,0.5275547504425049
0,kl_loss_2,0.07100697606801987
0,kl_loss_3,0.20198826491832733
0,kl_loss_4,0.6004450917243958
0,kl_loss_5,0.5135171413421631
0,kl_loss_6,0.024219060316681862
0,kl_loss_7,0.2482745349407196
0,kl_loss_8,0.09732057899236679
0,loss,547969.3125
50,recon_loss,198097.375
50,kl_loss,261.9523010253906
50,kl_loss_0,63.3181037902832
50,kl_loss_1,8.385696411132812
50,kl_loss_2,16.746231079101562
50,kl_loss_3,3.94488525390625
50,kl_loss_4,26.967348098754883
50,kl_loss_5,11.03045654296875
50,kl_loss_6,64.03068542480469
50,kl_loss_7,52.92258834838867
50,kl_loss_8,14.606310844421387
50,loss,198359.328125
100,recon_loss,92287.46875
100,kl_loss,242.057861328125
100,kl_loss_0,67.84075927734375
100,kl_loss_1,7.299616813659668
100,kl_loss_2,13.345739364624023
100,kl_loss_3,4.273036479949951
100,kl_loss_4,30.314231872558594
100,kl_loss_5,9.432555198669434
100,kl_loss_6,52.031612396240234
100,kl_loss_7,45.79619598388672
100,kl_loss_8,11.724112510681152
100,loss,92529.5234375
150,recon_loss,79013.3671875
150,kl_loss,221.72811889648438
150,kl_loss_0,68.17780303955078
150,kl_loss_1,6.66268253326416
150,kl_loss_2,9.936615943908691
150,kl_loss_3,3.229501962661743
150,kl_loss_4,35.34880447387695
150,kl_loss_5,7.407061576843262
150,kl_loss_6,46.24917984008789
150,kl_loss_7,36.082557678222656
150,kl_loss_8,8.633928298950195
150,loss,79235.09375
200,recon_loss,71954.390625
200,kl_loss,226.80010986328125
200,kl_loss_0,66.57086944580078
200,kl_loss_1,8.69325065612793
200,kl_loss_2,9.395878791809082
200,kl_loss_3,3.636122941970825
200,kl_loss_4,45.0116081237793
200,kl_loss_5,5.70815372467041
200,kl_loss_6,43.35367202758789
200,kl_loss_7,35.174346923828125
200,kl_loss_8,9.256206512451172
200,loss,72181.1875
250,recon_loss,53071.92578125
250,kl_loss,232.3165740966797
250,kl_loss_0,71.86602783203125
250,kl_loss_1,12.787067413330078
250,kl_loss_2,7.440782070159912
250,kl_loss_3,5.881778717041016
250,kl_loss_4,47.62663269042969
250,kl_loss_5,8.199970245361328
250,kl_loss_6,45.817298889160156
250,kl_loss_7,23.605758666992188
250,kl_loss_8,9.091255187988281
250,loss,53304.2421875
300,recon_loss,21790.056640625
300,kl_loss,232.34857177734375
300,kl_loss_0,67.9876937866211
300,kl_loss_1,14.113292694091797
300,kl_loss_2,6.221949577331543
300,kl_loss_3,6.1781158447265625
300,kl_loss_4,49.88804244995117
300,kl_loss_5,7.569096088409424
300,kl_loss_6,44.42121887207031
300,kl_loss_7,27.356346130371094
300,kl_loss_8,8.612823486328125
300,loss,22022.404296875
350,recon_loss,13865.5751953125
350,kl_loss,217.21290588378906
350,kl_loss_0,64.85934448242188
350,kl_loss_1,12.044098854064941
350,kl_loss_2,6.002539157867432
350,kl_loss_3,5.906035900115967
350,kl_loss_4,47.72089767456055
350,kl_loss_5,7.111557483673096
350,kl_loss_6,39.822998046875
350,kl_loss_7,25.077072143554688
350,kl_loss_8,8.668357849121094
350,loss,14082.7880859375
400,recon_loss,12614.21875
400,kl_loss,197.53150939941406
400,kl_loss_0,57.96769714355469
400,kl_loss_1,11.199834823608398
400,kl_loss_2,5.786730766296387
400,kl_loss_3,5.7080464363098145
400,kl_loss_4,43.68119812011719
400,kl_loss_5,6.9112229347229
400,kl_loss_6,36.07686233520508
400,kl_loss_7,22.260168075561523
400,kl_loss_8,7.939767360687256
400,loss,12811.75
450,recon_loss,11107.09765625
450,kl_loss,193.49716186523438
450,kl_loss_0,55.15333938598633
450,kl_loss_1,11.112626075744629
450,kl_loss_2,5.8845038414001465
450,kl_loss_3,5.740849494934082
450,kl_loss_4,41.95436477661133
450,kl_loss_5,7.079598903656006
450,kl_loss_6,35.84320831298828
450,kl_loss_7,22.438417434692383
450,kl_loss_8,8.290246963500977
450,loss,11300.5947265625
500,recon_loss,8511.880859375
500,kl_loss,188.54873657226562
500,kl_loss_0,54.46913146972656
500,kl_loss_1,10.887175559997559
500,kl_loss_2,5.827088832855225
500,kl_loss_3,5.762094020843506
500,kl_loss_4,41.26445007324219
500,kl_loss_5,6.847571849822998
500,kl_loss_6,34.16722106933594
500,kl_loss_7,21.339731216430664
500,kl_loss_8,7.984280586242676
500,loss,8700.4296875
550,recon_loss,8173.44482421875
550,kl_loss,180.04971313476562
550,kl_loss_0,51.84272766113281
550,kl_loss_1,10.34395980834961
550,kl_loss_2,5.757736682891846
550,kl_loss_3,5.648927688598633
550,kl_loss_4,39.007774353027344
550,kl_loss_5,6.71699333190918
550,kl_loss_6,32.51582336425781
550,kl_loss_7,20.429224014282227
550,kl_loss_8,7.786538600921631
550,loss,8353.494140625
600,recon_loss,7179.66015625
600,kl_loss,177.97640991210938
600,kl_loss_0,50.535701751708984
600,kl_loss_1,10.670762062072754
600,kl_loss_2,5.754119396209717
600,kl_loss_3,5.613083362579346
600,kl_loss_4,38.736942291259766
600,kl_loss_5,6.761013031005859
600,kl_loss_6,32.181434631347656
600,kl_loss_7,20.07988739013672
600,kl_loss_8,7.643449783325195
600,loss,7357.63671875
650,recon_loss,6749.42822265625
650,kl_loss,167.87831115722656
650,kl_loss_0,47.742042541503906
650,kl_loss_1,9.984051704406738
650,kl_loss_2,5.774142265319824
650,kl_loss_3,5.6674113273620605
650,kl_loss_4,35.82345199584961
650,kl_loss_5,6.712674617767334
650,kl_loss_6,30.049699783325195
650,kl_loss_7,18.5938663482666
650,kl_loss_8,7.530961513519287
650,loss,6917.306640625
700,recon_loss,6724.41064453125
700,kl_loss,161.83555603027344
700,kl_loss_0,44.82218933105469
700,kl_loss_1,9.976151466369629
700,kl_loss_2,5.6213860511779785
700,kl_loss_3,5.564451694488525
700,kl_loss_4,34.5292854309082
700,kl_loss_5,6.486193656921387
700,kl_loss_6,29.290206909179688
700,kl_loss_7,18.210668563842773
700,kl_loss_8,7.335025787353516
700,loss,6886.24609375
750,recon_loss,6339.228515625
750,kl_loss,162.68487548828125
750,kl_loss_0,45.69243240356445
750,kl_loss_1,9.964447975158691
750,kl_loss_2,5.823529243469238
750,kl_loss_3,5.677297592163086
750,kl_loss_4,34.89176940917969
750,kl_loss_5,6.5977396965026855
750,kl_loss_6,28.760190963745117
750,kl_loss_7,17.89295196533203
750,kl_loss_8,7.384514808654785
750,loss,6501.91357421875
800,recon_loss,5556.75390625
800,kl_loss,160.04473876953125
800,kl_loss_0,44.78081130981445
800,kl_loss_1,9.9157133102417
800,kl_loss_2,5.874129772186279
800,kl_loss_3,5.725015640258789
800,kl_loss_4,33.881587982177734
800,kl_loss_5,6.540043830871582
800,kl_loss_6,28.246253967285156
800,kl_loss_7,17.728565216064453
800,kl_loss_8,7.352615833282471
800,loss,5716.798828125
850,recon_loss,5436.20556640625
850,kl_loss,155.4983673095703
850,kl_loss_0,43.26426696777344
850,kl_loss_1,9.814870834350586
850,kl_loss_2,5.869555473327637
850,kl_loss_3,5.632715225219727
850,kl_loss_4,32.778377532958984
850,kl_loss_5,6.509628772735596
850,kl_loss_6,27.1571102142334
850,kl_loss_7,17.220890045166016
850,kl_loss_8,7.250959396362305
850,loss,5591.7041015625
900,recon_loss,4947.25927734375
900,kl_loss,153.9136505126953
900,kl_loss_0,42.44588851928711
900,kl_loss_1,9.837922096252441
900,kl_loss_2,5.772098541259766
900,kl_loss_3,5.6439528465271
900,kl_loss_4,32.46829605102539
900,kl_loss_5,6.534367561340332
900,kl_loss_6,26.961816787719727
900,kl_loss_7,16.994121551513672
900,kl_loss_8,7.255191802978516
900,loss,5101.1728515625
950,recon_loss,4695.29345703125
950,kl_loss,152.33802795410156
950,kl_loss_0,41.965965270996094
950,kl_loss_1,9.76611328125
950,kl_loss_2,5.76010799407959
950,kl_loss_3,5.684587478637695
950,kl_loss_4,32.18421936035156
950,kl_loss_5,6.481944561004639
950,kl_loss_6,26.426069259643555
950,kl_loss_7,16.819433212280273
950,kl_loss_8,7.249602794647217
950,loss,4847.63134765625
1000,recon_loss,4485.21630859375
1000,kl_loss,150.43685913085938
1000,kl_loss_0,40.82685089111328
1000,kl_loss_1,9.838704109191895
1000,kl_loss_2,5.759699821472168
1000,kl_loss_3,5.745450973510742
1000,kl_loss_4,31.349647521972656
1000,kl_loss_5,6.602510929107666
1000,kl_loss_6,26.301206588745117
1000,kl_loss_7,16.771976470947266
1000,kl_loss_8,7.240825176239014
1000,loss,4635.6533203125
1050,recon_loss,4113.9248046875
1050,kl_loss,146.77423095703125
1050,kl_loss_0,40.00849533081055
1050,kl_loss_1,9.692387580871582
1050,kl_loss_2,5.741470813751221
1050,kl_loss_3,5.701107978820801
1050,kl_loss_4,30.52173614501953
1050,kl_loss_5,6.450023651123047
1050,kl_loss_6,25.2646484375
1050,kl_loss_7,16.213550567626953
1050,kl_loss_8,7.180821418762207
1050,loss,4260.69921875
1100,recon_loss,3886.578857421875
1100,kl_loss,143.56578063964844
1100,kl_loss_0,38.9820556640625
1100,kl_loss_1,9.421011924743652
1100,kl_loss_2,5.746824264526367
1100,kl_loss_3,5.7200093269348145
1100,kl_loss_4,29.634836196899414
1100,kl_loss_5,6.395847797393799
1100,kl_loss_6,24.688404083251953
1100,kl_loss_7,15.821825981140137
1100,kl_loss_8,7.154972076416016
1100,loss,4030.14453125
1150,recon_loss,3743.807861328125
1150,kl_loss,142.7071075439453
1150,kl_loss_0,38.490814208984375
1150,kl_loss_1,9.36134147644043
1150,kl_loss_2,5.759128570556641
1150,kl_loss_3,5.727885723114014
1150,kl_loss_4,29.649639129638672
1150,kl_loss_5,6.492208480834961
1150,kl_loss_6,24.588760375976562
1150,kl_loss_7,15.580195426940918
1150,kl_loss_8,7.057130813598633
1150,loss,3886.514892578125
1200,recon_loss,3621.722412109375
1200,kl_loss,136.65887451171875
1200,kl_loss_0,36.758056640625
1200,kl_loss_1,9.148953437805176
1200,kl_loss_2,5.728792190551758
1200,kl_loss_3,5.653059005737305
1200,kl_loss_4,28.050552368164062
1200,kl_loss_5,6.402785778045654
1200,kl_loss_6,23.13599395751953
1200,kl_loss_7,14.870514869689941
1200,kl_loss_8,6.910160064697266
1200,loss,3758.38134765625
1250,recon_loss,3217.633544921875
1250,kl_loss,139.58224487304688
1250,kl_loss_0,37.39277648925781
1250,kl_loss_1,9.42211627960205
1250,kl_loss_2,5.7984232902526855
1250,kl_loss_3,5.804013729095459
1250,kl_loss_4,28.606727600097656
1250,kl_loss_5,6.436551094055176
1250,kl_loss_6,23.923521041870117
1250,kl_loss_7,15.177165985107422
1250,kl_loss_8,7.020942211151123
1250,loss,3357.2158203125
1300,recon_loss,3010.215576171875
1300,kl_loss,136.51893615722656
1300,kl_loss_0,36.33399963378906
1300,kl_loss_1,9.188321113586426
1300,kl_loss_2,5.67538595199585
1300,kl_loss_3,5.741444110870361
1300,kl_loss_4,27.91614532470703
1300,kl_loss_5,6.336812973022461
1300,kl_loss_6,23.416135787963867
1300,kl_loss_7,14.885278701782227
1300,kl_loss_8,7.025418281555176
1300,loss,3146.734619140625
1350,recon_loss,3988.589111328125
1350,kl_loss,135.9965057373047
1350,kl_loss_0,36.25563049316406
1350,kl_loss_1,9.142566680908203
1350,kl_loss_2,5.687055587768555
1350,kl_loss_3,5.733842849731445
1350,kl_loss_4,27.56403160095215
1350,kl_loss_5,6.366668701171875
1350,kl_loss_6,23.417030334472656
1350,kl_loss_7,14.845317840576172
1350,kl_loss_8,6.984364032745361
1350,loss,4124.58544921875
1400,recon_loss,2660.376953125
1400,kl_loss,134.17434692382812
1400,kl_loss_0,35.60908126831055
1400,kl_loss_1,9.127941131591797
1400,kl_loss_2,5.707949638366699
1400,kl_loss_3,5.766420841217041
1400,kl_loss_4,27.299297332763672
1400,kl_loss_5,6.358453273773193
1400,kl_loss_6,22.725204467773438
1400,kl_loss_7,14.609203338623047
1400,kl_loss_8,6.970796585083008
1400,loss,2794.55126953125
1450,recon_loss,2565.6806640625
1450,kl_loss,130.82223510742188
1450,kl_loss_0,34.729618072509766
1450,kl_loss_1,8.964786529541016
1450,kl_loss_2,5.674712657928467
1450,kl_loss_3,5.729920864105225
1450,kl_loss_4,26.5031795501709
1450,kl_loss_5,6.318420886993408
1450,kl_loss_6,21.965015411376953
1450,kl_loss_7,14.128098487854004
1450,kl_loss_8,6.808490753173828
1450,loss,2696.5029296875
1500,recon_loss,2516.1767578125
1500,kl_loss,127.9078369140625
1500,kl_loss_0,33.79508972167969
1500,kl_loss_1,8.791330337524414
1500,kl_loss_2,5.654983043670654
1500,kl_loss_3,5.677464008331299
1500,kl_loss_4,25.58575439453125
1500,kl_loss_5,6.229213237762451
1500,kl_loss_6,21.506742477416992
1500,kl_loss_7,13.861611366271973
1500,kl_loss_8,6.805649280548096
1500,loss,2644.08447265625
1550,recon_loss,2512.79443359375
1550,kl_loss,121.70002746582031
1550,kl_loss_0,31.51910972595215
1550,kl_loss_1,8.44916820526123
1550,kl_loss_2,5.522545337677002
1550,kl_loss_3,5.591568470001221
1550,kl_loss_4,24.53818130493164
1550,kl_loss_5,6.13352108001709
1550,kl_loss_6,20.221023559570312
1550,kl_loss_7,13.132084846496582
1550,kl_loss_8,6.592816352844238
1550,loss,2634.494384765625
1600,recon_loss,2583.33544921875
1600,kl_loss,122.16152954101562
1600,kl_loss_0,31.688817977905273
1600,kl_loss_1,8.588810920715332
1600,kl_loss_2,5.570642471313477
1600,kl_loss_3,5.630563735961914
1600,kl_loss_4,24.209388732910156
1600,kl_loss_5,6.170355319976807
1600,kl_loss_6,20.415369033813477
1600,kl_loss_7,13.2871675491333
1600,kl_loss_8,6.600415229797363
1600,loss,2705.4970703125
1650,recon_loss,3978.02783203125
1650,kl_loss,120.81916046142578
1650,kl_loss_0,31.606714248657227
1650,kl_loss_1,8.333080291748047
1650,kl_loss_2,5.535698413848877
1650,kl_loss_3,5.583714485168457
1650,kl_loss_4,23.6849308013916
1650,kl_loss_5,6.057959079742432
1650,kl_loss_6,20.244882583618164
1650,kl_loss_7,13.109841346740723
1650,kl_loss_8,6.662341117858887
1650,loss,4098.84716796875
1700,recon_loss,2084.31396484375
1700,kl_loss,119.99396514892578
1700,kl_loss_0,30.73418617248535
1700,kl_loss_1,8.395785331726074
1700,kl_loss_2,5.625615119934082
1700,kl_loss_3,5.59111213684082
1700,kl_loss_4,23.732423782348633
1700,kl_loss_5,6.091055870056152
1700,kl_loss_6,20.049758911132812
1700,kl_loss_7,13.0135498046875
1700,kl_loss_8,6.760476589202881
1700,loss,2204.307861328125
1750,recon_loss,4673.673828125
1750,kl_loss,106.86111450195312
1750,kl_loss_0,27.027488708496094
1750,kl_loss_1,7.7271928787231445
1750,kl_loss_2,5.252737998962402
1750,kl_loss_3,5.250901699066162
1750,kl_loss_4,20.682292938232422
1750,kl_loss_5,5.642766952514648
1750,kl_loss_6,17.6065673828125
1750,kl_loss_7,11.52635383605957
1750,kl_loss_8,6.144815444946289
1750,loss,4780.53515625
1800,recon_loss,1857.091064453125
1800,kl_loss,117.61091613769531
1800,kl_loss_0,30.034555435180664
1800,kl_loss_1,8.367440223693848
1800,kl_loss_2,5.6723713874816895
1800,kl_loss_3,5.61076545715332
1800,kl_loss_4,23.118505477905273
1800,kl_loss_5,6.124782562255859
1800,kl_loss_6,19.389896392822266
1800,kl_loss_7,12.6680908203125
1800,kl_loss_8,6.624514579772949
1800,loss,1974.7020263671875
1850,recon_loss,1933.047607421875
1850,kl_loss,116.42344665527344
1850,kl_loss_0,29.72718048095703
1850,kl_loss_1,8.35403823852539
1850,kl_loss_2,5.625797748565674
1850,kl_loss_3,5.598554611206055
1850,kl_loss_4,22.855833053588867
1850,kl_loss_5,6.102412223815918
1850,kl_loss_6,19.16328239440918
1850,kl_loss_7,12.390815734863281
1850,kl_loss_8,6.605530261993408
1850,loss,2049.470947265625
1900,recon_loss,2037.7371826171875
1900,kl_loss,113.17376708984375
1900,kl_loss_0,28.604490280151367
1900,kl_loss_1,8.133257865905762
1900,kl_loss_2,5.551751136779785
1900,kl_loss_3,5.51674747467041
1900,kl_loss_4,22.199304580688477
1900,kl_loss_5,6.073710918426514
1900,kl_loss_6,18.609731674194336
1900,kl_loss_7,12.078703880310059
1900,kl_loss_8,6.406071662902832
1900,loss,2150.910888671875
1950,recon_loss,1672.1004638671875
1950,kl_loss,113.14559936523438
1950,kl_loss_0,28.459453582763672
1950,kl_loss_1,8.20814323425293
1950,kl_loss_2,5.708182334899902
1950,kl_loss_3,5.594931602478027
1950,kl_loss_4,22.086341857910156
1950,kl_loss_5,6.102349281311035
1950,kl_loss_6,18.518661499023438
1950,kl_loss_7,12.0870943069458
1950,kl_loss_8,6.380434513092041
1950,loss,1785.24609375
2000,recon_loss,1712.536376953125
2000,kl_loss,110.09217071533203
2000,kl_loss_0,27.65850257873535
2000,kl_loss_1,8.061391830444336
2000,kl_loss_2,5.558477401733398
2000,kl_loss_3,5.5995097160339355
2000,kl_loss_4,21.2701416015625
2000,kl_loss_5,5.993795394897461
2000,kl_loss_6,17.88079261779785
2000,kl_loss_7,11.754358291625977
2000,kl_loss_8,6.315199375152588
2000,loss,1822.6285400390625
2050,recon_loss,2245.200439453125
2050,kl_loss,102.58555603027344
2050,kl_loss_0,25.410934448242188
2050,kl_loss_1,7.613763809204102
2050,kl_loss_2,5.335144519805908
2050,kl_loss_3,5.377340316772461
2050,kl_loss_4,19.524744033813477
2050,kl_loss_5,5.73432731628418
2050,kl_loss_6,16.443750381469727
2050,kl_loss_7,11.177417755126953
2050,kl_loss_8,5.968128204345703
2050,loss,2347.785888671875
2100,recon_loss,1617.084716796875
2100,kl_loss,108.19478607177734
2100,kl_loss_0,26.994056701660156
2100,kl_loss_1,7.921609878540039
2100,kl_loss_2,5.603574275970459
2100,kl_loss_3,5.583960056304932
2100,kl_loss_4,20.731529235839844
2100,kl_loss_5,6.039285659790039
2100,kl_loss_6,17.523645401000977
2100,kl_loss_7,11.555123329162598
2100,kl_loss_8,6.242003917694092
2100,loss,1725.279541015625
2150,recon_loss,1494.4903564453125
2150,kl_loss,108.0741195678711
2150,kl_loss_0,26.792699813842773
2150,kl_loss_1,7.9580535888671875
2150,kl_loss_2,5.601363658905029
2150,kl_loss_3,5.615367412567139
2150,kl_loss_4,20.77077865600586
2150,kl_loss_5,5.976203441619873
2150,kl_loss_6,17.508869171142578
2150,kl_loss_7,11.561944961547852
2150,kl_loss_8,6.288844108581543
2150,loss,1602.564453125
2200,recon_loss,1485.75634765625
2200,kl_loss,106.29257202148438
2200,kl_loss_0,26.278057098388672
2200,kl_loss_1,7.827463150024414
2200,kl_loss_2,5.591613292694092
2200,kl_loss_3,5.644511699676514
2200,kl_loss_4,20.202486038208008
2200,kl_loss_5,5.937368392944336
2200,kl_loss_6,17.14496421813965
2200,kl_loss_7,11.380215644836426
2200,kl_loss_8,6.285880088806152
2200,loss,1592.0489501953125
2250,recon_loss,1511.0465087890625
2250,kl_loss,104.00425720214844
2250,kl_loss_0,25.474233627319336
2250,kl_loss_1,7.713327407836914
2250,kl_loss_2,5.5100507736206055
2250,kl_loss_3,5.536605358123779
2250,kl_loss_4,19.72168731689453
2250,kl_loss_5,5.88184928894043
2250,kl_loss_6,16.756362915039062
2250,kl_loss_7,11.18951416015625
2250,kl_loss_8,6.220624923706055
2250,loss,1615.05078125
2300,recon_loss,1560.213134765625
2300,kl_loss,101.64656829833984
2300,kl_loss_0,24.804990768432617
2300,kl_loss_1,7.615121364593506
2300,kl_loss_2,5.540159702301025
2300,kl_loss_3,5.461696624755859
2300,kl_loss_4,19.19923210144043
2300,kl_loss_5,5.944689750671387
2300,kl_loss_6,16.15093231201172
2300,kl_loss_7,10.791808128356934
2300,kl_loss_8,6.137942314147949
2300,loss,1661.8597412109375
2350,recon_loss,1644.9293212890625
2350,kl_loss,101.0325927734375
2350,kl_loss_0,24.401060104370117
2350,kl_loss_1,7.613797187805176
2350,kl_loss_2,5.411586761474609
2350,kl_loss_3,5.4799628257751465
2350,kl_loss_4,19.036483764648438
2350,kl_loss_5,5.888264179229736
2350,kl_loss_6,16.213918685913086
2350,kl_loss_7,10.856950759887695
2350,kl_loss_8,6.1305694580078125
2350,loss,1745.9619140625
2400,recon_loss,1344.39453125
2400,kl_loss,101.2516860961914
2400,kl_loss_0,24.399459838867188
2400,kl_loss_1,7.644335746765137
2400,kl_loss_2,5.508387565612793
2400,kl_loss_3,5.520627021789551
2400,kl_loss_4,19.088930130004883
2400,kl_loss_5,5.8807830810546875
2400,kl_loss_6,16.29623794555664
2400,kl_loss_7,10.871572494506836
2400,kl_loss_8,6.041355609893799
2400,loss,1445.646240234375
2450,recon_loss,1354.427001953125
2450,kl_loss,101.31549072265625
2450,kl_loss_0,24.52621078491211
2450,kl_loss_1,7.642916679382324
2450,kl_loss_2,5.591500759124756
2450,kl_loss_3,5.494155406951904
2450,kl_loss_4,19.045480728149414
2450,kl_loss_5,5.898008346557617
2450,kl_loss_6,16.16040802001953
2450,kl_loss_7,10.83780288696289
2450,kl_loss_8,6.119009494781494
2450,loss,1455.742431640625
2500,recon_loss,1264.590576171875
2500,kl_loss,100.41678619384766
2500,kl_loss_0,24.142892837524414
2500,kl_loss_1,7.616504669189453
2500,kl_loss_2,5.512853622436523
2500,kl_loss_3,5.536614418029785
2500,kl_loss_4,18.823705673217773
2500,kl_loss_5,5.919569492340088
2500,kl_loss_6,15.929461479187012
2500,kl_loss_7,10.750884056091309
2500,kl_loss_8,6.184295654296875
2500,loss,1365.00732421875
2550,recon_loss,1258.54248046875
2550,kl_loss,98.95895385742188
2550,kl_loss_0,23.453516006469727
2550,kl_loss_1,7.583453178405762
2550,kl_loss_2,5.5846686363220215
2550,kl_loss_3,5.5936079025268555
2550,kl_loss_4,18.391199111938477
2550,kl_loss_5,5.983333587646484
2550,kl_loss_6,15.607320785522461
2550,kl_loss_7,10.682734489440918
2550,kl_loss_8,6.079125881195068
2550,loss,1357.50146484375
2600,recon_loss,1368.08837890625
2600,kl_loss,96.80074310302734
2600,kl_loss_0,22.975492477416992
2600,kl_loss_1,7.419114589691162
2600,kl_loss_2,5.5763258934021
2600,kl_loss_3,5.535156726837158
2600,kl_loss_4,17.81786346435547
2600,kl_loss_5,5.893160343170166
2600,kl_loss_6,15.23752212524414
2600,kl_loss_7,10.290609359741211
2600,kl_loss_8,6.055499076843262
2600,loss,1464.88916015625
2650,recon_loss,1261.638671875
2650,kl_loss,98.12747192382812
2650,kl_loss_0,23.360244750976562
2650,kl_loss_1,7.433037757873535
2650,kl_loss_2,5.585099697113037
2650,kl_loss_3,5.5294389724731445
2650,kl_loss_4,18.201330184936523
2650,kl_loss_5,5.899653434753418
2650,kl_loss_6,15.566969871520996
2650,kl_loss_7,10.457642555236816
2650,kl_loss_8,6.094057559967041
2650,loss,1359.76611328125
2700,recon_loss,1587.849365234375
2700,kl_loss,93.04303741455078
2700,kl_loss_0,21.781221389770508
2700,kl_loss_1,7.1407999992370605
2700,kl_loss_2,5.390642166137695
2700,kl_loss_3,5.410067558288574
2700,kl_loss_4,17.13266372680664
2700,kl_loss_5,5.729187488555908
2700,kl_loss_6,14.695893287658691
2700,kl_loss_7,9.83262825012207
2700,kl_loss_8,5.929937362670898
2700,loss,1680.8924560546875
2750,recon_loss,1165.872314453125
2750,kl_loss,96.25507354736328
2750,kl_loss_0,22.763315200805664
2750,kl_loss_1,7.401907920837402
2750,kl_loss_2,5.460488319396973
2750,kl_loss_3,5.527162075042725
2750,kl_loss_4,17.853235244750977
2750,kl_loss_5,5.861137866973877
2750,kl_loss_6,15.115677833557129
2750,kl_loss_7,10.243494033813477
2750,kl_loss_8,6.028659820556641
2750,loss,1262.12744140625
2800,recon_loss,1157.3526611328125
2800,kl_loss,93.25537872314453
2800,kl_loss_0,21.651325225830078
2800,kl_loss_1,7.3131103515625
2800,kl_loss_2,5.541809558868408
2800,kl_loss_3,5.601095676422119
2800,kl_loss_4,16.84124183654785
2800,kl_loss_5,5.795069694519043
2800,kl_loss_6,14.684478759765625
2800,kl_loss_7,9.81848430633545
2800,kl_loss_8,6.0087666511535645
2800,loss,1250.6080322265625
2850,recon_loss,1096.98095703125
2850,kl_loss,94.10417938232422
2850,kl_loss_0,21.950952529907227
2850,kl_loss_1,7.336288928985596
2850,kl_loss_2,5.490969181060791
2850,kl_loss_3,5.5861124992370605
2850,kl_loss_4,17.16900634765625
2850,kl_loss_5,5.831918239593506
2850,kl_loss_6,14.787343978881836
2850,kl_loss_7,9.97254753112793
2850,kl_loss_8,5.979037284851074
2850,loss,1191.0850830078125
2900,recon_loss,1101.244873046875
2900,kl_loss,92.87379455566406
2900,kl_loss_0,21.599462509155273
2900,kl_loss_1,7.2976884841918945
2900,kl_loss_2,5.489263534545898
2900,kl_loss_3,5.509472846984863
2900,kl_loss_4,16.9180908203125
2900,kl_loss_5,5.8044281005859375
2900,kl_loss_6,14.418895721435547
2900,kl_loss_7,9.871077537536621
2900,kl_loss_8,5.965407848358154
2900,loss,1194.11865234375
2950,recon_loss,1100.890380859375
2950,kl_loss,89.8551254272461
2950,kl_loss_0,20.658876419067383
2950,kl_loss_1,7.05264949798584
2950,kl_loss_2,5.369606971740723
2950,kl_loss_3,5.41151237487793
2950,kl_loss_4,16.195274353027344
2950,kl_loss_5,5.77444314956665
2950,kl_loss_6,13.925890922546387
2950,kl_loss_7,9.640100479125977
2950,kl_loss_8,5.826777935028076
2950,loss,1190.7454833984375
3000,recon_loss,1238.54443359375
3000,kl_loss,89.9594497680664
3000,kl_loss_0,20.718461990356445
3000,kl_loss_1,7.074396133422852
3000,kl_loss_2,5.385502815246582
3000,kl_loss_3,5.4199538230896
3000,kl_loss_4,16.24884796142578
3000,kl_loss_5,5.722216606140137
3000,kl_loss_6,13.940910339355469
3000,kl_loss_7,9.596076965332031
3000,kl_loss_8,5.853082656860352
3000,loss,1328.50390625
3050,recon_loss,1181.9912109375
3050,kl_loss,89.70013427734375
3050,kl_loss_0,20.576133728027344
3050,kl_loss_1,7.0591230392456055
3050,kl_loss_2,5.430577278137207
3050,kl_loss_3,5.418295860290527
3050,kl_loss_4,16.08844757080078
3050,kl_loss_5,5.792763710021973
3050,kl_loss_6,13.929560661315918
3050,kl_loss_7,9.57168960571289
3050,kl_loss_8,5.833545684814453
3050,loss,1271.69140625
3100,recon_loss,1170.213623046875
3100,kl_loss,84.4386978149414
3100,kl_loss_0,19.20575714111328
3100,kl_loss_1,6.668584823608398
3100,kl_loss_2,5.186723709106445
3100,kl_loss_3,5.250701427459717
3100,kl_loss_4,14.902971267700195
3100,kl_loss_5,5.526838302612305
3100,kl_loss_6,13.059514999389648
3100,kl_loss_7,9.050804138183594
3100,kl_loss_8,5.586795806884766
3100,loss,1254.65234375
3150,recon_loss,983.2901611328125
3150,kl_loss,90.22943878173828
3150,kl_loss_0,20.5188045501709
3150,kl_loss_1,7.136754035949707
3150,kl_loss_2,5.519033432006836
3150,kl_loss_3,5.597042083740234
3150,kl_loss_4,16.10940933227539
3150,kl_loss_5,5.815725326538086
3150,kl_loss_6,14.0094633102417
3150,kl_loss_7,9.62534236907959
3150,kl_loss_8,5.897866725921631
3150,loss,1073.5196533203125
3200,recon_loss,1023.8521118164062
3200,kl_loss,87.63044738769531
3200,kl_loss_0,19.764202117919922
3200,kl_loss_1,6.945066928863525
3200,kl_loss_2,5.4676833152771
3200,kl_loss_3,5.491888523101807
3200,kl_loss_4,15.47773551940918
3200,kl_loss_5,5.705145359039307
3200,kl_loss_6,13.599281311035156
3200,kl_loss_7,9.386173248291016
3200,kl_loss_8,5.793275356292725
3200,loss,1111.4825439453125
3250,recon_loss,1064.50439453125
3250,kl_loss,86.78509521484375
3250,kl_loss_0,19.502304077148438
3250,kl_loss_1,6.933574199676514
3250,kl_loss_2,5.388142108917236
3250,kl_loss_3,5.468708515167236
3250,kl_loss_4,15.304882049560547
3250,kl_loss_5,5.694056510925293
3250,kl_loss_6,13.416162490844727
3250,kl_loss_7,9.313763618469238
3250,kl_loss_8,5.763503551483154
3250,loss,1151.28955078125
3300,recon_loss,953.7302856445312
3300,kl_loss,86.50273132324219
3300,kl_loss_0,19.415367126464844
3300,kl_loss_1,6.877572059631348
3300,kl_loss_2,5.46428108215332
3300,kl_loss_3,5.511073112487793
3300,kl_loss_4,15.185696601867676
3300,kl_loss_5,5.72282600402832
3300,kl_loss_6,13.274060249328613
3300,kl_loss_7,9.219430923461914
3300,kl_loss_8,5.832427501678467
3300,loss,1040.2330322265625
3350,recon_loss,968.9326782226562
3350,kl_loss,86.35269927978516
3350,kl_loss_0,19.4146785736084
3350,kl_loss_1,6.933810234069824
3350,kl_loss_2,5.416019439697266
3350,kl_loss_3,5.474613189697266
3350,kl_loss_4,15.151780128479004
3350,kl_loss_5,5.715396881103516
3350,kl_loss_6,13.268954277038574
3350,kl_loss_7,9.225953102111816
3350,kl_loss_8,5.751499176025391
3350,loss,1055.285400390625
3400,recon_loss,953.8565063476562
3400,kl_loss,86.53459930419922
3400,kl_loss_0,19.410985946655273
3400,kl_loss_1,6.951705455780029
3400,kl_loss_2,5.384278774261475
3400,kl_loss_3,5.469968795776367
3400,kl_loss_4,15.283260345458984
3400,kl_loss_5,5.696526527404785
3400,kl_loss_6,13.278487205505371
3400,kl_loss_7,9.262751579284668
3400,kl_loss_8,5.796642303466797
3400,loss,1040.39111328125
3450,recon_loss,879.2432861328125
3450,kl_loss,86.28800201416016
3450,kl_loss_0,19.243152618408203
3450,kl_loss_1,6.940377712249756
3450,kl_loss_2,5.435503005981445
3450,kl_loss_3,5.534749984741211
3450,kl_loss_4,15.143024444580078
3450,kl_loss_5,5.7228546142578125
3450,kl_loss_6,13.211134910583496
3450,kl_loss_7,9.232276916503906
3450,kl_loss_8,5.82492733001709
3450,loss,965.5313110351562
3500,recon_loss,947.9157104492188
3500,kl_loss,83.8141860961914
3500,kl_loss_0,18.5953426361084
3500,kl_loss_1,6.7306952476501465
3500,kl_loss_2,5.315784454345703
3500,kl_loss_3,5.403738021850586
3500,kl_loss_4,14.66723346710205
3500,kl_loss_5,5.617115020751953
3500,kl_loss_6,12.764312744140625
3500,kl_loss_7,8.976046562194824
3500,kl_loss_8,5.7439188957214355
3500,loss,1031.7298583984375
3550,recon_loss,865.5919799804688
3550,kl_loss,85.3854751586914
3550,kl_loss_0,18.843626022338867
3550,kl_loss_1,6.901041030883789
3550,kl_loss_2,5.447954177856445
3550,kl_loss_3,5.511507511138916
3550,kl_loss_4,14.879905700683594
3550,kl_loss_5,5.783689975738525
3550,kl_loss_6,12.993017196655273
3550,kl_loss_7,9.207250595092773
3550,kl_loss_8,5.817478179931641
3550,loss,950.9774780273438
3600,recon_loss,870.7461547851562
3600,kl_loss,83.5826187133789
3600,kl_loss_0,18.284086227416992
3600,kl_loss_1,6.855017185211182
3600,kl_loss_2,5.386210918426514
3600,kl_loss_3,5.4593329429626465
3600,kl_loss_4,14.421862602233887
3600,kl_loss_5,5.765568256378174
3600,kl_loss_6,12.679529190063477
3600,kl_loss_7,8.948783874511719
3600,kl_loss_8,5.782228946685791
3600,loss,954.3287963867188
3650,recon_loss,952.2764892578125
3650,kl_loss,82.32286071777344
3650,kl_loss_0,18.05539321899414
3650,kl_loss_1,6.675823211669922
3650,kl_loss_2,5.293906211853027
3650,kl_loss_3,5.402169227600098
3650,kl_loss_4,14.28487777709961
3650,kl_loss_5,5.65439510345459
3650,kl_loss_6,12.51336669921875
3650,kl_loss_7,8.746166229248047
3650,kl_loss_8,5.696760177612305
3650,loss,1034.599365234375
3700,recon_loss,885.8032836914062
3700,kl_loss,82.86638641357422
3700,kl_loss_0,18.056188583374023
3700,kl_loss_1,6.746458530426025
3700,kl_loss_2,5.414072036743164
3700,kl_loss_3,5.404439926147461
3700,kl_loss_4,14.288700103759766
3700,kl_loss_5,5.686712741851807
3700,kl_loss_6,12.652441024780273
3700,kl_loss_7,8.90306568145752
3700,kl_loss_8,5.714303016662598
3700,loss,968.669677734375
3750,recon_loss,887.10498046875
3750,kl_loss,80.7789306640625
3750,kl_loss_0,17.531578063964844
3750,kl_loss_1,6.7068400382995605
3750,kl_loss_2,5.361913681030273
3750,kl_loss_3,5.4085845947265625
3750,kl_loss_4,13.637870788574219
3750,kl_loss_5,5.597693920135498
3750,kl_loss_6,12.183734893798828
3750,kl_loss_7,8.667236328125
3750,kl_loss_8,5.683476448059082
3750,loss,967.8839111328125
3800,recon_loss,938.8046875
3800,kl_loss,81.52301788330078
3800,kl_loss_0,17.742630004882812
3800,kl_loss_1,6.6652727127075195
3800,kl_loss_2,5.355361461639404
3800,kl_loss_3,5.395876407623291
3800,kl_loss_4,13.969681739807129
3800,kl_loss_5,5.641728401184082
3800,kl_loss_6,12.341344833374023
3800,kl_loss_7,8.753554344177246
3800,kl_loss_8,5.657564640045166
3800,loss,1020.3276977539062
3850,recon_loss,881.2494506835938
3850,kl_loss,80.14717102050781
3850,kl_loss_0,17.287303924560547
3850,kl_loss_1,6.591206073760986
3850,kl_loss_2,5.360356330871582
3850,kl_loss_3,5.318936824798584
3850,kl_loss_4,13.661975860595703
3850,kl_loss_5,5.572330474853516
3850,kl_loss_6,12.189014434814453
3850,kl_loss_7,8.560741424560547
3850,kl_loss_8,5.605312347412109
3850,loss,961.3966064453125
3900,recon_loss,818.6083374023438
3900,kl_loss,80.76005554199219
3900,kl_loss_0,17.346555709838867
3900,kl_loss_1,6.655868053436279
3900,kl_loss_2,5.342117786407471
3900,kl_loss_3,5.3961920738220215
3900,kl_loss_4,13.837660789489746
3900,kl_loss_5,5.62380838394165
3900,kl_loss_6,12.155900001525879
3900,kl_loss_7,8.669380187988281
3900,kl_loss_8,5.732570648193359
3900,loss,899.368408203125
3950,recon_loss,858.4033813476562
3950,kl_loss,79.548828125
3950,kl_loss_0,17.006664276123047
3950,kl_loss_1,6.547621250152588
3950,kl_loss_2,5.308408260345459
3950,kl_loss_3,5.4406256675720215
3950,kl_loss_4,13.441130638122559
3950,kl_loss_5,5.647876739501953
3950,kl_loss_6,12.004438400268555
3950,kl_loss_7,8.497320175170898
3950,kl_loss_8,5.654740810394287
3950,loss,937.9522094726562
4000,recon_loss,747.75830078125
4000,kl_loss,80.06851959228516
4000,kl_loss_0,17.243120193481445
4000,kl_loss_1,6.590963363647461
4000,kl_loss_2,5.340368270874023
4000,kl_loss_3,5.396791458129883
4000,kl_loss_4,13.620452880859375
4000,kl_loss_5,5.631951808929443
4000,kl_loss_6,12.066126823425293
4000,kl_loss_7,8.47836971282959
4000,kl_loss_8,5.700378894805908
4000,loss,827.8268432617188
4050,recon_loss,823.0633544921875
4050,kl_loss,79.55487823486328
4050,kl_loss_0,16.935935974121094
4050,kl_loss_1,6.6284942626953125
4050,kl_loss_2,5.356960296630859
4050,kl_loss_3,5.368513107299805
4050,kl_loss_4,13.425919532775879
4050,kl_loss_5,5.652575492858887
4050,kl_loss_6,11.914166450500488
4050,kl_loss_7,8.515231132507324
4050,kl_loss_8,5.757087230682373
4050,loss,902.6182250976562
4100,recon_loss,757.9138793945312
4100,kl_loss,78.70011138916016
4100,kl_loss_0,16.678903579711914
4100,kl_loss_1,6.628414154052734
4100,kl_loss_2,5.377559661865234
4100,kl_loss_3,5.4558515548706055
4100,kl_loss_4,13.24896240234375
4100,kl_loss_5,5.642854690551758
4100,kl_loss_6,11.677654266357422
4100,kl_loss_7,8.292627334594727
4100,kl_loss_8,5.697288990020752
4100,loss,836.614013671875
4150,recon_loss,725.3693237304688
4150,kl_loss,78.33082580566406
4150,kl_loss_0,16.602468490600586
4150,kl_loss_1,6.5612406730651855
4150,kl_loss_2,5.295654296875
4150,kl_loss_3,5.385277271270752
4150,kl_loss_4,13.266615867614746
4150,kl_loss_5,5.60793924331665
4150,kl_loss_6,11.67088508605957
4150,kl_loss_7,8.278509140014648
4150,kl_loss_8,5.6622314453125
4150,loss,803.7001342773438
4200,recon_loss,759.9188842773438
4200,kl_loss,77.39913940429688
4200,kl_loss_0,16.281513214111328
4200,kl_loss_1,6.533660888671875
4200,kl_loss_2,5.2943315505981445
4200,kl_loss_3,5.397862434387207
4200,kl_loss_4,12.982525825500488
4200,kl_loss_5,5.563305854797363
4200,kl_loss_6,11.514993667602539
4200,kl_loss_7,8.232542991638184
4200,kl_loss_8,5.598405838012695
4200,loss,837.3179931640625
4250,recon_loss,787.710693359375
4250,kl_loss,74.50726318359375
4250,kl_loss_0,15.448254585266113
4250,kl_loss_1,6.3293938636779785
4250,kl_loss_2,5.187347412109375
4250,kl_loss_3,5.238326549530029
4250,kl_loss_4,12.321203231811523
4250,kl_loss_5,5.459633827209473
4250,kl_loss_6,11.097978591918945
4250,kl_loss_7,7.881556510925293
4250,kl_loss_8,5.5435709953308105
4250,loss,862.2179565429688
4300,recon_loss,685.0372924804688
4300,kl_loss,78.2931137084961
4300,kl_loss_0,16.548686981201172
4300,kl_loss_1,6.569008827209473
4300,kl_loss_2,5.396416187286377
4300,kl_loss_3,5.427951812744141
4300,kl_loss_4,13.14295768737793
4300,kl_loss_5,5.6053080558776855
4300,kl_loss_6,11.627272605895996
4300,kl_loss_7,8.334294319152832
4300,kl_loss_8,5.641215801239014
4300,loss,763.3303833007812
4350,recon_loss,696.2081298828125
4350,kl_loss,76.1990737915039
4350,kl_loss_0,15.799448013305664
4350,kl_loss_1,6.52212381362915
4350,kl_loss_2,5.438973426818848
4350,kl_loss_3,5.368361949920654
4350,kl_loss_4,12.464593887329102
4350,kl_loss_5,5.603142261505127
4350,kl_loss_6,11.172327041625977
4350,kl_loss_7,8.194307327270508
4350,kl_loss_8,5.635797023773193
4350,loss,772.4072265625
4400,recon_loss,695.4837646484375
4400,kl_loss,76.8703384399414
4400,kl_loss_0,16.041950225830078
4400,kl_loss_1,6.501763820648193
4400,kl_loss_2,5.325079917907715
4400,kl_loss_3,5.396027088165283
4400,kl_loss_4,12.735065460205078
4400,kl_loss_5,5.596902370452881
4400,kl_loss_6,11.416726112365723
4400,kl_loss_7,8.269966125488281
4400,kl_loss_8,5.5868611335754395
4400,loss,772.3541259765625
4450,recon_loss,757.84423828125
4450,kl_loss,76.2115707397461
4450,kl_loss_0,15.891493797302246
4450,kl_loss_1,6.406276702880859
4450,kl_loss_2,5.304306507110596
4450,kl_loss_3,5.397748947143555
4450,kl_loss_4,12.613821029663086
4450,kl_loss_5,5.615058422088623
4450,kl_loss_6,11.300019264221191
4450,kl_loss_7,8.106634140014648
4450,kl_loss_8,5.576210975646973
4450,loss,834.0557861328125
4500,recon_loss,666.4883422851562
4500,kl_loss,76.63925170898438
4500,kl_loss_0,15.929194450378418
4500,kl_loss_1,6.444250583648682
4500,kl_loss_2,5.343837738037109
4500,kl_loss_3,5.43491268157959
4500,kl_loss_4,12.711073875427246
4500,kl_loss_5,5.576470375061035
4500,kl_loss_6,11.328112602233887
4500,kl_loss_7,8.252523422241211
4500,kl_loss_8,5.618879318237305
4500,loss,743.1275634765625
4550,recon_loss,679.711669921875
4550,kl_loss,75.81375122070312
4550,kl_loss_0,15.652872085571289
4550,kl_loss_1,6.4378557205200195
4550,kl_loss_2,5.386358261108398
4550,kl_loss_3,5.492254257202148
4550,kl_loss_4,12.330156326293945
4550,kl_loss_5,5.603790760040283
4550,kl_loss_6,11.185333251953125
4550,kl_loss_7,8.085392951965332
4550,kl_loss_8,5.639732837677002
4550,loss,755.525390625
4600,recon_loss,1371.2227783203125
4600,kl_loss,69.89044189453125
4600,kl_loss_0,14.090007781982422
4600,kl_loss_1,5.929361343383789
4600,kl_loss_2,5.055178165435791
4600,kl_loss_3,5.153515815734863
4600,kl_loss_4,11.222726821899414
4600,kl_loss_5,5.308556079864502
4600,kl_loss_6,10.177909851074219
4600,kl_loss_7,7.585752964019775
4600,kl_loss_8,5.367433547973633
4600,loss,1441.11328125
4650,recon_loss,654.852294921875
4650,kl_loss,74.76394653320312
4650,kl_loss_0,15.27972412109375
4650,kl_loss_1,6.401330471038818
4650,kl_loss_2,5.36465311050415
4650,kl_loss_3,5.425279140472412
4650,kl_loss_4,12.190288543701172
4650,kl_loss_5,5.587973594665527
4650,kl_loss_6,10.909650802612305
4650,kl_loss_7,8.018146514892578
4650,kl_loss_8,5.586895942687988
4650,loss,729.6162109375
4700,recon_loss,931.0038452148438
4700,kl_loss,70.90168762207031
4700,kl_loss_0,14.365612983703613
4700,kl_loss_1,6.1274614334106445
4700,kl_loss_2,5.122720718383789
4700,kl_loss_3,5.214864730834961
4700,kl_loss_4,11.53350830078125
4700,kl_loss_5,5.339653968811035
4700,kl_loss_6,10.33089828491211
4700,kl_loss_7,7.565011978149414
4700,kl_loss_8,5.3019537925720215
4700,loss,1001.905517578125
4750,recon_loss,612.2486572265625
4750,kl_loss,74.34019470214844
4750,kl_loss_0,15.174443244934082
4750,kl_loss_1,6.393482685089111
4750,kl_loss_2,5.3233842849731445
4750,kl_loss_3,5.412779331207275
4750,kl_loss_4,12.104948997497559
4750,kl_loss_5,5.552912712097168
4750,kl_loss_6,10.881477355957031
4750,kl_loss_7,8.028536796569824
4750,kl_loss_8,5.468225002288818
4750,loss,686.5888671875
4800,recon_loss,641.625732421875
4800,kl_loss,73.05817413330078
4800,kl_loss_0,14.836589813232422
4800,kl_loss_1,6.262214183807373
4800,kl_loss_2,5.295061111450195
4800,kl_loss_3,5.354844570159912
4800,kl_loss_4,11.837019920349121
4800,kl_loss_5,5.510476112365723
4800,kl_loss_6,10.670246124267578
4800,kl_loss_7,7.853400230407715
4800,kl_loss_8,5.43832540512085
4800,loss,714.6838989257812
4850,recon_loss,1302.2076416015625
4850,kl_loss,72.62525939941406
4850,kl_loss_0,14.739014625549316
4850,kl_loss_1,6.204164981842041
4850,kl_loss_2,5.256943225860596
4850,kl_loss_3,5.303445816040039
4850,kl_loss_4,11.741103172302246
4850,kl_loss_5,5.48501443862915
4850,kl_loss_6,10.592041015625
4850,kl_loss_7,7.825801849365234
4850,kl_loss_8,5.477731704711914
4850,loss,1374.8328857421875
4900,recon_loss,615.9336547851562
4900,kl_loss,73.1798324584961
4900,kl_loss_0,14.751544952392578
4900,kl_loss_1,6.327009201049805
4900,kl_loss_2,5.325988292694092
4900,kl_loss_3,5.394254684448242
4900,kl_loss_4,11.854178428649902
4900,kl_loss_5,5.565922737121582
4900,kl_loss_6,10.636194229125977
4900,kl_loss_7,7.801207065582275
4900,kl_loss_8,5.523530960083008
4900,loss,689.1134643554688
4950,recon_loss,777.011474609375
4950,kl_loss,68.90679931640625
4950,kl_loss_0,13.72586441040039
4950,kl_loss_1,5.991077899932861
4950,kl_loss_2,5.129828929901123
4950,kl_loss_3,5.190676212310791
4950,kl_loss_4,10.899608612060547
4950,kl_loss_5,5.3467698097229
4950,kl_loss_6,10.020638465881348
4950,kl_loss_7,7.360240936279297
4950,kl_loss_8,5.242093086242676
4950,loss,845.9182739257812
5000,recon_loss,577.8291625976562
5000,kl_loss,72.93799591064453
5000,kl_loss_0,14.707720756530762
5000,kl_loss_1,6.2991108894348145
5000,kl_loss_2,5.297946929931641
5000,kl_loss_3,5.417275428771973
5000,kl_loss_4,11.771225929260254
5000,kl_loss_5,5.528870105743408
5000,kl_loss_6,10.527775764465332
5000,kl_loss_7,7.863989353179932
5000,kl_loss_8,5.52407693862915
5000,loss,650.7671508789062
5050,recon_loss,579.2442016601562
5050,kl_loss,72.04591369628906
5050,kl_loss_0,14.339585304260254
5050,kl_loss_1,6.241489410400391
5050,kl_loss_2,5.3107218742370605
5050,kl_loss_3,5.394353866577148
5050,kl_loss_4,11.595854759216309
5050,kl_loss_5,5.512592792510986
5050,kl_loss_6,10.378262519836426
5050,kl_loss_7,7.72545051574707
5050,kl_loss_8,5.547601222991943
5050,loss,651.2901000976562
5100,recon_loss,560.1690063476562
5100,kl_loss,72.48324584960938
5100,kl_loss_0,14.565020561218262
5100,kl_loss_1,6.284097671508789
5100,kl_loss_2,5.265913009643555
5100,kl_loss_3,5.384313583374023
5100,kl_loss_4,11.668025016784668
5100,kl_loss_5,5.510688304901123
5100,kl_loss_6,10.4729585647583
5100,kl_loss_7,7.804131507873535
5100,kl_loss_8,5.528094291687012
5100,loss,632.6522216796875
5150,recon_loss,652.6427612304688
5150,kl_loss,70.16743469238281
5150,kl_loss_0,13.619023323059082
5150,kl_loss_1,6.074312686920166
5150,kl_loss_2,5.309816837310791
5150,kl_loss_3,5.503482818603516
5150,kl_loss_4,10.930403709411621
5150,kl_loss_5,5.582962512969971
5150,kl_loss_6,9.955338478088379
5150,kl_loss_7,7.702464580535889
5150,kl_loss_8,5.4896368980407715
5150,loss,722.8101806640625
5200,recon_loss,563.2323608398438
5200,kl_loss,71.64805603027344
5200,kl_loss_0,14.147146224975586
5200,kl_loss_1,6.243562698364258
5200,kl_loss_2,5.297101974487305
5200,kl_loss_3,5.454616546630859
5200,kl_loss_4,11.420953750610352
5200,kl_loss_5,5.546868801116943
5200,kl_loss_6,10.26289176940918
5200,kl_loss_7,7.765099048614502
5200,kl_loss_8,5.509818077087402
5200,loss,634.8804321289062
5250,recon_loss,609.8065795898438
5250,kl_loss,70.22051239013672
5250,kl_loss_0,13.921496391296387
5250,kl_loss_1,6.130716323852539
5250,kl_loss_2,5.187576770782471
5250,kl_loss_3,5.353522777557373
5250,kl_loss_4,11.148746490478516
5250,kl_loss_5,5.43710994720459
5250,kl_loss_6,10.094158172607422
5250,kl_loss_7,7.555239200592041
5250,kl_loss_8,5.3919477462768555
5250,loss,680.027099609375
5300,recon_loss,744.2723388671875
5300,kl_loss,70.76325225830078
5300,kl_loss_0,14.00177001953125
5300,kl_loss_1,6.147641658782959
5300,kl_loss_2,5.263332366943359
5300,kl_loss_3,5.346723556518555
5300,kl_loss_4,11.253918647766113
5300,kl_loss_5,5.500087738037109
5300,kl_loss_6,10.18893051147461
5300,kl_loss_7,7.616230487823486
5300,kl_loss_8,5.444614410400391
5300,loss,815.0355834960938
5350,recon_loss,912.6366577148438
5350,kl_loss,68.89207458496094
5350,kl_loss_0,13.415225982666016
5350,kl_loss_1,6.0043792724609375
5350,kl_loss_2,5.199774265289307
5350,kl_loss_3,5.252277851104736
5350,kl_loss_4,10.893481254577637
5350,kl_loss_5,5.396030902862549
5350,kl_loss_6,9.925555229187012
5350,kl_loss_7,7.409262180328369
5350,kl_loss_8,5.396090030670166
5350,loss,981.5287475585938
5400,recon_loss,527.9169311523438
5400,kl_loss,70.67242431640625
5400,kl_loss_0,13.862529754638672
5400,kl_loss_1,6.188435077667236
5400,kl_loss_2,5.328587055206299
5400,kl_loss_3,5.371756553649902
5400,kl_loss_4,11.200915336608887
5400,kl_loss_5,5.473781585693359
5400,kl_loss_6,10.09086799621582
5400,kl_loss_7,7.620670318603516
5400,kl_loss_8,5.534877300262451
5400,loss,598.58935546875
5450,recon_loss,549.3250122070312
5450,kl_loss,69.35462951660156
5450,kl_loss_0,13.372032165527344
5450,kl_loss_1,6.139777660369873
5450,kl_loss_2,5.419980049133301
5450,kl_loss_3,5.332147121429443
5450,kl_loss_4,10.78100872039795
5450,kl_loss_5,5.504507541656494
5450,kl_loss_6,9.8645658493042
5450,kl_loss_7,7.454535961151123
5450,kl_loss_8,5.486070156097412
5450,loss,618.6796264648438
5500,recon_loss,513.246826171875
5500,kl_loss,70.06192016601562
5500,kl_loss_0,13.65588665008545
5500,kl_loss_1,6.189171314239502
5500,kl_loss_2,5.297779083251953
5500,kl_loss_3,5.367817401885986
5500,kl_loss_4,11.060408592224121
5500,kl_loss_5,5.468427658081055
5500,kl_loss_6,9.967824935913086
5500,kl_loss_7,7.574765682220459
5500,kl_loss_8,5.479837417602539
5500,loss,583.3087158203125
5550,recon_loss,553.0905151367188
5550,kl_loss,68.97114562988281
5550,kl_loss_0,13.25622844696045
5550,kl_loss_1,6.120715141296387
5550,kl_loss_2,5.263940334320068
5550,kl_loss_3,5.366138935089111
5550,kl_loss_4,10.771971702575684
5550,kl_loss_5,5.55351448059082
5550,kl_loss_6,9.831236839294434
5550,kl_loss_7,7.39381217956543
5550,kl_loss_8,5.413578987121582
5550,loss,622.0616455078125
5600,recon_loss,1191.647216796875
5600,kl_loss,67.29476928710938
5600,kl_loss_0,13.021249771118164
5600,kl_loss_1,5.960512161254883
5600,kl_loss_2,5.1542487144470215
5600,kl_loss_3,5.2203755378723145
5600,kl_loss_4,10.535409927368164
5600,kl_loss_5,5.367542743682861
5600,kl_loss_6,9.545884132385254
5600,kl_loss_7,7.198415756225586
5600,kl_loss_8,5.291131496429443
5600,loss,1258.9420166015625
5650,recon_loss,542.9249267578125
5650,kl_loss,68.57474517822266
5650,kl_loss_0,13.238251686096191
5650,kl_loss_1,6.064562797546387
5650,kl_loss_2,5.247165679931641
5650,kl_loss_3,5.2813873291015625
5650,kl_loss_4,10.700815200805664
5650,kl_loss_5,5.4383225440979
5650,kl_loss_6,9.764055252075195
5650,kl_loss_7,7.407470703125
5650,kl_loss_8,5.432711601257324
5650,loss,611.4996948242188
5700,recon_loss,498.6905822753906
5700,kl_loss,69.07611846923828
5700,kl_loss_0,13.331554412841797
5700,kl_loss_1,6.18910026550293
5700,kl_loss_2,5.2099609375
5700,kl_loss_3,5.330333232879639
5700,kl_loss_4,10.852015495300293
5700,kl_loss_5,5.534104824066162
5700,kl_loss_6,9.776090621948242
5700,kl_loss_7,7.379012584686279
5700,kl_loss_8,5.473944664001465
5700,loss,567.7667236328125
5750,recon_loss,503.0059814453125
5750,kl_loss,68.0877456665039
5750,kl_loss_0,12.988141059875488
5750,kl_loss_1,6.075905799865723
5750,kl_loss_2,5.223900318145752
5750,kl_loss_3,5.332018852233887
5750,kl_loss_4,10.614917755126953
5750,kl_loss_5,5.488154411315918
5750,kl_loss_6,9.589241981506348
5750,kl_loss_7,7.294185638427734
5750,kl_loss_8,5.481280326843262
5750,loss,571.09375
5800,recon_loss,522.309814453125
5800,kl_loss,67.79398345947266
5800,kl_loss_0,13.02212142944336
5800,kl_loss_1,6.028072357177734
5800,kl_loss_2,5.275192737579346
5800,kl_loss_3,5.241210460662842
5800,kl_loss_4,10.5404634475708
5800,kl_loss_5,5.430127143859863
5800,kl_loss_6,9.508172988891602
5800,kl_loss_7,7.313925743103027
5800,kl_loss_8,5.434699535369873
5800,loss,590.1038208007812
5850,recon_loss,495.58807373046875
5850,kl_loss,67.7149658203125
5850,kl_loss_0,12.947175025939941
5850,kl_loss_1,6.0307793617248535
5850,kl_loss_2,5.181756496429443
5850,kl_loss_3,5.305551528930664
5850,kl_loss_4,10.48124885559082
5850,kl_loss_5,5.476962089538574
5850,kl_loss_6,9.538834571838379
5850,kl_loss_7,7.289215087890625
5850,kl_loss_8,5.463444709777832
5850,loss,563.3030395507812
5900,recon_loss,508.6394958496094
5900,kl_loss,67.61620330810547
5900,kl_loss_0,12.96841812133789
5900,kl_loss_1,6.00619649887085
5900,kl_loss_2,5.198568820953369
5900,kl_loss_3,5.353036880493164
5900,kl_loss_4,10.469186782836914
5900,kl_loss_5,5.435153007507324
5900,kl_loss_6,9.515358924865723
5900,kl_loss_7,7.236114025115967
5900,kl_loss_8,5.434178352355957
5900,loss,576.2556762695312
5950,recon_loss,493.7560119628906
5950,kl_loss,67.07101440429688
5950,kl_loss_0,12.7694730758667
5950,kl_loss_1,6.016455173492432
5950,kl_loss_2,5.273035049438477
5950,kl_loss_3,5.303001880645752
5950,kl_loss_4,10.380170822143555
5950,kl_loss_5,5.418577194213867
5950,kl_loss_6,9.419933319091797
5950,kl_loss_7,7.112723350524902
5950,kl_loss_8,5.377642631530762
5950,loss,560.8270263671875
6000,recon_loss,499.7212829589844
6000,kl_loss,67.3847427368164
6000,kl_loss_0,12.779685020446777
6000,kl_loss_1,6.025183200836182
6000,kl_loss_2,5.304400444030762
6000,kl_loss_3,5.350960731506348
6000,kl_loss_4,10.352102279663086
6000,kl_loss_5,5.5251946449279785
6000,kl_loss_6,9.427138328552246
6000,kl_loss_7,7.248007774353027
6000,kl_loss_8,5.372072696685791
6000,loss,567.1060180664062
6050,recon_loss,513.6299438476562
6050,kl_loss,67.5165023803711
6050,kl_loss_0,12.835529327392578
6050,kl_loss_1,6.074934005737305
6050,kl_loss_2,5.289093494415283
6050,kl_loss_3,5.274821758270264
6050,kl_loss_4,10.414764404296875
6050,kl_loss_5,5.468699932098389
6050,kl_loss_6,9.399192810058594
6050,kl_loss_7,7.310667037963867
6050,kl_loss_8,5.448802471160889
6050,loss,581.1464233398438
6100,recon_loss,458.9326477050781
6100,kl_loss,66.69469451904297
6100,kl_loss_0,12.530281066894531
6100,kl_loss_1,6.040459156036377
6100,kl_loss_2,5.253326416015625
6100,kl_loss_3,5.222853183746338
6100,kl_loss_4,10.2827787399292
6100,kl_loss_5,5.430372714996338
6100,kl_loss_6,9.398633003234863
6100,kl_loss_7,7.140257358551025
6100,kl_loss_8,5.395733833312988
6100,loss,525.6273193359375
6150,recon_loss,469.6681213378906
6150,kl_loss,66.47150421142578
6150,kl_loss_0,12.474669456481934
6150,kl_loss_1,6.021421432495117
6150,kl_loss_2,5.18520975112915
6150,kl_loss_3,5.2854766845703125
6150,kl_loss_4,10.182167053222656
6150,kl_loss_5,5.479143142700195
6150,kl_loss_6,9.291055679321289
6150,kl_loss_7,7.173974990844727
6150,kl_loss_8,5.378391742706299
6150,loss,536.1396484375
6200,recon_loss,528.5364379882812
6200,kl_loss,65.52306365966797
6200,kl_loss_0,12.24625015258789
6200,kl_loss_1,5.987517833709717
6200,kl_loss_2,5.2844648361206055
6200,kl_loss_3,5.208197116851807
6200,kl_loss_4,9.952394485473633
6200,kl_loss_5,5.3474626541137695
6200,kl_loss_6,9.079707145690918
6200,kl_loss_7,6.977630138397217
6200,kl_loss_8,5.439439296722412
6200,loss,594.0595092773438
6250,recon_loss,831.2849731445312
6250,kl_loss,62.34760665893555
6250,kl_loss_0,11.617151260375977
6250,kl_loss_1,5.653589248657227
6250,kl_loss_2,4.9482221603393555
6250,kl_loss_3,5.101030349731445
6250,kl_loss_4,9.41540813446045
6250,kl_loss_5,5.161202430725098
6250,kl_loss_6,8.651537895202637
6250,kl_loss_7,6.694150447845459
6250,kl_loss_8,5.105319023132324
6250,loss,893.632568359375
6300,recon_loss,445.90960693359375
6300,kl_loss,66.29912567138672
6300,kl_loss_0,12.42031478881836
6300,kl_loss_1,5.9895830154418945
6300,kl_loss_2,5.231612682342529
6300,kl_loss_3,5.375898838043213
6300,kl_loss_4,10.17138385772705
6300,kl_loss_5,5.406328201293945
6300,kl_loss_6,9.205462455749512
6300,kl_loss_7,7.140790939331055
6300,kl_loss_8,5.357754707336426
6300,loss,512.208740234375
6350,recon_loss,454.3219909667969
6350,kl_loss,65.8776626586914
6350,kl_loss_0,12.194828033447266
6350,kl_loss_1,6.071817398071289
6350,kl_loss_2,5.315347671508789
6350,kl_loss_3,5.326041221618652
6350,kl_loss_4,10.001577377319336
6350,kl_loss_5,5.51735782623291
6350,kl_loss_6,9.055617332458496
6350,kl_loss_7,7.027212142944336
6350,kl_loss_8,5.36785888671875
6350,loss,520.1996459960938
6400,recon_loss,484.9714050292969
6400,kl_loss,65.4930419921875
6400,kl_loss_0,12.242514610290527
6400,kl_loss_1,5.953151226043701
6400,kl_loss_2,5.208051681518555
6400,kl_loss_3,5.272307872772217
6400,kl_loss_4,10.010185241699219
6400,kl_loss_5,5.3893914222717285
6400,kl_loss_6,9.05142879486084
6400,kl_loss_7,7.031643867492676
6400,kl_loss_8,5.3343658447265625
6400,loss,550.4644775390625
6450,recon_loss,465.5631103515625
6450,kl_loss,65.19068145751953
6450,kl_loss_0,12.049566268920898
6450,kl_loss_1,5.957253932952881
6450,kl_loss_2,5.154458999633789
6450,kl_loss_3,5.332616806030273
6450,kl_loss_4,9.893606185913086
6450,kl_loss_5,5.403567314147949
6450,kl_loss_6,9.018153190612793
6450,kl_loss_7,7.031877040863037
6450,kl_loss_8,5.349576950073242
6450,loss,530.7537841796875
6500,recon_loss,467.17913818359375
6500,kl_loss,64.40657043457031
6500,kl_loss_0,11.73440170288086
6500,kl_loss_1,5.876140117645264
6500,kl_loss_2,5.1385393142700195
6500,kl_loss_3,5.332120895385742
6500,kl_loss_4,9.782108306884766
6500,kl_loss_5,5.410393714904785
6500,kl_loss_6,8.980268478393555
6500,kl_loss_7,6.953253746032715
6500,kl_loss_8,5.199345588684082
6500,loss,531.585693359375
6550,recon_loss,461.8857421875
6550,kl_loss,64.84170532226562
6550,kl_loss_0,11.925383567810059
6550,kl_loss_1,5.899087905883789
6550,kl_loss_2,5.216421127319336
6550,kl_loss_3,5.337821006774902
6550,kl_loss_4,9.707998275756836
6550,kl_loss_5,5.322122097015381
6550,kl_loss_6,9.000499725341797
6550,kl_loss_7,7.028010368347168
6550,kl_loss_8,5.404359340667725
6550,loss,526.7274169921875
6600,recon_loss,836.0775146484375
6600,kl_loss,64.49813842773438
6600,kl_loss_0,11.954113006591797
6600,kl_loss_1,5.855910778045654
6600,kl_loss_2,5.142750263214111
6600,kl_loss_3,5.2772321701049805
6600,kl_loss_4,9.702352523803711
6600,kl_loss_5,5.347882270812988
6600,kl_loss_6,8.987956047058105
6600,kl_loss_7,6.920440673828125
6600,kl_loss_8,5.309496879577637
6600,loss,900.57568359375
6650,recon_loss,410.20281982421875
6650,kl_loss,64.5695571899414
6650,kl_loss_0,11.889564514160156
6650,kl_loss_1,5.9395647048950195
6650,kl_loss_2,5.199674129486084
6650,kl_loss_3,5.322488307952881
6650,kl_loss_4,9.754016876220703
6650,kl_loss_5,5.353561878204346
6650,kl_loss_6,8.858938217163086
6650,kl_loss_7,6.8914690017700195
6650,kl_loss_8,5.36027717590332
6650,loss,474.7723693847656
6700,recon_loss,587.4060668945312
6700,kl_loss,63.947410583496094
6700,kl_loss_0,11.668525695800781
6700,kl_loss_1,5.827282905578613
6700,kl_loss_2,5.169817924499512
6700,kl_loss_3,5.264146327972412
6700,kl_loss_4,9.661925315856934
6700,kl_loss_5,5.375588893890381
6700,kl_loss_6,8.813057899475098
6700,kl_loss_7,6.892285346984863
6700,kl_loss_8,5.274782657623291
6700,loss,651.3534545898438
6750,recon_loss,442.6006164550781
6750,kl_loss,63.81241989135742
6750,kl_loss_0,11.7494478225708
6750,kl_loss_1,5.869490146636963
6750,kl_loss_2,5.099567890167236
6750,kl_loss_3,5.275115489959717
6750,kl_loss_4,9.580791473388672
6750,kl_loss_5,5.313729286193848
6750,kl_loss_6,8.781106948852539
6750,kl_loss_7,6.864765644073486
6750,kl_loss_8,5.278409957885742
6750,loss,506.41302490234375
6800,recon_loss,464.9044189453125
6800,kl_loss,63.72759246826172
6800,kl_loss_0,11.652741432189941
6800,kl_loss_1,5.830097675323486
6800,kl_loss_2,5.309830188751221
6800,kl_loss_3,5.2245259284973145
6800,kl_loss_4,9.385933876037598
6800,kl_loss_5,5.408362865447998
6800,kl_loss_6,8.754756927490234
6800,kl_loss_7,6.894837856292725
6800,kl_loss_8,5.266507625579834
6800,loss,528.6320190429688
6850,recon_loss,502.5035095214844
6850,kl_loss,60.51017761230469
6850,kl_loss_0,10.908003807067871
6850,kl_loss_1,5.583761692047119
6850,kl_loss_2,5.031332015991211
6850,kl_loss_3,5.157422065734863
6850,kl_loss_4,8.871713638305664
6850,kl_loss_5,5.22578239440918
6850,kl_loss_6,8.254354476928711
6850,kl_loss_7,6.397576808929443
6850,kl_loss_8,5.080231189727783
6850,loss,563.013671875
6900,recon_loss,406.9920654296875
6900,kl_loss,63.79505157470703
6900,kl_loss_0,11.510977745056152
6900,kl_loss_1,5.8766560554504395
6900,kl_loss_2,5.243044376373291
6900,kl_loss_3,5.339778900146484
6900,kl_loss_4,9.502703666687012
6900,kl_loss_5,5.39372444152832
6900,kl_loss_6,8.664458274841309
6900,kl_loss_7,6.910003662109375
6900,kl_loss_8,5.353701114654541
6900,loss,470.787109375
6950,recon_loss,500.6162414550781
6950,kl_loss,63.0924072265625
6950,kl_loss_0,11.383325576782227
6950,kl_loss_1,5.805352210998535
6950,kl_loss_2,5.1470627784729
6950,kl_loss_3,5.226996898651123
6950,kl_loss_4,9.470288276672363
6950,kl_loss_5,5.302322864532471
6950,kl_loss_6,8.620944023132324
6950,kl_loss_7,6.805685043334961
6950,kl_loss_8,5.3304314613342285
6950,loss,563.7086181640625
7000,recon_loss,929.5337524414062
7000,kl_loss,60.06814193725586
7000,kl_loss_0,10.812503814697266
7000,kl_loss_1,5.62353515625
7000,kl_loss_2,5.045753002166748
7000,kl_loss_3,4.988803863525391
7000,kl_loss_4,8.78299331665039
7000,kl_loss_5,5.142743110656738
7000,kl_loss_6,8.136040687561035
7000,kl_loss_7,6.414177417755127
7000,kl_loss_8,5.121594429016113
7000,loss,989.6018676757812
7050,recon_loss,385.5959777832031
7050,kl_loss,63.06114959716797
7050,kl_loss_0,11.3854341506958
7050,kl_loss_1,5.807506084442139
7050,kl_loss_2,5.181006908416748
7050,kl_loss_3,5.241766452789307
7050,kl_loss_4,9.353239059448242
7050,kl_loss_5,5.371307849884033
7050,kl_loss_6,8.56828498840332
7050,kl_loss_7,6.789770126342773
7050,kl_loss_8,5.36283016204834
7050,loss,448.6571350097656
7100,recon_loss,439.3740234375
7100,kl_loss,62.616024017333984
7100,kl_loss_0,11.293105125427246
7100,kl_loss_1,5.793102264404297
7100,kl_loss_2,5.127739906311035
7100,kl_loss_3,5.237454414367676
7100,kl_loss_4,9.3212251663208
7100,kl_loss_5,5.260153770446777
7100,kl_loss_6,8.464689254760742
7100,kl_loss_7,6.809604644775391
7100,kl_loss_8,5.308954238891602
7100,loss,501.99005126953125
7150,recon_loss,430.1103820800781
7150,kl_loss,62.7208251953125
7150,kl_loss_0,11.276196479797363
7150,kl_loss_1,5.78386116027832
7150,kl_loss_2,5.165126800537109
7150,kl_loss_3,5.272057056427002
7150,kl_loss_4,9.385315895080566
7150,kl_loss_5,5.290064811706543
7150,kl_loss_6,8.476302146911621
7150,kl_loss_7,6.81280517578125
7150,kl_loss_8,5.259092807769775
7150,loss,492.8312072753906
7200,recon_loss,409.0378112792969
7200,kl_loss,62.539772033691406
7200,kl_loss_0,11.18379020690918
7200,kl_loss_1,5.823213577270508
7200,kl_loss_2,5.132424354553223
7200,kl_loss_3,5.267694473266602
7200,kl_loss_4,9.277816772460938
7200,kl_loss_5,5.330136299133301
7200,kl_loss_6,8.530749320983887
7200,kl_loss_7,6.753662109375
7200,kl_loss_8,5.240283012390137
7200,loss,471.57757568359375
7250,recon_loss,391.5881652832031
7250,kl_loss,62.22706604003906
7250,kl_loss_0,11.033416748046875
7250,kl_loss_1,5.775518417358398
7250,kl_loss_2,5.2032976150512695
7250,kl_loss_3,5.312263011932373
7250,kl_loss_4,9.116114616394043
7250,kl_loss_5,5.285287857055664
7250,kl_loss_6,8.478185653686523
7250,kl_loss_7,6.675849437713623
7250,kl_loss_8,5.3471269607543945
7250,loss,453.81524658203125
7300,recon_loss,545.4932250976562
7300,kl_loss,59.68404769897461
7300,kl_loss_0,10.464303970336914
7300,kl_loss_1,5.551498889923096
7300,kl_loss_2,5.101970195770264
7300,kl_loss_3,5.0042405128479
7300,kl_loss_4,8.779580116271973
7300,kl_loss_5,5.184932231903076
7300,kl_loss_6,7.975914478302002
7300,kl_loss_7,6.493208408355713
7300,kl_loss_8,5.128398895263672
7300,loss,605.17724609375
7350,recon_loss,372.95098876953125
7350,kl_loss,62.065834045410156
7350,kl_loss_0,11.008540153503418
7350,kl_loss_1,5.7592878341674805
7350,kl_loss_2,5.126222610473633
7350,kl_loss_3,5.20730447769165
7350,kl_loss_4,9.135855674743652
7350,kl_loss_5,5.307073593139648
7350,kl_loss_6,8.405945777893066
7350,kl_loss_7,6.757795810699463
7350,kl_loss_8,5.357804775238037
7350,loss,435.0168151855469
7400,recon_loss,413.7987365722656
7400,kl_loss,60.679595947265625
7400,kl_loss_0,10.595010757446289
7400,kl_loss_1,5.723078727722168
7400,kl_loss_2,5.0955047607421875
7400,kl_loss_3,5.186145782470703
7400,kl_loss_4,8.81902027130127
7400,kl_loss_5,5.288714408874512
7400,kl_loss_6,8.234286308288574
7400,kl_loss_7,6.515557289123535
7400,kl_loss_8,5.222277641296387
7400,loss,474.47833251953125
7450,recon_loss,502.38812255859375
7450,kl_loss,58.24563980102539
7450,kl_loss_0,10.17808723449707
7450,kl_loss_1,5.416281700134277
7450,kl_loss_2,4.92879056930542
7450,kl_loss_3,4.973198413848877
7450,kl_loss_4,8.436456680297852
7450,kl_loss_5,5.084734916687012
7450,kl_loss_6,7.821176528930664
7450,kl_loss_7,6.364674091339111
7450,kl_loss_8,5.042239189147949
7450,loss,560.6337890625
7500,recon_loss,363.683837890625
7500,kl_loss,61.702857971191406
7500,kl_loss_0,10.771729469299316
7500,kl_loss_1,5.764345645904541
7500,kl_loss_2,5.167452335357666
7500,kl_loss_3,5.278841972351074
7500,kl_loss_4,9.02370834350586
7500,kl_loss_5,5.324290752410889
7500,kl_loss_6,8.366385459899902
7500,kl_loss_7,6.708133697509766
7500,kl_loss_8,5.297969818115234
7500,loss,425.3866882324219
7550,recon_loss,374.7788391113281
7550,kl_loss,61.219512939453125
7550,kl_loss_0,10.762687683105469
7550,kl_loss_1,5.7023091316223145
7550,kl_loss_2,5.1773552894592285
7550,kl_loss_3,5.257965087890625
7550,kl_loss_4,8.912164688110352
7550,kl_loss_5,5.331130504608154
7550,kl_loss_6,8.207176208496094
7550,kl_loss_7,6.627236366271973
7550,kl_loss_8,5.241492748260498
7550,loss,435.99835205078125
7600,recon_loss,366.1051025390625
7600,kl_loss,61.44443130493164
7600,kl_loss_0,10.817721366882324
7600,kl_loss_1,5.746673583984375
7600,kl_loss_2,5.057076454162598
7600,kl_loss_3,5.251785755157471
7600,kl_loss_4,8.964892387390137
7600,kl_loss_5,5.3314995765686035
7600,kl_loss_6,8.300938606262207
7600,kl_loss_7,6.681214809417725
7600,kl_loss_8,5.292630195617676
7600,loss,427.5495300292969
7650,recon_loss,380.2933654785156
7650,kl_loss,61.062110900878906
7650,kl_loss_0,10.502925872802734
7650,kl_loss_1,5.796677112579346
7650,kl_loss_2,5.211503505706787
7650,kl_loss_3,5.3053297996521
7650,kl_loss_4,8.81447982788086
7650,kl_loss_5,5.374597072601318
7650,kl_loss_6,8.103555679321289
7650,kl_loss_7,6.668142318725586
7650,kl_loss_8,5.284903049468994
7650,loss,441.35546875
7700,recon_loss,389.7574462890625
7700,kl_loss,60.89989471435547
7700,kl_loss_0,10.671116828918457
7700,kl_loss_1,5.7147111892700195
7700,kl_loss_2,5.150625705718994
7700,kl_loss_3,5.215743541717529
7700,kl_loss_4,8.827044486999512
7700,kl_loss_5,5.254800796508789
7700,kl_loss_6,8.202530860900879
7700,kl_loss_7,6.606233596801758
7700,kl_loss_8,5.257088661193848
7700,loss,450.6573486328125
7750,recon_loss,374.1644287109375
7750,kl_loss,60.50855255126953
7750,kl_loss_0,10.58068561553955
7750,kl_loss_1,5.678701400756836
7750,kl_loss_2,5.157449722290039
7750,kl_loss_3,5.248585224151611
7750,kl_loss_4,8.72989273071289
7750,kl_loss_5,5.3070387840271
7750,kl_loss_6,8.087706565856934
7750,kl_loss_7,6.580491542816162
7750,kl_loss_8,5.138004302978516
7750,loss,434.6729736328125
7800,recon_loss,405.66143798828125
7800,kl_loss,60.237308502197266
7800,kl_loss_0,10.310154914855957
7800,kl_loss_1,5.614904880523682
7800,kl_loss_2,5.251020908355713
7800,kl_loss_3,5.1660566329956055
7800,kl_loss_4,8.715099334716797
7800,kl_loss_5,5.353336811065674
7800,kl_loss_6,8.014538764953613
7800,kl_loss_7,6.561138153076172
7800,kl_loss_8,5.251058578491211
7800,loss,465.89874267578125
7850,recon_loss,367.6719055175781
7850,kl_loss,59.07635498046875
7850,kl_loss_0,10.205290794372559
7850,kl_loss_1,5.565274238586426
7850,kl_loss_2,5.074288368225098
7850,kl_loss_3,5.067265510559082
7850,kl_loss_4,8.48956298828125
7850,kl_loss_5,5.174990653991699
7850,kl_loss_6,7.907073974609375
7850,kl_loss_7,6.401683807373047
7850,kl_loss_8,5.190925121307373
7850,loss,426.7482604980469
7900,recon_loss,681.5628051757812
7900,kl_loss,59.020301818847656
7900,kl_loss_0,10.167399406433105
7900,kl_loss_1,5.559754848480225
7900,kl_loss_2,5.090401649475098
7900,kl_loss_3,5.137782573699951
7900,kl_loss_4,8.447696685791016
7900,kl_loss_5,5.201443672180176
7900,kl_loss_6,7.889202117919922
7900,kl_loss_7,6.37541389465332
7900,kl_loss_8,5.151210784912109
7900,loss,740.5831298828125
7950,recon_loss,371.6530456542969
7950,kl_loss,59.24808120727539
7950,kl_loss_0,10.136699676513672
7950,kl_loss_1,5.587274551391602
7950,kl_loss_2,5.062734603881836
7950,kl_loss_3,5.2054829597473145
7950,kl_loss_4,8.517010688781738
7950,kl_loss_5,5.226315498352051
7950,kl_loss_6,7.911090850830078
7950,kl_loss_7,6.4399261474609375
7950,kl_loss_8,5.16154670715332
7950,loss,430.901123046875
8000,recon_loss,416.2309265136719
8000,kl_loss,59.64214324951172
8000,kl_loss_0,10.280622482299805
8000,kl_loss_1,5.621952533721924
8000,kl_loss_2,5.0707807540893555
8000,kl_loss_3,5.129743576049805
8000,kl_loss_4,8.604628562927246
8000,kl_loss_5,5.263632774353027
8000,kl_loss_6,7.984255313873291
8000,kl_loss_7,6.489703178405762
8000,kl_loss_8,5.196821689605713
8000,loss,475.8730773925781
8050,recon_loss,386.2481689453125
8050,kl_loss,59.530494689941406
8050,kl_loss_0,10.080155372619629
8050,kl_loss_1,5.666705131530762
8050,kl_loss_2,5.194100379943848
8050,kl_loss_3,5.2411956787109375
8050,kl_loss_4,8.55798625946045
8050,kl_loss_5,5.294106960296631
8050,kl_loss_6,7.915706634521484
8050,kl_loss_7,6.44400691986084
8050,kl_loss_8,5.136531352996826
8050,loss,445.7786560058594
8100,recon_loss,395.3128967285156
8100,kl_loss,59.46113586425781
8100,kl_loss_0,10.205883979797363
8100,kl_loss_1,5.575972080230713
8100,kl_loss_2,5.13994026184082
8100,kl_loss_3,5.269806385040283
8100,kl_loss_4,8.480506896972656
8100,kl_loss_5,5.269388198852539
8100,kl_loss_6,7.868706226348877
8100,kl_loss_7,6.324624061584473
8100,kl_loss_8,5.326308727264404
8100,loss,454.7740478515625
8150,recon_loss,413.2176818847656
8150,kl_loss,58.732826232910156
8150,kl_loss_0,10.059309959411621
8150,kl_loss_1,5.5837082862854
8150,kl_loss_2,4.998580455780029
8150,kl_loss_3,5.1699700355529785
8150,kl_loss_4,8.362448692321777
8150,kl_loss_5,5.1970438957214355
8150,kl_loss_6,7.809916973114014
8150,kl_loss_7,6.367157459259033
8150,kl_loss_8,5.184690952301025
8150,loss,471.95050048828125
8200,recon_loss,681.220458984375
8200,kl_loss,56.64437484741211
8200,kl_loss_0,9.577406883239746
8200,kl_loss_1,5.373023509979248
8200,kl_loss_2,4.948892116546631
8200,kl_loss_3,5.040281772613525
8200,kl_loss_4,8.132464408874512
8200,kl_loss_5,5.049139499664307
8200,kl_loss_6,7.422465801239014
8200,kl_loss_7,6.145806789398193
8200,kl_loss_8,4.954894542694092
8200,loss,737.8648071289062
8250,recon_loss,323.45245361328125
8250,kl_loss,59.603187561035156
8250,kl_loss_0,10.126867294311523
8250,kl_loss_1,5.6124267578125
8250,kl_loss_2,5.164212703704834
8250,kl_loss_3,5.280162334442139
8250,kl_loss_4,8.462182998657227
8250,kl_loss_5,5.2645039558410645
8250,kl_loss_6,7.867708683013916
8250,kl_loss_7,6.556176662445068
8250,kl_loss_8,5.268945217132568
8250,loss,383.0556335449219
8300,recon_loss,326.8929138183594
8300,kl_loss,59.3036994934082
8300,kl_loss_0,10.099191665649414
8300,kl_loss_1,5.600900650024414
8300,kl_loss_2,5.120397567749023
8300,kl_loss_3,5.214900970458984
8300,kl_loss_4,8.45048999786377
8300,kl_loss_5,5.266790866851807
8300,kl_loss_6,7.9038920402526855
8300,kl_loss_7,6.432514667510986
8300,kl_loss_8,5.214617729187012
8300,loss,386.1966247558594
8350,recon_loss,386.6527404785156
8350,kl_loss,59.23048782348633
8350,kl_loss_0,9.99319076538086
8350,kl_loss_1,5.721828460693359
8350,kl_loss_2,5.154038906097412
8350,kl_loss_3,5.222955703735352
8350,kl_loss_4,8.271025657653809
8350,kl_loss_5,5.391396522521973
8350,kl_loss_6,7.825007915496826
8350,kl_loss_7,6.397465229034424
8350,kl_loss_8,5.253579616546631
8350,loss,445.88323974609375
8400,recon_loss,378.68707275390625
8400,kl_loss,58.605648040771484
8400,kl_loss_0,9.939711570739746
8400,kl_loss_1,5.555427074432373
8400,kl_loss_2,5.123543739318848
8400,kl_loss_3,5.185168266296387
8400,kl_loss_4,8.314471244812012
8400,kl_loss_5,5.225640773773193
8400,kl_loss_6,7.740875244140625
8400,kl_loss_7,6.3417463302612305
8400,kl_loss_8,5.17906379699707
8400,loss,437.292724609375
8450,recon_loss,342.1410217285156
8450,kl_loss,57.74563980102539
8450,kl_loss_0,9.738407135009766
8450,kl_loss_1,5.544713973999023
8450,kl_loss_2,4.98684549331665
8450,kl_loss_3,5.125389575958252
8450,kl_loss_4,8.153987884521484
8450,kl_loss_5,5.176621913909912
8450,kl_loss_6,7.623803615570068
8450,kl_loss_7,6.291211128234863
8450,kl_loss_8,5.104661464691162
8450,loss,399.88665771484375
8500,recon_loss,500.2725524902344
8500,kl_loss,58.467384338378906
8500,kl_loss_0,9.887857437133789
8500,kl_loss_1,5.6258039474487305
8500,kl_loss_2,5.026643753051758
8500,kl_loss_3,5.180568695068359
8500,kl_loss_4,8.329373359680176
8500,kl_loss_5,5.214926719665527
8500,kl_loss_6,7.681523323059082
8500,kl_loss_7,6.317378997802734
8500,kl_loss_8,5.203305721282959
8500,loss,558.7399291992188
8550,recon_loss,321.6484375
8550,kl_loss,58.54885482788086
8550,kl_loss_0,9.768950462341309
8550,kl_loss_1,5.6482625007629395
8550,kl_loss_2,5.134369373321533
8550,kl_loss_3,5.247553825378418
8550,kl_loss_4,8.225513458251953
8550,kl_loss_5,5.170669078826904
8550,kl_loss_6,7.714573860168457
8550,kl_loss_7,6.3600544929504395
8550,kl_loss_8,5.278908729553223
8550,loss,380.1972961425781
8600,recon_loss,391.9277038574219
8600,kl_loss,58.343849182128906
8600,kl_loss_0,9.846393585205078
8600,kl_loss_1,5.561638832092285
8600,kl_loss_2,5.04338264465332
8600,kl_loss_3,5.192608833312988
8600,kl_loss_4,8.222394943237305
8600,kl_loss_5,5.235754013061523
8600,kl_loss_6,7.671400547027588
8600,kl_loss_7,6.402984619140625
8600,kl_loss_8,5.167288303375244
8600,loss,450.27154541015625
8650,recon_loss,1280.44384765625
8650,kl_loss,55.46971893310547
8650,kl_loss_0,9.173554420471191
8650,kl_loss_1,5.344052791595459
8650,kl_loss_2,4.917624473571777
8650,kl_loss_3,4.9896559715271
8650,kl_loss_4,7.788853168487549
8650,kl_loss_5,4.974040508270264
8650,kl_loss_6,7.250367641448975
8650,kl_loss_7,6.01463508605957
8650,kl_loss_8,5.016937255859375
8650,loss,1335.91357421875
8700,recon_loss,314.7357177734375
8700,kl_loss,58.152347564697266
8700,kl_loss_0,9.691143989562988
8700,kl_loss_1,5.618840217590332
8700,kl_loss_2,5.122281551361084
8700,kl_loss_3,5.150421619415283
8700,kl_loss_4,8.204684257507324
8700,kl_loss_5,5.279381275177002
8700,kl_loss_6,7.59783935546875
8700,kl_loss_7,6.351078033447266
8700,kl_loss_8,5.136677265167236
8700,loss,372.8880615234375
8750,recon_loss,394.7387390136719
8750,kl_loss,57.362701416015625
8750,kl_loss_0,9.561432838439941
8750,kl_loss_1,5.510623931884766
8750,kl_loss_2,5.013103485107422
8750,kl_loss_3,5.083012104034424
8750,kl_loss_4,8.008736610412598
8750,kl_loss_5,5.229246139526367
8750,kl_loss_6,7.602783203125
8750,kl_loss_7,6.261497974395752
8750,kl_loss_8,5.092266082763672
8750,loss,452.1014404296875
8800,recon_loss,376.9454345703125
8800,kl_loss,57.48845672607422
8800,kl_loss_0,9.5095853805542
8800,kl_loss_1,5.5006103515625
8800,kl_loss_2,5.161404609680176
8800,kl_loss_3,5.102842330932617
8800,kl_loss_4,8.002823829650879
8800,kl_loss_5,5.30677604675293
8800,kl_loss_6,7.539664268493652
8800,kl_loss_7,6.241483688354492
8800,kl_loss_8,5.123263359069824
8800,loss,434.43389892578125
8850,recon_loss,704.4779052734375
8850,kl_loss,57.537017822265625
8850,kl_loss_0,9.59708023071289
8850,kl_loss_1,5.529496669769287
8850,kl_loss_2,5.021783828735352
8850,kl_loss_3,5.120549201965332
8850,kl_loss_4,8.077800750732422
8850,kl_loss_5,5.1682233810424805
8850,kl_loss_6,7.595357894897461
8850,kl_loss_7,6.251749038696289
8850,kl_loss_8,5.174976348876953
8850,loss,762.014892578125
8900,recon_loss,310.2661437988281
8900,kl_loss,58.02994155883789
8900,kl_loss_0,9.568534851074219
8900,kl_loss_1,5.569035530090332
8900,kl_loss_2,5.201435565948486
8900,kl_loss_3,5.230097770690918
8900,kl_loss_4,8.031764030456543
8900,kl_loss_5,5.307552337646484
8900,kl_loss_6,7.590290069580078
8900,kl_loss_7,6.307737827301025
8900,kl_loss_8,5.223489761352539
8900,loss,368.29608154296875
8950,recon_loss,315.63812255859375
8950,kl_loss,57.343509674072266
8950,kl_loss_0,9.528448104858398
8950,kl_loss_1,5.5144524574279785
8950,kl_loss_2,5.011634349822998
8950,kl_loss_3,5.159565448760986
8950,kl_loss_4,8.046299934387207
8950,kl_loss_5,5.146262168884277
8950,kl_loss_6,7.492782115936279
8950,kl_loss_7,6.2865190505981445
8950,kl_loss_8,5.157546520233154
8950,loss,372.98162841796875
9000,recon_loss,292.9836730957031
9000,kl_loss,57.522823333740234
9000,kl_loss_0,9.480000495910645
9000,kl_loss_1,5.561974048614502
9000,kl_loss_2,5.032129287719727
9000,kl_loss_3,5.1623005867004395
9000,kl_loss_4,8.048596382141113
9000,kl_loss_5,5.206543445587158
9000,kl_loss_6,7.515563488006592
9000,kl_loss_7,6.320913791656494
9000,kl_loss_8,5.194799423217773
9000,loss,350.5065002441406
9050,recon_loss,360.02581787109375
9050,kl_loss,57.659427642822266
9050,kl_loss_0,9.492541313171387
9050,kl_loss_1,5.526157379150391
9050,kl_loss_2,5.116974353790283
9050,kl_loss_3,5.216494083404541
9050,kl_loss_4,8.069269180297852
9050,kl_loss_5,5.325003623962402
9050,kl_loss_6,7.522058010101318
9050,kl_loss_7,6.224484920501709
9050,kl_loss_8,5.166450023651123
9050,loss,417.68524169921875
9100,recon_loss,402.4022521972656
9100,kl_loss,56.63421630859375
9100,kl_loss_0,9.35371208190918
9100,kl_loss_1,5.436413764953613
9100,kl_loss_2,5.043420314788818
9100,kl_loss_3,5.106667518615723
9100,kl_loss_4,7.8700785636901855
9100,kl_loss_5,5.198209762573242
9100,kl_loss_6,7.384076118469238
9100,kl_loss_7,6.122049331665039
9100,kl_loss_8,5.119585037231445
9100,loss,459.0364685058594
9150,recon_loss,381.80157470703125
9150,kl_loss,56.7557373046875
9150,kl_loss_0,9.343913078308105
9150,kl_loss_1,5.397060394287109
9150,kl_loss_2,5.022210121154785
9150,kl_loss_3,5.1413893699646
9150,kl_loss_4,7.902827262878418
9150,kl_loss_5,5.163000583648682
9150,kl_loss_6,7.399633884429932
9150,kl_loss_7,6.205743312835693
9150,kl_loss_8,5.179958343505859
9150,loss,438.55731201171875
9200,recon_loss,376.74725341796875
9200,kl_loss,56.93891143798828
9200,kl_loss_0,9.327192306518555
9200,kl_loss_1,5.4982380867004395
9200,kl_loss_2,5.15059757232666
9200,kl_loss_3,5.137164115905762
9200,kl_loss_4,7.876554012298584
9200,kl_loss_5,5.181319713592529
9200,kl_loss_6,7.3732404708862305
9200,kl_loss_7,6.240129470825195
9200,kl_loss_8,5.154477596282959
9200,loss,433.6861572265625
9250,recon_loss,464.1231994628906
9250,kl_loss,56.30780792236328
9250,kl_loss_0,9.212621688842773
9250,kl_loss_1,5.346470355987549
9250,kl_loss_2,5.079159259796143
9250,kl_loss_3,5.112236499786377
9250,kl_loss_4,7.874804496765137
9250,kl_loss_5,5.10854959487915
9250,kl_loss_6,7.332240581512451
9250,kl_loss_7,6.108572483062744
9250,kl_loss_8,5.133150577545166
9250,loss,520.4310302734375
9300,recon_loss,304.15521240234375
9300,kl_loss,57.111167907714844
9300,kl_loss_0,9.363078117370605
9300,kl_loss_1,5.511120796203613
9300,kl_loss_2,5.090607643127441
9300,kl_loss_3,5.192626476287842
9300,kl_loss_4,7.918210029602051
9300,kl_loss_5,5.235723972320557
9300,kl_loss_6,7.394624710083008
9300,kl_loss_7,6.223846435546875
9300,kl_loss_8,5.181331157684326
9300,loss,361.2663879394531
9350,recon_loss,720.2427978515625
9350,kl_loss,55.32344436645508
9350,kl_loss_0,8.971344947814941
9350,kl_loss_1,5.361385345458984
9350,kl_loss_2,4.992329120635986
9350,kl_loss_3,5.049846172332764
9350,kl_loss_4,7.601640701293945
9350,kl_loss_5,5.122878551483154
9350,kl_loss_6,7.196099758148193
9350,kl_loss_7,5.989199161529541
9350,kl_loss_8,5.038717269897461
9350,loss,775.5662231445312
9400,recon_loss,310.6518859863281
9400,kl_loss,56.54879379272461
9400,kl_loss_0,9.190942764282227
9400,kl_loss_1,5.4345808029174805
9400,kl_loss_2,5.058473110198975
9400,kl_loss_3,5.183383941650391
9400,kl_loss_4,7.820916652679443
9400,kl_loss_5,5.194305419921875
9400,kl_loss_6,7.348101615905762
9400,kl_loss_7,6.175708770751953
9400,kl_loss_8,5.142379283905029
9400,loss,367.20068359375
9450,recon_loss,284.59228515625
9450,kl_loss,56.491188049316406
9450,kl_loss_0,9.202696800231934
9450,kl_loss_1,5.465389251708984
9450,kl_loss_2,5.04176139831543
9450,kl_loss_3,5.107043266296387
9450,kl_loss_4,7.83743953704834
9450,kl_loss_5,5.1902289390563965
9450,kl_loss_6,7.329014301300049
9450,kl_loss_7,6.21783447265625
9450,kl_loss_8,5.099781036376953
9450,loss,341.0834655761719
9500,recon_loss,284.50091552734375
9500,kl_loss,56.544677734375
9500,kl_loss_0,9.201604843139648
9500,kl_loss_1,5.477850437164307
9500,kl_loss_2,5.064272880554199
9500,kl_loss_3,5.1684136390686035
9500,kl_loss_4,7.758183479309082
9500,kl_loss_5,5.2098307609558105
9500,kl_loss_6,7.336578369140625
9500,kl_loss_7,6.126410007476807
9500,kl_loss_8,5.201529502868652
9500,loss,341.04559326171875
9550,recon_loss,296.8617248535156
9550,kl_loss,56.32941436767578
9550,kl_loss_0,9.089737892150879
9550,kl_loss_1,5.477304458618164
9550,kl_loss_2,5.051254749298096
9550,kl_loss_3,5.139354228973389
9550,kl_loss_4,7.773492813110352
9550,kl_loss_5,5.185605525970459
9550,kl_loss_6,7.3161749839782715
9550,kl_loss_7,6.170571327209473
9550,kl_loss_8,5.125922679901123
9550,loss,353.1911315917969
9600,recon_loss,450.2862243652344
9600,kl_loss,56.58666229248047
9600,kl_loss_0,8.927593231201172
9600,kl_loss_1,5.582211971282959
9600,kl_loss_2,5.186812877655029
9600,kl_loss_3,5.378071308135986
9600,kl_loss_4,7.371939659118652
9600,kl_loss_5,5.302048206329346
9600,kl_loss_6,7.413576126098633
9600,kl_loss_7,6.064924240112305
9600,kl_loss_8,5.3594794273376465
9600,loss,506.8728942871094
9650,recon_loss,272.9913024902344
9650,kl_loss,56.28657531738281
9650,kl_loss_0,9.088482856750488
9650,kl_loss_1,5.459734916687012
9650,kl_loss_2,5.060773849487305
9650,kl_loss_3,5.228962421417236
9650,kl_loss_4,7.676626205444336
9650,kl_loss_5,5.157220840454102
9650,kl_loss_6,7.258806228637695
9650,kl_loss_7,6.162559986114502
9650,kl_loss_8,5.193408012390137
9650,loss,329.27789306640625
9700,recon_loss,315.3390808105469
9700,kl_loss,56.1052131652832
9700,kl_loss_0,9.011310577392578
9700,kl_loss_1,5.464479446411133
9700,kl_loss_2,5.0833210945129395
9700,kl_loss_3,5.167392730712891
9700,kl_loss_4,7.661538600921631
9700,kl_loss_5,5.222354888916016
9700,kl_loss_6,7.2613372802734375
9700,kl_loss_7,6.174302577972412
9700,kl_loss_8,5.059178352355957
9700,loss,371.4443054199219
9750,recon_loss,847.1190795898438
9750,kl_loss,54.33567810058594
9750,kl_loss_0,8.685602188110352
9750,kl_loss_1,5.2862019538879395
9750,kl_loss_2,4.919034481048584
9750,kl_loss_3,5.004868507385254
9750,kl_loss_4,7.390380382537842
9750,kl_loss_5,5.073610782623291
9750,kl_loss_6,7.051224231719971
9750,kl_loss_7,5.9219069480896
9750,kl_loss_8,5.002847671508789
9750,loss,901.4547729492188
9800,recon_loss,273.1377258300781
9800,kl_loss,56.12229537963867
9800,kl_loss_0,8.994795799255371
9800,kl_loss_1,5.511603832244873
9800,kl_loss_2,5.085870265960693
9800,kl_loss_3,5.153851509094238
9800,kl_loss_4,7.639169692993164
9800,kl_loss_5,5.169292449951172
9800,kl_loss_6,7.261132717132568
9800,kl_loss_7,6.139214992523193
9800,kl_loss_8,5.1673665046691895
9800,loss,329.260009765625
9850,recon_loss,279.7413024902344
9850,kl_loss,55.7711067199707
9850,kl_loss_0,8.848072052001953
9850,kl_loss_1,5.500279426574707
9850,kl_loss_2,5.133008003234863
9850,kl_loss_3,5.149514198303223
9850,kl_loss_4,7.611231803894043
9850,kl_loss_5,5.179917812347412
9850,kl_loss_6,7.143653392791748
9850,kl_loss_7,6.070055961608887
9850,kl_loss_8,5.1353759765625
9850,loss,335.5124206542969
9900,recon_loss,617.178955078125
9900,kl_loss,54.74198532104492
9900,kl_loss_0,8.689168930053711
9900,kl_loss_1,5.398248195648193
9900,kl_loss_2,4.895585536956787
9900,kl_loss_3,5.011763095855713
9900,kl_loss_4,7.396279335021973
9900,kl_loss_5,5.150270938873291
9900,kl_loss_6,7.012979507446289
9900,kl_loss_7,6.108319282531738
9900,kl_loss_8,5.0793681144714355
9900,loss,671.9209594726562
9950,recon_loss,259.9195251464844
9950,kl_loss,55.75767135620117
9950,kl_loss_0,8.924707412719727
9950,kl_loss_1,5.413840293884277
9950,kl_loss_2,5.06209659576416
9950,kl_loss_3,5.16012716293335
9950,kl_loss_4,7.580320835113525
9950,kl_loss_5,5.162174701690674
9950,kl_loss_6,7.141630172729492
9950,kl_loss_7,6.133357048034668
9950,kl_loss_8,5.179417133331299
9950,loss,315.67718505859375
