Epoch,Loss,Value
0,recon_loss,533603.375
0,kl_loss,1.7745859622955322
0,kl_loss_0,0.0320667065680027
0,kl_loss_1,0.6167634725570679
0,kl_loss_2,0.6676396727561951
0,kl_loss_3,0.08905971795320511
0,kl_loss_4,0.029811354354023933
0,kl_loss_5,0.030139951035380363
0,kl_loss_6,0.02442309446632862
0,kl_loss_7,0.0866890698671341
0,kl_loss_8,0.19799278676509857
0,loss,1248877.5
50,recon_loss,200156.234375
50,kl_loss,70.47059631347656
50,kl_loss_0,3.244736909866333
50,kl_loss_1,29.065322875976562
50,kl_loss_2,3.9761617183685303
50,kl_loss_3,2.93888783454895
50,kl_loss_4,3.4038925170898438
50,kl_loss_5,6.157952785491943
50,kl_loss_6,1.903530240058899
50,kl_loss_7,15.675495147705078
50,kl_loss_8,4.104613304138184
50,loss,200803.46875
100,recon_loss,101177.8125
100,kl_loss,86.49998474121094
100,kl_loss_0,3.9243743419647217
100,kl_loss_1,35.760520935058594
100,kl_loss_2,4.617817401885986
100,kl_loss_3,3.800471544265747
100,kl_loss_4,3.7504079341888428
100,kl_loss_5,7.593925952911377
100,kl_loss_6,2.7243378162384033
100,kl_loss_7,19.6376953125
100,kl_loss_8,4.690435886383057
100,loss,101629.296875
150,recon_loss,87815.6171875
150,kl_loss,96.92137145996094
150,kl_loss_0,4.352820873260498
150,kl_loss_1,39.857215881347656
150,kl_loss_2,5.04741907119751
150,kl_loss_3,4.330247402191162
150,kl_loss_4,4.019032001495361
150,kl_loss_5,8.41342544555664
150,kl_loss_6,3.1999073028564453
150,kl_loss_7,22.503934860229492
150,kl_loss_8,5.197373867034912
150,loss,88060.7890625
200,recon_loss,83747.09375
200,kl_loss,104.19412231445312
200,kl_loss_0,4.650900363922119
200,kl_loss_1,42.90522003173828
200,kl_loss_2,5.412658214569092
200,kl_loss_3,4.702270030975342
200,kl_loss_4,4.174402236938477
200,kl_loss_5,8.984601020812988
200,kl_loss_6,3.471475601196289
200,kl_loss_7,24.373525619506836
200,kl_loss_8,5.519068717956543
200,loss,83947.8671875
250,recon_loss,81750.7734375
250,kl_loss,103.82295989990234
250,kl_loss_0,4.612582206726074
250,kl_loss_1,42.7149772644043
250,kl_loss_2,5.473278045654297
250,kl_loss_3,4.805998802185059
250,kl_loss_4,4.155886173248291
250,kl_loss_5,8.758428573608398
250,kl_loss_6,3.446983575820923
250,kl_loss_7,24.27764892578125
250,kl_loss_8,5.577175140380859
250,loss,81967.765625
300,recon_loss,80602.2265625
300,kl_loss,102.08708190917969
300,kl_loss_0,4.486027240753174
300,kl_loss_1,41.988067626953125
300,kl_loss_2,5.480414390563965
300,kl_loss_3,4.764889240264893
300,kl_loss_4,4.126992702484131
300,kl_loss_5,8.27946662902832
300,kl_loss_6,3.377986192703247
300,kl_loss_7,23.9892520904541
300,kl_loss_8,5.593988418579102
300,loss,80760.4375
350,recon_loss,79811.265625
350,kl_loss,97.76689147949219
350,kl_loss_0,4.189218997955322
350,kl_loss_1,39.94062805175781
350,kl_loss_2,5.397923469543457
350,kl_loss_3,4.732399940490723
350,kl_loss_4,4.0490803718566895
350,kl_loss_5,7.715037822723389
350,kl_loss_6,3.1887526512145996
350,kl_loss_7,23.08716583251953
350,kl_loss_8,5.466687202453613
350,loss,79949.453125
400,recon_loss,78943.125
400,kl_loss,98.69612121582031
400,kl_loss_0,3.8535003662109375
400,kl_loss_1,39.63089370727539
400,kl_loss_2,5.508483409881592
400,kl_loss_3,5.087301731109619
400,kl_loss_4,4.136716842651367
400,kl_loss_5,8.166576385498047
400,kl_loss_6,3.345792531967163
400,kl_loss_7,23.423595428466797
400,kl_loss_8,5.543245792388916
400,loss,79416.6796875
450,recon_loss,77064.9765625
450,kl_loss,98.84254455566406
450,kl_loss_0,3.750955820083618
450,kl_loss_1,38.38751983642578
450,kl_loss_2,5.692808628082275
450,kl_loss_3,5.286862373352051
450,kl_loss_4,4.209432601928711
450,kl_loss_5,8.69131851196289
450,kl_loss_6,3.6931185722351074
450,kl_loss_7,23.657821655273438
450,kl_loss_8,5.472704887390137
450,loss,77429.1875
500,recon_loss,71326.015625
500,kl_loss,105.2295150756836
500,kl_loss_0,3.8837618827819824
500,kl_loss_1,40.815216064453125
500,kl_loss_2,6.02883243560791
500,kl_loss_3,5.551054000854492
500,kl_loss_4,4.34058952331543
500,kl_loss_5,9.72077465057373
500,kl_loss_6,4.739590644836426
500,kl_loss_7,24.394834518432617
500,kl_loss_8,5.754856586456299
500,loss,72630.4453125
550,recon_loss,48648.484375
550,kl_loss,92.33016204833984
550,kl_loss_0,3.5801796913146973
550,kl_loss_1,35.86859130859375
550,kl_loss_2,5.162652015686035
550,kl_loss_3,4.667201519012451
550,kl_loss_4,3.984241008758545
550,kl_loss_5,8.615294456481934
550,kl_loss_6,4.605224132537842
550,kl_loss_7,21.263288497924805
550,kl_loss_8,4.583485126495361
550,loss,49303.109375
600,recon_loss,36260.32421875
600,kl_loss,112.50010681152344
600,kl_loss_0,4.355237007141113
600,kl_loss_1,45.1217155456543
600,kl_loss_2,6.05202579498291
600,kl_loss_3,5.203550815582275
600,kl_loss_4,4.608884811401367
600,kl_loss_5,11.05573844909668
600,kl_loss_6,5.441510200500488
600,kl_loss_7,25.53687286376953
600,kl_loss_8,5.124566078186035
600,loss,36793.640625
650,recon_loss,22571.94921875
650,kl_loss,125.8018798828125
650,kl_loss_0,5.197189807891846
650,kl_loss_1,51.322898864746094
650,kl_loss_2,6.798463344573975
650,kl_loss_3,5.6328959465026855
650,kl_loss_4,4.888898849487305
650,kl_loss_5,12.650407791137695
650,kl_loss_6,5.824151992797852
650,kl_loss_7,28.28583335876465
650,kl_loss_8,5.201141357421875
650,loss,23016.537109375
700,recon_loss,18030.583984375
700,kl_loss,124.72261047363281
700,kl_loss_0,5.257146835327148
700,kl_loss_1,50.533485412597656
700,kl_loss_2,6.646854877471924
700,kl_loss_3,5.580226898193359
700,kl_loss_4,4.998746395111084
700,kl_loss_5,12.409778594970703
700,kl_loss_6,5.944155693054199
700,kl_loss_7,28.33981704711914
700,kl_loss_8,5.012401580810547
700,loss,18362.451171875
750,recon_loss,15644.8701171875
750,kl_loss,126.54463958740234
750,kl_loss_0,5.502765655517578
750,kl_loss_1,50.966129302978516
750,kl_loss_2,6.79132080078125
750,kl_loss_3,5.811804294586182
750,kl_loss_4,5.111247539520264
750,kl_loss_5,12.6011962890625
750,kl_loss_6,6.021007061004639
750,kl_loss_7,28.642972946166992
750,kl_loss_8,5.096200466156006
750,loss,15998.7783203125
800,recon_loss,13784.4033203125
800,kl_loss,129.08921813964844
800,kl_loss_0,5.761562347412109
800,kl_loss_1,51.604759216308594
800,kl_loss_2,6.830474853515625
800,kl_loss_3,6.067493915557861
800,kl_loss_4,5.254658222198486
800,kl_loss_5,12.888768196105957
800,kl_loss_6,6.287017822265625
800,kl_loss_7,29.19115447998047
800,kl_loss_8,5.203315258026123
800,loss,14127.880859375
850,recon_loss,12471.880859375
850,kl_loss,127.77205657958984
850,kl_loss_0,5.832159519195557
850,kl_loss_1,50.492061614990234
850,kl_loss_2,6.7696452140808105
850,kl_loss_3,6.088078498840332
850,kl_loss_4,5.26246452331543
850,kl_loss_5,12.637526512145996
850,kl_loss_6,6.3618669509887695
850,kl_loss_7,29.142250061035156
850,kl_loss_8,5.185995101928711
850,loss,12678.7060546875
900,recon_loss,11451.9404296875
900,kl_loss,130.10269165039062
900,kl_loss_0,5.962519645690918
900,kl_loss_1,51.58210372924805
900,kl_loss_2,6.864300727844238
900,kl_loss_3,6.179663181304932
900,kl_loss_4,5.465603828430176
900,kl_loss_5,12.926570892333984
900,kl_loss_6,6.490380764007568
900,kl_loss_7,29.349889755249023
900,kl_loss_8,5.281660079956055
900,loss,11929.998046875
950,recon_loss,10041.1171875
950,kl_loss,129.9876708984375
950,kl_loss_0,5.904115200042725
950,kl_loss_1,51.032440185546875
950,kl_loss_2,7.014824390411377
950,kl_loss_3,6.204574108123779
950,kl_loss_4,5.523226737976074
950,kl_loss_5,13.014122009277344
950,kl_loss_6,6.508658409118652
950,kl_loss_7,29.51407241821289
950,kl_loss_8,5.271631240844727
950,loss,10271.8291015625
Epoch,Loss,Value
0,recon_loss,561597.625
0,kl_loss,1.1088835000991821
0,kl_loss_0,0.1584058701992035
0,kl_loss_1,0.17000359296798706
0,kl_loss_2,0.32476872205734253
0,kl_loss_3,0.046560171991586685
0,kl_loss_4,0.07762499898672104
0,kl_loss_5,0.015069945715367794
0,kl_loss_6,0.18992896378040314
0,kl_loss_7,0.12339496612548828
0,kl_loss_8,0.0031262850388884544
0,loss,1930216.0
50,recon_loss,249919.484375
50,kl_loss,60.820770263671875
50,kl_loss_0,3.4893109798431396
50,kl_loss_1,19.254627227783203
50,kl_loss_2,3.015388250350952
50,kl_loss_3,2.369664430618286
50,kl_loss_4,4.994795322418213
50,kl_loss_5,3.4434502124786377
50,kl_loss_6,5.4509663581848145
50,kl_loss_7,16.02713966369629
50,kl_loss_8,2.7754297256469727
50,loss,250483.078125
100,recon_loss,76270.7734375
100,kl_loss,81.66461181640625
100,kl_loss_0,4.593510627746582
100,kl_loss_1,24.874860763549805
100,kl_loss_2,3.942521333694458
100,kl_loss_3,3.5058376789093018
100,kl_loss_4,6.647916316986084
100,kl_loss_5,4.3929548263549805
100,kl_loss_6,6.966372489929199
100,kl_loss_7,23.074573516845703
100,kl_loss_8,3.666066884994507
100,loss,76523.6875
150,recon_loss,58779.640625
150,kl_loss,86.94361114501953
150,kl_loss_0,4.8262529373168945
150,kl_loss_1,25.849807739257812
150,kl_loss_2,4.1280198097229
150,kl_loss_3,3.7863659858703613
150,kl_loss_4,7.337310791015625
150,kl_loss_5,4.820988178253174
150,kl_loss_6,7.324942588806152
150,kl_loss_7,24.929872512817383
150,kl_loss_8,3.9400501251220703
150,loss,59122.4609375
200,recon_loss,53599.63671875
200,kl_loss,89.59434509277344
200,kl_loss_0,4.920820236206055
200,kl_loss_1,26.520553588867188
200,kl_loss_2,4.143691539764404
200,kl_loss_3,4.108224391937256
200,kl_loss_4,7.55276346206665
200,kl_loss_5,4.898773193359375
200,kl_loss_6,7.505377769470215
200,kl_loss_7,25.849660873413086
200,kl_loss_8,4.0944743156433105
200,loss,53799.42578125
250,recon_loss,51019.64453125
250,kl_loss,90.08784484863281
250,kl_loss_0,4.944167613983154
250,kl_loss_1,26.43225860595703
250,kl_loss_2,4.200232982635498
250,kl_loss_3,4.191521644592285
250,kl_loss_4,7.3636956214904785
250,kl_loss_5,4.882866859436035
250,kl_loss_6,7.426286697387695
250,kl_loss_7,26.420574188232422
250,kl_loss_8,4.226235866546631
250,loss,51162.375
300,recon_loss,49396.78515625
300,kl_loss,90.41112518310547
300,kl_loss_0,4.976690292358398
300,kl_loss_1,26.1854248046875
300,kl_loss_2,4.190868854522705
300,kl_loss_3,4.201091289520264
300,kl_loss_4,7.458967685699463
300,kl_loss_5,4.98655891418457
300,kl_loss_6,7.415565013885498
300,kl_loss_7,26.701169967651367
300,kl_loss_8,4.2947845458984375
300,loss,49577.0
350,recon_loss,48518.875
350,kl_loss,89.76429748535156
350,kl_loss_0,4.982573986053467
350,kl_loss_1,26.0467529296875
350,kl_loss_2,4.030231952667236
350,kl_loss_3,4.183714389801025
350,kl_loss_4,7.587726593017578
350,kl_loss_5,4.9914937019348145
350,kl_loss_6,7.43931770324707
350,kl_loss_7,26.195507049560547
350,kl_loss_8,4.306982040405273
350,loss,48721.4921875
400,recon_loss,47960.41015625
400,kl_loss,87.4445571899414
400,kl_loss_0,4.8614654541015625
400,kl_loss_1,24.826553344726562
400,kl_loss_2,3.9372358322143555
400,kl_loss_3,4.200888156890869
400,kl_loss_4,7.213367462158203
400,kl_loss_5,4.966728210449219
400,kl_loss_6,7.090371608734131
400,kl_loss_7,26.080141067504883
400,kl_loss_8,4.267805099487305
400,loss,48295.609375
450,recon_loss,47506.57421875
450,kl_loss,85.44517517089844
450,kl_loss_0,4.896045684814453
450,kl_loss_1,24.202306747436523
450,kl_loss_2,3.8297812938690186
450,kl_loss_3,4.1639604568481445
450,kl_loss_4,7.039496898651123
450,kl_loss_5,4.9544758796691895
450,kl_loss_6,6.851417064666748
450,kl_loss_7,25.229820251464844
450,kl_loss_8,4.277865886688232
450,loss,47639.21484375
500,recon_loss,47163.546875
500,kl_loss,83.4498062133789
500,kl_loss_0,4.834742546081543
500,kl_loss_1,23.87790298461914
500,kl_loss_2,3.624871253967285
500,kl_loss_3,4.1948466300964355
500,kl_loss_4,7.0470781326293945
500,kl_loss_5,4.971704483032227
500,kl_loss_6,6.765247821807861
500,kl_loss_7,23.917810440063477
500,kl_loss_8,4.215604782104492
500,loss,47316.7421875
550,recon_loss,46931.11328125
550,kl_loss,80.39122009277344
550,kl_loss_0,4.991054058074951
550,kl_loss_1,22.523597717285156
550,kl_loss_2,3.5336127281188965
550,kl_loss_3,4.026376247406006
550,kl_loss_4,6.725792407989502
550,kl_loss_5,4.951268196105957
550,kl_loss_6,6.448758602142334
550,kl_loss_7,23.045557022094727
550,kl_loss_8,4.145206928253174
550,loss,47127.8125
600,recon_loss,46641.4453125
600,kl_loss,78.75607299804688
600,kl_loss_0,4.933302402496338
600,kl_loss_1,21.838857650756836
600,kl_loss_2,3.4911727905273438
600,kl_loss_3,4.065539360046387
600,kl_loss_4,6.527887344360352
600,kl_loss_5,4.912569999694824
600,kl_loss_6,6.264181613922119
600,kl_loss_7,22.543869018554688
600,kl_loss_8,4.178684711456299
600,loss,46739.0078125
650,recon_loss,46407.375
650,kl_loss,77.10690307617188
650,kl_loss_0,5.028746128082275
650,kl_loss_1,20.985761642456055
650,kl_loss_2,3.643437385559082
650,kl_loss_3,4.1566267013549805
650,kl_loss_4,6.477475643157959
650,kl_loss_5,4.880887985229492
650,kl_loss_6,5.923501491546631
650,kl_loss_7,21.760761260986328
650,kl_loss_8,4.249704837799072
650,loss,46566.50390625
700,recon_loss,46067.875
700,kl_loss,74.73306274414062
700,kl_loss_0,5.3416337966918945
700,kl_loss_1,20.227998733520508
700,kl_loss_2,3.6840407848358154
700,kl_loss_3,4.200167655944824
700,kl_loss_4,6.409722805023193
700,kl_loss_5,4.843590259552002
700,kl_loss_6,5.553069591522217
700,kl_loss_7,20.17513656616211
700,kl_loss_8,4.297703266143799
700,loss,46183.140625
750,recon_loss,45642.96875
750,kl_loss,75.65001678466797
750,kl_loss_0,5.716607570648193
750,kl_loss_1,20.379871368408203
750,kl_loss_2,3.834573268890381
750,kl_loss_3,4.34060525894165
750,kl_loss_4,6.734902381896973
750,kl_loss_5,4.9918975830078125
750,kl_loss_6,5.557043552398682
750,kl_loss_7,19.56680679321289
750,kl_loss_8,4.527709484100342
750,loss,45732.54296875
800,recon_loss,45134.8515625
800,kl_loss,75.74447631835938
800,kl_loss_0,5.886529922485352
800,kl_loss_1,20.159610748291016
800,kl_loss_2,3.9970486164093018
800,kl_loss_3,4.447318077087402
800,kl_loss_4,6.885912895202637
800,kl_loss_5,5.0305023193359375
800,kl_loss_6,5.493043899536133
800,kl_loss_7,19.20467758178711
800,kl_loss_8,4.639828681945801
800,loss,45258.125
850,recon_loss,44105.36328125
850,kl_loss,78.04727172851562
850,kl_loss_0,6.172999382019043
850,kl_loss_1,20.990615844726562
850,kl_loss_2,4.358426094055176
850,kl_loss_3,4.6137375831604
850,kl_loss_4,7.226156234741211
850,kl_loss_5,5.206305027008057
850,kl_loss_6,5.395291805267334
850,kl_loss_7,19.177734375
850,kl_loss_8,4.906002044677734
850,loss,44225.45703125
900,recon_loss,42537.1640625
900,kl_loss,73.92467498779297
900,kl_loss_0,5.921395301818848
900,kl_loss_1,20.63934326171875
900,kl_loss_2,4.000181674957275
900,kl_loss_3,4.560515880584717
900,kl_loss_4,6.980253219604492
900,kl_loss_5,5.135748863220215
900,kl_loss_6,5.322719097137451
900,kl_loss_7,16.56998634338379
900,kl_loss_8,4.794527053833008
900,loss,42684.10546875
950,recon_loss,38889.96484375
950,kl_loss,80.58641052246094
950,kl_loss_0,6.315835952758789
950,kl_loss_1,22.756336212158203
950,kl_loss_2,5.0210041999816895
950,kl_loss_3,4.669089317321777
950,kl_loss_4,7.835535049438477
950,kl_loss_5,5.204638481140137
950,kl_loss_6,5.447375297546387
950,kl_loss_7,18.168102264404297
950,kl_loss_8,5.168489933013916
950,loss,39028.5390625
Epoch,Loss,Value
0,recon_loss,584609.875
0,kl_loss,13.447031021118164
0,kl_loss_0,5.448430061340332
0,kl_loss_1,0.7326945662498474
0,kl_loss_2,1.797221064567566
0,kl_loss_3,0.20661360025405884
0,kl_loss_4,2.783642292022705
0,kl_loss_5,0.1084655225276947
0,kl_loss_6,0.9324659705162048
0,kl_loss_7,0.8409454822540283
0,kl_loss_8,0.5965532064437866
0,loss,40845556.0
50,recon_loss,250655.59375
50,kl_loss,17.845766067504883
50,kl_loss_0,2.503253698348999
50,kl_loss_1,1.3884894847869873
50,kl_loss_2,0.9273895025253296
50,kl_loss_3,2.319854974746704
50,kl_loss_4,2.065012216567993
50,kl_loss_5,1.1223207712173462
50,kl_loss_6,1.2413041591644287
50,kl_loss_7,3.506301164627075
50,kl_loss_8,2.7718393802642822
50,loss,262037.84375
100,recon_loss,83138.6171875
100,kl_loss,29.049728393554688
100,kl_loss_0,3.1556289196014404
100,kl_loss_1,2.144904136657715
100,kl_loss_2,1.7350093126296997
100,kl_loss_3,3.923832893371582
100,kl_loss_4,3.194171667098999
100,kl_loss_5,1.7334600687026978
100,kl_loss_6,2.17496395111084
100,kl_loss_7,5.940136909484863
100,kl_loss_8,5.047623157501221
100,loss,84807.90625
150,recon_loss,61125.6640625
150,kl_loss,34.68894958496094
150,kl_loss_0,3.8560538291931152
150,kl_loss_1,2.4337170124053955
150,kl_loss_2,2.1014199256896973
150,kl_loss_3,4.665199279785156
150,kl_loss_4,3.7643511295318604
150,kl_loss_5,2.0816550254821777
150,kl_loss_6,2.5671377182006836
150,kl_loss_7,7.097850799560547
150,kl_loss_8,6.121563911437988
150,loss,62013.609375
200,recon_loss,55534.0390625
200,kl_loss,39.46731948852539
200,kl_loss_0,4.277600288391113
200,kl_loss_1,2.67215633392334
200,kl_loss_2,2.344700336456299
200,kl_loss_3,5.348615646362305
200,kl_loss_4,4.317022800445557
200,kl_loss_5,2.4329328536987305
200,kl_loss_6,2.8760476112365723
200,kl_loss_7,8.211152076721191
200,kl_loss_8,6.987091064453125
200,loss,55820.359375
250,recon_loss,53126.4140625
250,kl_loss,43.43423843383789
250,kl_loss_0,4.514313220977783
250,kl_loss_1,2.8846442699432373
250,kl_loss_2,2.519977331161499
250,kl_loss_3,5.9615478515625
250,kl_loss_4,4.7958831787109375
250,kl_loss_5,2.7105963230133057
250,kl_loss_6,3.109951972961426
250,kl_loss_7,9.152339935302734
250,kl_loss_8,7.7849836349487305
250,loss,53352.88671875
300,recon_loss,51660.078125
300,kl_loss,46.78622055053711
300,kl_loss_0,4.794633865356445
300,kl_loss_1,3.075875759124756
300,kl_loss_2,2.686379909515381
300,kl_loss_3,6.572540283203125
300,kl_loss_4,5.198590278625488
300,kl_loss_5,2.9211044311523438
300,kl_loss_6,3.332793951034546
300,kl_loss_7,9.873099327087402
300,kl_loss_8,8.331199645996094
300,loss,51837.28125
350,recon_loss,50792.3984375
350,kl_loss,49.983055114746094
350,kl_loss_0,5.102809429168701
350,kl_loss_1,3.2555341720581055
350,kl_loss_2,2.876713752746582
350,kl_loss_3,7.021458625793457
350,kl_loss_4,5.622715950012207
350,kl_loss_5,3.0987603664398193
350,kl_loss_6,3.509326219558716
350,kl_loss_7,10.583852767944336
350,kl_loss_8,8.911886215209961
350,loss,50927.9296875
400,recon_loss,50204.7109375
400,kl_loss,52.990379333496094
400,kl_loss_0,5.429293155670166
400,kl_loss_1,3.4167187213897705
400,kl_loss_2,3.0160017013549805
400,kl_loss_3,7.469208240509033
400,kl_loss_4,5.9351806640625
400,kl_loss_5,3.3652184009552
400,kl_loss_6,3.681381940841675
400,kl_loss_7,11.224878311157227
400,kl_loss_8,9.452499389648438
400,loss,50330.00390625
450,recon_loss,49676.55859375
450,kl_loss,56.093597412109375
450,kl_loss_0,5.779763698577881
450,kl_loss_1,3.5942161083221436
450,kl_loss_2,3.244199752807617
450,kl_loss_3,7.838596820831299
450,kl_loss_4,6.3608880043029785
450,kl_loss_5,3.5365686416625977
450,kl_loss_6,3.8551745414733887
450,kl_loss_7,11.863102912902832
450,kl_loss_8,10.021090507507324
450,loss,49793.95703125
500,recon_loss,48967.03125
500,kl_loss,59.16875457763672
500,kl_loss_0,6.076590538024902
500,kl_loss_1,3.7886364459991455
500,kl_loss_2,3.4436700344085693
500,kl_loss_3,8.416631698608398
500,kl_loss_4,6.653595447540283
500,kl_loss_5,3.677154541015625
500,kl_loss_6,4.0948004722595215
500,kl_loss_7,12.515735626220703
500,kl_loss_8,10.501940727233887
500,loss,49226.0703125
550,recon_loss,47568.875
550,kl_loss,63.49702835083008
550,kl_loss_0,6.614755630493164
550,kl_loss_1,4.037969589233398
550,kl_loss_2,3.7252912521362305
550,kl_loss_3,8.949483871459961
550,kl_loss_4,6.996598720550537
550,kl_loss_5,3.9170727729797363
550,kl_loss_6,4.33522891998291
550,kl_loss_7,13.624123573303223
550,kl_loss_8,11.296509742736816
550,loss,47693.4140625
600,recon_loss,45052.92578125
600,kl_loss,67.25151824951172
600,kl_loss_0,7.007932662963867
600,kl_loss_1,4.2234673500061035
600,kl_loss_2,3.9863274097442627
600,kl_loss_3,9.525670051574707
600,kl_loss_4,7.44009256362915
600,kl_loss_5,4.111189365386963
600,kl_loss_6,4.559645652770996
600,kl_loss_7,14.485273361206055
600,kl_loss_8,11.911916732788086
600,loss,45175.90234375
650,recon_loss,42056.6640625
650,kl_loss,71.67390441894531
650,kl_loss_0,7.626318454742432
650,kl_loss_1,4.393803596496582
650,kl_loss_2,4.230886459350586
650,kl_loss_3,9.982734680175781
650,kl_loss_4,7.8137335777282715
650,kl_loss_5,4.3978376388549805
650,kl_loss_6,4.8145952224731445
650,kl_loss_7,15.528472900390625
650,kl_loss_8,12.885519981384277
650,loss,42469.72265625
700,recon_loss,36600.62109375
700,kl_loss,76.81880950927734
700,kl_loss_0,8.229364395141602
700,kl_loss_1,4.592078685760498
700,kl_loss_2,4.56812858581543
700,kl_loss_3,10.312509536743164
700,kl_loss_4,8.290955543518066
700,kl_loss_5,4.570137023925781
700,kl_loss_6,5.125926494598389
700,kl_loss_7,16.55126190185547
700,kl_loss_8,14.578447341918945
700,loss,36811.94140625
750,recon_loss,30087.328125
750,kl_loss,82.82427215576172
750,kl_loss_0,9.028664588928223
750,kl_loss_1,4.844768524169922
750,kl_loss_2,4.845547676086426
750,kl_loss_3,11.042533874511719
750,kl_loss_4,9.207941055297852
750,kl_loss_5,5.095593452453613
750,kl_loss_6,5.675124645233154
750,kl_loss_7,17.446683883666992
750,kl_loss_8,15.63741683959961
750,loss,30382.259765625
800,recon_loss,26612.34765625
800,kl_loss,84.12030792236328
800,kl_loss_0,9.009093284606934
800,kl_loss_1,4.896084785461426
800,kl_loss_2,4.9408040046691895
800,kl_loss_3,10.876084327697754
800,kl_loss_4,9.167746543884277
800,kl_loss_5,5.24300479888916
800,kl_loss_6,5.655661582946777
800,kl_loss_7,18.21845817565918
800,kl_loss_8,16.113370895385742
800,loss,26974.734375
850,recon_loss,19345.17578125
850,kl_loss,87.07938385009766
850,kl_loss_0,9.403980255126953
850,kl_loss_1,5.044290542602539
850,kl_loss_2,5.082449436187744
850,kl_loss_3,11.191415786743164
850,kl_loss_4,9.64697551727295
850,kl_loss_5,5.610589504241943
850,kl_loss_6,5.802003860473633
850,kl_loss_7,19.01685333251953
850,kl_loss_8,16.280824661254883
850,loss,19557.31640625
900,recon_loss,16393.83203125
900,kl_loss,89.2961654663086
900,kl_loss_0,9.637655258178711
900,kl_loss_1,5.187111854553223
900,kl_loss_2,5.320601940155029
900,kl_loss_3,11.487504005432129
900,kl_loss_4,9.894206047058105
900,kl_loss_5,5.819392681121826
900,kl_loss_6,5.9244794845581055
900,kl_loss_7,19.42463493347168
900,kl_loss_8,16.60057830810547
900,loss,16588.244140625
950,recon_loss,14861.240234375
950,kl_loss,92.63539123535156
950,kl_loss_0,9.903077125549316
950,kl_loss_1,5.313117504119873
950,kl_loss_2,5.441253662109375
950,kl_loss_3,11.888808250427246
950,kl_loss_4,10.266325950622559
950,kl_loss_5,6.111637115478516
950,kl_loss_6,6.04426383972168
950,kl_loss_7,20.32632827758789
950,kl_loss_8,17.3405704498291
950,loss,15135.35546875
Epoch,Loss,Value
0,recon_loss,563531.8125
0,kl_loss,3.08184552192688
0,kl_loss_0,0.36852455139160156
0,kl_loss_1,0.2952715754508972
0,kl_loss_2,0.18839304149150848
0,kl_loss_3,0.3434199392795563
0,kl_loss_4,0.6172506213188171
0,kl_loss_5,0.35424381494522095
0,kl_loss_6,0.4340742528438568
0,kl_loss_7,0.11311033368110657
0,kl_loss_8,0.3675576448440552
0,loss,3323230.75
50,recon_loss,222387.5625
50,kl_loss,84.06172943115234
50,kl_loss_0,2.003361225128174
50,kl_loss_1,1.758886694908142
50,kl_loss_2,4.027079105377197
50,kl_loss_3,3.3982460498809814
50,kl_loss_4,35.855770111083984
50,kl_loss_5,7.17866325378418
50,kl_loss_6,12.812860488891602
50,kl_loss_7,3.3317041397094727
50,kl_loss_8,13.695159912109375
50,loss,224567.328125
100,recon_loss,97051.7109375
100,kl_loss,93.9603271484375
100,kl_loss_0,2.2517340183258057
100,kl_loss_1,2.0506813526153564
100,kl_loss_2,4.4391069412231445
100,kl_loss_3,3.744570016860962
100,kl_loss_4,39.829593658447266
100,kl_loss_5,8.203473091125488
100,kl_loss_6,14.481276512145996
100,kl_loss_7,3.826150417327881
100,kl_loss_8,15.133735656738281
100,loss,97647.828125
150,recon_loss,81903.1484375
150,kl_loss,100.64093780517578
150,kl_loss_0,2.427849054336548
150,kl_loss_1,2.277056932449341
150,kl_loss_2,4.701646327972412
150,kl_loss_3,3.846104621887207
150,kl_loss_4,43.271358489990234
150,kl_loss_5,8.794239044189453
150,kl_loss_6,15.326517105102539
150,kl_loss_7,4.05088996887207
150,kl_loss_8,15.945282936096191
150,loss,82237.6015625
200,recon_loss,77612.96875
200,kl_loss,105.36112976074219
200,kl_loss_0,2.572270154953003
200,kl_loss_1,2.4657578468322754
200,kl_loss_2,4.911146640777588
200,kl_loss_3,3.951343297958374
200,kl_loss_4,45.562843322753906
200,kl_loss_5,9.174178123474121
200,kl_loss_6,16.049217224121094
200,kl_loss_7,4.161797046661377
200,kl_loss_8,16.512575149536133
200,loss,78126.4453125
250,recon_loss,75692.6171875
250,kl_loss,108.75540161132812
250,kl_loss_0,2.6902594566345215
250,kl_loss_1,2.6187944412231445
250,kl_loss_2,5.13413143157959
250,kl_loss_3,3.998300075531006
250,kl_loss_4,47.10649871826172
250,kl_loss_5,9.446343421936035
250,kl_loss_6,16.650127410888672
250,kl_loss_7,4.235627174377441
250,kl_loss_8,16.875320434570312
250,loss,75936.53125
300,recon_loss,74604.6015625
300,kl_loss,110.65619659423828
300,kl_loss_0,2.713399648666382
300,kl_loss_1,2.735443353652954
300,kl_loss_2,5.245832920074463
300,kl_loss_3,4.052342891693115
300,kl_loss_4,48.14854431152344
300,kl_loss_5,9.673992156982422
300,kl_loss_6,16.7501277923584
300,kl_loss_7,4.258911609649658
300,kl_loss_8,17.07760238647461
300,loss,75560.2578125
350,recon_loss,73826.2265625
350,kl_loss,109.84281921386719
350,kl_loss_0,2.7264742851257324
350,kl_loss_1,2.8153514862060547
350,kl_loss_2,5.308101177215576
350,kl_loss_3,4.0476460456848145
350,kl_loss_4,47.75699234008789
350,kl_loss_5,9.620952606201172
350,kl_loss_6,16.504335403442383
350,kl_loss_7,4.15546989440918
350,kl_loss_8,16.90749740600586
350,loss,74076.90625
400,recon_loss,73178.3828125
400,kl_loss,110.36888122558594
400,kl_loss_0,2.729649543762207
400,kl_loss_1,2.904853582382202
400,kl_loss_2,5.438418388366699
400,kl_loss_3,4.0596604347229
400,kl_loss_4,48.312232971191406
400,kl_loss_5,9.592737197875977
400,kl_loss_6,16.393068313598633
400,kl_loss_7,4.116672992706299
400,kl_loss_8,16.821584701538086
400,loss,73493.5859375
450,recon_loss,72594.8984375
450,kl_loss,100.91317749023438
450,kl_loss_0,2.5417227745056152
450,kl_loss_1,2.8848094940185547
450,kl_loss_2,5.218491077423096
450,kl_loss_3,3.9080004692077637
450,kl_loss_4,43.939456939697266
450,kl_loss_5,8.876852035522461
450,kl_loss_6,14.754034042358398
450,kl_loss_7,3.7105517387390137
450,kl_loss_8,15.079258918762207
450,loss,72816.6015625
500,recon_loss,71417.8984375
500,kl_loss,104.18147277832031
500,kl_loss_0,2.438328504562378
500,kl_loss_1,3.044893741607666
500,kl_loss_2,5.449737548828125
500,kl_loss_3,4.015619277954102
500,kl_loss_4,45.459434509277344
500,kl_loss_5,9.00407600402832
500,kl_loss_6,15.312658309936523
500,kl_loss_7,4.1818528175354
500,kl_loss_8,15.274870872497559
500,loss,72081.9453125
550,recon_loss,67566.8515625
550,kl_loss,105.22265625
550,kl_loss_0,2.425994396209717
550,kl_loss_1,3.154628276824951
550,kl_loss_2,5.833044528961182
550,kl_loss_3,4.10048246383667
550,kl_loss_4,46.023006439208984
550,kl_loss_5,8.837679862976074
550,kl_loss_6,15.046186447143555
550,kl_loss_7,4.447271347045898
550,kl_loss_8,15.354362487792969
550,loss,68304.5625
600,recon_loss,57375.03125
600,kl_loss,103.1009750366211
600,kl_loss_0,2.5111095905303955
600,kl_loss_1,3.2382922172546387
600,kl_loss_2,6.005532264709473
600,kl_loss_3,4.168382167816162
600,kl_loss_4,45.14285659790039
600,kl_loss_5,8.107873916625977
600,kl_loss_6,14.680131912231445
600,kl_loss_7,4.553758144378662
600,kl_loss_8,14.693041801452637
600,loss,58950.76171875
650,recon_loss,49015.57421875
650,kl_loss,106.7589111328125
650,kl_loss_0,2.854144334793091
650,kl_loss_1,3.4394922256469727
650,kl_loss_2,6.4876708984375
650,kl_loss_3,4.455057144165039
650,kl_loss_4,45.81510925292969
650,kl_loss_5,8.706692695617676
650,kl_loss_6,14.776236534118652
650,kl_loss_7,5.030055999755859
650,kl_loss_8,15.194440841674805
650,loss,50316.9140625
700,recon_loss,41204.19140625
700,kl_loss,108.15608215332031
700,kl_loss_0,3.382431745529175
700,kl_loss_1,3.573944091796875
700,kl_loss_2,6.571502208709717
700,kl_loss_3,4.6276116371154785
700,kl_loss_4,45.5869026184082
700,kl_loss_5,8.990920066833496
700,kl_loss_6,15.16686725616455
700,kl_loss_7,4.8669610023498535
700,kl_loss_8,15.388940811157227
700,loss,41976.484375
750,recon_loss,33645.984375
750,kl_loss,109.06322479248047
750,kl_loss_0,4.060127258300781
750,kl_loss_1,3.6685853004455566
750,kl_loss_2,6.596393585205078
750,kl_loss_3,4.804605007171631
750,kl_loss_4,44.419002532958984
750,kl_loss_5,8.798149108886719
750,kl_loss_6,15.545239448547363
750,kl_loss_7,5.024905204772949
750,kl_loss_8,16.146215438842773
750,loss,33895.875
800,recon_loss,26014.392578125
800,kl_loss,107.01775360107422
800,kl_loss_0,4.415712356567383
800,kl_loss_1,3.656050443649292
800,kl_loss_2,6.547432899475098
800,kl_loss_3,5.077851295471191
800,kl_loss_4,41.80400085449219
800,kl_loss_5,8.491252899169922
800,kl_loss_6,15.434218406677246
800,kl_loss_7,5.303595066070557
800,kl_loss_8,16.287639617919922
800,loss,26306.2890625
850,recon_loss,22485.498046875
850,kl_loss,117.61011505126953
850,kl_loss_0,4.802572727203369
850,kl_loss_1,3.8936638832092285
850,kl_loss_2,6.981414318084717
850,kl_loss_3,5.346385955810547
850,kl_loss_4,46.4155387878418
850,kl_loss_5,9.003578186035156
850,kl_loss_6,17.57796859741211
850,kl_loss_7,5.887444972991943
850,kl_loss_8,17.701547622680664
850,loss,22899.732421875
900,recon_loss,17700.783203125
900,kl_loss,115.21019744873047
900,kl_loss_0,4.6816816329956055
900,kl_loss_1,3.8824527263641357
900,kl_loss_2,6.783775806427002
900,kl_loss_3,5.409744739532471
900,kl_loss_4,45.40387725830078
900,kl_loss_5,8.971368789672852
900,kl_loss_6,16.046226501464844
900,kl_loss_7,6.074728012084961
900,kl_loss_8,17.956336975097656
900,loss,17987.658203125
950,recon_loss,16097.1728515625
950,kl_loss,111.29605102539062
950,kl_loss_0,4.616406440734863
950,kl_loss_1,3.8552844524383545
950,kl_loss_2,6.640692234039307
950,kl_loss_3,5.300225734710693
950,kl_loss_4,43.312381744384766
950,kl_loss_5,8.78943157196045
950,kl_loss_6,15.223134994506836
950,kl_loss_7,6.124762058258057
950,kl_loss_8,17.433738708496094
950,loss,16461.345703125
Epoch,Loss,Value
0,recon_loss,568731.6875
0,kl_loss,7.380776405334473
0,kl_loss_0,1.052636742591858
0,kl_loss_1,0.4409641623497009
0,kl_loss_2,0.1956394612789154
0,kl_loss_3,1.3028885126113892
0,kl_loss_4,1.1085745096206665
0,kl_loss_5,0.47718316316604614
0,kl_loss_6,0.19839829206466675
0,kl_loss_7,1.8632327318191528
0,kl_loss_8,0.7412591576576233
0,loss,10562831.0
50,recon_loss,238408.359375
50,kl_loss,105.7033920288086
50,kl_loss_0,12.797074317932129
50,kl_loss_1,11.840428352355957
50,kl_loss_2,8.810259819030762
50,kl_loss_3,18.910642623901367
50,kl_loss_4,11.963444709777832
50,kl_loss_5,11.548641204833984
50,kl_loss_6,9.414277076721191
50,kl_loss_7,16.557090759277344
50,kl_loss_8,3.861523389816284
50,loss,238862.265625
100,recon_loss,86862.796875
100,kl_loss,127.05035400390625
100,kl_loss_0,16.533836364746094
100,kl_loss_1,14.521683692932129
100,kl_loss_2,9.126134872436523
100,kl_loss_3,23.462688446044922
100,kl_loss_4,14.93637466430664
100,kl_loss_5,12.140168190002441
100,kl_loss_6,11.701223373413086
100,kl_loss_7,20.3499698638916
100,kl_loss_8,4.278285026550293
100,loss,87053.4453125
150,recon_loss,71499.328125
150,kl_loss,135.12454223632812
150,kl_loss_0,18.104248046875
150,kl_loss_1,15.514182090759277
150,kl_loss_2,9.594351768493652
150,kl_loss_3,24.68950653076172
150,kl_loss_4,15.480071067810059
150,kl_loss_5,12.676278114318848
150,kl_loss_6,12.493521690368652
150,kl_loss_7,22.18402671813965
150,kl_loss_8,4.388359069824219
150,loss,71689.0546875
200,recon_loss,66965.7890625
200,kl_loss,138.66845703125
200,kl_loss_0,18.578933715820312
200,kl_loss_1,15.870783805847168
200,kl_loss_2,9.688437461853027
200,kl_loss_3,25.5942440032959
200,kl_loss_4,15.823413848876953
200,kl_loss_5,12.95880126953125
200,kl_loss_6,12.861579895019531
200,kl_loss_7,22.80902862548828
200,kl_loss_8,4.483232021331787
200,loss,67140.34375
250,recon_loss,64627.18359375
250,kl_loss,138.10830688476562
250,kl_loss_0,18.939674377441406
250,kl_loss_1,15.538884162902832
250,kl_loss_2,9.450237274169922
250,kl_loss_3,25.98833465576172
250,kl_loss_4,15.732402801513672
250,kl_loss_5,12.796797752380371
250,kl_loss_6,12.631330490112305
250,kl_loss_7,22.551563262939453
250,kl_loss_8,4.479080677032471
250,loss,64786.109375
300,recon_loss,63313.87890625
300,kl_loss,136.31182861328125
300,kl_loss_0,18.733299255371094
300,kl_loss_1,15.057761192321777
300,kl_loss_2,9.424511909484863
300,kl_loss_3,25.35338592529297
300,kl_loss_4,15.281730651855469
300,kl_loss_5,12.910699844360352
300,kl_loss_6,12.601249694824219
300,kl_loss_7,22.388084411621094
300,kl_loss_8,4.561111927032471
300,loss,63488.25
350,recon_loss,62415.5390625
350,kl_loss,136.6466522216797
350,kl_loss_0,18.477022171020508
350,kl_loss_1,15.289633750915527
350,kl_loss_2,9.705084800720215
350,kl_loss_3,25.56438636779785
350,kl_loss_4,15.291991233825684
350,kl_loss_5,13.202580451965332
350,kl_loss_6,12.398368835449219
350,kl_loss_7,22.098867416381836
350,kl_loss_8,4.61871337890625
350,loss,62624.24609375
400,recon_loss,61513.046875
400,kl_loss,138.85023498535156
400,kl_loss_0,19.32587242126465
400,kl_loss_1,15.216387748718262
400,kl_loss_2,9.942919731140137
400,kl_loss_3,25.2596378326416
400,kl_loss_4,15.174585342407227
400,kl_loss_5,13.847695350646973
400,kl_loss_6,12.796730995178223
400,kl_loss_7,22.61358070373535
400,kl_loss_8,4.672820568084717
400,loss,61764.16796875
450,recon_loss,65299.046875
450,kl_loss,75.22908782958984
450,kl_loss_0,16.16000747680664
450,kl_loss_1,5.713935375213623
450,kl_loss_2,4.731296539306641
450,kl_loss_3,9.585687637329102
450,kl_loss_4,14.697962760925293
450,kl_loss_5,3.050823926925659
450,kl_loss_6,15.33797836303711
450,kl_loss_7,3.6965548992156982
450,kl_loss_8,2.25484037399292
450,loss,642279.0
500,recon_loss,62209.28515625
500,kl_loss,85.94188690185547
500,kl_loss_0,6.089272499084473
500,kl_loss_1,3.4538304805755615
500,kl_loss_2,5.729974746704102
500,kl_loss_3,2.6327221393585205
500,kl_loss_4,12.596257209777832
500,kl_loss_5,11.58957290649414
500,kl_loss_6,10.840219497680664
500,kl_loss_7,30.708559036254883
500,kl_loss_8,2.301478385925293
500,loss,62444.046875
550,recon_loss,61414.84375
550,kl_loss,94.7755126953125
550,kl_loss_0,6.79810905456543
550,kl_loss_1,3.6389849185943604
550,kl_loss_2,6.147305488586426
550,kl_loss_3,2.8745696544647217
550,kl_loss_4,13.855010986328125
550,kl_loss_5,13.26388931274414
550,kl_loss_6,12.053818702697754
550,kl_loss_7,33.665645599365234
550,kl_loss_8,2.478184223175049
550,loss,61592.234375
600,recon_loss,60529.4765625
600,kl_loss,98.021240234375
600,kl_loss_0,6.811448574066162
600,kl_loss_1,3.6262357234954834
600,kl_loss_2,6.466214179992676
600,kl_loss_3,3.012481689453125
600,kl_loss_4,14.457775115966797
600,kl_loss_5,14.315113067626953
600,kl_loss_6,11.849628448486328
600,kl_loss_7,34.94756317138672
600,kl_loss_8,2.534783124923706
600,loss,60653.203125
650,recon_loss,58921.5859375
650,kl_loss,98.67747497558594
650,kl_loss_0,6.720705032348633
650,kl_loss_1,3.862300395965576
650,kl_loss_2,6.555258750915527
650,kl_loss_3,3.072100877761841
650,kl_loss_4,15.460925102233887
650,kl_loss_5,14.551584243774414
650,kl_loss_6,11.762752532958984
650,kl_loss_7,34.11856460571289
650,kl_loss_8,2.5732781887054443
650,loss,59044.19921875
700,recon_loss,56854.2109375
700,kl_loss,97.79042053222656
700,kl_loss_0,6.785335540771484
700,kl_loss_1,3.971872568130493
700,kl_loss_2,6.428083419799805
700,kl_loss_3,3.1644322872161865
700,kl_loss_4,15.882094383239746
700,kl_loss_5,14.166954040527344
700,kl_loss_6,12.007253646850586
700,kl_loss_7,32.780757904052734
700,kl_loss_8,2.6036365032196045
700,loss,57004.734375
750,recon_loss,52056.37109375
750,kl_loss,111.22273254394531
750,kl_loss_0,7.238285064697266
750,kl_loss_1,4.070683479309082
750,kl_loss_2,7.133462905883789
750,kl_loss_3,3.7852938175201416
750,kl_loss_4,19.279935836791992
750,kl_loss_5,16.796131134033203
750,kl_loss_6,13.869314193725586
750,kl_loss_7,36.291561126708984
750,kl_loss_8,2.7580726146698
750,loss,52244.1640625
800,recon_loss,37326.87890625
800,kl_loss,127.58424377441406
800,kl_loss_0,7.642998218536377
800,kl_loss_1,4.5545806884765625
800,kl_loss_2,7.889423847198486
800,kl_loss_3,4.35874605178833
800,kl_loss_4,23.10748863220215
800,kl_loss_5,18.712757110595703
800,kl_loss_6,16.19162368774414
800,kl_loss_7,41.929691314697266
800,kl_loss_8,3.196943759918213
800,loss,37898.82421875
850,recon_loss,29617.453125
850,kl_loss,134.87847900390625
850,kl_loss_0,7.78275203704834
850,kl_loss_1,5.174823760986328
850,kl_loss_2,8.15759563446045
850,kl_loss_3,4.548912525177002
850,kl_loss_4,25.15093994140625
850,kl_loss_5,18.912946701049805
850,kl_loss_6,16.575626373291016
850,kl_loss_7,45.292503356933594
850,kl_loss_8,3.282388925552368
850,loss,32828.9375
900,recon_loss,18321.890625
900,kl_loss,143.50579833984375
900,kl_loss_0,8.07364273071289
900,kl_loss_1,5.034313678741455
900,kl_loss_2,8.555948257446289
900,kl_loss_3,4.522522449493408
900,kl_loss_4,26.809106826782227
900,kl_loss_5,20.229602813720703
900,kl_loss_6,18.35282325744629
900,kl_loss_7,48.5047607421875
900,kl_loss_8,3.4230687618255615
900,loss,18617.853515625
950,recon_loss,14433.4912109375
950,kl_loss,147.98353576660156
950,kl_loss_0,8.438323020935059
950,kl_loss_1,5.170607089996338
950,kl_loss_2,8.660724639892578
950,kl_loss_3,4.609518051147461
950,kl_loss_4,28.036684036254883
950,kl_loss_5,20.654382705688477
950,kl_loss_6,18.305330276489258
950,kl_loss_7,50.47892761230469
950,kl_loss_8,3.6290442943573
950,loss,14886.1982421875
Epoch,Loss,Value
0,recon_loss,544316.5625
0,kl_loss,1.271863341331482
0,kl_loss_0,0.017546413466334343
0,kl_loss_1,0.039796605706214905
0,kl_loss_2,0.2885841131210327
0,kl_loss_3,0.09515050053596497
0,kl_loss_4,0.11911363899707794
0,kl_loss_5,0.5049182772636414
0,kl_loss_6,0.08393068611621857
0,kl_loss_7,0.05200289562344551
0,kl_loss_8,0.07082019001245499
0,loss,1860464.5
50,recon_loss,197092.59375
50,kl_loss,134.2248077392578
50,kl_loss_0,11.313798904418945
50,kl_loss_1,4.369834899902344
50,kl_loss_2,25.2108097076416
50,kl_loss_3,4.046201705932617
50,kl_loss_4,3.370729923248291
50,kl_loss_5,35.876258850097656
50,kl_loss_6,37.457061767578125
50,kl_loss_7,8.66009521484375
50,kl_loss_8,3.920017957687378
50,loss,198731.8125
100,recon_loss,91411.0234375
100,kl_loss,143.13584899902344
100,kl_loss_0,15.87612533569336
100,kl_loss_1,3.895404577255249
100,kl_loss_2,30.003660202026367
100,kl_loss_3,4.018136501312256
100,kl_loss_4,3.472526788711548
100,kl_loss_5,40.311527252197266
100,kl_loss_6,33.98643493652344
100,kl_loss_7,7.638065338134766
100,kl_loss_8,3.9339687824249268
100,loss,91850.5390625
150,recon_loss,79474.0234375
150,kl_loss,140.00489807128906
150,kl_loss_0,15.37125015258789
150,kl_loss_1,3.8012750148773193
150,kl_loss_2,29.639955520629883
150,kl_loss_3,3.9720380306243896
150,kl_loss_4,3.370384454727173
150,kl_loss_5,39.4995002746582
150,kl_loss_6,32.885684967041016
150,kl_loss_7,7.538104057312012
150,kl_loss_8,3.926706552505493
150,loss,79782.234375
200,recon_loss,75653.3125
200,kl_loss,132.61387634277344
200,kl_loss_0,14.392739295959473
200,kl_loss_1,3.660233736038208
200,kl_loss_2,27.71092987060547
200,kl_loss_3,3.8539698123931885
200,kl_loss_4,3.268326997756958
200,kl_loss_5,37.003814697265625
200,kl_loss_6,31.4096736907959
200,kl_loss_7,7.490633487701416
200,kl_loss_8,3.823556423187256
200,loss,75893.7109375
250,recon_loss,73592.5390625
250,kl_loss,123.30365753173828
250,kl_loss_0,12.950650215148926
250,kl_loss_1,3.5761559009552
250,kl_loss_2,25.37380599975586
250,kl_loss_3,3.7285356521606445
250,kl_loss_4,3.1607041358947754
250,kl_loss_5,33.86688232421875
250,kl_loss_6,29.422494888305664
250,kl_loss_7,7.527541637420654
250,kl_loss_8,3.696882963180542
250,loss,73932.703125
300,recon_loss,72118.75
300,kl_loss,116.41803741455078
300,kl_loss_0,12.152631759643555
300,kl_loss_1,3.4742019176483154
300,kl_loss_2,23.174331665039062
300,kl_loss_3,3.642024040222168
300,kl_loss_4,3.0433990955352783
300,kl_loss_5,32.15346145629883
300,kl_loss_6,27.789060592651367
300,kl_loss_7,7.373602390289307
300,kl_loss_8,3.6153223514556885
300,loss,72275.2421875
350,recon_loss,70120.2734375
350,kl_loss,114.16700744628906
350,kl_loss_0,11.861883163452148
350,kl_loss_1,3.679177761077881
350,kl_loss_2,22.066469192504883
350,kl_loss_3,3.7112598419189453
350,kl_loss_4,2.933943271636963
350,kl_loss_5,31.77121353149414
350,kl_loss_6,27.061779022216797
350,kl_loss_7,7.51017951965332
350,kl_loss_8,3.571094036102295
350,loss,70582.28125
400,recon_loss,63571.57421875
400,kl_loss,122.51441955566406
400,kl_loss_0,12.708285331726074
400,kl_loss_1,4.2748918533325195
400,kl_loss_2,23.03278350830078
400,kl_loss_3,4.050919055938721
400,kl_loss_4,3.125869035720825
400,kl_loss_5,34.58172607421875
400,kl_loss_6,28.933420181274414
400,kl_loss_7,7.922526836395264
400,kl_loss_8,3.8840057849884033
400,loss,64079.9296875
450,recon_loss,73776.546875
450,kl_loss,49.31150436401367
450,kl_loss_0,3.2117557525634766
450,kl_loss_1,4.866664886474609
450,kl_loss_2,5.009551525115967
450,kl_loss_3,3.640484571456909
450,kl_loss_4,3.8081727027893066
450,kl_loss_5,6.426819324493408
450,kl_loss_6,12.486483573913574
450,kl_loss_7,6.673354625701904
450,kl_loss_8,3.188218593597412
450,loss,73988.7890625
500,recon_loss,70597.5078125
500,kl_loss,59.59545135498047
500,kl_loss_0,4.019189834594727
500,kl_loss_1,6.188575267791748
500,kl_loss_2,5.973160266876221
500,kl_loss_3,4.278437614440918
500,kl_loss_4,4.750502109527588
500,kl_loss_5,7.6598896980285645
500,kl_loss_6,14.905268669128418
500,kl_loss_7,7.654366970062256
500,kl_loss_8,4.166059494018555
500,loss,70726.7890625
550,recon_loss,62830.69140625
550,kl_loss,73.04138946533203
550,kl_loss_0,5.218035697937012
550,kl_loss_1,7.866418838500977
550,kl_loss_2,7.856944561004639
550,kl_loss_3,4.567786693572998
550,kl_loss_4,5.190731048583984
550,kl_loss_5,8.47031021118164
550,kl_loss_6,18.877866744995117
550,kl_loss_7,10.163010597229004
550,kl_loss_8,4.8302836418151855
550,loss,63137.07421875
600,recon_loss,43127.73828125
600,kl_loss,89.82603454589844
600,kl_loss_0,6.431823253631592
600,kl_loss_1,9.251140594482422
600,kl_loss_2,10.484003067016602
600,kl_loss_3,5.181763172149658
600,kl_loss_4,6.1455607414245605
600,kl_loss_5,10.98434066772461
600,kl_loss_6,22.925975799560547
600,kl_loss_7,12.768133163452148
600,kl_loss_8,5.653292655944824
600,loss,43789.9453125
650,recon_loss,25077.033203125
650,kl_loss,98.22764587402344
650,kl_loss_0,6.822000503540039
650,kl_loss_1,10.812129974365234
650,kl_loss_2,11.077397346496582
650,kl_loss_3,5.378721714019775
650,kl_loss_4,7.010413646697998
650,kl_loss_5,11.865375518798828
650,kl_loss_6,25.251920700073242
650,kl_loss_7,14.041801452636719
650,kl_loss_8,5.967880725860596
650,loss,25483.345703125
700,recon_loss,17363.16796875
700,kl_loss,103.39682006835938
700,kl_loss_0,7.087244987487793
700,kl_loss_1,11.589372634887695
700,kl_loss_2,11.251773834228516
700,kl_loss_3,5.411190032958984
700,kl_loss_4,7.314013481140137
700,kl_loss_5,11.795906066894531
700,kl_loss_6,27.389320373535156
700,kl_loss_7,15.463842391967773
700,kl_loss_8,6.09415340423584
700,loss,17745.607421875
750,recon_loss,13665.25390625
750,kl_loss,109.53245544433594
750,kl_loss_0,7.566270351409912
750,kl_loss_1,12.157950401306152
750,kl_loss_2,12.080175399780273
750,kl_loss_3,5.621350288391113
750,kl_loss_4,7.633063793182373
750,kl_loss_5,12.40138053894043
750,kl_loss_6,29.146963119506836
750,kl_loss_7,16.533693313598633
750,kl_loss_8,6.3916096687316895
750,loss,13890.58984375
800,recon_loss,11315.8427734375
800,kl_loss,110.27523803710938
800,kl_loss_0,7.6309967041015625
800,kl_loss_1,12.20014762878418
800,kl_loss_2,11.929055213928223
800,kl_loss_3,5.7126145362854
800,kl_loss_4,7.685349941253662
800,kl_loss_5,12.504955291748047
800,kl_loss_6,29.187889099121094
800,kl_loss_7,16.93709945678711
800,kl_loss_8,6.487131118774414
800,loss,11586.4755859375
850,recon_loss,9956.1708984375
850,kl_loss,108.17343139648438
850,kl_loss_0,7.438648700714111
850,kl_loss_1,11.788335800170898
850,kl_loss_2,11.909720420837402
850,kl_loss_3,5.599108695983887
850,kl_loss_4,7.619674205780029
850,kl_loss_5,12.271980285644531
850,kl_loss_6,28.298389434814453
850,kl_loss_7,16.820045471191406
850,kl_loss_8,6.42752742767334
850,loss,10376.576171875
900,recon_loss,7907.373046875
900,kl_loss,104.5879898071289
900,kl_loss_0,7.192825794219971
900,kl_loss_1,11.36095905303955
900,kl_loss_2,11.4761962890625
900,kl_loss_3,5.445291519165039
900,kl_loss_4,7.281949043273926
900,kl_loss_5,11.934565544128418
900,kl_loss_6,27.394983291625977
900,kl_loss_7,16.266969680786133
900,kl_loss_8,6.234255313873291
900,loss,8263.0224609375
950,recon_loss,7244.23876953125
950,kl_loss,101.60154724121094
950,kl_loss_0,7.021218299865723
950,kl_loss_1,10.999419212341309
950,kl_loss_2,11.166961669921875
950,kl_loss_3,5.352708339691162
950,kl_loss_4,7.135918140411377
950,kl_loss_5,11.618668556213379
950,kl_loss_6,26.584300994873047
950,kl_loss_7,15.631850242614746
950,kl_loss_8,6.090501308441162
950,loss,7690.47119140625
