Epoch,Loss,Value
0,recon_loss,542623.4375
0,kl_loss,0.6868667006492615
0,kl_loss_0,0.10469187051057816
0,kl_loss_1,0.08955040574073792
0,kl_loss_2,0.10949385911226273
0,kl_loss_3,0.014363144524395466
0,kl_loss_4,0.08550786226987839
0,kl_loss_5,0.16029343008995056
0,kl_loss_6,0.027397464960813522
0,kl_loss_7,0.09060800820589066
0,kl_loss_8,0.004960665013641119
0,loss,542626.1875
50,recon_loss,214518.484375
50,kl_loss,362.01507568359375
50,kl_loss_0,94.0547103881836
50,kl_loss_1,48.81440734863281
50,kl_loss_2,3.8284823894500732
50,kl_loss_3,79.70344543457031
50,kl_loss_4,11.143549919128418
50,kl_loss_5,56.749855041503906
50,kl_loss_6,21.542957305908203
50,kl_loss_7,42.423866271972656
50,kl_loss_8,3.7537927627563477
50,loss,215966.546875
100,recon_loss,94275.5625
100,kl_loss,155.1629180908203
100,kl_loss_0,34.62266159057617
100,kl_loss_1,27.782909393310547
100,kl_loss_2,2.0995702743530273
100,kl_loss_3,15.640937805175781
100,kl_loss_4,14.82655143737793
100,kl_loss_5,25.5849609375
100,kl_loss_6,8.553820610046387
100,kl_loss_7,24.378740310668945
100,kl_loss_8,1.6727603673934937
100,loss,94896.2109375
150,recon_loss,80589.15625
150,kl_loss,112.65728759765625
150,kl_loss_0,19.294519424438477
150,kl_loss_1,21.30184555053711
150,kl_loss_2,2.064516067504883
150,kl_loss_3,7.456846714019775
150,kl_loss_4,15.211709022521973
150,kl_loss_5,19.211509704589844
150,kl_loss_6,5.897077560424805
150,kl_loss_7,20.204710006713867
150,kl_loss_8,2.0145468711853027
150,loss,81039.7890625
200,recon_loss,74943.140625
200,kl_loss,96.93389892578125
200,kl_loss_0,12.012112617492676
200,kl_loss_1,15.901175498962402
200,kl_loss_2,2.9880361557006836
200,kl_loss_3,4.351329803466797
200,kl_loss_4,16.052610397338867
200,kl_loss_5,17.44727897644043
200,kl_loss_6,4.3589324951171875
200,kl_loss_7,20.407947540283203
200,kl_loss_8,3.4144716262817383
200,loss,75330.875
250,recon_loss,67560.1953125
250,kl_loss,105.57064056396484
250,kl_loss_0,12.049047470092773
250,kl_loss_1,17.694740295410156
250,kl_loss_2,5.200467586517334
250,kl_loss_3,4.2659454345703125
250,kl_loss_4,17.26226043701172
250,kl_loss_5,18.211891174316406
250,kl_loss_6,3.779711961746216
250,kl_loss_7,21.64166831970215
250,kl_loss_8,5.464907169342041
250,loss,67982.4765625
300,recon_loss,39041.66015625
300,kl_loss,133.04759216308594
300,kl_loss_0,11.684673309326172
300,kl_loss_1,20.60344696044922
300,kl_loss_2,7.448765754699707
300,kl_loss_3,6.601522445678711
300,kl_loss_4,25.982236862182617
300,kl_loss_5,25.477617263793945
300,kl_loss_6,6.893152236938477
300,kl_loss_7,21.191923141479492
300,kl_loss_8,7.1642632484436035
300,loss,39573.8515625
350,recon_loss,18136.1171875
350,kl_loss,108.08137512207031
350,kl_loss_0,8.318719863891602
350,kl_loss_1,16.96470832824707
350,kl_loss_2,5.984930992126465
350,kl_loss_3,5.375457763671875
350,kl_loss_4,20.136817932128906
350,kl_loss_5,21.146156311035156
350,kl_loss_6,6.071186065673828
350,kl_loss_7,17.618408203125
350,kl_loss_8,6.464985370635986
350,loss,18568.443359375
400,recon_loss,12975.0146484375
400,kl_loss,97.59730529785156
400,kl_loss_0,7.744610786437988
400,kl_loss_1,14.659270286560059
400,kl_loss_2,5.935349941253662
400,kl_loss_3,5.364356517791748
400,kl_loss_4,17.502147674560547
400,kl_loss_5,18.661470413208008
400,kl_loss_6,5.63986349105835
400,kl_loss_7,16.11146354675293
400,kl_loss_8,5.978772163391113
400,loss,13365.404296875
450,recon_loss,10433.11328125
450,kl_loss,93.83744812011719
450,kl_loss_0,7.377570629119873
450,kl_loss_1,14.277552604675293
450,kl_loss_2,5.759538650512695
450,kl_loss_3,5.098093509674072
450,kl_loss_4,17.29206085205078
450,kl_loss_5,17.5888614654541
450,kl_loss_6,5.380021572113037
450,kl_loss_7,15.1598482131958
450,kl_loss_8,5.9038987159729
450,loss,10808.462890625
500,recon_loss,8703.583984375
500,kl_loss,89.98564147949219
500,kl_loss_0,7.187737941741943
500,kl_loss_1,13.26904010772705
500,kl_loss_2,5.754307746887207
500,kl_loss_3,5.157322406768799
500,kl_loss_4,16.5147705078125
500,kl_loss_5,16.689903259277344
500,kl_loss_6,5.302219867706299
500,kl_loss_7,14.509757041931152
500,kl_loss_8,5.600576877593994
500,loss,9063.5263671875
550,recon_loss,8060.99267578125
550,kl_loss,85.75635528564453
550,kl_loss_0,6.987658500671387
550,kl_loss_1,12.559120178222656
550,kl_loss_2,5.626474380493164
550,kl_loss_3,4.8258585929870605
550,kl_loss_4,15.69979476928711
550,kl_loss_5,15.49715805053711
550,kl_loss_6,5.264380931854248
550,kl_loss_7,13.783513069152832
550,kl_loss_8,5.512394428253174
550,loss,8404.0185546875
600,recon_loss,7560.6943359375
600,kl_loss,84.7618408203125
600,kl_loss_0,6.985902309417725
600,kl_loss_1,12.255114555358887
600,kl_loss_2,5.712477207183838
600,kl_loss_3,4.846202373504639
600,kl_loss_4,15.660593032836914
600,kl_loss_5,15.293193817138672
600,kl_loss_6,5.245903491973877
600,kl_loss_7,13.212424278259277
600,kl_loss_8,5.550029277801514
600,loss,7899.74169921875
650,recon_loss,5834.62451171875
650,kl_loss,82.37367248535156
650,kl_loss_0,6.845901012420654
650,kl_loss_1,11.854576110839844
650,kl_loss_2,5.703117847442627
650,kl_loss_3,4.7956743240356445
650,kl_loss_4,14.73071575164795
650,kl_loss_5,14.617547988891602
650,kl_loss_6,5.179491996765137
650,kl_loss_7,13.131204605102539
650,kl_loss_8,5.515449047088623
650,loss,6164.119140625
700,recon_loss,5260.900390625
700,kl_loss,80.43101501464844
700,kl_loss_0,6.807373523712158
700,kl_loss_1,11.43386459350586
700,kl_loss_2,5.665857315063477
700,kl_loss_3,4.860109806060791
700,kl_loss_4,14.240191459655762
700,kl_loss_5,14.14743423461914
700,kl_loss_6,5.201744556427002
700,kl_loss_7,12.60500717163086
700,kl_loss_8,5.469424247741699
700,loss,5582.62451171875
750,recon_loss,5053.0986328125
750,kl_loss,77.98848724365234
750,kl_loss_0,6.702225208282471
750,kl_loss_1,10.981736183166504
750,kl_loss_2,5.704015731811523
750,kl_loss_3,4.7597551345825195
750,kl_loss_4,13.485666275024414
750,kl_loss_5,13.582554817199707
750,kl_loss_6,5.136889457702637
750,kl_loss_7,12.241272926330566
750,kl_loss_8,5.3943681716918945
750,loss,5365.052734375
800,recon_loss,5356.7294921875
800,kl_loss,76.56620025634766
800,kl_loss_0,6.61508321762085
800,kl_loss_1,10.944853782653809
800,kl_loss_2,5.486434459686279
800,kl_loss_3,4.770956516265869
800,kl_loss_4,13.352328300476074
800,kl_loss_5,12.985722541809082
800,kl_loss_6,5.030407905578613
800,kl_loss_7,11.988015174865723
800,kl_loss_8,5.392399787902832
800,loss,5662.994140625
850,recon_loss,4864.7568359375
850,kl_loss,74.1286392211914
850,kl_loss_0,6.465498447418213
850,kl_loss_1,10.388863563537598
850,kl_loss_2,5.426614761352539
850,kl_loss_3,4.672016143798828
850,kl_loss_4,12.909985542297363
850,kl_loss_5,12.683525085449219
850,kl_loss_6,4.931510925292969
850,kl_loss_7,11.433959007263184
850,kl_loss_8,5.2166666984558105
850,loss,5161.271484375
900,recon_loss,3608.952392578125
900,kl_loss,74.49713134765625
900,kl_loss_0,6.415248870849609
900,kl_loss_1,10.344867706298828
900,kl_loss_2,5.518095016479492
900,kl_loss_3,4.71334981918335
900,kl_loss_4,12.769272804260254
900,kl_loss_5,12.860712051391602
900,kl_loss_6,5.012648105621338
900,kl_loss_7,11.511770248413086
900,kl_loss_8,5.351161956787109
900,loss,3906.94091796875
950,recon_loss,3323.613525390625
950,kl_loss,72.5865249633789
950,kl_loss_0,6.337421894073486
950,kl_loss_1,9.994463920593262
950,kl_loss_2,5.454624652862549
950,kl_loss_3,4.7464518547058105
950,kl_loss_4,12.318211555480957
950,kl_loss_5,12.4274263381958
950,kl_loss_6,5.0124101638793945
950,kl_loss_7,11.058982849121094
950,kl_loss_8,5.236532688140869
950,loss,3613.959716796875
1000,recon_loss,3563.75927734375
1000,kl_loss,66.78419494628906
1000,kl_loss_0,6.106299877166748
1000,kl_loss_1,9.184931755065918
1000,kl_loss_2,5.146885395050049
1000,kl_loss_3,4.504885673522949
1000,kl_loss_4,11.193595886230469
1000,kl_loss_5,11.1958589553833
1000,kl_loss_6,4.679665565490723
1000,kl_loss_7,9.80246353149414
1000,kl_loss_8,4.969606399536133
1000,loss,3830.89599609375
1050,recon_loss,2914.067138671875
1050,kl_loss,70.00955200195312
1050,kl_loss_0,6.213901996612549
1050,kl_loss_1,9.673386573791504
1050,kl_loss_2,5.333453178405762
1050,kl_loss_3,4.638664722442627
1050,kl_loss_4,11.644460678100586
1050,kl_loss_5,11.807987213134766
1050,kl_loss_6,4.901515483856201
1050,kl_loss_7,10.599871635437012
1050,kl_loss_8,5.196313858032227
1050,loss,3194.10546875
1100,recon_loss,2959.47509765625
1100,kl_loss,67.5605697631836
1100,kl_loss_0,6.1339216232299805
1100,kl_loss_1,9.320043563842773
1100,kl_loss_2,5.162325382232666
1100,kl_loss_3,4.540607929229736
1100,kl_loss_4,11.168217658996582
1100,kl_loss_5,11.213083267211914
1100,kl_loss_6,4.780068397521973
1100,kl_loss_7,10.210907936096191
1100,kl_loss_8,5.031394958496094
1100,loss,3229.71728515625
1150,recon_loss,2605.028564453125
1150,kl_loss,66.50965118408203
1150,kl_loss_0,5.9317169189453125
1150,kl_loss_1,9.176187515258789
1150,kl_loss_2,5.2060699462890625
1150,kl_loss_3,4.477221488952637
1150,kl_loss_4,10.904430389404297
1150,kl_loss_5,11.015707969665527
1150,kl_loss_6,4.8895087242126465
1150,kl_loss_7,9.83243465423584
1150,kl_loss_8,5.076376914978027
1150,loss,2871.067138671875
1200,recon_loss,2474.851318359375
1200,kl_loss,65.29427337646484
1200,kl_loss_0,5.93472146987915
1200,kl_loss_1,8.96153450012207
1200,kl_loss_2,5.120301723480225
1200,kl_loss_3,4.531815052032471
1200,kl_loss_4,10.566703796386719
1200,kl_loss_5,10.727029800415039
1200,kl_loss_6,4.754806041717529
1200,kl_loss_7,9.688725471496582
1200,kl_loss_8,5.008630275726318
1200,loss,2736.0283203125
1250,recon_loss,2516.828857421875
1250,kl_loss,64.0840835571289
1250,kl_loss_0,5.877240180969238
1250,kl_loss_1,8.66093635559082
1250,kl_loss_2,5.078790664672852
1250,kl_loss_3,4.471982479095459
1250,kl_loss_4,10.32360553741455
1250,kl_loss_5,10.484963417053223
1250,kl_loss_6,4.733666896820068
1250,kl_loss_7,9.52236557006836
1250,kl_loss_8,4.9305338859558105
1250,loss,2773.165283203125
1300,recon_loss,2209.87255859375
1300,kl_loss,64.45610046386719
1300,kl_loss_0,5.86750602722168
1300,kl_loss_1,8.873891830444336
1300,kl_loss_2,5.109663486480713
1300,kl_loss_3,4.527030944824219
1300,kl_loss_4,10.421412467956543
1300,kl_loss_5,10.482706069946289
1300,kl_loss_6,4.73713493347168
1300,kl_loss_7,9.38870620727539
1300,kl_loss_8,5.0480427742004395
1300,loss,2467.697021484375
1350,recon_loss,2157.34423828125
1350,kl_loss,62.97531509399414
1350,kl_loss_0,5.766178131103516
1350,kl_loss_1,8.563268661499023
1350,kl_loss_2,5.117796421051025
1350,kl_loss_3,4.4340691566467285
1350,kl_loss_4,10.081352233886719
1350,kl_loss_5,10.140074729919434
1350,kl_loss_6,4.70334005355835
1350,kl_loss_7,9.198941230773926
1350,kl_loss_8,4.970297336578369
1350,loss,2409.24560546875
1400,recon_loss,2257.124267578125
1400,kl_loss,58.75809097290039
1400,kl_loss_0,5.4181599617004395
1400,kl_loss_1,8.017009735107422
1400,kl_loss_2,4.809116840362549
1400,kl_loss_3,4.434574127197266
1400,kl_loss_4,9.082998275756836
1400,kl_loss_5,9.227612495422363
1400,kl_loss_6,4.505456924438477
1400,kl_loss_7,8.511950492858887
1400,kl_loss_8,4.7512078285217285
1400,loss,2492.15673828125
1450,recon_loss,1957.3221435546875
1450,kl_loss,61.792789459228516
1450,kl_loss_0,5.739019393920898
1450,kl_loss_1,8.372808456420898
1450,kl_loss_2,5.013434886932373
1450,kl_loss_3,4.455051422119141
1450,kl_loss_4,9.768505096435547
1450,kl_loss_5,9.860727310180664
1450,kl_loss_6,4.676223278045654
1450,kl_loss_7,9.008770942687988
1450,kl_loss_8,4.8982462882995605
1450,loss,2204.493408203125
1500,recon_loss,1962.66259765625
1500,kl_loss,61.020938873291016
1500,kl_loss_0,5.650418758392334
1500,kl_loss_1,8.230677604675293
1500,kl_loss_2,5.011844635009766
1500,kl_loss_3,4.508653163909912
1500,kl_loss_4,9.607161521911621
1500,kl_loss_5,9.665046691894531
1500,kl_loss_6,4.716281890869141
1500,kl_loss_7,8.775959014892578
1500,kl_loss_8,4.8548970222473145
1500,loss,2206.746337890625
1550,recon_loss,2131.08056640625
1550,kl_loss,59.25624084472656
1550,kl_loss_0,5.634973526000977
1550,kl_loss_1,8.08178997039795
1550,kl_loss_2,4.924036979675293
1550,kl_loss_3,4.431442737579346
1550,kl_loss_4,9.161197662353516
1550,kl_loss_5,9.224309921264648
1550,kl_loss_6,4.597187042236328
1550,kl_loss_7,8.376461029052734
1550,kl_loss_8,4.824840068817139
1550,loss,2368.10546875
1600,recon_loss,1803.1005859375
1600,kl_loss,60.013572692871094
1600,kl_loss_0,5.613622665405273
1600,kl_loss_1,8.073041915893555
1600,kl_loss_2,4.96944522857666
1600,kl_loss_3,4.443028450012207
1600,kl_loss_4,9.348244667053223
1600,kl_loss_5,9.454996109008789
1600,kl_loss_6,4.650089263916016
1600,kl_loss_7,8.566845893859863
1600,kl_loss_8,4.894262790679932
1600,loss,2043.1549072265625
1650,recon_loss,1768.188232421875
1650,kl_loss,59.29316329956055
1650,kl_loss_0,5.57266092300415
1650,kl_loss_1,7.932410717010498
1650,kl_loss_2,4.903226852416992
1650,kl_loss_3,4.434750556945801
1650,kl_loss_4,9.171760559082031
1650,kl_loss_5,9.31985855102539
1650,kl_loss_6,4.669125556945801
1650,kl_loss_7,8.376025199890137
1650,kl_loss_8,4.913345813751221
1650,loss,2005.36083984375
1700,recon_loss,2000.3341064453125
1700,kl_loss,57.43806076049805
1700,kl_loss_0,5.393222808837891
1700,kl_loss_1,7.669588088989258
1700,kl_loss_2,4.885038375854492
1700,kl_loss_3,4.397355079650879
1700,kl_loss_4,8.823713302612305
1700,kl_loss_5,8.926848411560059
1700,kl_loss_6,4.507538318634033
1700,kl_loss_7,8.082141876220703
1700,kl_loss_8,4.752617359161377
1700,loss,2230.08642578125
1750,recon_loss,1737.071044921875
1750,kl_loss,57.16732406616211
1750,kl_loss_0,5.41777229309082
1750,kl_loss_1,7.501180648803711
1750,kl_loss_2,4.897319793701172
1750,kl_loss_3,4.399492263793945
1750,kl_loss_4,8.816930770874023
1750,kl_loss_5,8.816363334655762
1750,kl_loss_6,4.566872596740723
1750,kl_loss_7,7.974441051483154
1750,kl_loss_8,4.776951789855957
1750,loss,1965.7403564453125
1800,recon_loss,1970.24169921875
1800,kl_loss,56.789451599121094
1800,kl_loss_0,5.368045806884766
1800,kl_loss_1,7.5714898109436035
1800,kl_loss_2,4.90120267868042
1800,kl_loss_3,4.378551006317139
1800,kl_loss_4,8.58909797668457
1800,kl_loss_5,8.723387718200684
1800,kl_loss_6,4.533453464508057
1800,kl_loss_7,8.00240707397461
1800,kl_loss_8,4.721813678741455
1800,loss,2197.3994140625
1850,recon_loss,2568.3203125
1850,kl_loss,55.02653884887695
1850,kl_loss_0,5.291835784912109
1850,kl_loss_1,7.235895156860352
1850,kl_loss_2,4.794963836669922
1850,kl_loss_3,4.343405246734619
1850,kl_loss_4,8.11103630065918
1850,kl_loss_5,8.466512680053711
1850,kl_loss_6,4.419447422027588
1850,kl_loss_7,7.732365131378174
1850,kl_loss_8,4.631073951721191
1850,loss,2788.426513671875
1900,recon_loss,1463.22216796875
1900,kl_loss,56.651519775390625
1900,kl_loss_0,5.395496368408203
1900,kl_loss_1,7.470363616943359
1900,kl_loss_2,4.891657829284668
1900,kl_loss_3,4.417801856994629
1900,kl_loss_4,8.57064437866211
1900,kl_loss_5,8.630329132080078
1900,kl_loss_6,4.581324100494385
1900,kl_loss_7,7.957803726196289
1900,kl_loss_8,4.736094951629639
1900,loss,1689.8282470703125
1950,recon_loss,1454.028076171875
1950,kl_loss,55.478248596191406
1950,kl_loss_0,5.351342678070068
1950,kl_loss_1,7.320166110992432
1950,kl_loss_2,4.884700775146484
1950,kl_loss_3,4.339300632476807
1950,kl_loss_4,8.254232406616211
1950,kl_loss_5,8.392407417297363
1950,kl_loss_6,4.485414028167725
1950,kl_loss_7,7.709592342376709
1950,kl_loss_8,4.7410993576049805
1950,loss,1675.9410400390625
2000,recon_loss,1422.8101806640625
2000,kl_loss,54.39550018310547
2000,kl_loss_0,5.245213508605957
2000,kl_loss_1,7.105618953704834
2000,kl_loss_2,4.803602695465088
2000,kl_loss_3,4.311794281005859
2000,kl_loss_4,8.026750564575195
2000,kl_loss_5,8.213550567626953
2000,kl_loss_6,4.486804008483887
2000,kl_loss_7,7.476125717163086
2000,kl_loss_8,4.726037979125977
2000,loss,1640.3922119140625
2050,recon_loss,2065.357177734375
2050,kl_loss,53.619300842285156
2050,kl_loss_0,5.208463191986084
2050,kl_loss_1,6.979247570037842
2050,kl_loss_2,4.768255710601807
2050,kl_loss_3,4.247304916381836
2050,kl_loss_4,7.93376350402832
2050,kl_loss_5,8.04537582397461
2050,kl_loss_6,4.418814659118652
2050,kl_loss_7,7.435736179351807
2050,kl_loss_8,4.58233642578125
2050,loss,2279.83447265625
2100,recon_loss,1385.7418212890625
2100,kl_loss,54.37390899658203
2100,kl_loss_0,5.304894924163818
2100,kl_loss_1,7.095448017120361
2100,kl_loss_2,4.847314357757568
2100,kl_loss_3,4.279119491577148
2100,kl_loss_4,8.029923439025879
2100,kl_loss_5,8.136594772338867
2100,kl_loss_6,4.474477767944336
2100,kl_loss_7,7.50393533706665
2100,kl_loss_8,4.702195644378662
2100,loss,1603.2374267578125
2150,recon_loss,1317.73974609375
2150,kl_loss,53.99073791503906
2150,kl_loss_0,5.250884532928467
2150,kl_loss_1,6.980296611785889
2150,kl_loss_2,4.826524257659912
2150,kl_loss_3,4.411459445953369
2150,kl_loss_4,7.830860614776611
2150,kl_loss_5,8.067483901977539
2150,kl_loss_6,4.564410209655762
2150,kl_loss_7,7.402421951293945
2150,kl_loss_8,4.65639591217041
2150,loss,1533.70263671875
2200,recon_loss,1293.7115478515625
2200,kl_loss,53.68229293823242
2200,kl_loss_0,5.2350239753723145
2200,kl_loss_1,6.994211196899414
2200,kl_loss_2,4.783064842224121
2200,kl_loss_3,4.328598499298096
2200,kl_loss_4,7.889426231384277
2200,kl_loss_5,7.972043037414551
2200,kl_loss_6,4.477154731750488
2200,kl_loss_7,7.329371929168701
2200,kl_loss_8,4.673398017883301
2200,loss,1508.440673828125
2250,recon_loss,1416.1724853515625
2250,kl_loss,51.48357009887695
2250,kl_loss_0,5.043524265289307
2250,kl_loss_1,6.691788196563721
2250,kl_loss_2,4.674673080444336
2250,kl_loss_3,4.240001678466797
2250,kl_loss_4,7.340281963348389
2250,kl_loss_5,7.474611759185791
2250,kl_loss_6,4.433029651641846
2250,kl_loss_7,7.042646884918213
2250,kl_loss_8,4.5430121421813965
2250,loss,1622.1068115234375
2300,recon_loss,1355.9644775390625
2300,kl_loss,52.479854583740234
2300,kl_loss_0,5.172958850860596
2300,kl_loss_1,6.734294891357422
2300,kl_loss_2,4.7508544921875
2300,kl_loss_3,4.245976448059082
2300,kl_loss_4,7.64651346206665
2300,kl_loss_5,7.737314224243164
2300,kl_loss_6,4.441774845123291
2300,kl_loss_7,7.114617824554443
2300,kl_loss_8,4.635546684265137
2300,loss,1565.8839111328125
2350,recon_loss,1385.38671875
2350,kl_loss,52.03364944458008
2350,kl_loss_0,5.0997314453125
2350,kl_loss_1,6.700998306274414
2350,kl_loss_2,4.714686393737793
2350,kl_loss_3,4.288602828979492
2350,kl_loss_4,7.515341758728027
2350,kl_loss_5,7.67393684387207
2350,kl_loss_6,4.384441375732422
2350,kl_loss_7,7.05368185043335
2350,kl_loss_8,4.60223388671875
2350,loss,1593.5213623046875
2400,recon_loss,1200.4000244140625
2400,kl_loss,52.3695068359375
2400,kl_loss_0,5.077882766723633
2400,kl_loss_1,6.761764049530029
2400,kl_loss_2,4.7427144050598145
2400,kl_loss_3,4.283863067626953
2400,kl_loss_4,7.4926605224609375
2400,kl_loss_5,7.732717514038086
2400,kl_loss_6,4.498501777648926
2400,kl_loss_7,7.143232345581055
2400,kl_loss_8,4.636175155639648
2400,loss,1409.8780517578125
2450,recon_loss,1146.2568359375
2450,kl_loss,52.2785530090332
2450,kl_loss_0,5.132450580596924
2450,kl_loss_1,6.780096054077148
2450,kl_loss_2,4.756415843963623
2450,kl_loss_3,4.287270545959473
2450,kl_loss_4,7.52003288269043
2450,kl_loss_5,7.695109844207764
2450,kl_loss_6,4.481865406036377
2450,kl_loss_7,7.024557590484619
2450,kl_loss_8,4.6007513999938965
2450,loss,1355.37109375
2500,recon_loss,1260.9356689453125
2500,kl_loss,51.77440643310547
2500,kl_loss_0,5.087808132171631
2500,kl_loss_1,6.608670711517334
2500,kl_loss_2,4.716760158538818
2500,kl_loss_3,4.309127330780029
2500,kl_loss_4,7.4376444816589355
2500,kl_loss_5,7.554957866668701
2500,kl_loss_6,4.477550506591797
2500,kl_loss_7,6.935739040374756
2500,kl_loss_8,4.646146774291992
2500,loss,1468.0333251953125
2550,recon_loss,1280.1302490234375
2550,kl_loss,51.50422668457031
2550,kl_loss_0,5.042362213134766
2550,kl_loss_1,6.6292405128479
2550,kl_loss_2,4.715814113616943
2550,kl_loss_3,4.276121139526367
2550,kl_loss_4,7.3647637367248535
2550,kl_loss_5,7.411954402923584
2550,kl_loss_6,4.423740386962891
2550,kl_loss_7,6.964630126953125
2550,kl_loss_8,4.675601959228516
2550,loss,1486.147216796875
2600,recon_loss,2744.915283203125
2600,kl_loss,49.246559143066406
2600,kl_loss_0,4.914323329925537
2600,kl_loss_1,6.266950607299805
2600,kl_loss_2,4.587721347808838
2600,kl_loss_3,4.1745405197143555
2600,kl_loss_4,6.929738998413086
2600,kl_loss_5,7.059433460235596
2600,kl_loss_6,4.3111395835876465
2600,kl_loss_7,6.5564866065979
2600,kl_loss_8,4.446224212646484
2600,loss,2941.901611328125
2650,recon_loss,1138.253173828125
2650,kl_loss,51.28369140625
2650,kl_loss_0,5.0763397216796875
2650,kl_loss_1,6.554812431335449
2650,kl_loss_2,4.753374099731445
2650,kl_loss_3,4.322324275970459
2650,kl_loss_4,7.248182773590088
2650,kl_loss_5,7.4435133934021
2650,kl_loss_6,4.456875801086426
2650,kl_loss_7,6.834829330444336
2650,kl_loss_8,4.593440532684326
2650,loss,1343.387939453125
2700,recon_loss,1079.4520263671875
2700,kl_loss,50.086036682128906
2700,kl_loss_0,5.009492874145508
2700,kl_loss_1,6.304591178894043
2700,kl_loss_2,4.664505958557129
2700,kl_loss_3,4.213418960571289
2700,kl_loss_4,7.017189979553223
2700,kl_loss_5,7.178304672241211
2700,kl_loss_6,4.389020919799805
2700,kl_loss_7,6.703286170959473
2700,kl_loss_8,4.606224536895752
2700,loss,1279.796142578125
2750,recon_loss,1407.905029296875
2750,kl_loss,50.29105758666992
2750,kl_loss_0,4.999880790710449
2750,kl_loss_1,6.389770030975342
2750,kl_loss_2,4.7011260986328125
2750,kl_loss_3,4.238988876342773
2750,kl_loss_4,7.114983081817627
2750,kl_loss_5,7.157991409301758
2750,kl_loss_6,4.405804634094238
2750,kl_loss_7,6.732998847961426
2750,kl_loss_8,4.549516677856445
2750,loss,1609.0692138671875
2800,recon_loss,1136.43505859375
2800,kl_loss,49.38752746582031
2800,kl_loss_0,4.994720458984375
2800,kl_loss_1,6.243044853210449
2800,kl_loss_2,4.621915817260742
2800,kl_loss_3,4.173466682434082
2800,kl_loss_4,6.919415473937988
2800,kl_loss_5,6.9703369140625
2800,kl_loss_6,4.340639114379883
2800,kl_loss_7,6.631918907165527
2800,kl_loss_8,4.492066860198975
2800,loss,1333.985107421875
2850,recon_loss,983.9677124023438
2850,kl_loss,50.25497055053711
2850,kl_loss_0,4.973377227783203
2850,kl_loss_1,6.3783650398254395
2850,kl_loss_2,4.688101291656494
2850,kl_loss_3,4.268576622009277
2850,kl_loss_4,7.047971248626709
2850,kl_loss_5,7.103682041168213
2850,kl_loss_6,4.481297492980957
2850,kl_loss_7,6.6945414543151855
2850,kl_loss_8,4.6190595626831055
2850,loss,1184.987548828125
2900,recon_loss,1356.5718994140625
2900,kl_loss,49.41914367675781
2900,kl_loss_0,4.9611992835998535
2900,kl_loss_1,6.201557159423828
2900,kl_loss_2,4.6655192375183105
2900,kl_loss_3,4.222018241882324
2900,kl_loss_4,6.882197856903076
2900,kl_loss_5,7.034763813018799
2900,kl_loss_6,4.370901584625244
2900,kl_loss_7,6.553949356079102
2900,kl_loss_8,4.527037143707275
2900,loss,1554.24853515625
2950,recon_loss,953.5250854492188
2950,kl_loss,49.86250305175781
2950,kl_loss_0,4.997931957244873
2950,kl_loss_1,6.323897838592529
2950,kl_loss_2,4.686015605926514
2950,kl_loss_3,4.325623512268066
2950,kl_loss_4,6.884272575378418
2950,kl_loss_5,7.0288286209106445
2950,kl_loss_6,4.401649475097656
2950,kl_loss_7,6.652402400970459
2950,kl_loss_8,4.561882495880127
2950,loss,1152.97509765625
3000,recon_loss,962.8760375976562
3000,kl_loss,49.41481399536133
3000,kl_loss_0,4.985419750213623
3000,kl_loss_1,6.23593807220459
3000,kl_loss_2,4.706419944763184
3000,kl_loss_3,4.242993354797363
3000,kl_loss_4,6.798485279083252
3000,kl_loss_5,6.934069633483887
3000,kl_loss_6,4.429314136505127
3000,kl_loss_7,6.51580810546875
3000,kl_loss_8,4.566367149353027
3000,loss,1160.5352783203125
3050,recon_loss,1161.7027587890625
3050,kl_loss,48.56496810913086
3050,kl_loss_0,4.912252426147461
3050,kl_loss_1,6.094833850860596
3050,kl_loss_2,4.584723949432373
3050,kl_loss_3,4.257607936859131
3050,kl_loss_4,6.687363147735596
3050,kl_loss_5,6.797727584838867
3050,kl_loss_6,4.342861175537109
3050,kl_loss_7,6.398949146270752
3050,kl_loss_8,4.488651275634766
3050,loss,1355.962646484375
3100,recon_loss,900.8812255859375
3100,kl_loss,49.05848693847656
3100,kl_loss_0,4.954995632171631
3100,kl_loss_1,6.18129825592041
3100,kl_loss_2,4.667823314666748
3100,kl_loss_3,4.243220329284668
3100,kl_loss_4,6.722153186798096
3100,kl_loss_5,6.877896785736084
3100,kl_loss_6,4.394452095031738
3100,kl_loss_7,6.492231369018555
3100,kl_loss_8,4.524415969848633
3100,loss,1097.115234375
3150,recon_loss,904.075927734375
3150,kl_loss,48.7785530090332
3150,kl_loss_0,4.926531791687012
3150,kl_loss_1,6.108701229095459
3150,kl_loss_2,4.643242835998535
3150,kl_loss_3,4.282505035400391
3150,kl_loss_4,6.6406965255737305
3150,kl_loss_5,6.7499189376831055
3150,kl_loss_6,4.48733377456665
3150,kl_loss_7,6.373790264129639
3150,kl_loss_8,4.565830230712891
3150,loss,1099.190185546875
3200,recon_loss,1320.087158203125
3200,kl_loss,48.86754608154297
3200,kl_loss_0,4.932473659515381
3200,kl_loss_1,6.110097885131836
3200,kl_loss_2,4.63051700592041
3200,kl_loss_3,4.263700008392334
3200,kl_loss_4,6.7165679931640625
3200,kl_loss_5,6.813092231750488
3200,kl_loss_6,4.401243209838867
3200,kl_loss_7,6.438589096069336
3200,kl_loss_8,4.561262130737305
3200,loss,1515.557373046875
3250,recon_loss,899.3663940429688
3250,kl_loss,48.453975677490234
3250,kl_loss_0,4.932909965515137
3250,kl_loss_1,6.002659797668457
3250,kl_loss_2,4.666965484619141
3250,kl_loss_3,4.277742385864258
3250,kl_loss_4,6.615463733673096
3250,kl_loss_5,6.683950424194336
3250,kl_loss_6,4.386824131011963
3250,kl_loss_7,6.339766025543213
3250,kl_loss_8,4.547691822052002
3250,loss,1093.1822509765625
3300,recon_loss,1005.088623046875
3300,kl_loss,47.59072494506836
3300,kl_loss_0,4.8333611488342285
3300,kl_loss_1,5.978182315826416
3300,kl_loss_2,4.585200309753418
3300,kl_loss_3,4.186406135559082
3300,kl_loss_4,6.520120620727539
3300,kl_loss_5,6.480711460113525
3300,kl_loss_6,4.312448501586914
3300,kl_loss_7,6.210124492645264
3300,kl_loss_8,4.484170436859131
3300,loss,1195.4515380859375
3350,recon_loss,899.2485961914062
3350,kl_loss,47.450008392333984
3350,kl_loss_0,4.848260879516602
3350,kl_loss_1,5.857180595397949
3350,kl_loss_2,4.564524173736572
3350,kl_loss_3,4.2117600440979
3350,kl_loss_4,6.424080848693848
3350,kl_loss_5,6.466123104095459
3350,kl_loss_6,4.356048583984375
3350,kl_loss_7,6.18890380859375
3350,kl_loss_8,4.533127784729004
3350,loss,1089.048583984375
3400,recon_loss,833.5885009765625
3400,kl_loss,47.99338150024414
3400,kl_loss_0,4.8916192054748535
3400,kl_loss_1,6.025856971740723
3400,kl_loss_2,4.629019737243652
3400,kl_loss_3,4.184971332550049
3400,kl_loss_4,6.562603950500488
3400,kl_loss_5,6.641289710998535
3400,kl_loss_6,4.366816997528076
3400,kl_loss_7,6.237080097198486
3400,kl_loss_8,4.45412540435791
3400,loss,1025.56201171875
3450,recon_loss,815.6720581054688
3450,kl_loss,47.743560791015625
3450,kl_loss_0,4.890196323394775
3450,kl_loss_1,5.8877272605896
3450,kl_loss_2,4.633886814117432
3450,kl_loss_3,4.278979301452637
3450,kl_loss_4,6.477281093597412
3450,kl_loss_5,6.5598464012146
3450,kl_loss_6,4.405847072601318
3450,kl_loss_7,6.13078498840332
3450,kl_loss_8,4.479009628295898
3450,loss,1006.6463012695312
3500,recon_loss,867.0635986328125
3500,kl_loss,47.44729995727539
3500,kl_loss_0,4.87163782119751
3500,kl_loss_1,5.874438285827637
3500,kl_loss_2,4.652618408203125
3500,kl_loss_3,4.188627243041992
3500,kl_loss_4,6.400561332702637
3500,kl_loss_5,6.494563579559326
3500,kl_loss_6,4.326258659362793
3500,kl_loss_7,6.138101100921631
3500,kl_loss_8,4.500495910644531
3500,loss,1056.852783203125
3550,recon_loss,1184.981689453125
3550,kl_loss,47.19697570800781
3550,kl_loss_0,4.812185764312744
3550,kl_loss_1,5.938943386077881
3550,kl_loss_2,4.572739124298096
3550,kl_loss_3,4.163729667663574
3550,kl_loss_4,6.351887226104736
3550,kl_loss_5,6.416375160217285
3550,kl_loss_6,4.364706039428711
3550,kl_loss_7,6.084596633911133
3550,kl_loss_8,4.491819381713867
3550,loss,1373.76953125
3600,recon_loss,1407.7657470703125
3600,kl_loss,46.24020004272461
3600,kl_loss_0,4.721009731292725
3600,kl_loss_1,5.733118057250977
3600,kl_loss_2,4.525277614593506
3600,kl_loss_3,4.120846748352051
3600,kl_loss_4,6.195532321929932
3600,kl_loss_5,6.235311508178711
3600,kl_loss_6,4.319937229156494
3600,kl_loss_7,5.97824239730835
3600,kl_loss_8,4.410924911499023
3600,loss,1592.7265625
3650,recon_loss,824.78955078125
3650,kl_loss,47.23478698730469
3650,kl_loss_0,4.860889911651611
3650,kl_loss_1,5.801584243774414
3650,kl_loss_2,4.6302103996276855
3650,kl_loss_3,4.2435622215271
3650,kl_loss_4,6.346519947052002
3650,kl_loss_5,6.412613391876221
3650,kl_loss_6,4.330338954925537
3650,kl_loss_7,6.1042280197143555
3650,kl_loss_8,4.504841327667236
3650,loss,1013.7286987304688
3700,recon_loss,963.0116577148438
3700,kl_loss,46.66236877441406
3700,kl_loss_0,4.846479415893555
3700,kl_loss_1,5.769742965698242
3700,kl_loss_2,4.616611957550049
3700,kl_loss_3,4.181923866271973
3700,kl_loss_4,6.269609451293945
3700,kl_loss_5,6.232731819152832
3700,kl_loss_6,4.332625865936279
3700,kl_loss_7,5.981953144073486
3700,kl_loss_8,4.430689811706543
3700,loss,1149.6611328125
3750,recon_loss,778.6458740234375
3750,kl_loss,46.72338104248047
3750,kl_loss_0,4.830750465393066
3750,kl_loss_1,5.763075351715088
3750,kl_loss_2,4.624718189239502
3750,kl_loss_3,4.2171831130981445
3750,kl_loss_4,6.204600811004639
3750,kl_loss_5,6.339734077453613
3750,kl_loss_6,4.3707733154296875
3750,kl_loss_7,5.97624397277832
3750,kl_loss_8,4.396305561065674
3750,loss,965.5394287109375
3800,recon_loss,1008.831787109375
3800,kl_loss,45.26810073852539
3800,kl_loss_0,4.762832164764404
3800,kl_loss_1,5.543665885925293
3800,kl_loss_2,4.537357807159424
3800,kl_loss_3,4.1344122886657715
3800,kl_loss_4,5.9833502769470215
3800,kl_loss_5,6.017185211181641
3800,kl_loss_6,4.21488618850708
3800,kl_loss_7,5.740689277648926
3800,kl_loss_8,4.3337225914001465
3800,loss,1189.9041748046875
3850,recon_loss,766.6511840820312
3850,kl_loss,46.306880950927734
3850,kl_loss_0,4.764019966125488
3850,kl_loss_1,5.689502716064453
3850,kl_loss_2,4.608275890350342
3850,kl_loss_3,4.165874481201172
3850,kl_loss_4,6.134992599487305
3850,kl_loss_5,6.209354877471924
3850,kl_loss_6,4.329982757568359
3850,kl_loss_7,5.939406871795654
3850,kl_loss_8,4.465467929840088
3850,loss,951.8787231445312
3900,recon_loss,916.12646484375
3900,kl_loss,46.17723846435547
3900,kl_loss_0,4.750486373901367
3900,kl_loss_1,5.734383583068848
3900,kl_loss_2,4.555845737457275
3900,kl_loss_3,4.215216159820557
3900,kl_loss_4,6.149256706237793
3900,kl_loss_5,6.133289813995361
3900,kl_loss_6,4.322028636932373
3900,kl_loss_7,5.8776702880859375
3900,kl_loss_8,4.439062595367432
3900,loss,1100.83544921875
3950,recon_loss,950.8876342773438
3950,kl_loss,46.129398345947266
3950,kl_loss_0,4.797274589538574
3950,kl_loss_1,5.651606559753418
3950,kl_loss_2,4.57838249206543
3950,kl_loss_3,4.176437854766846
3950,kl_loss_4,6.13292121887207
3950,kl_loss_5,6.129579067230225
3950,kl_loss_6,4.317556858062744
3950,kl_loss_7,5.914912223815918
3950,kl_loss_8,4.430726528167725
3950,loss,1135.4052734375
4000,recon_loss,1115.95947265625
4000,kl_loss,46.04862976074219
4000,kl_loss_0,4.75139045715332
4000,kl_loss_1,5.6347198486328125
4000,kl_loss_2,4.627837657928467
4000,kl_loss_3,4.1621294021606445
4000,kl_loss_4,6.089789867401123
4000,kl_loss_5,6.118765830993652
4000,kl_loss_6,4.30880880355835
4000,kl_loss_7,5.88377571105957
4000,kl_loss_8,4.47141170501709
4000,loss,1300.154052734375
4050,recon_loss,722.661865234375
4050,kl_loss,45.712364196777344
4050,kl_loss_0,4.726832389831543
4050,kl_loss_1,5.668306350708008
4050,kl_loss_2,4.532379150390625
4050,kl_loss_3,4.170660495758057
4050,kl_loss_4,6.049983978271484
4050,kl_loss_5,6.005755424499512
4050,kl_loss_6,4.288973331451416
4050,kl_loss_7,5.859090805053711
4050,kl_loss_8,4.4103827476501465
4050,loss,905.5113525390625
4100,recon_loss,686.0511474609375
4100,kl_loss,45.88743591308594
4100,kl_loss_0,4.758177757263184
4100,kl_loss_1,5.635058403015137
4100,kl_loss_2,4.570753574371338
4100,kl_loss_3,4.157914638519287
4100,kl_loss_4,6.065099716186523
4100,kl_loss_5,6.107849597930908
4100,kl_loss_6,4.311705112457275
4100,kl_loss_7,5.859194278717041
4100,kl_loss_8,4.421680450439453
4100,loss,869.6008911132812
4150,recon_loss,744.7940063476562
4150,kl_loss,45.83624267578125
4150,kl_loss_0,4.762572288513184
4150,kl_loss_1,5.633627891540527
4150,kl_loss_2,4.608643531799316
4150,kl_loss_3,4.172948837280273
4150,kl_loss_4,5.958931922912598
4150,kl_loss_5,6.060640811920166
4150,kl_loss_6,4.381894111633301
4150,kl_loss_7,5.808229923248291
4150,kl_loss_8,4.448751449584961
4150,loss,928.1389770507812
4200,recon_loss,722.400146484375
4200,kl_loss,45.30200958251953
4200,kl_loss_0,4.661384105682373
4200,kl_loss_1,5.53872537612915
4200,kl_loss_2,4.527539253234863
4200,kl_loss_3,4.151104927062988
4200,kl_loss_4,5.955958366394043
4200,kl_loss_5,6.010995864868164
4200,kl_loss_6,4.2949113845825195
4200,kl_loss_7,5.752201080322266
4200,kl_loss_8,4.4091901779174805
4200,loss,903.608154296875
4250,recon_loss,683.130859375
4250,kl_loss,45.25921630859375
4250,kl_loss_0,4.725190162658691
4250,kl_loss_1,5.526350021362305
4250,kl_loss_2,4.564846038818359
4250,kl_loss_3,4.144395351409912
4250,kl_loss_4,5.929592132568359
4250,kl_loss_5,5.920100688934326
4250,kl_loss_6,4.296303749084473
4250,kl_loss_7,5.752702713012695
4250,kl_loss_8,4.399736404418945
4250,loss,864.167724609375
4300,recon_loss,844.9639892578125
4300,kl_loss,44.35234832763672
4300,kl_loss_0,4.603906154632568
4300,kl_loss_1,5.3944091796875
4300,kl_loss_2,4.496481895446777
4300,kl_loss_3,4.08053731918335
4300,kl_loss_4,5.825717926025391
4300,kl_loss_5,5.774116039276123
4300,kl_loss_6,4.202472686767578
4300,kl_loss_7,5.647022247314453
4300,kl_loss_8,4.327685356140137
4300,loss,1022.3734130859375
4350,recon_loss,660.4215087890625
4350,kl_loss,45.280357360839844
4350,kl_loss_0,4.725099563598633
4350,kl_loss_1,5.551136493682861
4350,kl_loss_2,4.559719085693359
4350,kl_loss_3,4.174851894378662
4350,kl_loss_4,5.905190467834473
4350,kl_loss_5,5.928554534912109
4350,kl_loss_6,4.277328014373779
4350,kl_loss_7,5.7435150146484375
4350,kl_loss_8,4.414959907531738
4350,loss,841.54296875
4400,recon_loss,696.901123046875
4400,kl_loss,45.035614013671875
4400,kl_loss_0,4.672773361206055
4400,kl_loss_1,5.470648288726807
4400,kl_loss_2,4.552811145782471
4400,kl_loss_3,4.1436285972595215
4400,kl_loss_4,5.8521599769592285
4400,kl_loss_5,5.928603649139404
4400,kl_loss_6,4.319746494293213
4400,kl_loss_7,5.690031051635742
4400,kl_loss_8,4.405210971832275
4400,loss,877.0435791015625
4450,recon_loss,771.4286499023438
4450,kl_loss,43.83367919921875
4450,kl_loss_0,4.615811347961426
4450,kl_loss_1,5.293370246887207
4450,kl_loss_2,4.439547061920166
4450,kl_loss_3,4.007874488830566
4450,kl_loss_4,5.6639580726623535
4450,kl_loss_5,5.718188285827637
4450,kl_loss_6,4.241843223571777
4450,kl_loss_7,5.5514373779296875
4450,kl_loss_8,4.3016486167907715
4450,loss,946.7633666992188
4500,recon_loss,627.7604370117188
4500,kl_loss,44.81951141357422
4500,kl_loss_0,4.6910905838012695
4500,kl_loss_1,5.469732761383057
4500,kl_loss_2,4.531489849090576
4500,kl_loss_3,4.140054225921631
4500,kl_loss_4,5.8204498291015625
4500,kl_loss_5,5.856573581695557
4500,kl_loss_6,4.3028950691223145
4500,kl_loss_7,5.633937835693359
4500,kl_loss_8,4.373285293579102
4500,loss,807.0384521484375
4550,recon_loss,613.8766479492188
4550,kl_loss,44.841453552246094
4550,kl_loss_0,4.685757160186768
4550,kl_loss_1,5.481284141540527
4550,kl_loss_2,4.564550876617432
4550,kl_loss_3,4.157895088195801
4550,kl_loss_4,5.814990043640137
4550,kl_loss_5,5.830947399139404
4550,kl_loss_6,4.2861008644104
4550,kl_loss_7,5.608391761779785
4550,kl_loss_8,4.411534786224365
4550,loss,793.242431640625
4600,recon_loss,2047.217041015625
4600,kl_loss,43.88739776611328
4600,kl_loss_0,4.585541248321533
4600,kl_loss_1,5.397250175476074
4600,kl_loss_2,4.419158935546875
4600,kl_loss_3,4.099538803100586
4600,kl_loss_4,5.665054798126221
4600,kl_loss_5,5.655282020568848
4600,kl_loss_6,4.209568023681641
4600,kl_loss_7,5.535950183868408
4600,kl_loss_8,4.3200531005859375
4600,loss,2222.7666015625
4650,recon_loss,657.8438110351562
4650,kl_loss,44.20708465576172
4650,kl_loss_0,4.648126602172852
4650,kl_loss_1,5.333762168884277
4650,kl_loss_2,4.512701511383057
4650,kl_loss_3,4.155378341674805
4650,kl_loss_4,5.671380996704102
4650,kl_loss_5,5.727680683135986
4650,kl_loss_6,4.246335506439209
4650,kl_loss_7,5.553323268890381
4650,kl_loss_8,4.358397960662842
4650,loss,834.672119140625
4700,recon_loss,610.2247924804688
4700,kl_loss,44.4548225402832
4700,kl_loss_0,4.678918838500977
4700,kl_loss_1,5.417761325836182
4700,kl_loss_2,4.5113115310668945
4700,kl_loss_3,4.1273298263549805
4700,kl_loss_4,5.757123947143555
4700,kl_loss_5,5.734258651733398
4700,kl_loss_6,4.2647504806518555
4700,kl_loss_7,5.586431980133057
4700,kl_loss_8,4.3769330978393555
4700,loss,788.0440673828125
4750,recon_loss,595.4521484375
4750,kl_loss,44.3257942199707
4750,kl_loss_0,4.678490161895752
4750,kl_loss_1,5.334226608276367
4750,kl_loss_2,4.516446590423584
4750,kl_loss_3,4.171462535858154
4750,kl_loss_4,5.7137131690979
4750,kl_loss_5,5.738524913787842
4750,kl_loss_6,4.244824409484863
4750,kl_loss_7,5.5357465744018555
4750,kl_loss_8,4.392358779907227
4750,loss,772.7553100585938
4800,recon_loss,584.3187255859375
4800,kl_loss,44.33438491821289
4800,kl_loss_0,4.663752555847168
4800,kl_loss_1,5.402264595031738
4800,kl_loss_2,4.524688243865967
4800,kl_loss_3,4.154268264770508
4800,kl_loss_4,5.646120071411133
4800,kl_loss_5,5.725239276885986
4800,kl_loss_6,4.291679859161377
4800,kl_loss_7,5.559230804443359
4800,kl_loss_8,4.367142200469971
4800,loss,761.65625
4850,recon_loss,579.023193359375
4850,kl_loss,43.8844108581543
4850,kl_loss_0,4.5543951988220215
4850,kl_loss_1,5.3113579750061035
4850,kl_loss_2,4.522627353668213
4850,kl_loss_3,4.081118583679199
4850,kl_loss_4,5.643641471862793
4850,kl_loss_5,5.646577835083008
4850,kl_loss_6,4.26603364944458
4850,kl_loss_7,5.504438877105713
4850,kl_loss_8,4.35421895980835
4850,loss,754.5608520507812
4900,recon_loss,602.7892456054688
4900,kl_loss,44.10539245605469
4900,kl_loss_0,4.65456485748291
4900,kl_loss_1,5.30958366394043
4900,kl_loss_2,4.520944595336914
4900,kl_loss_3,4.1379804611206055
4900,kl_loss_4,5.643289566040039
4900,kl_loss_5,5.695685863494873
4900,kl_loss_6,4.282130718231201
4900,kl_loss_7,5.499686241149902
4900,kl_loss_8,4.361527919769287
4900,loss,779.2108154296875
4950,recon_loss,725.4703979492188
4950,kl_loss,43.480316162109375
4950,kl_loss_0,4.567241668701172
4950,kl_loss_1,5.24943733215332
4950,kl_loss_2,4.4554572105407715
4950,kl_loss_3,4.1537184715271
4950,kl_loss_4,5.468942165374756
4950,kl_loss_5,5.557737350463867
4950,kl_loss_6,4.24011754989624
4950,kl_loss_7,5.445206165313721
4950,kl_loss_8,4.342458248138428
4950,loss,899.3916625976562
5000,recon_loss,559.2273559570312
5000,kl_loss,44.05658721923828
5000,kl_loss_0,4.596566200256348
5000,kl_loss_1,5.296720504760742
5000,kl_loss_2,4.522706985473633
5000,kl_loss_3,4.134510517120361
5000,kl_loss_4,5.682125091552734
5000,kl_loss_5,5.657718658447266
5000,kl_loss_6,4.262940883636475
5000,kl_loss_7,5.497821807861328
5000,kl_loss_8,4.405477523803711
5000,loss,735.4537353515625
5050,recon_loss,712.870361328125
5050,kl_loss,43.97046661376953
5050,kl_loss_0,4.637429237365723
5050,kl_loss_1,5.364473819732666
5050,kl_loss_2,4.516841888427734
5050,kl_loss_3,4.1875810623168945
5050,kl_loss_4,5.554785251617432
5050,kl_loss_5,5.634514331817627
5050,kl_loss_6,4.238129138946533
5050,kl_loss_7,5.476056098937988
5050,kl_loss_8,4.360657215118408
5050,loss,888.752197265625
5100,recon_loss,551.8057861328125
5100,kl_loss,43.772552490234375
5100,kl_loss_0,4.630532741546631
5100,kl_loss_1,5.265970230102539
5100,kl_loss_2,4.498733043670654
5100,kl_loss_3,4.139806747436523
5100,kl_loss_4,5.594408988952637
5100,kl_loss_5,5.596832752227783
5100,kl_loss_6,4.258714199066162
5100,kl_loss_7,5.458154678344727
5100,kl_loss_8,4.329400539398193
5100,loss,726.89599609375
5150,recon_loss,571.2561645507812
5150,kl_loss,43.81709289550781
5150,kl_loss_0,4.616440296173096
5150,kl_loss_1,5.257623195648193
5150,kl_loss_2,4.573721408843994
5150,kl_loss_3,4.089928150177002
5150,kl_loss_4,5.487636566162109
5150,kl_loss_5,5.610258102416992
5150,kl_loss_6,4.3611931800842285
5150,kl_loss_7,5.382017612457275
5150,kl_loss_8,4.438271999359131
5150,loss,746.5245361328125
5200,recon_loss,596.0518188476562
5200,kl_loss,43.4991569519043
5200,kl_loss_0,4.61461067199707
5200,kl_loss_1,5.269352912902832
5200,kl_loss_2,4.492542266845703
5200,kl_loss_3,4.095444679260254
5200,kl_loss_4,5.4971208572387695
5200,kl_loss_5,5.515963077545166
5200,kl_loss_6,4.241446018218994
5200,kl_loss_7,5.427964687347412
5200,kl_loss_8,4.34471321105957
5200,loss,770.0484619140625
5250,recon_loss,545.6597900390625
5250,kl_loss,43.49485778808594
5250,kl_loss_0,4.549321174621582
5250,kl_loss_1,5.250270366668701
5250,kl_loss_2,4.519121170043945
5250,kl_loss_3,4.129961967468262
5250,kl_loss_4,5.512665271759033
5250,kl_loss_5,5.561888217926025
5250,kl_loss_6,4.241476058959961
5250,kl_loss_7,5.406897068023682
5250,kl_loss_8,4.323250770568848
5250,loss,719.6392211914062
5300,recon_loss,590.205810546875
5300,kl_loss,43.333656311035156
5300,kl_loss_0,4.562559604644775
5300,kl_loss_1,5.231060028076172
5300,kl_loss_2,4.423886775970459
5300,kl_loss_3,4.1265411376953125
5300,kl_loss_4,5.470407485961914
5300,kl_loss_5,5.524293422698975
5300,kl_loss_6,4.311279773712158
5300,kl_loss_7,5.3601603507995605
5300,kl_loss_8,4.323469161987305
5300,loss,763.5404052734375
5350,recon_loss,590.1044311523438
5350,kl_loss,43.10760498046875
5350,kl_loss_0,4.539907932281494
5350,kl_loss_1,5.160616397857666
5350,kl_loss_2,4.459578037261963
5350,kl_loss_3,4.105350494384766
5350,kl_loss_4,5.416141510009766
5350,kl_loss_5,5.521696090698242
5350,kl_loss_6,4.233442306518555
5350,kl_loss_7,5.342916488647461
5350,kl_loss_8,4.327951431274414
5350,loss,762.5348510742188
5400,recon_loss,687.7654418945312
5400,kl_loss,42.85645294189453
5400,kl_loss_0,4.55328369140625
5400,kl_loss_1,5.110174179077148
5400,kl_loss_2,4.47625732421875
5400,kl_loss_3,4.072554111480713
5400,kl_loss_4,5.487546443939209
5400,kl_loss_5,5.386432647705078
5400,kl_loss_6,4.2097015380859375
5400,kl_loss_7,5.270193099975586
5400,kl_loss_8,4.290311336517334
5400,loss,859.1912841796875
5450,recon_loss,565.0855712890625
5450,kl_loss,43.2868766784668
5450,kl_loss_0,4.588388919830322
5450,kl_loss_1,5.187675952911377
5450,kl_loss_2,4.4578938484191895
5450,kl_loss_3,4.136055946350098
5450,kl_loss_4,5.48138427734375
5450,kl_loss_5,5.452969551086426
5450,kl_loss_6,4.240620136260986
5450,kl_loss_7,5.378315448760986
5450,kl_loss_8,4.363574028015137
5450,loss,738.2330932617188
5500,recon_loss,587.4360961914062
5500,kl_loss,42.95793151855469
5500,kl_loss_0,4.545106410980225
5500,kl_loss_1,5.179663181304932
5500,kl_loss_2,4.462081432342529
5500,kl_loss_3,4.136297225952148
5500,kl_loss_4,5.38632869720459
5500,kl_loss_5,5.462828159332275
5500,kl_loss_6,4.247272491455078
5500,kl_loss_7,5.264214038848877
5500,kl_loss_8,4.274138927459717
5500,loss,759.267822265625
5550,recon_loss,530.9629516601562
5550,kl_loss,42.404998779296875
5550,kl_loss_0,4.488344192504883
5550,kl_loss_1,5.082757949829102
5550,kl_loss_2,4.419353008270264
5550,kl_loss_3,4.0523362159729
5550,kl_loss_4,5.268916130065918
5550,kl_loss_5,5.391829013824463
5550,kl_loss_6,4.168827533721924
5550,kl_loss_7,5.260009288787842
5550,kl_loss_8,4.272624969482422
5550,loss,700.5829467773438
5600,recon_loss,718.162353515625
5600,kl_loss,42.945316314697266
5600,kl_loss_0,4.572365760803223
5600,kl_loss_1,5.189864635467529
5600,kl_loss_2,4.434006690979004
5600,kl_loss_3,4.1150970458984375
5600,kl_loss_4,5.374795913696289
5600,kl_loss_5,5.351510047912598
5600,kl_loss_6,4.254810333251953
5600,kl_loss_7,5.3156046867370605
5600,kl_loss_8,4.3372578620910645
5600,loss,889.943603515625
5650,recon_loss,524.29736328125
5650,kl_loss,42.54976272583008
5650,kl_loss_0,4.50070333480835
5650,kl_loss_1,5.143515586853027
5650,kl_loss_2,4.4469733238220215
5650,kl_loss_3,4.091796875
5650,kl_loss_4,5.35219669342041
5650,kl_loss_5,5.340323448181152
5650,kl_loss_6,4.159827709197998
5650,kl_loss_7,5.226808071136475
5650,kl_loss_8,4.287618637084961
5650,loss,694.4963989257812
5700,recon_loss,497.375244140625
5700,kl_loss,42.84225845336914
5700,kl_loss_0,4.540987968444824
5700,kl_loss_1,5.102346420288086
5700,kl_loss_2,4.471164703369141
5700,kl_loss_3,4.080643177032471
5700,kl_loss_4,5.34809684753418
5700,kl_loss_5,5.426631927490234
5700,kl_loss_6,4.237770080566406
5700,kl_loss_7,5.275141716003418
5700,kl_loss_8,4.359474182128906
5700,loss,668.7442626953125
5750,recon_loss,488.4598693847656
5750,kl_loss,42.49920654296875
5750,kl_loss_0,4.519690036773682
5750,kl_loss_1,5.113702774047852
5750,kl_loss_2,4.4750590324401855
5750,kl_loss_3,4.088573455810547
5750,kl_loss_4,5.3181376457214355
5750,kl_loss_5,5.322115421295166
5750,kl_loss_6,4.2107110023498535
5750,kl_loss_7,5.16841983795166
5750,kl_loss_8,4.282796859741211
5750,loss,658.4566650390625
5800,recon_loss,583.6859741210938
5800,kl_loss,42.4151496887207
5800,kl_loss_0,4.520287990570068
5800,kl_loss_1,5.096134185791016
5800,kl_loss_2,4.4595842361450195
5800,kl_loss_3,4.031633377075195
5800,kl_loss_4,5.32972526550293
5800,kl_loss_5,5.285626411437988
5800,kl_loss_6,4.183252334594727
5800,kl_loss_7,5.215610504150391
5800,kl_loss_8,4.293294429779053
5800,loss,753.3465576171875
5850,recon_loss,496.054931640625
5850,kl_loss,42.45677185058594
5850,kl_loss_0,4.508039474487305
5850,kl_loss_1,5.090478420257568
5850,kl_loss_2,4.448942184448242
5850,kl_loss_3,4.1022047996521
5850,kl_loss_4,5.28085994720459
5850,kl_loss_5,5.320009708404541
5850,kl_loss_6,4.258601188659668
5850,kl_loss_7,5.186312675476074
5850,kl_loss_8,4.261317729949951
5850,loss,665.8820190429688
5900,recon_loss,641.235107421875
5900,kl_loss,42.162174224853516
5900,kl_loss_0,4.485042572021484
5900,kl_loss_1,4.978299617767334
5900,kl_loss_2,4.490231990814209
5900,kl_loss_3,4.01300048828125
5900,kl_loss_4,5.201390266418457
5900,kl_loss_5,5.3751444816589355
5900,kl_loss_6,4.186084747314453
5900,kl_loss_7,5.089045524597168
5900,kl_loss_8,4.343933582305908
5900,loss,809.8837890625
5950,recon_loss,487.0307922363281
5950,kl_loss,42.07532501220703
5950,kl_loss_0,4.46202278137207
5950,kl_loss_1,5.043583869934082
5950,kl_loss_2,4.436977386474609
5950,kl_loss_3,4.072340488433838
5950,kl_loss_4,5.199767589569092
5950,kl_loss_5,5.246357440948486
5950,kl_loss_6,4.212905406951904
5950,kl_loss_7,5.142971992492676
5950,kl_loss_8,4.258398532867432
5950,loss,655.3320922851562
6000,recon_loss,695.1978759765625
6000,kl_loss,41.873172760009766
6000,kl_loss_0,4.509750843048096
6000,kl_loss_1,4.983126640319824
6000,kl_loss_2,4.387639999389648
6000,kl_loss_3,4.06119441986084
6000,kl_loss_4,5.120359897613525
6000,kl_loss_5,5.20791482925415
6000,kl_loss_6,4.2219061851501465
6000,kl_loss_7,5.081782341003418
6000,kl_loss_8,4.299499034881592
6000,loss,862.6905517578125
6050,recon_loss,482.50799560546875
6050,kl_loss,42.273155212402344
6050,kl_loss_0,4.514430999755859
6050,kl_loss_1,5.051724433898926
6050,kl_loss_2,4.396752834320068
6050,kl_loss_3,4.074767589569092
6050,kl_loss_4,5.279947280883789
6050,kl_loss_5,5.269704818725586
6050,kl_loss_6,4.221085071563721
6050,kl_loss_7,5.182399272918701
6050,kl_loss_8,4.282342433929443
6050,loss,651.6005859375
6100,recon_loss,457.5115966796875
6100,kl_loss,42.1621208190918
6100,kl_loss_0,4.4973530769348145
6100,kl_loss_1,5.006140232086182
6100,kl_loss_2,4.44735050201416
6100,kl_loss_3,4.045933723449707
6100,kl_loss_4,5.21284294128418
6100,kl_loss_5,5.250627040863037
6100,kl_loss_6,4.249304294586182
6100,kl_loss_7,5.125154972076416
6100,kl_loss_8,4.32741117477417
6100,loss,626.1600952148438
6150,recon_loss,514.5877075195312
6150,kl_loss,41.94573974609375
6150,kl_loss_0,4.478528022766113
6150,kl_loss_1,4.999722957611084
6150,kl_loss_2,4.423846244812012
6150,kl_loss_3,4.064411640167236
6150,kl_loss_4,5.215820789337158
6150,kl_loss_5,5.215686798095703
6150,kl_loss_6,4.179678916931152
6150,kl_loss_7,5.1127471923828125
6150,kl_loss_8,4.2552971839904785
6150,loss,682.3706665039062
6200,recon_loss,578.185546875
6200,kl_loss,41.935340881347656
6200,kl_loss_0,4.522780418395996
6200,kl_loss_1,4.902861595153809
6200,kl_loss_2,4.451922416687012
6200,kl_loss_3,4.057867527008057
6200,kl_loss_4,5.1523756980896
6200,kl_loss_5,5.210525035858154
6200,kl_loss_6,4.217843532562256
6200,kl_loss_7,5.15510368347168
6200,kl_loss_8,4.264061450958252
6200,loss,745.9268798828125
6250,recon_loss,494.1586608886719
6250,kl_loss,41.7756233215332
6250,kl_loss_0,4.487699031829834
6250,kl_loss_1,4.971029758453369
6250,kl_loss_2,4.386291027069092
6250,kl_loss_3,4.055753231048584
6250,kl_loss_4,5.191888332366943
6250,kl_loss_5,5.125706672668457
6250,kl_loss_6,4.173384666442871
6250,kl_loss_7,5.117053031921387
6250,kl_loss_8,4.266814708709717
6250,loss,661.2611694335938
6300,recon_loss,690.971923828125
6300,kl_loss,41.4278564453125
6300,kl_loss_0,4.43720817565918
6300,kl_loss_1,4.914967060089111
6300,kl_loss_2,4.3968119621276855
6300,kl_loss_3,4.0133376121521
6300,kl_loss_4,5.100360870361328
6300,kl_loss_5,5.133974075317383
6300,kl_loss_6,4.1501922607421875
6300,kl_loss_7,5.029547214508057
6300,kl_loss_8,4.251452922821045
6300,loss,856.683349609375
6350,recon_loss,447.6989440917969
6350,kl_loss,41.842384338378906
6350,kl_loss_0,4.458845138549805
6350,kl_loss_1,4.990905284881592
6350,kl_loss_2,4.412353038787842
6350,kl_loss_3,4.110274791717529
6350,kl_loss_4,5.153549671173096
6350,kl_loss_5,5.156293869018555
6350,kl_loss_6,4.183323383331299
6350,kl_loss_7,5.074701309204102
6350,kl_loss_8,4.302136421203613
6350,loss,615.0684814453125
6400,recon_loss,477.360595703125
6400,kl_loss,41.4142951965332
6400,kl_loss_0,4.382852077484131
6400,kl_loss_1,4.936505317687988
6400,kl_loss_2,4.371850967407227
6400,kl_loss_3,4.043327808380127
6400,kl_loss_4,5.140603542327881
6400,kl_loss_5,5.085763931274414
6400,kl_loss_6,4.147281646728516
6400,kl_loss_7,5.030486583709717
6400,kl_loss_8,4.275623798370361
6400,loss,643.0177612304688
6450,recon_loss,604.2590942382812
6450,kl_loss,41.442874908447266
6450,kl_loss_0,4.4656147956848145
6450,kl_loss_1,4.982892036437988
6450,kl_loss_2,4.387835502624512
6450,kl_loss_3,4.081511974334717
6450,kl_loss_4,5.018004894256592
6450,kl_loss_5,5.066147327423096
6450,kl_loss_6,4.175477981567383
6450,kl_loss_7,4.959346294403076
6450,kl_loss_8,4.306041240692139
6450,loss,770.0305786132812
6500,recon_loss,453.6579284667969
6500,kl_loss,41.38988494873047
6500,kl_loss_0,4.438748359680176
6500,kl_loss_1,4.866219520568848
6500,kl_loss_2,4.401355266571045
6500,kl_loss_3,4.044389724731445
6500,kl_loss_4,5.09528112411499
6500,kl_loss_5,5.086266994476318
6500,kl_loss_6,4.1739325523376465
6500,kl_loss_7,5.060461521148682
6500,kl_loss_8,4.223231792449951
6500,loss,619.2174682617188
6550,recon_loss,445.296875
6550,kl_loss,41.558311462402344
6550,kl_loss_0,4.4880290031433105
6550,kl_loss_1,4.888836860656738
6550,kl_loss_2,4.421632289886475
6550,kl_loss_3,4.041133403778076
6550,kl_loss_4,5.103295803070068
6550,kl_loss_5,5.114355564117432
6550,kl_loss_6,4.164847373962402
6550,kl_loss_7,5.067026138305664
6550,kl_loss_8,4.269150257110596
6550,loss,611.5301513671875
6600,recon_loss,611.1629028320312
6600,kl_loss,41.07621383666992
6600,kl_loss_0,4.363434791564941
6600,kl_loss_1,4.8923234939575195
6600,kl_loss_2,4.418232440948486
6600,kl_loss_3,3.9759585857391357
6600,kl_loss_4,5.016049861907959
6600,kl_loss_5,5.015580177307129
6600,kl_loss_6,4.137692451477051
6600,kl_loss_7,5.005824089050293
6600,kl_loss_8,4.251116752624512
6600,loss,775.4677734375
6650,recon_loss,572.3057861328125
6650,kl_loss,41.34156036376953
6650,kl_loss_0,4.448751926422119
6650,kl_loss_1,4.904350280761719
6650,kl_loss_2,4.3727545738220215
6650,kl_loss_3,4.0198588371276855
6650,kl_loss_4,5.081175327301025
6650,kl_loss_5,5.074297904968262
6650,kl_loss_6,4.1675872802734375
6650,kl_loss_7,5.011275768280029
6650,kl_loss_8,4.261507987976074
6650,loss,737.6719970703125
6700,recon_loss,515.221435546875
6700,kl_loss,41.56316375732422
6700,kl_loss_0,4.479907989501953
6700,kl_loss_1,4.943474769592285
6700,kl_loss_2,4.386229038238525
6700,kl_loss_3,4.060041427612305
6700,kl_loss_4,5.096006870269775
6700,kl_loss_5,5.093029499053955
6700,kl_loss_6,4.1693525314331055
6700,kl_loss_7,5.018157958984375
6700,kl_loss_8,4.316961765289307
6700,loss,681.47412109375
6750,recon_loss,510.2010498046875
6750,kl_loss,41.324214935302734
6750,kl_loss_0,4.420009613037109
6750,kl_loss_1,4.939401626586914
6750,kl_loss_2,4.394792556762695
6750,kl_loss_3,3.9966812133789062
6750,kl_loss_4,5.075726509094238
6750,kl_loss_5,5.073089122772217
6750,kl_loss_6,4.189687252044678
6750,kl_loss_7,5.028252124786377
6750,kl_loss_8,4.206576347351074
6750,loss,675.4979248046875
6800,recon_loss,458.7276916503906
6800,kl_loss,41.02134704589844
6800,kl_loss_0,4.424762725830078
6800,kl_loss_1,4.800571441650391
6800,kl_loss_2,4.402880668640137
6800,kl_loss_3,4.028619289398193
6800,kl_loss_4,5.008845806121826
6800,kl_loss_5,5.060043811798096
6800,kl_loss_6,4.132836818695068
6800,kl_loss_7,4.940727233886719
6800,kl_loss_8,4.222059726715088
6800,loss,622.8131103515625
6850,recon_loss,787.7593994140625
6850,kl_loss,40.91046905517578
6850,kl_loss_0,4.382465362548828
6850,kl_loss_1,4.803518772125244
6850,kl_loss_2,4.378064155578613
6850,kl_loss_3,4.037091255187988
6850,kl_loss_4,5.009082317352295
6850,kl_loss_5,4.987802982330322
6850,kl_loss_6,4.155346870422363
6850,kl_loss_7,4.935277938842773
6850,kl_loss_8,4.2218217849731445
6850,loss,951.4012451171875
6900,recon_loss,433.390625
6900,kl_loss,41.063514709472656
6900,kl_loss_0,4.45811128616333
6900,kl_loss_1,4.847127914428711
6900,kl_loss_2,4.363905429840088
6900,kl_loss_3,4.028812885284424
6900,kl_loss_4,4.959948539733887
6900,kl_loss_5,5.010805130004883
6900,kl_loss_6,4.19782829284668
6900,kl_loss_7,4.964742183685303
6900,kl_loss_8,4.232234954833984
6900,loss,597.6446533203125
6950,recon_loss,491.3822326660156
6950,kl_loss,40.91486740112305
6950,kl_loss_0,4.4477152824401855
6950,kl_loss_1,4.836373805999756
6950,kl_loss_2,4.403751850128174
6950,kl_loss_3,4.016037464141846
6950,kl_loss_4,5.014175891876221
6950,kl_loss_5,4.939666271209717
6950,kl_loss_6,4.124973773956299
6950,kl_loss_7,4.934920787811279
6950,kl_loss_8,4.197251796722412
6950,loss,655.0416870117188
7000,recon_loss,666.9296264648438
7000,kl_loss,40.843406677246094
7000,kl_loss_0,4.401268482208252
7000,kl_loss_1,4.808612823486328
7000,kl_loss_2,4.380668640136719
7000,kl_loss_3,4.042908191680908
7000,kl_loss_4,4.936862468719482
7000,kl_loss_5,4.958216190338135
7000,kl_loss_6,4.112961292266846
7000,kl_loss_7,4.964498519897461
7000,kl_loss_8,4.237409591674805
7000,loss,830.30322265625
7050,recon_loss,476.52764892578125
7050,kl_loss,40.77394485473633
7050,kl_loss_0,4.374389171600342
7050,kl_loss_1,4.7829132080078125
7050,kl_loss_2,4.34375
7050,kl_loss_3,4.045175075531006
7050,kl_loss_4,4.991607189178467
7050,kl_loss_5,4.973633766174316
7050,kl_loss_6,4.13707971572876
7050,kl_loss_7,4.951695442199707
7050,kl_loss_8,4.173699378967285
7050,loss,639.6234130859375
7100,recon_loss,391.9739990234375
7100,kl_loss,40.883934020996094
7100,kl_loss_0,4.44781494140625
7100,kl_loss_1,4.805685043334961
7100,kl_loss_2,4.379058837890625
7100,kl_loss_3,4.065413951873779
7100,kl_loss_4,4.962846279144287
7100,kl_loss_5,4.950141906738281
7100,kl_loss_6,4.125067710876465
7100,kl_loss_7,4.9142374992370605
7100,kl_loss_8,4.2336649894714355
7100,loss,555.509765625
7150,recon_loss,435.3298034667969
7150,kl_loss,40.85039520263672
7150,kl_loss_0,4.380670070648193
7150,kl_loss_1,4.852494716644287
7150,kl_loss_2,4.380136489868164
7150,kl_loss_3,4.09255313873291
7150,kl_loss_4,4.897424221038818
7150,kl_loss_5,4.956035614013672
7150,kl_loss_6,4.163206577301025
7150,kl_loss_7,4.905546188354492
7150,kl_loss_8,4.2223310470581055
7150,loss,598.7313842773438
7200,recon_loss,406.1683654785156
7200,kl_loss,40.85475540161133
7200,kl_loss_0,4.378836154937744
7200,kl_loss_1,4.782097816467285
7200,kl_loss_2,4.4077982902526855
7200,kl_loss_3,4.064536094665527
7200,kl_loss_4,4.953175067901611
7200,kl_loss_5,4.925159454345703
7200,kl_loss_6,4.151193141937256
7200,kl_loss_7,4.938530921936035
7200,kl_loss_8,4.253432750701904
7200,loss,569.58740234375
7250,recon_loss,409.8502197265625
7250,kl_loss,40.75872802734375
7250,kl_loss_0,4.395175933837891
7250,kl_loss_1,4.75897216796875
7250,kl_loss_2,4.359432220458984
7250,kl_loss_3,4.021203517913818
7250,kl_loss_4,4.945741653442383
7250,kl_loss_5,4.945072650909424
7250,kl_loss_6,4.187422275543213
7250,kl_loss_7,4.91093635559082
7250,kl_loss_8,4.234767913818359
7250,loss,572.8851318359375
7300,recon_loss,457.11676025390625
7300,kl_loss,40.515377044677734
7300,kl_loss_0,4.33834171295166
7300,kl_loss_1,4.727222919464111
7300,kl_loss_2,4.349065780639648
7300,kl_loss_3,4.0114946365356445
7300,kl_loss_4,4.94625186920166
7300,kl_loss_5,4.9467244148254395
7300,kl_loss_6,4.125462055206299
7300,kl_loss_7,4.848922252655029
7300,kl_loss_8,4.221891403198242
7300,loss,619.1782836914062
7350,recon_loss,508.8751220703125
7350,kl_loss,40.55303192138672
7350,kl_loss_0,4.348374843597412
7350,kl_loss_1,4.75746488571167
7350,kl_loss_2,4.365528106689453
7350,kl_loss_3,4.061038970947266
7350,kl_loss_4,4.926215648651123
7350,kl_loss_5,4.916736125946045
7350,kl_loss_6,4.121618747711182
7350,kl_loss_7,4.904649257659912
7350,kl_loss_8,4.1514058113098145
7350,loss,671.0872802734375
7400,recon_loss,676.08203125
7400,kl_loss,40.046138763427734
7400,kl_loss_0,4.334440231323242
7400,kl_loss_1,4.6836161613464355
7400,kl_loss_2,4.2950119972229
7400,kl_loss_3,3.952679395675659
7400,kl_loss_4,4.860236644744873
7400,kl_loss_5,4.867611885070801
7400,kl_loss_6,4.130975723266602
7400,kl_loss_7,4.738673686981201
7400,kl_loss_8,4.182891368865967
7400,loss,836.2666015625
7450,recon_loss,425.4247131347656
7450,kl_loss,40.775047302246094
7450,kl_loss_0,4.428354263305664
7450,kl_loss_1,4.785007476806641
7450,kl_loss_2,4.3833465576171875
7450,kl_loss_3,4.051820278167725
7450,kl_loss_4,4.934332847595215
7450,kl_loss_5,4.925413131713867
7450,kl_loss_6,4.145024299621582
7450,kl_loss_7,4.879427433013916
7450,kl_loss_8,4.242316722869873
7450,loss,588.52490234375
7500,recon_loss,435.1294860839844
7500,kl_loss,40.494205474853516
7500,kl_loss_0,4.3663482666015625
7500,kl_loss_1,4.766417026519775
7500,kl_loss_2,4.358518123626709
7500,kl_loss_3,4.027149200439453
7500,kl_loss_4,4.907594203948975
7500,kl_loss_5,4.8662285804748535
7500,kl_loss_6,4.1438422203063965
7500,kl_loss_7,4.882641792297363
7500,kl_loss_8,4.1754679679870605
7500,loss,597.1063232421875
7550,recon_loss,684.3526000976562
7550,kl_loss,39.73184585571289
7550,kl_loss_0,4.326794147491455
7550,kl_loss_1,4.6286845207214355
7550,kl_loss_2,4.273998260498047
7550,kl_loss_3,4.0188798904418945
7550,kl_loss_4,4.709315299987793
7550,kl_loss_5,4.777517795562744
7550,kl_loss_6,4.104833126068115
7550,kl_loss_7,4.751723766326904
7550,kl_loss_8,4.1400980949401855
7550,loss,843.2799682617188
7600,recon_loss,400.3569030761719
7600,kl_loss,40.32648849487305
7600,kl_loss_0,4.384336948394775
7600,kl_loss_1,4.694454193115234
7600,kl_loss_2,4.3235602378845215
7600,kl_loss_3,4.041479587554932
7600,kl_loss_4,4.896736145019531
7600,kl_loss_5,4.85719633102417
7600,kl_loss_6,4.1201910972595215
7600,kl_loss_7,4.815124988555908
7600,kl_loss_8,4.193408966064453
7600,loss,561.662841796875
7650,recon_loss,515.8455200195312
7650,kl_loss,39.33393096923828
7650,kl_loss_0,4.277790546417236
7650,kl_loss_1,4.6440629959106445
7650,kl_loss_2,4.301159858703613
7650,kl_loss_3,3.9088191986083984
7650,kl_loss_4,4.739136219024658
7650,kl_loss_5,4.711455821990967
7650,kl_loss_6,4.012322425842285
7650,kl_loss_7,4.678867340087891
7650,kl_loss_8,4.060314655303955
7650,loss,673.1812744140625
7700,recon_loss,439.8695068359375
7700,kl_loss,39.638736724853516
7700,kl_loss_0,4.352849006652832
7700,kl_loss_1,4.648623466491699
7700,kl_loss_2,4.2801103591918945
7700,kl_loss_3,3.920034170150757
7700,kl_loss_4,4.748495578765869
7700,kl_loss_5,4.702497959136963
7700,kl_loss_6,4.039055347442627
7700,kl_loss_7,4.813300132751465
7700,kl_loss_8,4.133769512176514
7700,loss,598.4244384765625
7750,recon_loss,378.1618347167969
7750,kl_loss,40.26047134399414
7750,kl_loss_0,4.384832859039307
7750,kl_loss_1,4.696112632751465
7750,kl_loss_2,4.36817741394043
7750,kl_loss_3,4.0027546882629395
7750,kl_loss_4,4.87033224105835
7750,kl_loss_5,4.813519477844238
7750,kl_loss_6,4.123910903930664
7750,kl_loss_7,4.797039985656738
7750,kl_loss_8,4.203794956207275
7750,loss,539.2037353515625
7800,recon_loss,379.6434631347656
7800,kl_loss,40.388397216796875
7800,kl_loss_0,4.394703388214111
7800,kl_loss_1,4.74530553817749
7800,kl_loss_2,4.378565788269043
7800,kl_loss_3,4.025762557983398
7800,kl_loss_4,4.856317043304443
7800,kl_loss_5,4.803630828857422
7800,kl_loss_6,4.1098313331604
7800,kl_loss_7,4.8112473487854
7800,kl_loss_8,4.2630295753479
7800,loss,541.197021484375
7850,recon_loss,488.69403076171875
7850,kl_loss,40.39487075805664
7850,kl_loss_0,4.347156047821045
7850,kl_loss_1,4.708831787109375
7850,kl_loss_2,4.360344409942627
7850,kl_loss_3,4.084441661834717
7850,kl_loss_4,4.914325714111328
7850,kl_loss_5,4.821995258331299
7850,kl_loss_6,4.09584379196167
7850,kl_loss_7,4.830946445465088
7850,kl_loss_8,4.230984687805176
7850,loss,650.2734985351562
7900,recon_loss,463.9502868652344
7900,kl_loss,39.941001892089844
7900,kl_loss_0,4.370337963104248
7900,kl_loss_1,4.624815464019775
7900,kl_loss_2,4.326642036437988
7900,kl_loss_3,3.9605512619018555
7900,kl_loss_4,4.78261661529541
7900,kl_loss_5,4.78125
7900,kl_loss_6,4.09446382522583
7900,kl_loss_7,4.789073467254639
7900,kl_loss_8,4.2112531661987305
7900,loss,623.7142944335938
7950,recon_loss,560.8732299804688
7950,kl_loss,39.80809020996094
7950,kl_loss_0,4.2984185218811035
7950,kl_loss_1,4.6357340812683105
7950,kl_loss_2,4.315061092376709
7950,kl_loss_3,3.987048864364624
7950,kl_loss_4,4.786530017852783
7950,kl_loss_5,4.763162612915039
7950,kl_loss_6,4.094500541687012
7950,kl_loss_7,4.806509971618652
7950,kl_loss_8,4.121121883392334
7950,loss,720.1055908203125
8000,recon_loss,361.0214538574219
8000,kl_loss,40.22657775878906
8000,kl_loss_0,4.312199592590332
8000,kl_loss_1,4.716407775878906
8000,kl_loss_2,4.341699123382568
8000,kl_loss_3,4.0447211265563965
8000,kl_loss_4,4.816986083984375
8000,kl_loss_5,4.852928161621094
8000,kl_loss_6,4.141473770141602
8000,kl_loss_7,4.7763991355896
8000,kl_loss_8,4.2237629890441895
8000,loss,521.927734375
8050,recon_loss,399.1198425292969
8050,kl_loss,40.40886306762695
8050,kl_loss_0,4.387977600097656
8050,kl_loss_1,4.8014817237854
8050,kl_loss_2,4.43665885925293
8050,kl_loss_3,3.989542007446289
8050,kl_loss_4,4.863348484039307
8050,kl_loss_5,4.796512603759766
8050,kl_loss_6,4.143954753875732
8050,kl_loss_7,4.825804233551025
8050,kl_loss_8,4.163580894470215
8050,loss,560.7553100585938
8100,recon_loss,374.6072692871094
8100,kl_loss,39.87126541137695
8100,kl_loss_0,4.37546968460083
8100,kl_loss_1,4.629255294799805
8100,kl_loss_2,4.308749198913574
8100,kl_loss_3,4.037608623504639
8100,kl_loss_4,4.756251335144043
8100,kl_loss_5,4.732171535491943
8100,kl_loss_6,4.130156517028809
8100,kl_loss_7,4.740410327911377
8100,kl_loss_8,4.161191463470459
8100,loss,534.0923461914062
8150,recon_loss,439.6853942871094
8150,kl_loss,39.894630432128906
8150,kl_loss_0,4.315096378326416
8150,kl_loss_1,4.644911766052246
8150,kl_loss_2,4.3256611824035645
8150,kl_loss_3,4.0183634757995605
8150,kl_loss_4,4.766813278198242
8150,kl_loss_5,4.776971817016602
8150,kl_loss_6,4.126289367675781
8150,kl_loss_7,4.771581649780273
8150,kl_loss_8,4.14893913269043
8150,loss,599.263916015625
8200,recon_loss,427.1636962890625
8200,kl_loss,39.82428741455078
8200,kl_loss_0,4.318731307983398
8200,kl_loss_1,4.6294755935668945
8200,kl_loss_2,4.300717353820801
8200,kl_loss_3,4.005495548248291
8200,kl_loss_4,4.7853684425354
8200,kl_loss_5,4.7881975173950195
8200,kl_loss_6,4.062992095947266
8200,kl_loss_7,4.717144966125488
8200,kl_loss_8,4.2161664962768555
8200,loss,586.4608154296875
8250,recon_loss,521.412109375
8250,kl_loss,39.9499397277832
8250,kl_loss_0,4.313984394073486
8250,kl_loss_1,4.69826602935791
8250,kl_loss_2,4.370598316192627
8250,kl_loss_3,4.021573066711426
8250,kl_loss_4,4.7454633712768555
8250,kl_loss_5,4.721733570098877
8250,kl_loss_6,4.104802131652832
8250,kl_loss_7,4.764957427978516
8250,kl_loss_8,4.208562850952148
8250,loss,681.2118530273438
8300,recon_loss,363.3249206542969
8300,kl_loss,39.76772689819336
8300,kl_loss_0,4.347588062286377
8300,kl_loss_1,4.673017501831055
8300,kl_loss_2,4.343112468719482
8300,kl_loss_3,4.024742603302002
8300,kl_loss_4,4.722622871398926
8300,kl_loss_5,4.714053153991699
8300,kl_loss_6,4.0331220626831055
8300,kl_loss_7,4.736025810241699
8300,kl_loss_8,4.173440933227539
8300,loss,522.3958129882812
8350,recon_loss,365.7372131347656
8350,kl_loss,39.73278045654297
8350,kl_loss_0,4.286980152130127
8350,kl_loss_1,4.638524055480957
8350,kl_loss_2,4.307004451751709
8350,kl_loss_3,3.9727752208709717
8350,kl_loss_4,4.787109375
8350,kl_loss_5,4.746837615966797
8350,kl_loss_6,4.132761001586914
8350,kl_loss_7,4.706663131713867
8350,kl_loss_8,4.154126167297363
8350,loss,524.6683349609375
8400,recon_loss,555.022216796875
8400,kl_loss,39.559600830078125
8400,kl_loss_0,4.282291412353516
8400,kl_loss_1,4.456657886505127
8400,kl_loss_2,4.4615278244018555
8400,kl_loss_3,4.038173198699951
8400,kl_loss_4,4.652550220489502
8400,kl_loss_5,4.688070297241211
8400,kl_loss_6,4.122262477874756
8400,kl_loss_7,4.712334156036377
8400,kl_loss_8,4.145735263824463
8400,loss,713.2606201171875
8450,recon_loss,359.1388244628906
8450,kl_loss,39.552162170410156
8450,kl_loss_0,4.291472911834717
8450,kl_loss_1,4.611334323883057
8450,kl_loss_2,4.304437637329102
8450,kl_loss_3,4.0033860206604
8450,kl_loss_4,4.705377101898193
8450,kl_loss_5,4.705288887023926
8450,kl_loss_6,4.0685954093933105
8450,kl_loss_7,4.709692478179932
8450,kl_loss_8,4.1525774002075195
8450,loss,517.3474731445312
8500,recon_loss,368.9635925292969
8500,kl_loss,39.70784378051758
8500,kl_loss_0,4.306953430175781
8500,kl_loss_1,4.622645378112793
8500,kl_loss_2,4.3122100830078125
8500,kl_loss_3,3.9845151901245117
8500,kl_loss_4,4.759094715118408
8500,kl_loss_5,4.740530490875244
8500,kl_loss_6,4.111637115478516
8500,kl_loss_7,4.727458477020264
8500,kl_loss_8,4.142797470092773
8500,loss,527.7949829101562
8550,recon_loss,424.0357360839844
8550,kl_loss,39.63424301147461
8550,kl_loss_0,4.3299241065979
8550,kl_loss_1,4.554990291595459
8550,kl_loss_2,4.360540390014648
8550,kl_loss_3,4.009054183959961
8550,kl_loss_4,4.749528408050537
8550,kl_loss_5,4.676797866821289
8550,kl_loss_6,4.087047576904297
8550,kl_loss_7,4.671313285827637
8550,kl_loss_8,4.195043563842773
8550,loss,582.5726928710938
8600,recon_loss,444.42840576171875
8600,kl_loss,39.50666809082031
8600,kl_loss_0,4.286096572875977
8600,kl_loss_1,4.635023593902588
8600,kl_loss_2,4.298911094665527
8600,kl_loss_3,3.9772274494171143
8600,kl_loss_4,4.721622943878174
8600,kl_loss_5,4.66524076461792
8600,kl_loss_6,4.096242904663086
8600,kl_loss_7,4.692600250244141
8600,kl_loss_8,4.133703231811523
8600,loss,602.455078125
8650,recon_loss,435.77386474609375
8650,kl_loss,39.32484436035156
8650,kl_loss_0,4.29081916809082
8650,kl_loss_1,4.573460102081299
8650,kl_loss_2,4.2879462242126465
8650,kl_loss_3,3.9451661109924316
8650,kl_loss_4,4.684484958648682
8650,kl_loss_5,4.66116189956665
8650,kl_loss_6,4.059697151184082
8650,kl_loss_7,4.654550552368164
8650,kl_loss_8,4.167561054229736
8650,loss,593.0732421875
8700,recon_loss,610.7994995117188
8700,kl_loss,38.803123474121094
8700,kl_loss_0,4.230233192443848
8700,kl_loss_1,4.589380264282227
8700,kl_loss_2,4.2423624992370605
8700,kl_loss_3,3.9101696014404297
8700,kl_loss_4,4.601893424987793
8700,kl_loss_5,4.555770397186279
8700,kl_loss_6,4.004293918609619
8700,kl_loss_7,4.5982747077941895
8700,kl_loss_8,4.070742130279541
8700,loss,766.011962890625
8750,recon_loss,344.64727783203125
8750,kl_loss,39.4391975402832
8750,kl_loss_0,4.30477237701416
8750,kl_loss_1,4.589817047119141
8750,kl_loss_2,4.263211727142334
8750,kl_loss_3,4.030231952667236
8750,kl_loss_4,4.684179306030273
8750,kl_loss_5,4.638756275177002
8750,kl_loss_6,4.074339389801025
8750,kl_loss_7,4.688311576843262
8750,kl_loss_8,4.165576934814453
8750,loss,502.404052734375
8800,recon_loss,336.1240234375
8800,kl_loss,39.34360122680664
8800,kl_loss_0,4.286166191101074
8800,kl_loss_1,4.595906734466553
8800,kl_loss_2,4.26369047164917
8800,kl_loss_3,3.9683916568756104
8800,kl_loss_4,4.647345542907715
8800,kl_loss_5,4.663266181945801
8800,kl_loss_6,4.085081100463867
8800,kl_loss_7,4.6459174156188965
8800,kl_loss_8,4.18783712387085
8800,loss,493.4984130859375
8850,recon_loss,469.67266845703125
8850,kl_loss,38.775482177734375
8850,kl_loss_0,4.26252555847168
8850,kl_loss_1,4.5352559089660645
8850,kl_loss_2,4.270522594451904
8850,kl_loss_3,3.8748779296875
8850,kl_loss_4,4.556651592254639
8850,kl_loss_5,4.549051761627197
8850,kl_loss_6,4.041561126708984
8850,kl_loss_7,4.531165599822998
8850,kl_loss_8,4.153867721557617
8850,loss,624.7745971679688
8900,recon_loss,325.612060546875
8900,kl_loss,39.33784103393555
8900,kl_loss_0,4.303332328796387
8900,kl_loss_1,4.565418720245361
8900,kl_loss_2,4.298285484313965
8900,kl_loss_3,3.9926328659057617
8900,kl_loss_4,4.70143985748291
8900,kl_loss_5,4.593924522399902
8900,kl_loss_6,4.084481716156006
8900,kl_loss_7,4.667794704437256
8900,kl_loss_8,4.130531311035156
8900,loss,482.96343994140625
8950,recon_loss,320.4204406738281
8950,kl_loss,39.18183898925781
8950,kl_loss_0,4.2759857177734375
8950,kl_loss_1,4.557411193847656
8950,kl_loss_2,4.235731601715088
8950,kl_loss_3,3.9475927352905273
8950,kl_loss_4,4.687033176422119
8950,kl_loss_5,4.622600555419922
8950,kl_loss_6,4.050968647003174
8950,kl_loss_7,4.656015396118164
8950,kl_loss_8,4.148497104644775
8950,loss,477.1477966308594
9000,recon_loss,357.52886962890625
9000,kl_loss,39.66614532470703
9000,kl_loss_0,4.322605133056641
9000,kl_loss_1,4.566755294799805
9000,kl_loss_2,4.335650444030762
9000,kl_loss_3,4.0589680671691895
9000,kl_loss_4,4.729410171508789
9000,kl_loss_5,4.650815963745117
9000,kl_loss_6,4.134835720062256
9000,kl_loss_7,4.67578125
9000,kl_loss_8,4.1913251876831055
9000,loss,516.1934814453125
9050,recon_loss,331.463623046875
9050,kl_loss,39.45602035522461
9050,kl_loss_0,4.343719482421875
9050,kl_loss_1,4.577900409698486
9050,kl_loss_2,4.307679653167725
9050,kl_loss_3,3.9967052936553955
9050,kl_loss_4,4.686318874359131
9050,kl_loss_5,4.649411678314209
9050,kl_loss_6,4.116736888885498
9050,kl_loss_7,4.663577079772949
9050,kl_loss_8,4.1139678955078125
9050,loss,489.2877197265625
9100,recon_loss,330.6512451171875
9100,kl_loss,39.45167541503906
9100,kl_loss_0,4.266598701477051
9100,kl_loss_1,4.612331390380859
9100,kl_loss_2,4.317610740661621
9100,kl_loss_3,3.9880292415618896
9100,kl_loss_4,4.6106648445129395
9100,kl_loss_5,4.641567707061768
9100,kl_loss_6,4.156404972076416
9100,kl_loss_7,4.664135932922363
9100,kl_loss_8,4.194332122802734
9100,loss,488.45794677734375
9150,recon_loss,390.7794189453125
9150,kl_loss,39.019676208496094
9150,kl_loss_0,4.271205902099609
9150,kl_loss_1,4.5252861976623535
9150,kl_loss_2,4.314157485961914
9150,kl_loss_3,3.9414989948272705
9150,kl_loss_4,4.6022868156433105
9150,kl_loss_5,4.563015460968018
9150,kl_loss_6,3.9950737953186035
9150,kl_loss_7,4.636695384979248
9150,kl_loss_8,4.1704559326171875
9150,loss,546.858154296875
9200,recon_loss,446.69610595703125
9200,kl_loss,39.153263092041016
9200,kl_loss_0,4.247551441192627
9200,kl_loss_1,4.547285079956055
9200,kl_loss_2,4.288578510284424
9200,kl_loss_3,3.997297763824463
9200,kl_loss_4,4.642881393432617
9200,kl_loss_5,4.592813491821289
9200,kl_loss_6,4.125455856323242
9200,kl_loss_7,4.582338809967041
9200,kl_loss_8,4.129058361053467
9200,loss,603.3091430664062
9250,recon_loss,396.2664489746094
9250,kl_loss,39.1606559753418
9250,kl_loss_0,4.2493205070495605
9250,kl_loss_1,4.552380561828613
9250,kl_loss_2,4.339495658874512
9250,kl_loss_3,3.983752965927124
9250,kl_loss_4,4.637861251831055
9250,kl_loss_5,4.596925258636475
9250,kl_loss_6,4.0605974197387695
9250,kl_loss_7,4.618434429168701
9250,kl_loss_8,4.12188720703125
9250,loss,552.9090576171875
9300,recon_loss,322.46661376953125
9300,kl_loss,38.8320426940918
9300,kl_loss_0,4.242945671081543
9300,kl_loss_1,4.460320949554443
9300,kl_loss_2,4.269129276275635
9300,kl_loss_3,3.9471099376678467
9300,kl_loss_4,4.60726261138916
9300,kl_loss_5,4.560634136199951
9300,kl_loss_6,4.052867889404297
9300,kl_loss_7,4.562354564666748
9300,kl_loss_8,4.129419326782227
9300,loss,477.7947998046875
9350,recon_loss,387.9370422363281
9350,kl_loss,38.224910736083984
9350,kl_loss_0,4.211481094360352
9350,kl_loss_1,4.445886611938477
9350,kl_loss_2,4.237144470214844
9350,kl_loss_3,3.9113729000091553
9350,kl_loss_4,4.455251693725586
9350,kl_loss_5,4.475764274597168
9350,kl_loss_6,4.009505748748779
9350,kl_loss_7,4.4661078453063965
9350,kl_loss_8,4.012396335601807
9350,loss,540.836669921875
9400,recon_loss,310.61431884765625
9400,kl_loss,39.160247802734375
9400,kl_loss_0,4.2660980224609375
9400,kl_loss_1,4.512689113616943
9400,kl_loss_2,4.291924953460693
9400,kl_loss_3,4.005847930908203
9400,kl_loss_4,4.603168487548828
9400,kl_loss_5,4.623659133911133
9400,kl_loss_6,4.061666965484619
9400,kl_loss_7,4.63667106628418
9400,kl_loss_8,4.1585235595703125
9400,loss,467.25531005859375
9450,recon_loss,385.2904357910156
9450,kl_loss,39.08659744262695
9450,kl_loss_0,4.294600009918213
9450,kl_loss_1,4.558896541595459
9450,kl_loss_2,4.289790153503418
9450,kl_loss_3,3.9895880222320557
9450,kl_loss_4,4.558585166931152
9450,kl_loss_5,4.577420234680176
9450,kl_loss_6,4.13862419128418
9450,kl_loss_7,4.590312480926514
9450,kl_loss_8,4.088782787322998
9450,loss,541.6368408203125
9500,recon_loss,1585.631103515625
9500,kl_loss,37.62468719482422
9500,kl_loss_0,4.159570217132568
9500,kl_loss_1,4.408996105194092
9500,kl_loss_2,4.122996807098389
9500,kl_loss_3,3.8245553970336914
9500,kl_loss_4,4.370609283447266
9500,kl_loss_5,4.413737773895264
9500,kl_loss_6,3.9021031856536865
9500,kl_loss_7,4.423945426940918
9500,kl_loss_8,3.9981720447540283
9500,loss,1736.1298828125
9550,recon_loss,309.5054931640625
9550,kl_loss,38.92414474487305
9550,kl_loss_0,4.292819023132324
9550,kl_loss_1,4.474506378173828
9550,kl_loss_2,4.2722487449646
9550,kl_loss_3,3.9675607681274414
9550,kl_loss_4,4.587391376495361
9550,kl_loss_5,4.538827419281006
9550,kl_loss_6,4.085464954376221
9550,kl_loss_7,4.597410678863525
9550,kl_loss_8,4.107912063598633
9550,loss,465.20208740234375
9600,recon_loss,309.9792175292969
9600,kl_loss,38.83503723144531
9600,kl_loss_0,4.2144455909729
9600,kl_loss_1,4.5005292892456055
9600,kl_loss_2,4.277685642242432
9600,kl_loss_3,4.013752460479736
9600,kl_loss_4,4.561416149139404
9600,kl_loss_5,4.523321151733398
9600,kl_loss_6,4.068675518035889
9600,kl_loss_7,4.530542373657227
9600,kl_loss_8,4.1446661949157715
9600,loss,465.3193664550781
9650,recon_loss,383.4401550292969
9650,kl_loss,38.98820495605469
9650,kl_loss_0,4.227336883544922
9650,kl_loss_1,4.510510444641113
9650,kl_loss_2,4.329020977020264
9650,kl_loss_3,4.008072376251221
9650,kl_loss_4,4.586369514465332
9650,kl_loss_5,4.5709757804870605
9650,kl_loss_6,4.031078338623047
9650,kl_loss_7,4.592761039733887
9650,kl_loss_8,4.132079601287842
9650,loss,539.3929443359375
9700,recon_loss,445.0335998535156
9700,kl_loss,38.71299362182617
9700,kl_loss_0,4.247607231140137
9700,kl_loss_1,4.482036590576172
9700,kl_loss_2,4.2249064445495605
9700,kl_loss_3,3.9496209621429443
9700,kl_loss_4,4.570295333862305
9700,kl_loss_5,4.4913835525512695
9700,kl_loss_6,4.091533184051514
9700,kl_loss_7,4.545958042144775
9700,kl_loss_8,4.1096510887146
9700,loss,599.8855590820312
9750,recon_loss,300.56781005859375
9750,kl_loss,38.79458999633789
9750,kl_loss_0,4.2638468742370605
9750,kl_loss_1,4.43067741394043
9750,kl_loss_2,4.270460605621338
9750,kl_loss_3,3.964189052581787
9750,kl_loss_4,4.581567287445068
9750,kl_loss_5,4.512700080871582
9750,kl_loss_6,4.075315952301025
9750,kl_loss_7,4.560248851776123
9750,kl_loss_8,4.135581970214844
9750,loss,455.74615478515625
9800,recon_loss,314.53497314453125
9800,kl_loss,39.0825309753418
9800,kl_loss_0,4.341847896575928
9800,kl_loss_1,4.521288871765137
9800,kl_loss_2,4.288175582885742
9800,kl_loss_3,4.002814769744873
9800,kl_loss_4,4.573724746704102
9800,kl_loss_5,4.539781093597412
9800,kl_loss_6,4.093221664428711
9800,kl_loss_7,4.6279401779174805
9800,kl_loss_8,4.0937371253967285
9800,loss,470.8651123046875
9850,recon_loss,300.8060302734375
9850,kl_loss,38.534637451171875
9850,kl_loss_0,4.173323154449463
9850,kl_loss_1,4.451313018798828
9850,kl_loss_2,4.22493314743042
9850,kl_loss_3,3.9341561794281006
9850,kl_loss_4,4.550839900970459
9850,kl_loss_5,4.478469371795654
9850,kl_loss_6,4.033546447753906
9850,kl_loss_7,4.565301895141602
9850,kl_loss_8,4.12275505065918
9850,loss,454.944580078125
9900,recon_loss,296.8265686035156
9900,kl_loss,38.9587516784668
9900,kl_loss_0,4.2926554679870605
9900,kl_loss_1,4.500431537628174
9900,kl_loss_2,4.329599857330322
9900,kl_loss_3,3.9650397300720215
9900,kl_loss_4,4.552188396453857
9900,kl_loss_5,4.50886344909668
9900,kl_loss_6,4.068850040435791
9900,kl_loss_7,4.608010768890381
9900,kl_loss_8,4.133111953735352
9900,loss,452.66156005859375
9950,recon_loss,337.10089111328125
9950,kl_loss,38.65753936767578
9950,kl_loss_0,4.237977981567383
9950,kl_loss_1,4.4422221183776855
9950,kl_loss_2,4.292546272277832
9950,kl_loss_3,3.92677640914917
9950,kl_loss_4,4.547243595123291
9950,kl_loss_5,4.49650764465332
9950,kl_loss_6,4.054094314575195
9950,kl_loss_7,4.527723789215088
9950,kl_loss_8,4.132448673248291
9950,loss,491.7310485839844
